--- LOG START  --- 
87;2017-03-11_08-46-22.394;;1.627;32.272;-36.784;
93;2017-03-11_08-46-22.645;;1.627;32.272;-36.784;
101;2017-03-11_08-46-22.932;;1.627;32.272;-36.784;
108;2017-03-11_08-46-23.239;;1.627;32.272;-36.784;
116;2017-03-11_08-46-23.543;;1.627;32.272;-36.784;
123;2017-03-11_08-46-23.825;;1.627;32.272;-36.784;
131;2017-03-11_08-46-24.122;;1.627;32.272;-36.784;
138;2017-03-11_08-46-24.422;;1.627;32.272;-36.784;
144;2017-03-11_08-46-24.674;;1.627;32.272;-36.784;
152;2017-03-11_08-46-24.974;;1.627;32.272;-36.784;
159;2017-03-11_08-46-25.266;;1.627;32.272;-36.784;
167;2017-03-11_08-46-25.566;;1.627;32.272;-36.784;
174;2017-03-11_08-46-25.851;;1.627;32.272;-36.784;
182;2017-03-11_08-46-26.147;;1.627;32.272;-36.784;
189;2017-03-11_08-46-26.451;;3.065;25.959;-37.909;
197;2017-03-11_08-46-26.748;;3.065;25.959;-37.909;
204;2017-03-11_08-46-27.050;;3.065;25.959;-37.909;
212;2017-03-11_08-46-27.345;;3.065;25.959;-37.909;
219;2017-03-11_08-46-27.639;;3.065;25.959;-37.909;
227;2017-03-11_08-46-27.937;;3.065;25.959;-37.909;
234;2017-03-11_08-46-28.234;;3.065;25.959;-37.909;
242;2017-03-11_08-46-28.537;;3.065;25.959;-37.909;
249;2017-03-11_08-46-28.832;;3.065;25.959;-37.909;
256;2017-03-11_08-46-29.080;;3.065;25.959;-37.909;
263;2017-03-11_08-46-29.372;;3.065;25.959;-37.909;
270;2017-03-11_08-46-29.667;;3.065;25.959;-37.909;
278;2017-03-11_08-46-29.965;;3.065;25.959;-37.909;
284;2017-03-11_08-46-30.293;;3.065;25.959;-37.909;
293;2017-03-11_08-46-30.577;;7.502;32.959;-38.534;
300;2017-03-11_08-46-30.858;;7.502;32.959;-38.534;
308;2017-03-11_08-46-31.154;;7.502;32.959;-38.534;
315;2017-03-11_08-46-31.455;;7.502;32.959;-38.534;
323;2017-03-11_08-46-31.767;;7.502;32.959;-38.534;
330;2017-03-11_08-46-32.051;;7.502;32.959;-38.534;
338;2017-03-11_08-46-32.356;;7.502;32.959;-38.534;
345;2017-03-11_08-46-32.650;;7.502;32.959;-38.534;
353;2017-03-11_08-46-32.951;;7.502;32.959;-38.534;
360;2017-03-11_08-46-33.244;;7.502;32.959;-38.534;
368;2017-03-11_08-46-33.538;;7.502;32.959;-38.534;
375;2017-03-11_08-46-33.835;;7.502;32.959;-38.534;
383;2017-03-11_08-46-34.140;;7.502;32.959;-38.534;
390;2017-03-11_08-46-34.453;;7.502;32.959;-38.534;
398;2017-03-11_08-46-34.735;;7.502;32.584;-37.284;
405;2017-03-11_08-46-35.027;;7.502;32.584;-37.284;
413;2017-03-11_08-46-35.325;;7.502;32.584;-37.284;
420;2017-03-11_08-46-35.624;;7.502;32.584;-37.284;
428;2017-03-11_08-46-35.921;;7.502;32.584;-37.284;
435;2017-03-11_08-46-36.223;;7.502;32.584;-37.284;
443;2017-03-11_08-46-36.518;;7.502;32.584;-37.284;
450;2017-03-11_08-46-36.814;;7.502;32.584;-37.284;
458;2017-03-11_08-46-37.126;;7.502;32.584;-37.284;
465;2017-03-11_08-46-37.417;;7.502;32.584;-37.284;
473;2017-03-11_08-46-37.718;;7.502;32.584;-37.284;
480;2017-03-11_08-46-38.025;;7.502;32.584;-37.284;
488;2017-03-11_08-46-38.317;;7.502;32.584;-37.284;
495;2017-03-11_08-46-38.610;;7.19;30.022;-36.472;
503;2017-03-11_08-46-38.902;;7.19;30.022;-36.472;
510;2017-03-11_08-46-39.197;;7.19;30.022;-36.472;
518;2017-03-11_08-46-39.495;;7.19;30.022;-36.472;
525;2017-03-11_08-46-39.795;;7.19;30.022;-36.472;
533;2017-03-11_08-46-40.093;;7.19;30.022;-36.472;
540;2017-03-11_08-46-40.394;;7.19;30.022;-36.472;
548;2017-03-11_08-46-40.689;;7.19;30.022;-36.472;
555;2017-03-11_08-46-40.988;;7.19;30.022;-36.472;
563;2017-03-11_08-46-41.289;;7.19;30.022;-36.472;
570;2017-03-11_08-46-41.582;;7.19;30.022;-36.472;
578;2017-03-11_08-46-41.883;;7.19;30.022;-36.472;
585;2017-03-11_08-46-42.181;;7.19;30.022;-36.472;
593;2017-03-11_08-46-42.480;;7.19;30.022;-36.472;
600;2017-03-11_08-46-42.780;;8.627;22.584;-35.659;
608;2017-03-11_08-46-43.074;;8.627;22.584;-35.659;
615;2017-03-11_08-46-43.369;;8.627;22.584;-35.659;
623;2017-03-11_08-46-43.663;;8.627;22.584;-35.659;
630;2017-03-11_08-46-43.963;;8.627;22.584;-35.659;
638;2017-03-11_08-46-44.260;;8.627;22.584;-35.659;
645;2017-03-11_08-46-44.559;;8.627;22.584;-35.659;
653;2017-03-11_08-46-44.856;;8.627;22.584;-35.659;
660;2017-03-11_08-46-45.153;;8.627;22.584;-35.659;
668;2017-03-11_08-46-45.451;;8.627;22.584;-35.659;
675;2017-03-11_08-46-45.749;;8.627;22.584;-35.659;
683;2017-03-11_08-46-46.047;;8.627;22.584;-35.659;
690;2017-03-11_08-46-46.350;;8.627;22.584;-35.659;
698;2017-03-11_08-46-46.643;;3.815;27.022;-36.409;
705;2017-03-11_08-46-46.939;;3.815;27.022;-36.409;
713;2017-03-11_08-46-47.236;;3.815;27.022;-36.409;
720;2017-03-11_08-46-47.534;;3.815;27.022;-36.409;
728;2017-03-11_08-46-47.833;;3.815;27.022;-36.409;
735;2017-03-11_08-46-48.134;;3.815;27.022;-36.409;
743;2017-03-11_08-46-48.428;;3.815;27.022;-36.409;
750;2017-03-11_08-46-48.730;;3.815;27.022;-36.409;
758;2017-03-11_08-46-49.024;;3.815;27.022;-36.409;
765;2017-03-11_08-46-49.331;;3.815;27.022;-36.409;
773;2017-03-11_08-46-49.620;;3.815;27.022;-36.409;
780;2017-03-11_08-46-49.927;;3.815;27.022;-36.409;
788;2017-03-11_08-46-50.215;;3.815;27.022;-36.409;
795;2017-03-11_08-46-50.513;;3.815;27.022;-36.409;
803;2017-03-11_08-46-50.809;;4.19;25.584;-35.159;
810;2017-03-11_08-46-51.115;;4.19;25.584;-35.159;
818;2017-03-11_08-46-51.406;;4.19;25.584;-35.159;
825;2017-03-11_08-46-51.706;;4.19;25.584;-35.159;
833;2017-03-11_08-46-52.000;;4.19;25.584;-35.159;
840;2017-03-11_08-46-52.299;;4.19;25.584;-35.159;
848;2017-03-11_08-46-52.597;;4.19;25.584;-35.159;
855;2017-03-11_08-46-52.896;;4.19;25.584;-35.159;
863;2017-03-11_08-46-53.192;;4.19;25.584;-35.159;
870;2017-03-11_08-46-53.494;;4.19;25.584;-35.159;
878;2017-03-11_08-46-53.791;;4.19;25.584;-35.159;
885;2017-03-11_08-46-54.097;;4.19;25.584;-35.159;
893;2017-03-11_08-46-54.383;;4.19;25.584;-35.159;
900;2017-03-11_08-46-54.685;;4.19;25.584;-35.159;
908;2017-03-11_08-46-54.982;;7.565;23.709;-35.097;
915;2017-03-11_08-46-55.296;;7.565;23.709;-35.097;
923;2017-03-11_08-46-55.575;;7.565;23.709;-35.097;
930;2017-03-11_08-46-55.871;;7.565;23.709;-35.097;
938;2017-03-11_08-46-56.170;;7.565;23.709;-35.097;
945;2017-03-11_08-46-56.465;;7.565;23.709;-35.097;
953;2017-03-11_08-46-56.765;;7.565;23.709;-35.097;
960;2017-03-11_08-46-57.067;;7.565;23.709;-35.097;
968;2017-03-11_08-46-57.361;;7.565;23.709;-35.097;
975;2017-03-11_08-46-57.657;;7.565;23.709;-35.097;
983;2017-03-11_08-46-57.959;;7.565;23.709;-35.097;
990;2017-03-11_08-46-58.252;;7.565;23.709;-35.097;
997;2017-03-11_08-46-58.518;;7.565;23.709;-35.097;
1004;2017-03-11_08-46-58.812;;6.44;27.772;-37.472;
1010;2017-03-11_08-46-59.068;;6.44;27.772;-37.472;
1018;2017-03-11_08-46-59.367;;6.44;27.772;-37.472;
1026;2017-03-11_08-46-59.662;;6.44;27.772;-37.472;
1033;2017-03-11_08-46-59.959;;6.44;27.772;-37.472;
1041;2017-03-11_08-47-00.256;;6.44;27.772;-37.472;
1048;2017-03-11_08-47-00.554;;6.44;27.772;-37.472;
1055;2017-03-11_08-47-00.815;;6.44;27.772;-37.472;
1062;2017-03-11_08-47-01.111;;6.44;27.772;-37.472;
1068;2017-03-11_08-47-01.375;;6.44;27.772;-37.472;
1076;2017-03-11_08-47-01.646;;6.44;27.772;-37.472;
1082;2017-03-11_08-47-01.891;;6.44;27.772;-37.472;
1089;2017-03-11_08-47-02.184;;6.44;27.772;-37.472;
1097;2017-03-11_08-47-02.480;;6.44;27.772;-37.472;
1104;2017-03-11_08-47-02.782;;6.44;27.772;-37.472;
1112;2017-03-11_08-47-03.076;;7.94;27.022;-36.597;
1119;2017-03-11_08-47-03.373;;7.94;27.022;-36.597;
1127;2017-03-11_08-47-03.669;;7.94;27.022;-36.597;
1134;2017-03-11_08-47-03.970;;7.94;27.022;-36.597;
1142;2017-03-11_08-47-04.269;;7.94;27.022;-36.597;
1149;2017-03-11_08-47-04.564;;7.94;27.022;-36.597;
1157;2017-03-11_08-47-04.866;;7.94;27.022;-36.597;
1163;2017-03-11_08-47-05.124;;7.94;27.022;-36.597;
1170;2017-03-11_08-47-05.399;;7.94;27.022;-36.597;
1178;2017-03-11_08-47-05.697;;7.94;27.022;-36.597;
1185;2017-03-11_08-47-05.991;;7.94;27.022;-36.597;
1193;2017-03-11_08-47-06.288;;7.94;27.022;-36.597;
1200;2017-03-11_08-47-06.587;;7.94;27.022;-36.597;
1208;2017-03-11_08-47-06.884;;5.69;24.772;-36.159;
1215;2017-03-11_08-47-07.184;;5.69;24.772;-36.159;
1223;2017-03-11_08-47-07.482;;5.69;24.772;-36.159;
1230;2017-03-11_08-47-07.780;;5.69;24.772;-36.159;
1238;2017-03-11_08-47-08.079;;5.69;24.772;-36.159;
1245;2017-03-11_08-47-08.377;;5.69;24.772;-36.159;
1252;2017-03-11_08-47-08.621;;5.69;24.772;-36.159;
1259;2017-03-11_08-47-08.911;;5.69;24.772;-36.159;
1266;2017-03-11_08-47-09.207;;5.69;24.772;-36.159;
1274;2017-03-11_08-47-09.513;;5.69;24.772;-36.159;
1281;2017-03-11_08-47-09.801;;5.69;24.772;-36.159;
1289;2017-03-11_08-47-10.097;;5.69;24.772;-36.159;
1296;2017-03-11_08-47-10.398;;5.69;24.772;-36.159;
1304;2017-03-11_08-47-10.693;;5.69;24.772;-36.159;
1311;2017-03-11_08-47-10.991;;1.627;43.709;-38.097;
1319;2017-03-11_08-47-11.295;;1.627;43.709;-38.097;
1326;2017-03-11_08-47-11.586;;1.627;43.709;-38.097;
1334;2017-03-11_08-47-11.884;;1.627;43.709;-38.097;
1341;2017-03-11_08-47-12.183;;1.627;43.709;-38.097;
1349;2017-03-11_08-47-12.484;;1.627;43.709;-38.097;
1356;2017-03-11_08-47-12.784;;1.627;43.709;-38.097;
1364;2017-03-11_08-47-13.082;;1.627;43.709;-38.097;
1371;2017-03-11_08-47-13.377;;1.627;43.709;-38.097;
1379;2017-03-11_08-47-13.676;;1.627;43.709;-38.097;
1385;2017-03-11_08-47-13.929;;1.627;43.709;-38.097;
1392;2017-03-11_08-47-14.211;;1.627;43.709;-38.097;
1400;2017-03-11_08-47-14.509;;1.627;43.709;-38.097;
1407;2017-03-11_08-47-14.800;;1.627;43.709;-38.097;
1415;2017-03-11_08-47-15.196;;-13.623;60.772;27.716;
1420;2017-03-11_08-47-15.310;;-13.623;60.772;27.716;
1429;2017-03-11_08-47-15.740;;-13.623;60.772;27.716;
1437;2017-03-11_08-47-16.000;;-13.623;60.772;27.716;
1445;2017-03-11_08-47-16.305;;-13.623;60.772;27.716;
1452;2017-03-11_08-47-16.588;;-13.623;60.772;27.716;
1460;2017-03-11_08-47-16.961;;-13.623;60.772;27.716;
1469;2017-03-11_08-47-17.226;;-13.623;60.772;27.716;
1476;2017-03-11_08-47-17.497;;-13.623;60.772;27.716;
1483;2017-03-11_08-47-17.777;;-13.623;60.772;27.716;
1489;2017-03-11_08-47-18.036;;-13.623;60.772;27.716;
1496;2017-03-11_08-47-18.292;;-13.623;60.772;27.716;
1503;2017-03-11_08-47-18.572;;-13.623;60.772;27.716;
1510;2017-03-11_08-47-18.847;;-13.623;60.772;27.716;
1517;2017-03-11_08-47-19.130;;34.252;26.647;-8.034;
1524;2017-03-11_08-47-19.407;;34.252;26.647;-8.034;
1531;2017-03-11_08-47-19.685;;34.252;26.647;-8.034;
1538;2017-03-11_08-47-19.961;;34.252;26.647;-8.034;
1545;2017-03-11_08-47-20.234;;34.252;26.647;-8.034;
1552;2017-03-11_08-47-20.516;;34.252;26.647;-8.034;
1559;2017-03-11_08-47-20.790;;34.252;26.647;-8.034;
1566;2017-03-11_08-47-21.068;;34.252;26.647;-8.034;
1573;2017-03-11_08-47-21.350;;34.252;26.647;-8.034;
1580;2017-03-11_08-47-21.627;;34.252;26.647;-8.034;
1587;2017-03-11_08-47-21.903;;34.252;26.647;-8.034;
1594;2017-03-11_08-47-22.179;;34.252;26.647;-8.034;
1601;2017-03-11_08-47-22.473;;34.252;26.647;-8.034;
1608;2017-03-11_08-47-22.734;;34.252;26.647;-8.034;
1615;2017-03-11_08-47-23.036;;33.502;25.897;-7.472;
1622;2017-03-11_08-47-23.290;;33.502;25.897;-7.472;
1629;2017-03-11_08-47-23.571;;33.502;25.897;-7.472;
1636;2017-03-11_08-47-23.849;;33.502;25.897;-7.472;
1643;2017-03-11_08-47-24.125;;33.502;25.897;-7.472;
1650;2017-03-11_08-47-24.400;;33.502;25.897;-7.472;
1660;2017-03-11_08-47-24.658;;33.502;25.897;-7.472;
1673;2017-03-11_08-47-24.918;;33.502;25.897;-7.472;
1686;2017-03-11_08-47-25.175;;33.502;25.897;-7.472;
1699;2017-03-11_08-47-25.433;;33.502;25.897;-7.472;
1712;2017-03-11_08-47-25.694;;33.127;25.522;-9.534;
1725;2017-03-11_08-47-25.955;;33.127;25.522;-9.534;
1738;2017-03-11_08-47-26.210;;33.127;25.522;-9.534;
1751;2017-03-11_08-47-26.469;;33.127;25.522;-9.534;
1764;2017-03-11_08-47-26.726;;33.127;25.522;-9.534;
1777;2017-03-11_08-47-26.985;;33.127;25.522;-9.534;
1790;2017-03-11_08-47-27.243;;34.252;55.584;-19.597;
1803;2017-03-11_08-47-27.501;;34.252;55.584;-19.597;
1816;2017-03-11_08-47-27.754;;34.252;55.584;-19.597;
1829;2017-03-11_08-47-28.014;;34.252;55.584;-19.597;
1842;2017-03-11_08-47-28.275;;34.252;55.584;-19.597;
1855;2017-03-11_08-47-28.532;;34.252;55.584;-19.597;
1868;2017-03-11_08-47-28.790;;34.252;55.584;-19.597;
1881;2017-03-11_08-47-29.048;;34.252;55.584;-19.597;
1894;2017-03-11_08-47-29.304;;34.252;55.584;-19.597;
1907;2017-03-11_08-47-29.564;;34.252;55.584;-19.597;
1920;2017-03-11_08-47-29.825;;34.252;55.584;-19.597;
1933;2017-03-11_08-47-30.082;;34.252;55.584;-19.597;
1946;2017-03-11_08-47-30.337;;34.252;55.584;-19.597;
1959;2017-03-11_08-47-30.594;;34.252;55.584;-19.597;
1972;2017-03-11_08-47-30.854;;34.252;55.584;-19.597;
1985;2017-03-11_08-47-31.113;;34.252;55.584;-19.597;
1998;2017-03-11_08-47-31.373;;-1.72;17.596;-35.48;
2011;2017-03-11_08-47-31.627;;-1.72;17.596;-35.48;
2023;2017-03-11_08-47-31.954;;-1.72;17.596;-35.48;
2041;2017-03-11_08-47-32.220;;-1.72;17.596;-35.48;
2054;2017-03-11_08-47-32.482;;-1.72;17.596;-35.48;
2067;2017-03-11_08-47-32.781;;-1.72;17.596;-35.48;
2082;2017-03-11_08-47-33.038;;-3.22;15.721;-34.667;
2095;2017-03-11_08-47-33.294;;-3.22;15.721;-34.667;
2108;2017-03-11_08-47-33.553;;-3.22;15.721;-34.667;
2121;2017-03-11_08-47-33.813;;-3.22;15.721;-34.667;
2134;2017-03-11_08-47-34.074;;-3.22;15.721;-34.667;
2141;2017-03-11_08-47-34.401;;-3.22;15.721;-34.667;
2159;2017-03-11_08-47-34.705;;-3.22;15.721;-34.667;
2166;2017-03-11_08-47-35.001;;-3.22;15.721;-34.667;
2172;2017-03-11_08-47-35.252;;-3.97;23.908;-29.855;
2178;2017-03-11_08-47-35.501;;-3.97;23.908;-29.855;
2186;2017-03-11_08-47-35.871;;-3.97;23.908;-29.855;
2195;2017-03-11_08-47-36.130;;-3.97;23.908;-29.855;
2202;2017-03-11_08-47-36.456;;-3.97;23.908;-29.855;
2210;2017-03-11_08-47-36.730;;-3.97;23.908;-29.855;
2217;2017-03-11_08-47-37.024;;-3.97;23.908;-29.855;
2225;2017-03-11_08-47-37.321;;-3.97;23.908;-29.855;
2232;2017-03-11_08-47-37.619;;-3.97;23.908;-29.855;
2240;2017-03-11_08-47-37.916;;-3.97;23.908;-29.855;
2247;2017-03-11_08-47-38.213;;-3.97;23.908;-29.855;
2255;2017-03-11_08-47-38.517;;-3.97;23.908;-29.855;
2262;2017-03-11_08-47-38.818;;-3.97;23.908;-29.855;
2270;2017-03-11_08-47-39.112;;-3.97;23.908;-29.855;
2277;2017-03-11_08-47-39.407;;-3.97;2.721;-35.042;
2285;2017-03-11_08-47-39.706;;-3.97;2.721;-35.042;
2292;2017-03-11_08-47-40.000;;-3.97;2.721;-35.042;
2300;2017-03-11_08-47-40.297;;-3.97;2.721;-35.042;
2307;2017-03-11_08-47-40.594;;-3.97;2.721;-35.042;
2315;2017-03-11_08-47-40.891;;-3.97;2.721;-35.042;
2322;2017-03-11_08-47-41.195;;-3.97;2.721;-35.042;
2328;2017-03-11_08-47-41.430;;-3.97;2.721;-35.042;
2336;2017-03-11_08-47-41.725;;-3.97;2.721;-35.042;
2343;2017-03-11_08-47-42.023;;-3.97;2.721;-35.042;
2351;2017-03-11_08-47-42.323;;-3.97;2.721;-35.042;
2358;2017-03-11_08-47-42.620;;-3.97;2.721;-35.042;
2366;2017-03-11_08-47-42.915;;-3.97;2.721;-35.042;
2373;2017-03-11_08-47-43.220;;-3.97;2.721;-35.042;
