--- LOG START  --- 
62;2017-03-12_12-40-42.681;;29.45;34.6;-17.497;
69;2017-03-12_12-40-42.978;;30.2;35.35;-16.997;
77;2017-03-12_12-40-43.293;;30.2;35.35;-16.997;
84;2017-03-12_12-40-43.573;;30.2;35.35;-16.997;
92;2017-03-12_12-40-43.869;;30.2;35.35;-16.997;
99;2017-03-12_12-40-44.166;;30.2;35.35;-16.997;
107;2017-03-12_12-40-44.466;;30.2;35.35;-16.997;
114;2017-03-12_12-40-44.770;;30.2;35.35;-16.997;
122;2017-03-12_12-40-45.099;;30.2;35.35;-16.997;
129;2017-03-12_12-40-45.356;;30.2;35.35;-16.997;
137;2017-03-12_12-40-45.650;;30.2;35.35;-16.997;
144;2017-03-12_12-40-45.947;;30.2;35.35;-16.997;
150;2017-03-12_12-40-46.207;;30.2;35.35;-16.997;
158;2017-03-12_12-40-46.485;;30.2;35.35;-16.997;
165;2017-03-12_12-40-46.782;;29.075;37.225;-16.56;
173;2017-03-12_12-40-47.076;;29.075;37.225;-16.56;
180;2017-03-12_12-40-47.374;;29.075;37.225;-16.56;
188;2017-03-12_12-40-47.670;;29.075;37.225;-16.56;
194;2017-03-12_12-40-47.927;;29.075;37.225;-16.56;
201;2017-03-12_12-40-48.204;;29.075;37.225;-16.56;
209;2017-03-12_12-40-48.517;;29.075;37.225;-16.56;
216;2017-03-12_12-40-48.804;;29.075;37.225;-16.56;
224;2017-03-12_12-40-49.126;;29.075;37.225;-16.56;
231;2017-03-12_12-40-49.404;;29.075;37.225;-16.56;
239;2017-03-12_12-40-49.689;;29.075;37.225;-16.56;
245;2017-03-12_12-40-49.951;;29.075;37.225;-16.56;
252;2017-03-12_12-40-50.243;;29.075;37.225;-16.56;
260;2017-03-12_12-40-50.520;;29.075;37.225;-16.56;
267;2017-03-12_12-40-50.816;;29.075;37.225;-17.747;
275;2017-03-12_12-40-51.116;;29.075;37.225;-17.747;
282;2017-03-12_12-40-51.411;;29.075;37.225;-17.747;
290;2017-03-12_12-40-51.706;;29.075;37.225;-17.747;
297;2017-03-12_12-40-52.003;;29.075;37.225;-17.747;
305;2017-03-12_12-40-52.301;;29.075;37.225;-17.747;
312;2017-03-12_12-40-52.618;;29.075;37.225;-17.747;
320;2017-03-12_12-40-52.925;;29.075;37.225;-17.747;
327;2017-03-12_12-40-53.190;;29.075;37.225;-17.747;
335;2017-03-12_12-40-53.487;;29.075;37.225;-17.747;
342;2017-03-12_12-40-53.793;;29.075;37.225;-17.747;
350;2017-03-12_12-40-54.098;;29.075;37.225;-17.747;
357;2017-03-12_12-40-54.379;;29.075;37.225;-17.747;
365;2017-03-12_12-40-54.689;;29.075;37.225;-17.747;
372;2017-03-12_12-40-54.984;;29.075;35.787;-17.247;
380;2017-03-12_12-40-55.268;;29.075;35.787;-17.247;
387;2017-03-12_12-40-55.566;;29.075;35.787;-17.247;
395;2017-03-12_12-40-55.875;;29.075;35.787;-17.247;
402;2017-03-12_12-40-56.173;;29.075;35.787;-17.247;
410;2017-03-12_12-40-56.487;;29.075;35.787;-17.247;
417;2017-03-12_12-40-56.767;;29.075;35.787;-17.247;
425;2017-03-12_12-40-57.052;;29.075;35.787;-17.247;
432;2017-03-12_12-40-57.347;;29.075;35.787;-17.247;
440;2017-03-12_12-40-57.644;;29.075;35.787;-17.247;
447;2017-03-12_12-40-57.954;;29.075;35.787;-17.247;
455;2017-03-12_12-40-58.247;;29.075;35.787;-17.247;
462;2017-03-12_12-40-58.544;;29.075;35.787;-17.247;
470;2017-03-12_12-40-58.844;;29.825;35.037;-17.622;
477;2017-03-12_12-40-59.129;;29.825;35.037;-17.622;
483;2017-03-12_12-40-59.382;;29.825;35.037;-17.622;
491;2017-03-12_12-40-59.666;;29.825;35.037;-17.622;
498;2017-03-12_12-40-59.960;;29.825;35.037;-17.622;
506;2017-03-12_12-41-00.255;;29.825;35.037;-17.622;
513;2017-03-12_12-41-00.554;;29.825;35.037;-17.622;
521;2017-03-12_12-41-00.853;;29.825;35.037;-17.622;
528;2017-03-12_12-41-01.158;;29.825;35.037;-17.622;
536;2017-03-12_12-41-01.443;;29.825;35.037;-17.622;
542;2017-03-12_12-41-01.710;;29.825;35.037;-17.622;
549;2017-03-12_12-41-01.980;;29.825;35.037;-17.622;
557;2017-03-12_12-41-02.292;;29.825;35.037;-17.622;
564;2017-03-12_12-41-02.594;;29.825;35.037;-17.622;
572;2017-03-12_12-41-02.868;;30.575;34.662;-17.622;
579;2017-03-12_12-41-03.165;;30.575;34.662;-17.622;
587;2017-03-12_12-41-03.461;;30.575;34.662;-17.622;
594;2017-03-12_12-41-03.758;;30.575;34.662;-17.622;
602;2017-03-12_12-41-04.055;;30.575;34.662;-17.622;
609;2017-03-12_12-41-04.366;;30.575;34.662;-17.622;
617;2017-03-12_12-41-04.660;;30.575;35.412;-17.622;
624;2017-03-12_12-41-04.946;;31.325;35.412;-17.622;
632;2017-03-12_12-41-05.242;;31.325;35.412;-17.622;
639;2017-03-12_12-41-05.540;;31.325;35.412;-17.622;
647;2017-03-12_12-41-05.836;;31.325;35.412;-17.622;
654;2017-03-12_12-41-06.134;;31.325;35.412;-17.622;
662;2017-03-12_12-41-06.430;;31.325;35.412;-17.622;
669;2017-03-12_12-41-06.740;;31.325;35.412;-17.622;
677;2017-03-12_12-41-07.038;;31.7;34.662;-18.81;
684;2017-03-12_12-41-07.321;;31.7;34.662;-18.81;
690;2017-03-12_12-41-07.575;;31.7;34.662;-18.81;
698;2017-03-12_12-41-07.856;;31.7;34.662;-18.81;
705;2017-03-12_12-41-08.158;;31.7;34.662;-18.81;
713;2017-03-12_12-41-08.450;;31.7;34.662;-18.81;
720;2017-03-12_12-41-08.746;;31.7;34.662;-18.81;
728;2017-03-12_12-41-09.042;;31.7;34.662;-18.81;
735;2017-03-12_12-41-09.339;;31.7;34.662;-18.81;
743;2017-03-12_12-41-09.665;;31.7;34.662;-18.81;
750;2017-03-12_12-41-09.937;;31.7;34.662;-18.81;
758;2017-03-12_12-41-10.242;;31.7;34.662;-18.81;
765;2017-03-12_12-41-10.531;;31.7;34.662;-18.81;
773;2017-03-12_12-41-10.832;;30.95;35.412;-17.935;
780;2017-03-12_12-41-11.127;;30.95;35.412;-17.935;
788;2017-03-12_12-41-11.432;;30.95;35.412;-17.935;
795;2017-03-12_12-41-11.733;;30.95;35.412;-17.935;
803;2017-03-12_12-41-12.010;;30.95;35.412;-17.935;
810;2017-03-12_12-41-12.305;;30.95;35.412;-17.935;
818;2017-03-12_12-41-12.604;;30.95;35.412;-17.935;
825;2017-03-12_12-41-12.899;;30.95;35.412;-17.935;
833;2017-03-12_12-41-13.196;;30.95;35.412;-17.935;
840;2017-03-12_12-41-13.497;;30.95;35.412;-17.935;
848;2017-03-12_12-41-13.815;;30.95;35.412;-17.935;
855;2017-03-12_12-41-14.095;;30.95;35.412;-17.935;
861;2017-03-12_12-41-14.354;;30.95;35.412;-17.935;
869;2017-03-12_12-41-14.658;;30.95;35.412;-17.935;
876;2017-03-12_12-41-14.926;;30.2;35.412;-17.497;
884;2017-03-12_12-41-15.218;;30.2;35.412;-17.497;
891;2017-03-12_12-41-15.539;;30.2;35.412;-17.497;
899;2017-03-12_12-41-15.810;;30.2;35.412;-17.497;
905;2017-03-12_12-41-16.081;;30.2;35.412;-17.497;
912;2017-03-12_12-41-16.346;;30.2;35.412;-17.497;
920;2017-03-12_12-41-16.643;;30.2;35.412;-17.497;
927;2017-03-12_12-41-16.947;;30.2;35.412;-17.497;
935;2017-03-12_12-41-17.233;;30.2;35.412;-17.497;
942;2017-03-12_12-41-17.538;;30.2;35.412;-17.497;
950;2017-03-12_12-41-17.847;;30.2;35.412;-17.497;
957;2017-03-12_12-41-18.132;;30.2;35.412;-17.497;
965;2017-03-12_12-41-18.429;;30.2;35.412;-17.497;
972;2017-03-12_12-41-18.731;;30.2;35.412;-17.497;
980;2017-03-12_12-41-19.022;;30.2;35.787;-17.935;
987;2017-03-12_12-41-19.313;;30.2;35.787;-17.935;
995;2017-03-12_12-41-19.619;;30.2;35.787;-17.935;
1002;2017-03-12_12-41-19.902;;30.2;35.787;-17.935;
1008;2017-03-12_12-41-20.155;;30.2;35.787;-17.935;
1016;2017-03-12_12-41-20.439;;30.2;35.787;-17.935;
1023;2017-03-12_12-41-20.735;;30.2;35.787;-17.935;
1031;2017-03-12_12-41-21.034;;30.2;35.787;-17.935;
1038;2017-03-12_12-41-21.333;;30.2;35.787;-17.935;
1046;2017-03-12_12-41-21.637;;30.2;35.787;-17.935;
1053;2017-03-12_12-41-21.928;;30.2;35.787;-17.935;
1061;2017-03-12_12-41-22.231;;30.2;35.787;-17.935;
1068;2017-03-12_12-41-22.528;;30.2;35.787;-17.935;
1076;2017-03-12_12-41-22.850;;29.888;35.787;-17.872;
1083;2017-03-12_12-41-23.108;;29.888;35.787;-17.872;
1091;2017-03-12_12-41-23.406;;29.888;35.787;-17.872;
1097;2017-03-12_12-41-23.669;;29.888;35.787;-17.872;
1104;2017-03-12_12-41-23.939;;29.888;35.787;-17.872;
1112;2017-03-12_12-41-24.236;;29.888;35.787;-17.872;
1118;2017-03-12_12-41-24.488;;29.888;35.787;-17.872;
1125;2017-03-12_12-41-24.770;;29.888;35.787;-17.872;
1133;2017-03-12_12-41-25.068;;29.888;35.787;-17.872;
1140;2017-03-12_12-41-25.383;;29.888;35.787;-17.872;
1148;2017-03-12_12-41-25.661;;29.888;35.787;-17.872;
1155;2017-03-12_12-41-25.957;;29.888;35.787;-17.872;
1163;2017-03-12_12-41-26.255;;29.888;35.787;-17.872;
1170;2017-03-12_12-41-26.551;;29.888;35.787;-17.872;
1178;2017-03-12_12-41-26.848;;28.763;35.787;-16.622;
1185;2017-03-12_12-41-27.146;;28.763;35.787;-16.622;
1193;2017-03-12_12-41-27.452;;28.763;35.787;-16.622;
1200;2017-03-12_12-41-27.738;;28.763;35.787;-16.622;
1208;2017-03-12_12-41-28.039;;28.763;35.787;-16.622;
1215;2017-03-12_12-41-28.339;;28.763;35.787;-16.622;
1223;2017-03-12_12-41-28.659;;28.763;35.787;-16.622;
1230;2017-03-12_12-41-28.924;;28.763;35.787;-16.622;
1238;2017-03-12_12-41-29.222;;28.763;35.787;-16.622;
1245;2017-03-12_12-41-29.517;;28.763;35.787;-16.622;
1253;2017-03-12_12-41-29.815;;28.763;35.787;-16.622;
1260;2017-03-12_12-41-30.121;;28.763;35.787;-16.622;
1268;2017-03-12_12-41-30.411;;28.763;35.787;-16.622;
1275;2017-03-12_12-41-30.730;;28.763;35.787;-16.622;
1283;2017-03-12_12-41-31.013;;30.638;35.787;-18.247;
1290;2017-03-12_12-41-31.300;;30.638;35.787;-18.247;
1298;2017-03-12_12-41-31.600;;30.638;35.787;-18.247;
1305;2017-03-12_12-41-31.893;;30.638;35.787;-18.247;
1313;2017-03-12_12-41-32.192;;30.638;35.787;-18.247;
1320;2017-03-12_12-41-32.488;;30.638;35.787;-18.247;
1328;2017-03-12_12-41-32.784;;30.638;35.787;-18.247;
1335;2017-03-12_12-41-33.093;;30.638;35.787;-18.247;
1343;2017-03-12_12-41-33.379;;30.638;35.787;-18.247;
1350;2017-03-12_12-41-33.674;;30.638;35.787;-18.247;
1358;2017-03-12_12-41-33.994;;30.638;35.787;-18.247;
1365;2017-03-12_12-41-34.279;;30.638;35.787;-18.247;
1373;2017-03-12_12-41-34.576;;30.638;35.787;-18.247;
1379;2017-03-12_12-41-34.827;;30.263;36.912;-17.372;
1386;2017-03-12_12-41-35.098;;30.263;36.912;-17.372;
1394;2017-03-12_12-41-35.444;;30.263;36.912;-17.372;
1401;2017-03-12_12-41-35.704;;30.263;36.912;-17.372;
1409;2017-03-12_12-41-35.988;;30.263;36.912;-17.372;
1416;2017-03-12_12-41-36.285;;30.263;36.912;-17.372;
1424;2017-03-12_12-41-36.580;;30.263;36.912;-17.372;
1431;2017-03-12_12-41-36.879;;30.263;36.912;-17.372;
1439;2017-03-12_12-41-37.189;;30.263;36.912;-17.372;
1446;2017-03-12_12-41-37.476;;30.263;36.912;-17.372;
1454;2017-03-12_12-41-37.772;;30.263;36.912;-17.372;
1461;2017-03-12_12-41-38.064;;30.263;36.912;-17.372;
1469;2017-03-12_12-41-38.365;;30.263;36.912;-17.372;
1476;2017-03-12_12-41-38.658;;30.263;36.912;-17.372;
1482;2017-03-12_12-41-38.910;;30.638;36.537;-18.247;
1490;2017-03-12_12-41-39.194;;30.638;36.537;-18.247;
1497;2017-03-12_12-41-39.516;;30.638;36.537;-18.247;
1505;2017-03-12_12-41-39.808;;30.638;36.537;-18.247;
1512;2017-03-12_12-41-40.082;;29.888;36.162;-16.56;
1518;2017-03-12_12-41-40.340;;29.888;36.162;-16.56;
1526;2017-03-12_12-41-40.626;;29.888;36.162;-16.56;
1533;2017-03-12_12-41-40.926;;29.888;36.162;-16.56;
1541;2017-03-12_12-41-41.210;;29.888;36.162;-16.56;
1548;2017-03-12_12-41-41.507;;29.888;36.162;-16.56;
1554;2017-03-12_12-41-41.761;;29.888;36.162;-16.56;
1562;2017-03-12_12-41-42.054;;29.888;36.162;-16.56;
1569;2017-03-12_12-41-42.339;;29.888;36.162;-16.56;
1577;2017-03-12_12-41-42.637;;29.888;36.162;-16.56;
1584;2017-03-12_12-41-42.932;;29.513;35.787;-16.935;
1592;2017-03-12_12-41-43.227;;29.513;35.787;-16.935;
1599;2017-03-12_12-41-43.527;;29.513;35.787;-16.935;
1605;2017-03-12_12-41-43.781;;29.513;35.787;-16.935;
1613;2017-03-12_12-41-44.060;;29.513;35.787;-16.935;
1620;2017-03-12_12-41-44.355;;29.513;35.787;-16.935;
1628;2017-03-12_12-41-44.651;;29.513;35.787;-16.935;
1635;2017-03-12_12-41-44.957;;29.513;35.787;-16.935;
1643;2017-03-12_12-41-45.244;;29.513;35.787;-16.935;
1650;2017-03-12_12-41-45.553;;29.513;35.787;-16.935;
1658;2017-03-12_12-41-45.838;;29.513;35.787;-16.935;
1665;2017-03-12_12-41-46.141;;29.513;35.787;-16.935;
1673;2017-03-12_12-41-46.433;;29.513;35.787;-16.935;
1680;2017-03-12_12-41-46.733;;29.513;35.787;-16.935;
1688;2017-03-12_12-41-47.026;;31.013;35.037;-19.435;
1695;2017-03-12_12-41-47.323;;31.013;35.037;-19.435;
1703;2017-03-12_12-41-47.621;;31.013;35.037;-19.435;
1710;2017-03-12_12-41-47.916;;31.013;35.037;-19.435;
1718;2017-03-12_12-41-48.213;;31.013;35.037;-19.435;
1725;2017-03-12_12-41-48.511;;31.013;35.037;-19.435;
1733;2017-03-12_12-41-48.805;;31.013;35.037;-19.435;
1739;2017-03-12_12-41-49.067;;31.013;35.037;-19.435;
1746;2017-03-12_12-41-49.355;;31.013;35.037;-19.435;
1754;2017-03-12_12-41-49.656;;31.013;35.037;-19.435;
1761;2017-03-12_12-41-49.933;;31.013;35.037;-19.435;
1769;2017-03-12_12-41-50.229;;31.013;35.037;-19.435;
1776;2017-03-12_12-41-50.529;;31.013;35.037;-19.435;
1784;2017-03-12_12-41-50.826;;30.638;33.912;-19.435;
1791;2017-03-12_12-41-51.120;;30.638;33.912;-19.435;
1799;2017-03-12_12-41-51.430;;30.638;33.912;-19.435;
1806;2017-03-12_12-41-51.714;;30.638;33.912;-19.435;
1814;2017-03-12_12-41-52.054;;30.638;33.912;-19.435;
1821;2017-03-12_12-41-52.309;;30.638;33.912;-19.435;
1829;2017-03-12_12-41-52.604;;30.638;33.912;-19.435;
1836;2017-03-12_12-41-52.900;;30.638;33.912;-19.435;
1844;2017-03-12_12-41-53.198;;30.638;33.912;-19.435;
1851;2017-03-12_12-41-53.541;;30.638;33.912;-19.435;
1859;2017-03-12_12-41-53.809;;30.638;33.912;-19.435;
1866;2017-03-12_12-41-54.108;;30.638;33.912;-19.435;
1874;2017-03-12_12-41-54.395;;30.638;33.912;-19.435;
1881;2017-03-12_12-41-54.683;;30.638;33.912;-19.435;
1889;2017-03-12_12-41-54.977;;29.513;35.412;-17.747;
1896;2017-03-12_12-41-55.281;;29.513;35.412;-17.747;
1904;2017-03-12_12-41-55.590;;29.513;35.412;-17.747;
1911;2017-03-12_12-41-55.868;;29.513;35.412;-17.747;
1919;2017-03-12_12-41-56.176;;29.513;35.412;-17.747;
1926;2017-03-12_12-41-56.461;;29.513;35.412;-17.747;
1934;2017-03-12_12-41-56.759;;29.513;35.412;-17.747;
1941;2017-03-12_12-41-57.056;;29.513;35.412;-17.747;
1949;2017-03-12_12-41-57.362;;29.513;35.412;-17.747;
1956;2017-03-12_12-41-57.648;;29.513;35.412;-17.747;
1964;2017-03-12_12-41-57.946;;29.513;35.412;-17.747;
1971;2017-03-12_12-41-58.244;;29.513;35.412;-17.747;
1979;2017-03-12_12-41-58.541;;29.513;35.412;-17.747;
1986;2017-03-12_12-41-58.836;;29.138;35.412;-18.56;
1994;2017-03-12_12-41-59.132;;29.138;35.412;-18.56;
2000;2017-03-12_12-41-59.384;;29.138;35.412;-18.56;
2007;2017-03-12_12-41-59.668;;29.138;35.412;-18.56;
2015;2017-03-12_12-41-59.965;;29.138;35.412;-18.56;
2022;2017-03-12_12-42-00.261;;29.138;35.412;-18.56;
2030;2017-03-12_12-42-00.557;;29.138;35.412;-18.56;
2037;2017-03-12_12-42-00.861;;29.138;35.412;-18.56;
2045;2017-03-12_12-42-01.153;;29.138;35.412;-18.56;
2052;2017-03-12_12-42-01.447;;29.138;35.412;-18.56;
2060;2017-03-12_12-42-01.783;;29.138;35.412;-18.56;
2067;2017-03-12_12-42-02.063;;29.138;35.412;-18.56;
2075;2017-03-12_12-42-02.336;;29.138;35.412;-18.56;
2082;2017-03-12_12-42-02.659;;29.138;35.412;-18.56;
2090;2017-03-12_12-42-02.949;;29.138;36.537;-16.06;
2097;2017-03-12_12-42-03.244;;29.138;36.537;-16.06;
2105;2017-03-12_12-42-03.526;;29.138;36.537;-16.06;
2112;2017-03-12_12-42-03.819;;29.138;36.537;-16.06;
2118;2017-03-12_12-42-04.073;;29.138;36.537;-16.06;
2126;2017-03-12_12-42-04.353;;29.138;36.537;-16.06;
2133;2017-03-12_12-42-04.659;;29.138;36.537;-16.06;
2139;2017-03-12_12-42-04.917;;29.138;36.537;-16.06;
2147;2017-03-12_12-42-05.197;;29.138;36.537;-16.06;
2154;2017-03-12_12-42-05.481;;29.138;36.537;-16.06;
2160;2017-03-12_12-42-05.738;;29.138;36.537;-16.06;
2168;2017-03-12_12-42-06.016;;29.138;36.537;-16.06;
2175;2017-03-12_12-42-06.312;;29.138;36.537;-16.06;
2183;2017-03-12_12-42-06.608;;29.138;36.537;-16.06;
2190;2017-03-12_12-42-06.905;;29.138;35.037;-18.122;
2198;2017-03-12_12-42-07.218;;29.138;35.037;-18.122;
2205;2017-03-12_12-42-07.517;;29.138;35.037;-18.122;
2213;2017-03-12_12-42-07.816;;29.138;35.037;-18.122;
2220;2017-03-12_12-42-08.098;;29.138;35.037;-18.122;
2228;2017-03-12_12-42-08.389;;29.138;35.037;-18.122;
2235;2017-03-12_12-42-08.705;;29.138;35.037;-18.122;
2243;2017-03-12_12-42-08.983;;29.138;35.037;-18.122;
2250;2017-03-12_12-42-09.279;;29.138;35.037;-18.122;
2256;2017-03-12_12-42-09.537;;29.138;35.037;-18.122;
2264;2017-03-12_12-42-09.824;;29.138;35.037;-18.122;
2271;2017-03-12_12-42-10.111;;29.138;35.037;-18.122;
2279;2017-03-12_12-42-10.406;;29.138;35.037;-18.122;
2286;2017-03-12_12-42-10.715;;29.138;35.037;-18.122;
2294;2017-03-12_12-42-11.001;;31.013;35.787;-18.122;
2300;2017-03-12_12-42-11.260;;31.013;35.787;-18.122;
2307;2017-03-12_12-42-11.534;;31.013;35.787;-18.122;
2315;2017-03-12_12-42-11.830;;31.013;35.787;-18.122;
2321;2017-03-12_12-42-12.091;;31.013;35.787;-18.122;
2328;2017-03-12_12-42-12.382;;31.013;35.787;-18.122;
2336;2017-03-12_12-42-12.663;;31.013;35.787;-18.122;
2342;2017-03-12_12-42-12.914;;31.013;35.787;-18.122;
2349;2017-03-12_12-42-13.196;;31.013;35.787;-18.122;
2357;2017-03-12_12-42-13.493;;31.013;35.787;-18.122;
2364;2017-03-12_12-42-13.793;;31.013;35.787;-18.122;
2372;2017-03-12_12-42-14.086;;31.013;35.787;-18.122;
2379;2017-03-12_12-42-14.383;;31.013;35.787;-18.122;
2387;2017-03-12_12-42-14.689;;31.013;35.787;-18.122;
2394;2017-03-12_12-42-14.989;;30.263;35.412;-18.185;
2402;2017-03-12_12-42-15.272;;30.263;35.412;-18.185;
2409;2017-03-12_12-42-15.570;;30.263;35.412;-18.185;
2417;2017-03-12_12-42-15.865;;30.263;35.412;-18.185;
2423;2017-03-12_12-42-16.136;;30.263;35.412;-18.185;
2430;2017-03-12_12-42-16.414;;30.263;35.412;-18.185;
2438;2017-03-12_12-42-16.699;;30.263;35.412;-18.185;
2445;2017-03-12_12-42-16.999;;30.263;35.412;-18.185;
2453;2017-03-12_12-42-17.298;;30.263;35.412;-18.185;
2460;2017-03-12_12-42-17.616;;30.263;35.412;-18.185;
2468;2017-03-12_12-42-17.902;;30.263;35.412;-18.185;
2475;2017-03-12_12-42-18.180;;30.263;35.412;-18.185;
2483;2017-03-12_12-42-18.477;;30.263;35.412;-18.185;
2490;2017-03-12_12-42-18.779;;30.263;35.412;-18.185;
2498;2017-03-12_12-42-19.079;;29.513;35.037;-20.185;
2505;2017-03-12_12-42-19.366;;29.513;35.037;-20.185;
2513;2017-03-12_12-42-19.664;;29.513;35.037;-20.185;
2520;2017-03-12_12-42-19.961;;29.513;35.037;-20.185;
2528;2017-03-12_12-42-20.257;;29.513;35.037;-20.185;
2534;2017-03-12_12-42-20.509;;29.513;35.037;-20.185;
2541;2017-03-12_12-42-20.805;;29.513;35.037;-20.185;
2549;2017-03-12_12-42-21.088;;29.513;35.037;-20.185;
2556;2017-03-12_12-42-21.387;;29.513;35.037;-20.185;
2564;2017-03-12_12-42-21.680;;29.513;35.037;-20.185;
2571;2017-03-12_12-42-21.977;;29.513;35.037;-20.185;
2578;2017-03-12_12-42-22.227;;29.513;35.037;-20.185;
2585;2017-03-12_12-42-22.513;;29.513;35.037;-20.185;
2592;2017-03-12_12-42-22.809;;29.513;35.037;-20.185;
2600;2017-03-12_12-42-23.111;;30.263;35.412;-19.31;
2607;2017-03-12_12-42-23.411;;30.263;35.412;-19.31;
2615;2017-03-12_12-42-23.698;;30.263;35.412;-19.31;
2622;2017-03-12_12-42-23.994;;30.263;35.412;-19.31;
2628;2017-03-12_12-42-24.250;;30.263;35.412;-19.31;
2636;2017-03-12_12-42-24.532;;30.263;35.412;-19.31;
2643;2017-03-12_12-42-24.826;;30.263;35.412;-19.31;
2651;2017-03-12_12-42-25.123;;30.263;35.412;-19.31;
2658;2017-03-12_12-42-25.422;;30.263;35.412;-19.31;
2666;2017-03-12_12-42-25.716;;30.263;35.412;-19.31;
2672;2017-03-12_12-42-25.971;;30.263;35.412;-19.31;
2679;2017-03-12_12-42-26.249;;30.263;35.412;-19.31;
2687;2017-03-12_12-42-26.553;;30.263;35.412;-19.31;
2694;2017-03-12_12-42-26.842;;30.263;35.787;-15.997;
2700;2017-03-12_12-42-27.099;;30.263;35.787;-15.997;
2708;2017-03-12_12-42-27.378;;30.263;35.787;-15.997;
2715;2017-03-12_12-42-27.690;;30.263;35.787;-15.997;
2723;2017-03-12_12-42-27.969;;30.263;35.787;-15.997;
2730;2017-03-12_12-42-28.265;;30.263;35.787;-15.997;
2736;2017-03-12_12-42-28.520;;30.263;35.787;-15.997;
2744;2017-03-12_12-42-28.801;;30.263;35.787;-15.997;
2750;2017-03-12_12-42-29.053;;30.263;35.787;-15.997;
2757;2017-03-12_12-42-29.335;;30.263;35.787;-15.997;
2765;2017-03-12_12-42-29.631;;30.263;35.787;-15.997;
2772;2017-03-12_12-42-29.929;;30.263;35.787;-15.997;
2778;2017-03-12_12-42-30.201;;30.263;35.787;-15.997;
2786;2017-03-12_12-42-30.464;;30.263;35.787;-15.997;
2793;2017-03-12_12-42-30.762;;30.263;35.787;-15.997;
2801;2017-03-12_12-42-31.054;;30.638;35.787;-17.685;
2807;2017-03-12_12-42-31.307;;30.638;35.787;-17.685;
2814;2017-03-12_12-42-31.596;;30.638;35.787;-17.685;
2822;2017-03-12_12-42-31.886;;30.638;35.787;-17.685;
2829;2017-03-12_12-42-32.186;;30.638;35.787;-17.685;
2837;2017-03-12_12-42-32.480;;30.638;35.787;-17.685;
2844;2017-03-12_12-42-32.777;;30.638;35.787;-17.685;
2852;2017-03-12_12-42-33.073;;30.638;35.787;-17.685;
2859;2017-03-12_12-42-33.369;;30.638;35.787;-17.685;
2867;2017-03-12_12-42-33.675;;30.638;35.787;-17.685;
2874;2017-03-12_12-42-33.962;;30.638;35.787;-17.685;
2880;2017-03-12_12-42-34.217;;30.638;35.787;-17.685;
2888;2017-03-12_12-42-34.499;;30.638;35.787;-17.685;
2895;2017-03-12_12-42-34.793;;30.638;35.787;-17.685;
2903;2017-03-12_12-42-35.090;;28.388;35.787;-17.247;
2910;2017-03-12_12-42-35.408;;28.388;35.787;-17.247;
2918;2017-03-12_12-42-35.691;;28.388;35.787;-17.247;
2925;2017-03-12_12-42-35.999;;28.388;35.787;-17.247;
2933;2017-03-12_12-42-36.278;;28.388;35.787;-17.247;
2940;2017-03-12_12-42-36.574;;28.388;35.787;-17.247;
2946;2017-03-12_12-42-36.831;;28.388;35.787;-17.247;
2954;2017-03-12_12-42-37.110;;28.388;35.787;-17.247;
2961;2017-03-12_12-42-37.414;;28.388;35.787;-17.247;
2969;2017-03-12_12-42-37.701;;28.388;35.787;-17.247;
2976;2017-03-12_12-42-38.001;;28.388;35.787;-17.247;
2984;2017-03-12_12-42-38.296;;28.388;35.787;-17.247;
2991;2017-03-12_12-42-38.591;;28.388;35.787;-17.247;
2999;2017-03-12_12-42-38.890;;29.513;35.787;-18.06;
3006;2017-03-12_12-42-39.184;;29.513;35.787;-18.06;
3014;2017-03-12_12-42-39.483;;29.513;35.787;-18.06;
3021;2017-03-12_12-42-39.780;;29.513;35.787;-18.06;
3029;2017-03-12_12-42-40.075;;29.513;35.787;-18.06;
3036;2017-03-12_12-42-40.373;;29.513;35.787;-18.06;
3044;2017-03-12_12-42-40.667;;29.513;35.787;-18.06;
3051;2017-03-12_12-42-40.981;;29.513;35.787;-18.06;
3059;2017-03-12_12-42-41.281;;29.513;35.787;-18.06;
3066;2017-03-12_12-42-41.560;;29.513;35.787;-18.06;
3074;2017-03-12_12-42-41.854;;29.513;35.787;-18.06;
3080;2017-03-12_12-42-42.115;;29.513;35.787;-18.06;
3087;2017-03-12_12-42-42.391;;29.513;35.787;-18.06;
3095;2017-03-12_12-42-42.685;;29.513;35.787;-18.06;
3101;2017-03-12_12-42-42.937;;30.263;35.787;-18.06;
3108;2017-03-12_12-42-43.218;;30.263;35.787;-18.06;
3116;2017-03-12_12-42-43.515;;30.263;35.787;-18.06;
3123;2017-03-12_12-42-43.812;;30.263;35.787;-18.06;
3131;2017-03-12_12-42-44.109;;30.263;35.787;-18.06;
3138;2017-03-12_12-42-44.406;;30.263;35.787;-18.06;
3146;2017-03-12_12-42-44.702;;30.263;35.787;-18.06;
3153;2017-03-12_12-42-45.000;;30.263;35.787;-18.06;
3161;2017-03-12_12-42-45.299;;30.263;35.787;-18.06;
3168;2017-03-12_12-42-45.592;;30.263;35.787;-18.06;
3176;2017-03-12_12-42-45.895;;30.263;35.787;-18.06;
3183;2017-03-12_12-42-46.186;;30.263;35.787;-18.06;
3191;2017-03-12_12-42-46.483;;30.263;35.787;-18.06;
3198;2017-03-12_12-42-46.779;;30.263;35.787;-18.06;
3206;2017-03-12_12-42-47.077;;31.013;36.912;-18.872;
3213;2017-03-12_12-42-47.379;;31.013;36.912;-18.872;
3221;2017-03-12_12-42-47.670;;31.013;36.912;-18.872;
3228;2017-03-12_12-42-47.968;;31.013;36.912;-18.872;
3236;2017-03-12_12-42-48.266;;31.013;36.912;-18.872;
3243;2017-03-12_12-42-48.560;;31.013;36.912;-18.872;
3251;2017-03-12_12-42-48.857;;31.013;36.912;-18.872;
3258;2017-03-12_12-42-49.154;;31.013;36.912;-18.872;
3266;2017-03-12_12-42-49.449;;31.013;36.912;-18.872;
3273;2017-03-12_12-42-49.746;;31.013;36.912;-18.872;
3281;2017-03-12_12-42-50.047;;31.013;36.912;-18.872;
3288;2017-03-12_12-42-50.345;;31.013;36.912;-18.872;
3296;2017-03-12_12-42-50.636;;31.013;36.912;-18.872;
3303;2017-03-12_12-42-50.933;;30.263;36.912;-17.247;
3311;2017-03-12_12-42-51.230;;30.263;36.912;-17.247;
3318;2017-03-12_12-42-51.526;;30.263;36.912;-17.247;
3326;2017-03-12_12-42-51.825;;30.263;36.912;-17.247;
3333;2017-03-12_12-42-52.125;;30.263;36.912;-17.247;
3341;2017-03-12_12-42-52.416;;30.263;36.912;-17.247;
3348;2017-03-12_12-42-52.714;;30.263;36.912;-17.247;
3356;2017-03-12_12-42-53.009;;30.263;36.912;-17.247;
3363;2017-03-12_12-42-53.306;;30.263;36.912;-17.247;
3371;2017-03-12_12-42-53.603;;30.263;36.912;-17.247;
3378;2017-03-12_12-42-53.899;;30.263;36.912;-17.247;
3386;2017-03-12_12-42-54.198;;30.263;36.912;-17.247;
3393;2017-03-12_12-42-54.497;;30.263;36.912;-17.247;
3401;2017-03-12_12-42-54.791;;30.263;36.912;-17.247;
3408;2017-03-12_12-42-55.085;;30.263;37.287;-16.872;
3416;2017-03-12_12-42-55.383;;30.263;37.287;-16.872;
3423;2017-03-12_12-42-55.682;;30.263;37.287;-16.872;
3431;2017-03-12_12-42-55.978;;30.263;37.287;-16.872;
3438;2017-03-12_12-42-56.275;;30.263;37.287;-16.872;
3446;2017-03-12_12-42-56.573;;30.263;37.287;-16.872;
3453;2017-03-12_12-42-56.870;;30.263;37.287;-16.872;
3461;2017-03-12_12-42-57.162;;30.263;37.287;-16.872;
3468;2017-03-12_12-42-57.461;;30.263;37.287;-16.872;
3476;2017-03-12_12-42-57.758;;30.263;37.287;-16.872;
3483;2017-03-12_12-42-58.054;;30.263;37.287;-16.872;
3491;2017-03-12_12-42-58.352;;30.263;37.287;-16.872;
3498;2017-03-12_12-42-58.649;;30.263;37.287;-16.872;
3506;2017-03-12_12-42-58.947;;29.888;37.662;-16.935;
3513;2017-03-12_12-42-59.242;;29.888;37.662;-16.935;
3521;2017-03-12_12-42-59.538;;29.888;37.662;-16.935;
3528;2017-03-12_12-42-59.834;;29.888;37.662;-16.935;
3536;2017-03-12_12-43-00.139;;29.888;37.662;-16.935;
3543;2017-03-12_12-43-00.431;;29.888;37.662;-16.935;
3551;2017-03-12_12-43-00.725;;29.888;37.662;-16.935;
3558;2017-03-12_12-43-01.022;;29.888;37.662;-16.935;
3566;2017-03-12_12-43-01.321;;29.888;37.662;-16.935;
3573;2017-03-12_12-43-01.620;;29.888;37.662;-16.935;
3581;2017-03-12_12-43-01.912;;29.888;37.662;-16.935;
3588;2017-03-12_12-43-02.206;;29.888;37.662;-16.935;
3596;2017-03-12_12-43-02.503;;29.888;37.662;-16.935;
3603;2017-03-12_12-43-02.799;;29.888;37.662;-16.935;
3611;2017-03-12_12-43-03.097;;27.638;35.787;-11.935;
3618;2017-03-12_12-43-03.394;;27.638;35.787;-11.935;
3626;2017-03-12_12-43-03.690;;27.638;35.787;-11.935;
3633;2017-03-12_12-43-03.987;;27.638;35.787;-11.935;
3641;2017-03-12_12-43-04.284;;27.638;35.787;-11.935;
3648;2017-03-12_12-43-04.580;;27.638;35.787;-11.935;
3655;2017-03-12_12-43-04.837;;27.638;35.787;-11.935;
3662;2017-03-12_12-43-05.142;;27.638;35.787;-11.935;
3670;2017-03-12_12-43-05.430;;27.638;35.787;-11.935;
3677;2017-03-12_12-43-05.727;;27.638;35.787;-11.935;
3685;2017-03-12_12-43-06.023;;27.638;35.787;-11.935;
3692;2017-03-12_12-43-06.320;;27.638;35.787;-11.935;
3700;2017-03-12_12-43-06.618;;27.638;35.787;-11.935;
3707;2017-03-12_12-43-06.914;;27.638;33.912;-10.685;
3715;2017-03-12_12-43-07.210;;27.638;33.912;-10.685;
3722;2017-03-12_12-43-07.507;;27.638;33.912;-10.685;
3730;2017-03-12_12-43-07.805;;27.638;33.912;-10.685;
3737;2017-03-12_12-43-08.102;;27.638;33.912;-10.685;
3745;2017-03-12_12-43-08.398;;27.638;33.912;-10.685;
3752;2017-03-12_12-43-08.695;;27.638;33.912;-10.685;
3760;2017-03-12_12-43-08.971;;27.638;33.912;-10.685;
3766;2017-03-12_12-43-09.367;;27.638;33.912;-10.685;
3775;2017-03-12_12-43-09.618;;27.638;33.912;-10.685;
3783;2017-03-12_12-43-09.900;;27.638;33.912;-10.685;
3790;2017-03-12_12-43-10.197;;27.638;33.912;-10.685;
3798;2017-03-12_12-43-10.506;;27.638;33.912;-10.685;
3988;2017-03-12_12-43-18.040;;29.888;33.912;-10.622;
