--- LOG START  --- 
125;2017-03-13_16-29-33.593;;10.889;12.109;19.812;
251;2017-03-13_16-29-38.599;;11.639;15.109;16.5;
378;2017-03-13_16-29-43.611;;10.889;14.734;15.625;
506;2017-03-13_16-29-48.652;;12.014;15.859;16.062;
633;2017-03-13_16-29-53.705;;11.264;12.484;12.187;
761;2017-03-13_16-29-58.731;;10.514;11.734;13.437;
888;2017-03-13_16-30-03.769;;10.514;11.359;14.312;
1016;2017-03-13_16-30-08.838;;10.889;9.859;15.562;
1143;2017-03-13_16-30-13.849;;12.014;12.484;14.25;
1271;2017-03-13_16-30-18.901;;10.889;12.109;12.562;
1398;2017-03-13_16-30-23.928;;11.264;11.734;13.437;
1526;2017-03-13_16-30-28.967;;10.889;10.609;16.375;
1653;2017-03-13_16-30-34.008;;11.264;10.234;13;
1781;2017-03-13_16-30-39.046;;11.264;12.484;11.312;
1908;2017-03-13_16-30-44.092;;11.264;11.734;13.062;
2036;2017-03-13_16-30-49.123;;12.014;11.359;10.5;
2162;2017-03-13_16-30-54.124;;11.264;10.234;13.062;
2289;2017-03-13_16-30-59.144;;10.889;10.234;13.875;
2415;2017-03-13_16-31-04.153;;12.014;12.484;11.375;
2543;2017-03-13_16-31-09.186;;11.264;12.484;10.937;
2670;2017-03-13_16-31-14.204;;9.764;12.859;10.937;
2798;2017-03-13_16-31-19.249;;9.764;12.859;14;
2925;2017-03-13_16-31-24.281;;10.889;13.234;12.562;
3053;2017-03-13_16-31-29.323;;10.139;11.359;13.437;
3180;2017-03-13_16-31-34.356;;12.014;12.484;13.875;
3308;2017-03-13_16-31-39.394;;12.389;12.484;15.125;
3435;2017-03-13_16-31-44.431;;11.639;13.609;13.687;
3549;2017-03-13_16-31-49.720;;12.389;9.859;16.562;
3696;2017-03-13_16-31-54.748;;12.014;10.609;15.25;
3824;2017-03-13_16-31-59.786;;10.139;10.234;12.625;
3951;2017-03-13_16-32-04.823;;10.514;9.859;13;
4079;2017-03-13_16-32-09.866;;10.139;11.734;17.687;
4206;2017-03-13_16-32-14.905;;10.139;10.984;15.062;
4334;2017-03-13_16-32-19.945;;11.264;9.859;15.875;
4461;2017-03-13_16-32-24.985;;10.514;10.984;14.937;
4586;2017-03-13_16-32-30.164;;10.889;8.796;15.75;
4719;2017-03-13_16-32-35.181;;11.264;9.921;13.187;
4838;2017-03-13_16-32-40.743;;10.514;9.546;13.625;
4988;2017-03-13_16-32-45.800;;10.889;10.671;12.312;
5115;2017-03-13_16-32-50.840;;7.577;9.171;10.562;
5243;2017-03-13_16-32-55.880;;10.139;12.484;13.5;
5370;2017-03-13_16-33-01.733;;10.514;10.671;12.625;
5517;2017-03-13_16-33-06.736;;11.639;11.421;11.75;
5623;2017-03-13_16-33-11.737;;8.702;13.984;7.937;
5750;2017-03-13_16-33-16.743;;8.702;13.984;7.937;
5897;2017-03-13_16-33-21.743;;10.514;13.234;12.937;
6024;2017-03-13_16-33-26.786;;10.889;12.171;12.062;
6152;2017-03-13_16-33-31.825;;10.889;10.671;14.562;
6279;2017-03-13_16-33-37.716;;9.452;9.171;13.75;
6407;2017-03-13_16-33-42.736;;10.514;9.921;14.937;
6555;2017-03-13_16-33-47.785;;10.889;10.296;15.75;
6683;2017-03-13_16-33-52.828;;10.889;10.296;15.75;
6810;2017-03-13_16-33-57.870;;10.514;9.546;17.812;
6938;2017-03-13_16-34-03.743;;9.764;10.296;17;
7085;2017-03-13_16-34-09.774;;10.514;9.546;16.937;
7238;2017-03-13_16-34-14.783;;9.764;10.671;16.125;
7365;2017-03-13_16-34-19.826;;9.764;10.671;16.125;
7493;2017-03-13_16-34-24.870;;10.139;11.796;15.625;
7620;2017-03-13_16-34-29.911;;10.139;11.046;17.312;
7748;2017-03-13_16-34-34.960;;10.514;10.296;15.562;
7872;2017-03-13_16-34-40.722;;9.764;9.921;17.25;
8021;2017-03-13_16-34-45.769;;9.452;8.046;17.312;
8149;2017-03-13_16-34-50.819;;10.139;9.171;17;
8276;2017-03-13_16-34-56.739;;10.514;11.796;12.812;
8405;2017-03-13_16-35-01.742;;10.139;10.671;14.062;
8552;2017-03-13_16-35-06.783;;10.514;10.671;14;
8659;2017-03-13_16-35-11.813;;8.702;9.921;12.312;
8807;2017-03-13_16-35-16.867;;7.952;9.171;14.437;
8935;2017-03-13_16-35-22.740;;10.889;10.671;14.437;
9083;2017-03-13_16-35-27.787;;9.764;9.921;13.562;
9191;2017-03-13_16-35-32.800;;9.452;9.171;15.625;
9337;2017-03-13_16-35-37.817;;10.514;9.921;14.312;
9464;2017-03-13_16-35-42.857;;10.514;9.921;14.312;
9592;2017-03-13_16-35-47.901;;10.514;9.546;13.5;
9718;2017-03-13_16-35-53.748;;10.514;10.671;14.687;
9866;2017-03-13_16-35-58.764;;10.514;10.671;14.687;
9994;2017-03-13_16-36-03.806;;10.139;9.546;13.375;
10121;2017-03-13_16-36-08.857;;10.889;11.046;15.062;
10247;2017-03-13_16-36-14.725;;10.514;10.671;14.625;
10393;2017-03-13_16-36-20.735;;10.889;9.546;15.062;
10526;2017-03-13_16-36-25.774;;10.514;10.671;14.187;
10676;2017-03-13_16-36-30.813;;10.889;9.546;16.687;
10804;2017-03-13_16-36-35.852;;10.514;10.296;15.812;
10931;2017-03-13_16-36-41.754;;10.514;10.296;15.812;
11080;2017-03-13_16-36-46.772;;10.514;9.546;16.625;
11207;2017-03-13_16-36-51.820;;10.139;10.296;17.062;
11335;2017-03-13_16-36-57.729;;8.702;9.921;14.875;
11464;2017-03-13_16-37-02.730;;8.702;9.921;14.875;
11609;2017-03-13_16-37-07.739;;10.889;10.671;16.187;
11723;2017-03-13_16-37-12.776;;10.139;9.546;14.5;
11864;2017-03-13_16-37-17.813;;9.077;8.796;13.25;
11992;2017-03-13_16-37-22.856;;9.077;8.796;13.25;
12119;2017-03-13_16-37-28.124;;10.139;9.921;13.687;
12245;2017-03-13_16-37-33.708;;10.889;11.796;10.75;
12371;2017-03-13_16-37-38.721;;11.264;8.421;15.687;
12499;2017-03-13_16-37-43.737;;14.639;9.546;-3.438;
12647;2017-03-13_16-37-48.780;;14.264;12.546;-5.875;
12774;2017-03-13_16-37-53.821;;14.639;13.296;-5.375;
12902;2017-03-13_16-37-58.865;;14.639;8.421;-3.688;
13029;2017-03-13_16-38-03.910;;14.264;9.546;1;
13157;2017-03-13_16-38-08.955;;15.389;7.296;-1.375;
13284;2017-03-13_16-38-14.002;;14.264;10.296;-1.438;
13412;2017-03-13_16-38-19.040;;11.639;8.421;-3.813;
13654;2017-03-13_16-38-24.050;;14.264;8.796;-2.438;
13906;2017-03-13_16-38-29.053;;13.139;10.609;-2.75;
14158;2017-03-13_16-38-34.056;;14.264;9.484;-1.25;
14410;2017-03-13_16-38-39.061;;15.389;10.984;-2.375;
14662;2017-03-13_16-38-44.063;;13.139;13.234;-3.625;
14914;2017-03-13_16-38-49.072;;12.014;14.734;-6.125;
15166;2017-03-13_16-38-54.080;;10.139;13.984;-8.75;
15322;2017-03-13_16-38-59.125;;13.139;16.609;-5.75;
15507;2017-03-13_16-39-04.134;;14.639;14.359;-6.875;
15760;2017-03-13_16-39-09.155;;13.139;11.359;-6;
16012;2017-03-13_16-39-14.158;;14.264;7.984;-2.563;
16264;2017-03-13_16-39-19.160;;14.639;12.859;-5.125;
16516;2017-03-13_16-39-24.165;;13.889;9.109;-5.125;
16768;2017-03-13_16-39-29.166;;12.389;12.484;-4.313;
16939;2017-03-13_16-39-34.202;;10.889;12.109;17.25;
17063;2017-03-13_16-39-39.784;;10.139;13.609;15.937;
17194;2017-03-13_16-39-50.002;;10.139;14.359;13.625;
17464;2017-03-13_16-39-55.740;;9.764;13.609;14;
17605;2017-03-13_16-40-00.742;;9.764;13.609;14;
17723;2017-03-13_16-40-05.743;;11.639;14.359;13.875;
17865;2017-03-13_16-40-10.793;;10.889;10.234;18.062;
17992;2017-03-13_16-40-15.831;;10.139;10.234;19.625;
18120;2017-03-13_16-40-21.545;;10.514;13.984;17.875;
18247;2017-03-13_16-40-26.728;;10.514;13.984;17.875;
18396;2017-03-13_16-40-31.784;;10.514;12.109;19.937;
18523;2017-03-13_16-40-36.823;;10.514;15.484;14.812;
18651;2017-03-13_16-40-42.740;;11.264;13.609;16.875;
18800;2017-03-13_16-40-47.743;;11.264;13.609;16.875;
18927;2017-03-13_16-40-52.798;;11.639;15.109;14.312;
19055;2017-03-13_16-40-57.841;;10.514;16.984;10.875;
19182;2017-03-13_16-41-03.748;;12.014;15.859;9.625;
19331;2017-03-13_16-41-08.755;;12.014;15.859;9.625;
19458;2017-03-13_16-41-13.799;;12.764;12.546;11.25;
19586;2017-03-13_16-41-18.838;;12.764;12.546;11.25;
19713;2017-03-13_16-41-24.738;;11.639;13.609;13.75;
19863;2017-03-13_16-41-29.773;;11.639;15.859;12.437;
19962;2017-03-13_16-41-34.800;;10.889;12.546;17.437;
20117;2017-03-13_16-41-39.837;;10.139;9.921;17.437;
20244;2017-03-13_16-41-45.727;;10.139;9.921;17.437;
20393;2017-03-13_16-41-50.756;;10.889;12.171;16.562;
20520;2017-03-13_16-41-55.797;;11.264;13.296;16.125;
20648;2017-03-13_16-42-01.744;;11.639;12.171;16.5;
20798;2017-03-13_16-42-06.773;;11.264;13.296;16.937;
20925;2017-03-13_16-42-11.778;;11.264;13.296;16.937;
21052;2017-03-13_16-42-16.802;;11.264;14.359;12.75;
21179;2017-03-13_16-42-21.824;;11.639;17.734;10.187;
21306;2017-03-13_16-42-26.848;;11.639;16.234;14.375;
21433;2017-03-13_16-42-31.875;;10.514;14.359;18.125;
21559;2017-03-13_16-42-37.740;;11.264;14.421;15.562;
21686;2017-03-13_16-42-42.749;;11.264;14.421;15.562;
21835;2017-03-13_16-42-47.773;;10.889;14.046;16.812;
21962;2017-03-13_16-42-52.801;;9.764;13.671;16.437;
22089;2017-03-13_16-42-57.822;;12.014;14.421;18.062;
22216;2017-03-13_16-43-03.733;;12.014;14.421;18.062;
22352;2017-03-13_16-43-08.734;;11.264;14.046;17.187;
22492;2017-03-13_16-43-14.731;;10.889;14.734;15.5;
22637;2017-03-13_16-43-19.735;;11.264;11.796;15.062;
22759;2017-03-13_16-43-24.736;;11.264;13.296;14.625;
22874;2017-03-13_16-43-29.742;;11.264;13.296;14.625;
23019;2017-03-13_16-43-35.775;;12.389;11.421;16.687;
23175;2017-03-13_16-43-40.786;;12.389;11.421;16.687;
23302;2017-03-13_16-43-45.811;;12.014;11.796;15.437;
23429;2017-03-13_16-43-50.835;;11.639;12.921;16.687;
23556;2017-03-13_16-43-55.860;;11.264;12.546;15.812;
23683;2017-03-13_16-44-01.731;;11.264;12.171;15;
23810;2017-03-13_16-44-06.744;;11.264;12.171;15;
23958;2017-03-13_16-44-11.768;;12.014;12.546;15.812;
24081;2017-03-13_16-44-16.771;;10.889;12.546;16.625;
24211;2017-03-13_16-44-21.775;;7.577;11.046;19.125;
24338;2017-03-13_16-44-26.801;;7.577;11.046;19.125;
24464;2017-03-13_16-44-31.809;;10.889;12.546;20.312;
24591;2017-03-13_16-44-36.853;;11.264;12.171;19.5;
24717;2017-03-13_16-44-42.724;;11.264;11.796;18.25;
24865;2017-03-13_16-44-47.725;;11.264;11.796;18.25;
24993;2017-03-13_16-44-52.758;;10.889;13.296;17.375;
25121;2017-03-13_16-44-57.803;;10.514;13.296;16.125;
25248;2017-03-13_16-45-02.848;;10.514;12.546;14.5;
25376;2017-03-13_16-45-08.723;;10.514;17.359;11.937;
25524;2017-03-13_16-45-13.772;;10.889;11.796;11.937;
25652;2017-03-13_16-45-18.816;;11.639;12.171;14.812;
25779;2017-03-13_16-45-24.743;;11.639;12.171;14.812;
25907;2017-03-13_16-45-29.749;;11.639;10.296;17.75;
26052;2017-03-13_16-45-35.770;;10.889;12.546;18.562;
26207;2017-03-13_16-45-40.779;;10.889;13.671;15.25;
26334;2017-03-13_16-45-45.822;;10.889;13.671;15.25;
26462;2017-03-13_16-45-50.871;;10.889;12.546;16.062;
26589;2017-03-13_16-45-56.726;;10.889;12.546;17.312;
26718;2017-03-13_16-46-01.726;;10.139;11.421;15.25;
26856;2017-03-13_16-46-06.727;;10.139;11.421;15.25;
26990;2017-03-13_16-46-11.763;;12.389;14.796;16;
27117;2017-03-13_16-46-16.809;;18.014;21.859;17.25;
27245;2017-03-13_16-46-22.710;;19.139;22.609;15.187;
27372;2017-03-13_16-46-27.712;;19.139;21.859;15.625;
27519;2017-03-13_16-46-32.719;;18.389;21.859;17.687;
27624;2017-03-13_16-46-37.725;;18.764;22.984;16.812;
27750;2017-03-13_16-46-42.749;;18.014;22.984;20.125;
27888;2017-03-13_16-46-47.750;;18.014;22.984;20.125;
28026;2017-03-13_16-46-52.783;;18.389;23.734;19.312;
28152;2017-03-13_16-46-57.786;;16.889;22.234;15.562;
28280;2017-03-13_16-47-02.815;;6.452;12.171;11;
28407;2017-03-13_16-47-08.721;;7.952;10.671;15.187;
28556;2017-03-13_16-47-13.739;;7.577;11.046;15.562;
28683;2017-03-13_16-47-18.784;;4.202;10.296;16.375;
28811;2017-03-13_16-47-23.829;;4.202;10.296;16.375;
28938;2017-03-13_16-47-29.713;;6.452;10.296;16.375;
29085;2017-03-13_16-47-35.754;;7.577;9.921;19.687;
29240;2017-03-13_16-47-41.710;;6.827;10.671;18;
29369;2017-03-13_16-47-46.721;;6.827;10.671;18;
29516;2017-03-13_16-47-51.734;;7.577;10.671;19.25;
29643;2017-03-13_16-47-56.780;;7.202;11.421;16.375;
29771;2017-03-13_16-48-01.828;;6.452;12.921;13;
29898;2017-03-13_16-48-07.730;;7.577;11.796;20.062;
30047;2017-03-13_16-48-12.751;;7.952;12.171;19.187;
30161;2017-03-13_16-48-17.753;;3.827;10.296;14.25;
30288;2017-03-13_16-48-22.754;;3.827;10.296;14.25;
30416;2017-03-13_16-48-27.755;;7.952;12.921;17.562;
30552;2017-03-13_16-48-32.760;;7.952;12.546;12.562;
30666;2017-03-13_16-48-37.762;;8.327;12.546;14.25;
30803;2017-03-13_16-48-43.732;;7.577;12.171;13;
30954;2017-03-13_16-48-48.733;;8.702;12.921;12.187;
31083;2017-03-13_16-48-53.776;;8.327;12.171;16.687;
31211;2017-03-13_16-48-58.821;;8.327;12.171;16.687;
31338;2017-03-13_16-49-04.712;;6.077;14.046;10.5;
31464;2017-03-13_16-49-09.726;;8.327;12.171;10.125;
31613;2017-03-13_16-49-14.733;;7.952;9.921;15.875;
31740;2017-03-13_16-49-19.780;;7.952;11.796;12.125;
31868;2017-03-13_16-49-24.824;;7.952;11.796;12.125;
31995;2017-03-13_16-49-29.870;;7.577;10.296;18.375;
32122;2017-03-13_16-49-34.877;;8.327;9.921;18.375;
32249;2017-03-13_16-49-39.925;;8.702;9.171;18.375;
32375;2017-03-13_16-49-45.772;;8.327;12.171;13.437;
32524;2017-03-13_16-49-50.790;;7.202;9.921;13.812;
32651;2017-03-13_16-49-55.834;;7.952;10.671;17.562;
32779;2017-03-13_16-50-00.880;;7.952;10.671;17.562;
32906;2017-03-13_16-50-05.926;;7.577;12.921;12.25;
33031;2017-03-13_16-50-11.724;;6.827;12.546;10.25;
33163;2017-03-13_16-50-16.724;;8.702;11.796;15.25;
33307;2017-03-13_16-50-21.779;;7.577;10.671;15.187;
33434;2017-03-13_16-50-26.822;;7.577;10.671;15.187;
33562;2017-03-13_16-50-32.719;;7.952;11.421;15.562;
33699;2017-03-13_16-50-37.720;;8.327;12.921;13.062;
33836;2017-03-13_16-50-42.730;;6.452;11.421;12.625;
33941;2017-03-13_16-50-47.775;;6.452;11.421;12.625;
34091;2017-03-13_16-50-52.822;;9.077;14.046;11;
34219;2017-03-13_16-50-58.736;;8.327;12.546;10.125;
34367;2017-03-13_16-51-03.747;;8.327;13.296;12.187;
34486;2017-03-13_16-51-08.750;;8.702;13.671;10.937;
34600;2017-03-13_16-51-13.759;;8.702;13.671;10.937;
34747;2017-03-13_16-51-18.765;;7.952;15.171;11.75;
34870;2017-03-13_16-51-24.782;;6.452;11.796;13.812;
35026;2017-03-13_16-51-29.805;;6.827;14.421;10.5;
35153;2017-03-13_16-51-35.704;;6.827;14.421;10.5;
35302;2017-03-13_16-51-40.729;;8.327;13.671;13;
35408;2017-03-13_16-51-45.746;;6.827;11.796;16.25;
35555;2017-03-13_16-51-50.763;;7.577;9.921;17.062;
35683;2017-03-13_16-51-55.808;;7.577;9.921;17.062;
35810;2017-03-13_16-52-00.857;;8.702;10.296;15.812;
35936;2017-03-13_16-52-06.719;;7.577;10.671;15.812;
36073;2017-03-13_16-52-11.720;;7.952;11.796;15;
36190;2017-03-13_16-52-16.746;;8.327;12.921;11.687;
36338;2017-03-13_16-52-21.756;;7.952;12.546;12.125;
36466;2017-03-13_16-52-26.801;;9.764;14.046;10.062;
36593;2017-03-13_16-52-31.845;;9.764;14.046;10.062;
36719;2017-03-13_16-52-37.717;;8.702;13.296;10.875;
36869;2017-03-13_16-52-42.771;;6.077;13.671;12.125;
36997;2017-03-13_16-52-47.816;;8.327;12.171;18.75;
37124;2017-03-13_16-52-52.861;;8.327;12.171;18.75;
37252;2017-03-13_16-52-58.730;;7.202;14.421;15;
37399;2017-03-13_16-53-04.731;;8.327;15.546;12.937;
37552;2017-03-13_16-53-09.765;;7.577;13.296;12.5;
37678;2017-03-13_16-53-14.791;;7.577;13.296;12.5;
37806;2017-03-13_16-53-19.838;;8.327;14.046;12.062;
37933;2017-03-13_16-53-25.720;;7.202;13.296;13.75;
38063;2017-03-13_16-53-30.721;;7.202;13.296;13.75;
38185;2017-03-13_16-53-35.723;;8.702;9.921;15.375;
38334;2017-03-13_16-53-40.738;;8.702;9.921;15.375;
38461;2017-03-13_16-53-45.783;;7.577;11.421;13.687;
38589;2017-03-13_16-53-50.831;;7.577;11.421;13.687;
38716;2017-03-13_16-53-56.750;;6.452;11.796;13.25;
38865;2017-03-13_16-54-01.758;;7.577;12.546;14.062;
38992;2017-03-13_16-54-06.764;;8.327;12.921;14.937;
39118;2017-03-13_16-54-11.791;;8.327;12.921;14.937;
39246;2017-03-13_16-54-16.818;;8.702;16.296;19.062;
39372;2017-03-13_16-54-21.843;;9.452;14.046;20.75;
39496;2017-03-13_16-54-27.779;;9.077;15.546;17.875;
39649;2017-03-13_16-54-32.811;;8.327;13.296;25.312;
39777;2017-03-13_16-54-37.856;;7.952;12.546;24.937;
39904;2017-03-13_16-54-43.736;;7.202;14.046;19.125;
40030;2017-03-13_16-54-48.753;;7.202;14.046;19.125;
40179;2017-03-13_16-54-53.775;;7.952;12.921;22.375;
40306;2017-03-13_16-54-58.817;;9.452;15.921;19.062;
40428;2017-03-13_16-55-04.750;;8.702;14.796;20.75;
40565;2017-03-13_16-55-09.751;;9.452;14.796;19.062;
40710;2017-03-13_16-55-14.790;;9.452;14.796;19.062;
40837;2017-03-13_16-55-19.802;;8.702;15.921;20.687;
40964;2017-03-13_16-55-24.825;;9.077;14.796;19.437;
41091;2017-03-13_16-55-29.851;;7.202;15.546;16.937;
41218;2017-03-13_16-55-35.730;;7.202;15.546;16.937;
41366;2017-03-13_16-55-40.738;;9.452;16.296;16.562;
41493;2017-03-13_16-55-45.763;;8.702;15.171;18.187;
41620;2017-03-13_16-55-50.792;;10.139;15.546;14.437;
41747;2017-03-13_16-55-55.818;;10.139;15.546;14.437;
41874;2017-03-13_16-56-00.848;;9.452;14.046;17.375;
42001;2017-03-13_16-56-05.874;;8.327;12.921;20.625;
42127;2017-03-13_16-56-11.721;;8.702;11.421;24.375;
42253;2017-03-13_16-56-16.723;;8.702;11.421;24.375;
42402;2017-03-13_16-56-21.750;;7.952;12.921;26.437;
42529;2017-03-13_16-56-26.776;;8.327;13.296;21;
42656;2017-03-13_16-56-31.803;;9.764;13.296;21.062;
42783;2017-03-13_16-56-37.703;;9.077;15.171;22.687;
42932;2017-03-13_16-56-42.728;;7.202;14.421;20.25;
43059;2017-03-13_16-56-47.756;;8.702;17.046;17.75;
43186;2017-03-13_16-56-52.784;;8.702;17.046;17.75;
43313;2017-03-13_16-56-57.810;;9.452;16.296;18.562;
43440;2017-03-13_16-57-02.856;;7.952;14.796;17.25;
43567;2017-03-13_16-57-08.732;;9.764;12.921;21.437;
43716;2017-03-13_16-57-13.784;;9.764;12.921;21.437;
43843;2017-03-13_16-57-18.829;;9.077;14.796;19.375;
43966;2017-03-13_16-57-24.791;;9.077;13.296;21.437;
44121;2017-03-13_16-57-29.817;;8.327;14.046;18.125;
44248;2017-03-13_16-57-35.740;;9.764;13.296;20.187;
44397;2017-03-13_16-57-40.742;;9.077;14.421;20.125;
44524;2017-03-13_16-57-45.791;;7.577;8.796;21.812;
44652;2017-03-13_16-57-51.722;;7.577;8.796;21.812;
44795;2017-03-13_16-57-56.723;;9.077;14.046;17.25;
44928;2017-03-13_16-58-01.766;;9.452;13.671;19.312;
45055;2017-03-13_16-58-06.813;;7.577;13.671;20.937;
45183;2017-03-13_16-58-12.719;;9.077;15.921;20.562;
45318;2017-03-13_16-58-17.719;;9.077;15.921;20.562;
45457;2017-03-13_16-58-22.729;;9.077;14.421;21.375;
45585;2017-03-13_16-58-27.774;;9.452;15.171;20.562;
45712;2017-03-13_16-58-32.821;;9.077;15.171;23;
45840;2017-03-13_16-58-38.708;;9.077;15.171;23;
45988;2017-03-13_16-58-43.760;;8.327;13.296;20.125;
46116;2017-03-13_16-58-48.796;;9.077;14.046;21.937;
46242;2017-03-13_16-58-53.805;;9.077;13.296;20.375;
46369;2017-03-13_16-58-58.836;;8.327;12.546;21.687;
46497;2017-03-13_16-59-03.878;;9.077;12.546;19.312;
46624;2017-03-13_16-59-08.923;;8.702;11.046;23.937;
46752;2017-03-13_16-59-13.970;;9.077;11.046;24.812;
46879;2017-03-13_16-59-19.015;;8.702;14.046;22.375;
47007;2017-03-13_16-59-24.061;;9.452;12.171;22.5;
47134;2017-03-13_16-59-29.124;;9.452;12.921;20.875;
47262;2017-03-13_16-59-34.149;;8.327;11.046;21.687;
47389;2017-03-13_16-59-39.192;;9.077;11.796;21.312;
47517;2017-03-13_16-59-44.239;;8.702;12.921;23.875;
47644;2017-03-13_16-59-49.283;;7.577;11.421;21.812;
47772;2017-03-13_16-59-54.326;;9.077;13.296;21.75;
47899;2017-03-13_16-59-59.374;;9.077;11.046;22.312;
48027;2017-03-13_17-00-04.414;;8.327;11.796;22.75;
48154;2017-03-13_17-00-09.457;;7.577;11.421;20.687;
48282;2017-03-13_17-00-14.500;;9.077;13.296;19.875;
48409;2017-03-13_17-00-19.560;;9.077;15.109;18.687;
48537;2017-03-13_17-00-24.586;;8.327;13.984;18.687;
48664;2017-03-13_17-00-29.631;;8.327;13.296;19.062;
48792;2017-03-13_17-00-34.684;;9.077;13.296;19.125;
48919;2017-03-13_17-00-39.721;;7.202;12.921;17.875;
49047;2017-03-13_17-00-44.766;;9.452;11.421;18.75;
49174;2017-03-13_17-00-49.802;;9.452;10.671;19.625;
49302;2017-03-13_17-00-54.844;;9.452;11.796;20;
49429;2017-03-13_17-01-00.227;;9.077;12.171;19.937;
49565;2017-03-13_17-01-05.228;;8.327;11.046;25.25;
49681;2017-03-13_17-01-10.707;;8.327;11.046;25.25;
49811;2017-03-13_17-01-15.708;;9.452;14.421;20.187;
49935;2017-03-13_17-01-20.749;;9.452;14.421;20.187;
50072;2017-03-13_17-01-25.750;;9.452;12.546;22.562;
50209;2017-03-13_17-01-30.751;;9.764;12.921;22.562;
50337;2017-03-13_17-01-35.785;;21.014;-2.391;12.125;
50464;2017-03-13_17-01-40.809;;21.327;-0.141;9.187;
50591;2017-03-13_17-01-45.854;;8.327;0.609;21.312;
50719;2017-03-13_17-01-50.901;;7.952;0.234;18.5;
50846;2017-03-13_17-01-55.940;;8.702;0.609;17.687;
50974;2017-03-13_17-02-00.992;;7.952;0.984;18.625;
51101;2017-03-13_17-02-06.027;;8.702;2.046;17.812;
51229;2017-03-13_17-02-11.072;;7.577;1.296;18.75;
51356;2017-03-13_17-02-16.115;;7.577;-0.516;20.437;
51484;2017-03-13_17-02-21.158;;8.702;1.296;18.812;
51611;2017-03-13_17-02-26.235;;7.952;1.296;18.812;
51739;2017-03-13_17-02-31.241;;8.327;2.046;15.062;
51866;2017-03-13_17-02-36.284;;8.327;0.546;18.062;
51994;2017-03-13_17-02-41.327;;7.202;-0.954;19.75;
52121;2017-03-13_17-02-46.366;;8.327;1.296;16.812;
52247;2017-03-13_17-02-51.374;;8.327;3.171;15.187;
52375;2017-03-13_17-02-56.400;;9.077;2.421;14.812;
52502;2017-03-13_17-03-01.431;;12.014;-5.766;21.937;
52630;2017-03-13_17-03-06.471;;13.889;-5.391;24.562;
52758;2017-03-13_17-03-11.513;;-2.396;-34.521;7.953;
52883;2017-03-13_17-03-16.578;;-1.646;-33.771;5.39;
53012;2017-03-13_17-03-21.590;;-4.958;-32.646;1.578;
53122;2017-03-13_17-03-26.747;;-1.646;-33.771;7.703;
53247;2017-03-13_17-03-31.749;;-1.646;-33.771;7.703;
53396;2017-03-13_17-03-36.775;;-2.396;-32.959;4.265;
53524;2017-03-13_17-03-41.817;;-1.646;-33.709;6.765;
53648;2017-03-13_17-03-46.836;;-18.396;20.791;15.078;
53778;2017-03-13_17-03-51.863;;12.542;48.729;25.578;
53905;2017-03-13_17-03-56.902;;12.542;44.666;26.89;
54033;2017-03-13_17-04-01.943;;14.417;41.666;31.578;
54157;2017-03-13_17-04-07.712;;19.667;42.791;26.953;
54285;2017-03-13_17-04-12.720;;19.667;42.791;26.953;
54415;2017-03-13_17-04-17.719;;20.042;46.166;25.578;
54559;2017-03-13_17-04-22.727;;22.979;46.166;25.14;
54686;2017-03-13_17-04-27.748;;18.917;44.666;25.953;
54813;2017-03-13_17-04-32.772;;18.917;44.666;25.953;
54940;2017-03-13_17-04-37.795;;-1.646;39.791;26.703;
55067;2017-03-13_17-04-42.817;;-6.083;38.666;24.14;
55191;2017-03-13_17-04-47.818;;-5.708;40.166;26.265;
55320;2017-03-13_17-04-52.824;;-6.458;38.291;27.015;
55447;2017-03-13_17-04-57.848;;-3.896;39.791;29.953;
55573;2017-03-13_17-05-03.147;;-3.896;39.791;29.953;
55701;2017-03-13_17-05-08.729;;-4.958;39.791;29.078;
55849;2017-03-13_17-05-13.748;;-4.958;39.791;29.078;
55963;2017-03-13_17-05-18.749;;2.104;52.104;27.765;
56102;2017-03-13_17-05-23.760;;2.104;52.104;27.765;
56208;2017-03-13_17-05-28.765;;17.792;46.479;-6.86;
56355;2017-03-13_17-05-33.805;;17.792;46.479;-6.86;
56483;2017-03-13_17-05-38.828;;8.042;30.854;30.703;
56617;2017-03-13_17-05-43.833;;9.167;40.541;37.265;
56869;2017-03-13_17-05-48.840;;10.667;50.979;24.265;
57121;2017-03-13_17-05-53.842;;28.604;52.479;10.453;
57373;2017-03-13_17-05-58.846;;17.792;55.104;20.89;
57625;2017-03-13_17-06-03.849;;7.941;-9.529;-20.41;
57877;2017-03-13_17-06-08.852;;1.628;-11.779;4.277;
58129;2017-03-13_17-06-13.854;;0.128;-13.654;6.402;
58381;2017-03-13_17-06-18.857;;-27.497;-21.154;-8.723;
58633;2017-03-13_17-06-23.861;;-23.372;-23.717;-1.223;
58885;2017-03-13_17-06-28.864;;-2.872;-29.717;-20.473;
59137;2017-03-13_17-06-33.867;;-2.497;-29.717;-19.66;
59390;2017-03-13_17-06-38.889;;-4.747;-34.529;-15.91;
59642;2017-03-13_17-06-43.893;;0.503;-18.529;-8.785;
59894;2017-03-13_17-06-48.895;;-15.184;-34.529;-16.723;
60146;2017-03-13_17-06-53.899;;-12.559;-34.217;-22.973;
60398;2017-03-13_17-06-58.902;;-14.059;-33.092;-18.785;
60650;2017-03-13_17-07-03.905;;-12.934;-34.529;-18.848;
60902;2017-03-13_17-07-08.907;;-5.122;-36.404;-12.973;
61154;2017-03-13_17-07-13.910;;-9.247;-24.092;-26.223;
61406;2017-03-13_17-07-18.914;;-11.809;-33.842;-11.973;
61658;2017-03-13_17-07-23.917;;-11.059;-33.467;-13.16;
61910;2017-03-13_17-07-28.919;;-8.122;-35.654;-14.848;
62162;2017-03-13_17-07-33.922;;-7.747;-33.842;-14.848;
62414;2017-03-13_17-07-38.926;;-9.247;-33.092;-16.535;
62666;2017-03-13_17-07-43.927;;-10.309;-32.717;-27.035;
62918;2017-03-13_17-07-48.932;;-7.747;-35.279;-28.285;
63197;2017-03-13_17-07-53.949;;2.753;-25.967;-37.41;
63449;2017-03-13_17-07-58.952;;3.878;-5.029;-22.16;
63701;2017-03-13_17-08-03.955;;-3.247;-6.154;-22.973;
63953;2017-03-13_17-08-08.959;;-9.934;-8.029;-43.16;
64205;2017-03-13_17-08-13.960;;-33.122;-4.279;-46.098;
64457;2017-03-13_17-08-18.965;;-41.309;11.346;-25.535;
64709;2017-03-13_17-08-23.969;;-56.997;-2.842;-7.035;
64962;2017-03-13_17-08-28.990;;-48.434;-19.967;-53.723;
65214;2017-03-13_17-08-33.992;;-62.622;-13.654;-46.973;
65466;2017-03-13_17-08-38.998;;4.055;17.413;18.35;
65718;2017-03-13_17-08-44.000;;6.68;8.038;12.475;
65970;2017-03-13_17-08-49.004;;-30.04;20.368;-2.058;
66222;2017-03-13_17-08-54.012;;-34.165;29.681;-41.995;
66475;2017-03-13_17-08-59.028;;4.672;23.862;19.018;
66727;2017-03-13_17-09-04.034;;16.61;27.612;3.08;
66979;2017-03-13_17-09-09.037;;4.27;22.558;18.026;
67231;2017-03-13_17-09-14.039;;22.207;38.245;-3.411;
67483;2017-03-13_17-09-19.044;;-25.857;14.708;16.19;
67736;2017-03-13_17-09-24.065;;-3.482;9.521;13.565;
67988;2017-03-13_17-09-29.069;;-14.669;0.208;4.44;
68240;2017-03-13_17-09-34.070;;-19.919;-12.479;-6.873;
68492;2017-03-13_17-09-39.074;;-15.044;-37.917;1.94;
68744;2017-03-13_17-09-44.077;;8.456;-24.479;-2.31;
68996;2017-03-13_17-09-49.080;;9.956;-21.479;8.94;
69248;2017-03-13_17-09-54.084;;7.331;-13.292;13.502;
69500;2017-03-13_17-09-59.087;;6.643;-12.542;14.69;
69752;2017-03-13_17-10-04.088;;6.643;-3.167;20.127;
70004;2017-03-13_17-10-09.091;;15.581;2.396;18.94;
70256;2017-03-13_17-10-14.095;;32.331;11.333;31.815;
70508;2017-03-13_17-10-19.100;;7.393;1.271;15.815;
70760;2017-03-13_17-10-24.102;;-7.169;-7.667;19.127;
71012;2017-03-13_17-10-29.106;;-9.794;-19.229;0.752;
71264;2017-03-13_17-10-34.110;;-7.544;-13.667;-7.56;
71517;2017-03-13_17-10-39.129;;-18.732;-10.667;-2.123;
71738;2017-03-13_17-10-44.155;;-2.357;2.021;-11.06;
71845;2017-03-13_17-10-49.233;;-9.044;1.646;0.565;
71992;2017-03-13_17-10-54.238;;-24.669;-14.417;5.502;
72100;2017-03-13_17-10-59.275;;-24.669;-14.417;5.502;
72245;2017-03-13_17-11-04.285;;-17.232;-21.104;18.752;
72371;2017-03-13_17-11-09.286;;6.643;-17.792;26.127;
72497;2017-03-13_17-11-14.290;;10.706;-37.542;28.627;
72623;2017-03-13_17-11-19.292;;-0.794;-44.979;25.627;
72744;2017-03-13_17-11-25.255;;-0.794;-44.979;25.627;
72897;2017-03-13_17-11-30.506;;34.324;10.868;15.655;
73028;2017-03-13_17-11-35.625;;28.324;-7.757;-23.845;
73161;2017-03-13_17-11-40.653;;17.574;19.431;-18.032;
73287;2017-03-13_17-11-45.655;;9.324;28.806;-8.032;
73406;2017-03-13_17-11-51.202;;0.011;15.368;3.218;
73532;2017-03-13_17-11-56.206;;7.511;33.243;11.093;
73658;2017-03-13_17-12-01.232;;9.699;10.868;1.905;
73806;2017-03-13_17-12-06.236;;9.699;10.868;1.905;
73933;2017-03-13_17-12-11.259;;10.449;13.493;0.718;
74042;2017-03-13_17-12-16.275;;7.22;30.159;6.32;
74187;2017-03-13_17-12-22.187;;37.243;-18.165;13.424;
74336;2017-03-13_17-12-27.213;;-7.472;5.482;0.679;
74463;2017-03-13_17-12-32.241;;13.183;9.964;-3.455;
74590;2017-03-13_17-12-37.268;;0.015;7.247;-21.274;
74717;2017-03-13_17-12-42.295;;-40.235;-17.69;20.039;
74844;2017-03-13_17-12-47.324;;14.394;-30.116;-5.202;
74971;2017-03-13_17-12-52.351;;-8.923;-7.889;-21.014;
75097;2017-03-13_17-12-58.192;;19.672;8.654;-9.641;
75227;2017-03-13_17-13-03.224;;19.672;8.654;-9.641;
75372;2017-03-13_17-13-08.227;;11.573;-9.819;4.303;
75499;2017-03-13_17-13-13.255;;10.424;29.931;-18.297;
75626;2017-03-13_17-13-18.281;;10.424;29.931;-18.297;
75753;2017-03-13_17-13-24.074;;-11.048;1.495;12.898;
75898;2017-03-13_17-13-29.087;;-46.062;80.869;-42.199;
76026;2017-03-13_17-13-34.136;;-5.647;15.686;2.759;
76133;2017-03-13_17-13-39.196;;16.657;-0.378;29.798;
76266;2017-03-13_17-13-44.197;;16.657;-0.378;29.798;
76408;2017-03-13_17-13-49.236;;4.022;-17.284;-12.187;
76535;2017-03-13_17-13-54.262;;-24.249;11.089;10.372;
76662;2017-03-13_17-13-59.287;;-16.544;-26.481;17.833;
76789;2017-03-13_17-14-04.315;;-17.316;-6.544;18.401;
76916;2017-03-13_17-14-09.341;;-72.659;41.503;-24.159;
77043;2017-03-13_17-14-15.192;;-21.395;-14.93;15.509;
77174;2017-03-13_17-14-20.261;;-4.899;35.186;-20.832;
77319;2017-03-13_17-14-26.191;;-4.899;35.186;-20.832;
77469;2017-03-13_17-14-31.621;;-17.212;18.748;-0.144;
77599;2017-03-13_17-14-37.188;;-25.399;25.873;-31.707;
77729;2017-03-13_17-14-42.206;;-25.399;25.873;-31.707;
77873;2017-03-13_17-14-47.220;;-19.837;49.311;-11.457;
78000;2017-03-13_17-14-52.246;;-12.024;27.686;-22.082;
78127;2017-03-13_17-14-57.273;;-25.774;3.498;0.731;
78254;2017-03-13_17-15-02.302;;8.04;-17.931;-2.492;
78381;2017-03-13_17-15-07.325;;-0.523;35.381;-8.679;
78508;2017-03-13_17-15-12.354;;27.477;9.631;-1.679;
78635;2017-03-13_17-15-17.380;;-25.835;84.569;-2.867;
78762;2017-03-13_17-15-22.404;;-23.96;66.694;-19.367;
78889;2017-03-13_17-15-28.189;;2.851;9.439;10.401;
79021;2017-03-13_17-15-33.233;;27.255;-0.832;17.197;
79163;2017-03-13_17-15-38.272;;27.255;-0.832;17.197;
79271;2017-03-13_17-15-43.283;;9.718;32.044;-14.691;
79416;2017-03-13_17-15-48.287;;9.718;32.044;-14.691;
79543;2017-03-13_17-15-53.314;;39.738;-15.942;-9.066;
79670;2017-03-13_17-15-58.612;;49.8;-9.567;-12.441;
79804;2017-03-13_17-16-03.642;;28.925;-52.817;11.622;
79931;2017-03-13_17-16-08.667;;-23.831;-15.8;4.25;
80058;2017-03-13_17-16-13.697;;-6.226;0.478;-18.807;
80176;2017-03-13_17-16-19.184;;20.086;6.226;-31.987;
80324;2017-03-13_17-16-24.223;;17.836;13.664;-14.112;
80451;2017-03-13_17-16-29.248;;42.086;-47.836;-40.237;
80578;2017-03-13_17-16-34.279;;24.211;-2.711;-23.675;
80705;2017-03-13_17-16-39.299;;17.086;26.351;-26.175;
80831;2017-03-13_17-16-44.326;;16.336;30.414;-27.862;
80959;2017-03-13_17-16-49.350;;-14.602;22.976;12.388;
81085;2017-03-13_17-16-55.199;;-14.602;22.976;12.388;
81229;2017-03-13_17-17-00.200;;-3.52;10.22;-13.884;
81342;2017-03-13_17-17-05.248;;-24.332;0.157;-23.384;
81487;2017-03-13_17-17-10.248;;45.892;-16.956;5.965;
81614;2017-03-13_17-17-15.272;;66.895;42.591;-41.953;
81741;2017-03-13_17-17-20.299;;34.56;-1.422;-12.882;
81868;2017-03-13_17-17-25.327;;-22.815;58.953;36.93;
81995;2017-03-13_17-17-30.354;;-45.565;50.765;-32.257;
82118;2017-03-13_17-17-36.233;;-51.606;21.076;-10.451;
82270;2017-03-13_17-17-41.233;;-59.044;-15.424;4.049;
82397;2017-03-13_17-17-46.261;;-44.481;-25.861;48.112;
82524;2017-03-13_17-17-51.285;;-59.794;-35.924;32.737;
82651;2017-03-13_17-17-56.309;;-77.294;-21.049;38.112;
82778;2017-03-13_17-18-01.337;;-77.294;-21.049;38.112;
82905;2017-03-13_17-18-06.362;;31.356;-61.343;9.616;
83031;2017-03-13_17-18-11.390;;37.293;-81.093;-17.322;
83158;2017-03-13_17-18-16.392;;-1.082;-8.781;-9.447;
83283;2017-03-13_17-18-21.567;;26.188;-71.103;-39.196;
83416;2017-03-13_17-18-26.625;;27.313;-64.416;-57.446;
83544;2017-03-13_17-18-31.671;;9.863;20.491;36.595;
83671;2017-03-13_17-18-36.716;;-2.824;12.679;32.407;
83778;2017-03-13_17-18-41.760;;11.738;7.429;49.532;
83905;2017-03-13_17-18-46.766;;22.238;24.179;51.532;
84032;2017-03-13_17-18-51.790;;-24.076;3.937;-17.202;
84159;2017-03-13_17-18-56.833;;-16.264;22.187;-12.327;
84286;2017-03-13_17-19-01.877;;-19.951;73.312;-8.264;
84405;2017-03-13_17-19-07.063;;-5.076;67;3.798;
84545;2017-03-13_17-19-12.082;;-31.576;35.25;-5.077;
84672;2017-03-13_17-19-17.107;;-20.389;25.562;-0.202;
84798;2017-03-13_17-19-22.110;;-20.389;25.562;-0.202;
84925;2017-03-13_17-19-27.117;;-85.103;80.721;-33.371;
85052;2017-03-13_17-19-32.145;;-15.027;7.568;-32.124;
85179;2017-03-13_17-19-37.166;;3.04;6.74;42.097;
85306;2017-03-13_17-19-42.191;;-4.022;2.24;36.722;
85433;2017-03-13_17-19-47.233;;1.603;-13.072;39.035;
85560;2017-03-13_17-19-52.279;;13.478;-14.947;49.66;
85688;2017-03-13_17-19-57.303;;11.665;11.178;50.097;
85815;2017-03-13_17-20-02.326;;-26.022;70.865;-31.028;
85942;2017-03-13_17-20-07.367;;-15.121;-26.302;18.03;
86068;2017-03-13_17-20-12.561;;-119.246;2.448;102.28;
86200;2017-03-13_17-20-17.572;;-15.125;-2.326;-22.406;
86326;2017-03-13_17-20-22.589;;-32.687;-39.013;-1.281;
86453;2017-03-13_17-20-27.632;;39.125;50.737;77.594;
86581;2017-03-13_17-20-32.670;;21.938;24.549;107.782;
86708;2017-03-13_17-20-37.704;;34.25;-13.576;21.719;
86836;2017-03-13_17-20-42.743;;-83.125;-22.138;-22.406;
86963;2017-03-13_17-20-47.784;;5.063;13.049;-24.468;
87091;2017-03-13_17-20-52.823;;-5;14.174;36.657;
87218;2017-03-13_17-20-57.865;;-26.687;10.049;22.282;
87346;2017-03-13_17-21-02.903;;-35.25;26.487;58.532;
87473;2017-03-13_17-21-07.944;;14.438;23.924;76.157;
87601;2017-03-13_17-21-12.985;;20.375;35.112;83.219;
87728;2017-03-13_17-21-18.028;;2.813;6.362;85.282;
87856;2017-03-13_17-21-23.069;;18.125;40.362;85.657;
87983;2017-03-13_17-21-28.111;;4.263;-24.992;3.669;
88111;2017-03-13_17-21-33.154;;-18.175;-28.742;14.294;
88238;2017-03-13_17-21-38.203;;-28.987;-29.117;1.419;
