--- LOG START  --- 
138435;2017-03-08_11-15-30.005;;40.752977;-73.993066;34.0;20.0;-6.664;-3.13;19.158;
138556;2017-03-08_11-15-34.796;;40.752977;-73.993066;34.0;26.0;-6.289;-6.505;20.095;
138621;2017-03-08_11-15-37.346;;40.752977;-73.993066;34.0;26.0;-6.289;-6.505;20.095;
138685;2017-03-08_11-15-39.905;;40.752975;-73.993060;34.0;23.0;-8.164;-5.005;18.845;
138750;2017-03-08_11-15-42.444;;40.752975;-73.993060;34.0;23.0;-8.164;-5.005;18.845;
138814;2017-03-08_11-15-44.955;;40.752975;-73.993059;34.0;28.0;-9.664;2.495;-13.842;
138877;2017-03-08_11-15-47.463;;40.752975;-73.993058;34.0;31.0;-8.539;2.12;-12.967;
138941;2017-03-08_11-15-50.012;;40.752975;-73.993058;34.0;31.0;-8.539;2.12;-12.967;
139006;2017-03-08_11-15-52.564;;40.752975;-73.993058;34.0;35.0;-7.039;2.87;-11.217;
139070;2017-03-08_11-15-55.111;;40.752975;-73.993058;34.0;43.0;-7.039;2.12;-8.717;
139135;2017-03-08_11-15-57.671;;40.752975;-73.993058;34.0;43.0;-7.039;2.12;-8.717;
139199;2017-03-08_11-16-00.205;;40.752975;-73.993058;34.0;31.0;-5.539;2.12;-9.53;
139264;2017-03-08_11-16-02.756;;40.752975;-73.993058;34.0;31.0;-5.539;2.12;-9.53;
139328;2017-03-08_11-16-05.302;;40.752975;-73.993058;34.0;29.0;-5.539;2.495;-10.405;
139391;2017-03-08_11-16-07.809;;40.752975;-73.993058;34.0;30.0;-7.789;2.87;-11.655;
139456;2017-03-08_11-16-10.340;;40.752975;-73.993058;34.0;30.0;-7.789;2.87;-11.655;
139520;2017-03-08_11-16-12.891;;40.752975;-73.993058;34.0;39.0;-8.914;2.495;-12.092;
139585;2017-03-08_11-16-15.449;;40.752975;-73.993058;34.0;33.0;-8.164;2.12;-12.092;
139649;2017-03-08_11-16-17.985;;40.752975;-73.993058;34.0;33.0;-8.164;2.12;-12.092;
139714;2017-03-08_11-16-20.555;;40.752974;-73.993058;34.0;25.0;-5.914;1.745;-10.842;
139778;2017-03-08_11-16-23.087;;40.752973;-73.993056;35.0;19.0;-5.164;-15.817;25.783;
139843;2017-03-08_11-16-25.630;;40.752973;-73.993056;35.0;19.0;-5.164;-15.817;25.783;
139906;2017-03-08_11-16-28.133;;40.752973;-73.993053;35.0;22.0;-6.289;-16.192;25.408;
139970;2017-03-08_11-16-30.670;;40.752973;-73.993053;35.0;22.0;-6.289;-16.192;25.408;
140035;2017-03-08_11-16-33.217;;40.752972;-73.993053;35.0;29.0;-9.289;-14.005;24.158;
140098;2017-03-08_11-16-35.725;;40.752973;-73.993053;35.0;52.0;-7.414;-13.255;21.595;
140162;2017-03-08_11-16-38.256;;40.752973;-73.993053;35.0;52.0;-7.414;-13.255;21.595;
140227;2017-03-08_11-16-40.817;;40.752971;-73.993050;35.0;77.0;-7.789;-9.88;20.408;
140291;2017-03-08_11-16-43.355;;40.752971;-73.993048;35.0;49.0;-9.664;-11.38;22.095;
140356;2017-03-08_11-16-45.898;;40.752971;-73.993048;35.0;49.0;-9.664;-11.38;22.095;
140419;2017-03-08_11-16-48.402;;40.752971;-73.993047;35.0;71.0;-7.789;-15.505;25.095;
140483;2017-03-08_11-16-50.941;;40.752971;-73.993047;35.0;108.0;-8.539;-16.63;28.095;
140548;2017-03-08_11-16-53.489;;40.752971;-73.993047;35.0;108.0;-8.539;-16.63;28.095;
140612;2017-03-08_11-16-56.034;;40.752971;-73.993047;35.0;39.0;7.961;0.245;19.158;
140677;2017-03-08_11-16-58.576;;40.752971;-73.993047;35.0;39.0;7.961;0.245;19.158;
140741;2017-03-08_11-17-01.127;;40.752971;-73.993047;35.0;35.0;-11.539;8.495;19.97;
140806;2017-03-08_11-17-03.672;;40.752969;-73.993044;35.0;24.0;-3.664;-18.442;20.783;
140870;2017-03-08_11-17-06.222;;40.752969;-73.993044;35.0;24.0;-3.664;-18.442;20.783;
140933;2017-03-08_11-17-08.728;;40.752969;-73.993042;35.0;18.0;22.149;-10.63;48.908;
140998;2017-03-08_11-17-11.261;;40.752969;-73.993042;35.0;14.0;-7.789;-7.63;18.595;
141062;2017-03-08_11-17-13.814;;40.752969;-73.993042;35.0;14.0;-7.789;-7.63;18.595;
141127;2017-03-08_11-17-16.357;;40.752969;-73.993042;35.0;16.0;-8.539;-10.63;21.095;
141190;2017-03-08_11-17-18.842;;40.752969;-73.993042;35.0;16.0;-8.539;-10.63;21.095;
141254;2017-03-08_11-17-21.412;;40.752909;-73.992874;0.0;20.0;20.649;-9.13;33.783;
141319;2017-03-08_11-17-23.946;;40.752967;-73.993038;35.0;26.0;-25.351;8.495;50.72;
141383;2017-03-08_11-17-26.452;;40.752967;-73.993038;35.0;26.0;-25.351;8.495;50.72;
141447;2017-03-08_11-17-28.978;;40.752967;-73.993038;35.0;17.0;0.086;3.62;71.033;
141502;2017-03-08_11-17-32.150;;40.752967;-73.993038;35.0;17.0;0.086;3.62;71.033;
141591;2017-03-08_11-17-34.713;;40.752967;-73.993038;35.0;12.0;-12.289;-9.442;19.658;
141656;2017-03-08_11-17-37.258;;40.752967;-73.993038;35.0;13.0;-8.164;-10.942;20.533;
141720;2017-03-08_11-17-39.827;;40.752967;-73.993038;35.0;13.0;-8.164;-10.942;20.533;
141785;2017-03-08_11-17-42.370;;40.752965;-73.993033;36.0;16.0;-10.414;-9.13;20.595;
141849;2017-03-08_11-17-44.930;;40.752965;-73.993033;36.0;16.0;-10.414;-9.13;20.595;
