--- LOG START  --- 
256;2017-03-13_22-37-38.521;;-0.103;0.031;9.894;
511;2017-03-13_22-37-43.568;;-0.122;0.043;9.935;
766;2017-03-13_22-37-48.614;;-0.139;0.034;9.923;
1021;2017-03-13_22-37-53.662;;-0.125;0.06;9.923;
1276;2017-03-13_22-37-58.706;;-0.134;0.048;9.918;
1531;2017-03-13_22-38-03.750;;-0.127;0.057;9.918;
1786;2017-03-13_22-38-08.800;;-0.139;0.041;9.903;
2041;2017-03-13_22-38-13.842;;-0.146;0.05;9.901;
2296;2017-03-13_22-38-18.890;;-0.144;0.05;9.913;
2551;2017-03-13_22-38-23.935;;-0.148;0.055;9.889;
2806;2017-03-13_22-38-28.982;;-0.137;0.046;9.911;
3061;2017-03-13_22-38-34.038;;-0.148;0.038;9.918;
3316;2017-03-13_22-38-39.078;;-0.148;0.038;9.899;
3570;2017-03-13_22-38-44.078;;-0.148;0.031;9.901;
3823;2017-03-13_22-38-49.116;;-0.148;0.024;9.896;
4077;2017-03-13_22-38-54.117;;-0.144;0.038;9.887;
4330;2017-03-13_22-38-59.156;;-0.146;0.034;9.889;
4585;2017-03-13_22-39-04.207;;-0.153;0.034;9.879;
4840;2017-03-13_22-39-09.255;;-0.151;0.036;9.887;
5095;2017-03-13_22-39-14.306;;-0.165;0.024;9.894;
5350;2017-03-13_22-39-19.356;;-0.148;0.031;9.899;
5605;2017-03-13_22-39-24.406;;-0.16;0.024;9.901;
5860;2017-03-13_22-39-29.455;;-0.16;0.031;9.887;
6115;2017-03-13_22-39-34.507;;-0.16;0.026;9.896;
6370;2017-03-13_22-39-39.555;;-0.165;0.026;9.903;
6610;2017-03-13_22-39-45.112;;-0.144;0.026;9.887;
6904;2017-03-13_22-39-50.133;;-0.153;-0.022;9.853;
7159;2017-03-13_22-39-55.186;;-0.153;-0.022;9.853;
7414;2017-03-13_22-40-00.235;;-0.184;0.022;9.884;
7666;2017-03-13_22-40-06.096;;-0.168;0.029;9.899;
7951;2017-03-13_22-40-11.100;;-0.168;0.029;9.899;
8215;2017-03-13_22-40-16.107;;-0.165;0.022;9.894;
8434;2017-03-13_22-40-21.151;;-0.168;0.024;9.867;
8722;2017-03-13_22-40-26.151;;-0.168;0.017;9.891;
8977;2017-03-13_22-40-31.198;;-0.168;0.012;9.894;
9229;2017-03-13_22-40-37.114;;-0.137;0.038;9.879;
9493;2017-03-13_22-40-42.163;;-0.163;0.014;9.877;
9772;2017-03-13_22-40-47.168;;-0.17;0.024;9.867;
10016;2017-03-13_22-40-52.164;;-0.17;0.024;9.867;
10288;2017-03-13_22-40-57.447;;-0.153;-0.017;9.865;
10546;2017-03-13_22-41-03.095;;-0.046;0.199;9.935;
10841;2017-03-13_22-41-08.136;;-0.699;4.531;8.519;
11096;2017-03-13_22-41-13.185;;-0.206;0.093;9.908;
11351;2017-03-13_22-41-18.240;;-0.187;0.101;9.894;
11606;2017-03-13_22-41-23.291;;-0.184;0.108;9.887;
11861;2017-03-13_22-41-28.342;;-0.194;0.105;9.879;
12116;2017-03-13_22-41-33.397;;-0.182;0.108;9.901;
12371;2017-03-13_22-41-38.449;;-0.204;0.103;9.87;
12626;2017-03-13_22-41-43.497;;-0.218;0.101;9.882;
12881;2017-03-13_22-41-48.548;;-0.199;0.12;9.891;
13136;2017-03-13_22-41-53.601;;-0.192;0.108;9.891;
13390;2017-03-13_22-41-58.602;;-0.199;0.113;9.896;
13643;2017-03-13_22-42-03.648;;-0.194;0.103;9.863;
13898;2017-03-13_22-42-08.698;;-0.22;0.103;9.877;
14153;2017-03-13_22-42-13.752;;-0.206;0.105;9.901;
14408;2017-03-13_22-42-18.806;;-0.206;0.105;9.891;
14663;2017-03-13_22-42-23.861;;-0.213;0.098;9.887;
14918;2017-03-13_22-42-28.909;;-0.204;0.098;9.875;
15170;2017-03-13_22-42-33.903;;-0.213;0.103;9.872;
15425;2017-03-13_22-42-38.960;;-0.216;0.108;9.877;
15680;2017-03-13_22-42-44.012;;-0.22;0.105;9.87;
15935;2017-03-13_22-42-49.077;;-0.211;0.091;9.891;
16190;2017-03-13_22-42-54.119;;-0.211;0.091;9.877;
16445;2017-03-13_22-42-59.174;;-0.216;0.077;9.879;
16700;2017-03-13_22-43-04.231;;-0.201;0.089;9.863;
16955;2017-03-13_22-43-09.283;;-0.204;0.084;9.87;
17210;2017-03-13_22-43-14.332;;-0.208;0.084;9.875;
17462;2017-03-13_22-43-19.332;;-0.208;0.086;9.887;
17717;2017-03-13_22-43-24.385;;-0.216;0.077;9.887;
17972;2017-03-13_22-43-29.440;;-0.206;0.096;9.879;
18227;2017-03-13_22-43-34.495;;-0.208;0.096;9.882;
18482;2017-03-13_22-43-39.546;;-0.208;0.096;9.882;
18719;2017-03-13_22-43-45.094;;-0.216;0.086;9.856;
18974;2017-03-13_22-43-50.112;;-0.204;0.086;9.87;
19223;2017-03-13_22-43-55.135;;-0.206;0.079;9.882;
19523;2017-03-13_22-44-00.180;;-0.211;0.074;9.865;
19778;2017-03-13_22-44-06.171;;-0.192;0.093;9.86;
20078;2017-03-13_22-44-11.184;;-0.22;0.117;9.882;
20333;2017-03-13_22-44-16.234;;-0.218;0.079;9.848;
20586;2017-03-13_22-44-21.235;;-0.237;0.108;9.884;
20837;2017-03-13_22-44-27.079;;-0.199;0.101;9.86;
21093;2017-03-13_22-44-32.087;;-0.211;0.091;9.87;
21386;2017-03-13_22-44-37.111;;-0.213;0.093;9.863;
21641;2017-03-13_22-44-42.166;;-0.218;0.084;9.887;
21893;2017-03-13_22-44-48.182;;-0.225;0.084;9.887;
22199;2017-03-13_22-44-54.108;;-0.22;0.091;9.872;
22496;2017-03-13_22-44-59.124;;-0.23;0.091;9.882;
22751;2017-03-13_22-45-04.170;;-0.22;0.093;9.877;
23003;2017-03-13_22-45-09.551;;-0.22;0.086;9.877;
23258;2017-03-13_22-45-14.683;;-0.216;0.093;9.872;
23510;2017-03-13_22-45-20.104;;-0.22;0.103;9.877;
23780;2017-03-13_22-45-25.197;;-0.218;0.079;9.856;
24065;2017-03-13_22-45-31.111;;-0.218;0.098;9.86;
24363;2017-03-13_22-45-36.110;;-0.218;0.098;9.86;
24617;2017-03-13_22-45-41.160;;-0.22;0.098;9.877;
24870;2017-03-13_22-45-46.162;;-0.211;0.089;9.87;
25124;2017-03-13_22-45-52.104;;-0.211;0.084;9.875;
25409;2017-03-13_22-45-57.111;;-0.216;0.093;9.863;
25676;2017-03-13_22-46-02.154;;-0.225;0.122;9.889;
25910;2017-03-13_22-46-07.157;;-0.218;0.069;9.872;
26183;2017-03-13_22-46-13.086;;-0.211;0.108;9.856;
26435;2017-03-13_22-46-18.099;;-0.218;0.01;9.836;
26735;2017-03-13_22-46-23.153;;-0.204;0.144;9.87;
26990;2017-03-13_22-46-28.206;;-0.134;0.086;9.803;
27239;2017-03-13_22-46-34.143;;-0.134;0.086;9.803;
27542;2017-03-13_22-46-39.155;;-0.22;0.084;9.87;
27797;2017-03-13_22-46-44.210;;-0.249;0.062;9.903;
28052;2017-03-13_22-46-49.467;;-0.216;0.057;9.865;
28301;2017-03-13_22-46-55.100;;-0.187;0.091;9.858;
28580;2017-03-13_22-47-00.114;;-0.254;-0.062;9.856;
28853;2017-03-13_22-47-05.144;;-0.196;0.057;9.844;
29108;2017-03-13_22-47-11.105;;-0.196;0.079;9.87;
29394;2017-03-13_22-47-16.106;;-0.189;0.108;9.872;
29644;2017-03-13_22-47-21.108;;-0.211;0.062;9.87;
29891;2017-03-13_22-47-26.148;;-0.225;0.091;9.882;
30138;2017-03-13_22-47-31.149;;-0.225;0.091;9.882;
30387;2017-03-13_22-47-36.161;;-0.24;0.101;9.875;
30671;2017-03-13_22-47-41.189;;-0.228;0.077;9.867;
30926;2017-03-13_22-47-47.126;;-0.204;0.062;9.856;
31186;2017-03-13_22-47-52.126;;-0.225;0.086;9.87;
31447;2017-03-13_22-47-57.127;;-0.218;0.067;9.863;
31727;2017-03-13_22-48-02.130;;-0.223;0.086;9.875;
31937;2017-03-13_22-48-07.141;;-0.223;0.072;9.889;
32234;2017-03-13_22-48-13.125;;-0.216;0.077;9.87;
32534;2017-03-13_22-48-18.131;;-0.22;0.067;9.86;
32789;2017-03-13_22-48-23.186;;-0.22;0.06;9.867;
33044;2017-03-13_22-48-28.243;;-0.208;0.069;9.865;
33296;2017-03-13_22-48-34.087;;-0.208;0.069;9.865;
33548;2017-03-13_22-48-39.136;;-0.22;0.072;9.863;
33848;2017-03-13_22-48-44.186;;-0.218;0.072;9.865;
34103;2017-03-13_22-48-50.080;;-0.228;0.062;9.884;
34373;2017-03-13_22-48-55.111;;-0.23;0.079;9.865;
34645;2017-03-13_22-49-00.112;;-0.235;0.06;9.877;
34904;2017-03-13_22-49-05.124;;-0.218;0.06;9.856;
35157;2017-03-13_22-49-10.125;;-0.225;0.074;9.863;
35409;2017-03-13_22-49-15.128;;-0.225;0.074;9.863;
35663;2017-03-13_22-49-20.175;;-0.223;0.103;9.87;
35918;2017-03-13_22-49-25.192;;-0.232;0.053;9.879;
36168;2017-03-13_22-49-30.193;;-0.23;0.074;9.882;
36423;2017-03-13_22-49-35.248;;-0.22;0.081;9.872;
36675;2017-03-13_22-49-41.082;;-0.22;0.081;9.872;
36930;2017-03-13_22-49-46.094;;-0.218;0.077;9.882;
37224;2017-03-13_22-49-51.136;;-0.218;0.06;9.846;
37477;2017-03-13_22-49-56.138;;-0.213;0.065;9.875;
37731;2017-03-13_22-50-01.195;;-0.216;0.077;9.879;
37986;2017-03-13_22-50-07.116;;-0.216;0.077;9.879;
38283;2017-03-13_22-50-12.135;;-0.218;0.069;9.867;
38490;2017-03-13_22-50-17.159;;-0.218;0.069;9.877;
38748;2017-03-13_22-50-22.160;;-0.23;0.062;9.875;
39033;2017-03-13_22-50-28.119;;-0.194;0.091;9.87;
39342;2017-03-13_22-50-33.138;;-0.232;0.055;9.867;
39594;2017-03-13_22-50-38.140;;-0.223;0.067;9.877;
39799;2017-03-13_22-50-42.186;;-0.228;0.065;9.877;
40095;2017-03-13_22-50-48.158;;-0.223;0.057;9.877;
40353;2017-03-13_22-50-53.189;;-0.208;0.062;9.87;
40605;2017-03-13_22-50-59.091;;-0.223;0.067;9.882;
40863;2017-03-13_22-51-04.101;;-0.223;0.067;9.882;
41115;2017-03-13_22-51-09.111;;-0.228;0.081;9.872;
41379;2017-03-13_22-51-14.191;;-0.235;0.093;9.877;
41667;2017-03-13_22-51-19.244;;-0.228;0.067;9.872;
41919;2017-03-13_22-51-25.087;;-0.228;0.074;9.856;
42216;2017-03-13_22-51-30.133;;-0.216;0.057;9.867;
42470;2017-03-13_22-51-35.135;;-0.223;0.067;9.848;
42720;2017-03-13_22-51-40.128;;-0.223;0.067;9.848;
42975;2017-03-13_22-51-45.184;;-0.22;0.05;9.867;
43227;2017-03-13_22-51-50.186;;-0.23;0.06;9.877;
43482;2017-03-13_22-51-56.097;;-0.228;0.062;9.863;
43767;2017-03-13_22-52-01.098;;-0.237;0.06;9.877;
43978;2017-03-13_22-52-06.099;;-0.237;0.06;9.877;
44283;2017-03-13_22-52-11.130;;-0.223;0.055;9.875;
44495;2017-03-13_22-52-16.131;;-0.208;0.074;9.863;
44765;2017-03-13_22-52-21.132;;-0.237;0.062;9.872;
44998;2017-03-13_22-52-26.133;;-0.218;0.067;9.863;
45294;2017-03-13_22-52-31.181;;-0.23;0.06;9.882;
45505;2017-03-13_22-52-36.182;;-0.235;0.055;9.891;
45801;2017-03-13_22-52-41.231;;-0.225;0.065;9.877;
46056;2017-03-13_22-52-46.288;;-0.225;0.065;9.877;
46308;2017-03-13_22-52-51.292;;-0.24;0.055;9.853;
46557;2017-03-13_22-52-57.128;;-0.232;0.053;9.87;
46857;2017-03-13_22-53-02.175;;-0.23;0.062;9.87;
47109;2017-03-13_22-53-07.174;;-0.237;0.06;9.86;
47364;2017-03-13_22-53-12.231;;-0.247;0.072;9.879;
47616;2017-03-13_22-53-18.079;;-0.22;0.048;9.879;
47868;2017-03-13_22-53-23.083;;-0.247;0.046;9.867;
48123;2017-03-13_22-53-28.107;;-0.247;0.046;9.867;
48417;2017-03-13_22-53-33.118;;-0.22;0.069;9.884;
48672;2017-03-13_22-53-38.173;;-0.213;0.067;9.877;
48889;2017-03-13_22-53-43.174;;-0.213;0.067;9.877;
49145;2017-03-13_22-53-48.176;;-0.232;0.069;9.882;
49431;2017-03-13_22-53-53.229;;-0.163;0.228;9.92;
49686;2017-03-13_22-53-58.283;;-0.228;0.062;9.863;
49938;2017-03-13_22-54-03.286;;-0.206;0.089;9.86;
50190;2017-03-13_22-54-09.078;;-0.137;0.081;9.822;
50484;2017-03-13_22-54-14.113;;-0.228;0.072;9.887;
50691;2017-03-13_22-54-19.179;;-0.218;0.062;9.865;
50971;2017-03-13_22-54-24.172;;-0.23;0.041;9.867;
51246;2017-03-13_22-54-29.588;;-0.23;0.041;9.867;
51519;2017-03-13_22-54-34.639;;-0.235;0.036;9.879;
51753;2017-03-13_22-54-40.155;;-0.235;0.036;9.879;
52040;2017-03-13_22-54-45.155;;-0.225;0.077;9.86;
52302;2017-03-13_22-54-50.171;;-0.23;0.057;9.879;
52557;2017-03-13_22-54-55.225;;-0.213;0.057;9.865;
52810;2017-03-13_22-55-00.226;;-0.232;0.06;9.867;
53064;2017-03-13_22-55-05.283;;-0.225;0.062;9.875;
53316;2017-03-13_22-55-10.283;;-0.247;0.074;9.867;
53568;2017-03-13_22-55-15.531;;-0.237;0.053;9.882;
53820;2017-03-13_22-55-21.091;;-0.232;0.06;9.863;
54075;2017-03-13_22-55-26.116;;-0.235;0.057;9.877;
54369;2017-03-13_22-55-31.169;;-0.235;0.057;9.877;
54621;2017-03-13_22-55-36.172;;-0.237;0.038;9.887;
54873;2017-03-13_22-55-41.398;;-0.223;0.026;9.832;
55137;2017-03-13_22-55-46.403;;-0.189;0.137;9.86;
55392;2017-03-13_22-55-51.460;;-0.228;0.041;9.887;
55645;2017-03-13_22-55-56.462;;-0.218;0.074;9.872;
55884;2017-03-13_22-56-02.097;;-0.228;0.062;9.872;
56181;2017-03-13_22-56-07.114;;-0.24;0.067;9.865;
56436;2017-03-13_22-56-12.173;;-0.232;0.06;9.877;
56691;2017-03-13_22-56-18.102;;-0.228;0.053;9.875;
56946;2017-03-13_22-56-23.105;;-0.237;0.091;9.882;
57210;2017-03-13_22-56-28.107;;-0.249;0.062;9.879;
57492;2017-03-13_22-56-33.122;;-0.254;0.038;9.856;
57699;2017-03-13_22-56-38.153;;-0.254;0.038;9.856;
57959;2017-03-13_22-56-43.153;;-0.225;0.074;9.851;
58251;2017-03-13_22-56-48.175;;-0.237;0.065;9.863;
58503;2017-03-13_22-56-53.177;;-0.244;0.057;9.87;
58758;2017-03-13_22-56-59.119;;-0.242;0.034;9.865;
59022;2017-03-13_22-57-04.120;;-0.223;0.062;9.87;
59279;2017-03-13_22-57-08.541;;-0.23;0.072;9.86;
59553;2017-03-13_22-57-15.119;;-0.225;0.055;9.858;
59862;2017-03-13_22-57-20.134;;-0.232;0.038;9.877;
60114;2017-03-13_22-57-25.142;;-0.232;0.038;9.877;
60367;2017-03-13_22-57-30.141;;-0.23;0.053;9.865;
60561;2017-03-13_22-57-35.174;;-0.228;0.043;9.863;
60873;2017-03-13_22-57-40.189;;-0.23;0.057;9.87;
61128;2017-03-13_22-57-46.104;;-0.223;0.053;9.858;
61425;2017-03-13_22-57-51.142;;-0.223;0.053;9.858;
61671;2017-03-13_22-57-57.137;;-0.232;0.067;9.856;
61945;2017-03-13_22-58-02.141;;-0.232;0.067;9.856;
62232;2017-03-13_22-58-07.148;;-0.24;0.057;9.872;
62484;2017-03-13_22-58-12.150;;-0.22;0.057;9.851;
62692;2017-03-13_22-58-17.151;;-0.218;0.055;9.875;
62943;2017-03-13_22-58-22.190;;-0.228;0.062;9.875;
63243;2017-03-13_22-58-27.208;;-0.228;0.062;9.875;
63495;2017-03-13_22-58-32.210;;-0.232;0.05;9.853;
63750;2017-03-13_22-58-37.267;;-0.218;0.053;9.865;
64002;2017-03-13_22-58-43.117;;-0.263;0.055;9.865;
64257;2017-03-13_22-58-48.121;;-0.244;0.069;9.867;
64551;2017-03-13_22-58-53.158;;-0.235;0.048;9.867;
64765;2017-03-13_22-58-58.158;;-0.24;0.043;9.872;
65056;2017-03-13_22-59-03.159;;-0.228;0.05;9.863;
65307;2017-03-13_22-59-08.161;;-0.228;0.05;9.863;
65561;2017-03-13_22-59-13.161;;-0.223;0.046;9.87;
65788;2017-03-13_22-59-18.161;;-0.23;0.043;9.867;
66066;2017-03-13_22-59-23.216;;-0.232;0.053;9.863;
66318;2017-03-13_22-59-28.217;;-0.235;0.055;9.856;
66573;2017-03-13_22-59-33.278;;-0.237;0.053;9.87;
66822;2017-03-13_22-59-39.141;;-0.237;0.053;9.851;
67122;2017-03-13_22-59-44.174;;-0.225;0.074;9.867;
67375;2017-03-13_22-59-49.177;;-0.223;0.057;9.856;
67629;2017-03-13_22-59-54.494;;-0.23;0.034;9.87;
67884;2017-03-13_23-00-00.122;;-0.24;0.069;9.879;
68181;2017-03-13_23-00-05.179;;-0.24;0.069;9.879;
68433;2017-03-13_23-00-10.186;;-0.223;0.046;9.87;
68640;2017-03-13_23-00-15.187;;-0.225;0.053;9.858;
68937;2017-03-13_23-00-21.126;;-0.223;0.036;9.865;
69237;2017-03-13_23-00-26.134;;-0.244;0.055;9.887;
69489;2017-03-13_23-00-31.135;;-0.247;0.074;9.879;
69723;2017-03-13_23-00-36.138;;-0.247;0.062;9.87;
69948;2017-03-13_23-00-41.151;;-0.225;0.101;9.87;
70248;2017-03-13_23-00-46.194;;-0.225;0.101;9.87;
70502;2017-03-13_23-00-51.195;;-0.23;0.055;9.865;
70755;2017-03-13_23-00-56.254;;-0.259;0.041;9.856;
71010;2017-03-13_23-01-01.314;;-0.237;0.046;9.86;
71259;2017-03-13_23-01-07.093;;-0.228;0.055;9.882;
71556;2017-03-13_23-01-12.107;;-0.223;0.057;9.872;
71808;2017-03-13_23-01-17.151;;-0.225;0.055;9.882;
72063;2017-03-13_23-01-22.207;;-0.232;0.055;9.863;
72318;2017-03-13_23-01-28.096;;-0.232;0.065;9.877;
72612;2017-03-13_23-01-33.097;;-0.228;0.069;9.851;
72819;2017-03-13_23-01-38.159;;-0.225;0.05;9.872;
73122;2017-03-13_23-01-43.213;;-0.254;0.074;9.891;
73374;2017-03-13_23-01-49.087;;-0.254;0.074;9.891;
73671;2017-03-13_23-01-54.108;;-0.242;0.05;9.867;
73882;2017-03-13_23-01-59.107;;-0.242;0.05;9.867;
74158;2017-03-13_23-02-04.113;;-0.232;0.079;9.894;
74391;2017-03-13_23-02-09.114;;-0.211;-0.12;9.779;
74682;2017-03-13_23-02-14.166;;-0.235;0.041;9.867;
74937;2017-03-13_23-02-19.223;;-0.211;0.002;9.853;
75189;2017-03-13_23-02-24.733;;-0.228;0.065;9.851;
75468;2017-03-13_23-02-29.763;;-0.228;0.065;9.851;
75702;2017-03-13_23-02-35.144;;-0.168;0.182;9.884;
75942;2017-03-13_23-02-40.167;;-0.168;0.182;9.884;
76245;2017-03-13_23-02-45.177;;-0.213;0.038;9.863;
76500;2017-03-13_23-02-50.234;;-0.237;0.065;9.872;
76755;2017-03-13_23-02-55.292;;-0.223;0.041;9.86;
77007;2017-03-13_23-03-01.156;;-0.232;0.043;9.877;
77301;2017-03-13_23-03-06.157;;-0.244;0.034;9.896;
77556;2017-03-13_23-03-11.186;;-0.228;0.055;9.867;
77808;2017-03-13_23-03-17.076;;-0.232;0.041;9.86;
78075;2017-03-13_23-03-22.116;;-0.228;0.053;9.872;
78312;2017-03-13_23-03-27.153;;-0.228;0.053;9.872;
78615;2017-03-13_23-03-32.199;;-0.311;0.01;9.903;
78870;2017-03-13_23-03-38.099;;-0.235;0.046;9.87;
79149;2017-03-13_23-03-43.114;;-0.235;0.046;9.87;
79406;2017-03-13_23-03-48.113;;-0.22;0.041;9.856;
79671;2017-03-13_23-03-53.151;;-0.242;0.062;9.87;
79926;2017-03-13_23-03-58.206;;-0.242;0.05;9.867;
80178;2017-03-13_23-04-04.099;;-0.228;0.062;9.872;
80436;2017-03-13_23-04-09.115;;-0.232;0.053;9.877;
80730;2017-03-13_23-04-14.157;;-0.223;0.034;9.865;
80983;2017-03-13_23-04-20.124;;-0.218;0.046;9.891;
81283;2017-03-13_23-04-25.129;;-0.23;0.048;9.879;
81535;2017-03-13_23-04-30.131;;-0.232;0.05;9.875;
81789;2017-03-13_23-04-35.135;;-0.228;0.046;9.865;
82042;2017-03-13_23-04-40.187;;-0.225;0.036;9.856;
82294;2017-03-13_23-04-45.191;;-0.24;0.055;9.879;
82515;2017-03-13_23-04-50.192;;-0.228;0.046;9.87;
82801;2017-03-13_23-04-55.246;;-0.232;0.041;9.856;
83053;2017-03-13_23-05-01.014;;-0.232;0.041;9.856;
83344;2017-03-13_23-05-06.018;;-0.237;0.053;9.877;
83596;2017-03-13_23-05-11.020;;-0.247;0.036;9.879;
83848;2017-03-13_23-05-16.024;;-0.23;0.057;9.867;
84101;2017-03-13_23-05-21.025;;-0.232;0.038;9.851;
84354;2017-03-13_23-05-26.027;;-0.237;0.046;9.863;
84607;2017-03-13_23-05-31.085;;-0.24;0.072;9.86;
84862;2017-03-13_23-05-36.144;;-0.228;0.067;9.875;
85114;2017-03-13_23-05-41.144;;-0.247;0.043;9.853;
85367;2017-03-13_23-05-46.145;;-0.232;0.057;9.87;
85620;2017-03-13_23-05-51.148;;-0.22;0.05;9.875;
85871;2017-03-13_23-05-56.149;;-0.24;0.053;9.858;
86125;2017-03-13_23-06-01.205;;-0.249;0.053;9.863;
86377;2017-03-13_23-06-06.206;;-0.244;0.055;9.872;
86629;2017-03-13_23-06-11.635;;-0.235;0.046;9.884;
86884;2017-03-13_23-06-17.079;;-0.244;0.038;9.872;
87136;2017-03-13_23-06-22.091;;-0.237;0.055;9.865;
87418;2017-03-13_23-06-27.164;;-0.23;0.036;9.851;
87685;2017-03-13_23-06-32.162;;-0.24;0.057;9.884;
87940;2017-03-13_23-06-37.222;;-0.232;0.041;9.884;
88192;2017-03-13_23-06-42.472;;-0.232;0.041;9.884;
88435;2017-03-13_23-06-48.140;;-0.244;0.043;9.86;
88744;2017-03-13_23-06-53.177;;-0.24;0.06;9.87;
88999;2017-03-13_23-06-59.080;;-0.251;0.017;9.879;
89296;2017-03-13_23-07-04.130;;-0.225;0.05;9.856;
89548;2017-03-13_23-07-09.130;;-0.228;0.05;9.872;
89800;2017-03-13_23-07-14.133;;-0.228;0.05;9.872;
90055;2017-03-13_23-07-19.188;;-0.247;0.038;9.856;
90307;2017-03-13_23-07-24.191;;-0.23;0.046;9.867;
90562;2017-03-13_23-07-30.149;;-0.237;0.041;9.867;
90811;2017-03-13_23-07-38.279;;-0.235;0.055;9.86;
91270;2017-03-13_23-07-43.304;;-0.232;0.048;9.863;
91523;2017-03-13_23-07-48.305;;-0.235;0.055;9.872;
91771;2017-03-13_23-07-54.110;;-0.235;0.053;9.853;
92026;2017-03-13_23-07-59.126;;-0.22;0.069;9.863;
92320;2017-03-13_23-08-04.137;;-0.228;0.057;9.851;
92527;2017-03-13_23-08-09.149;;-0.244;0.05;9.86;
92817;2017-03-13_23-08-14.152;;-0.244;0.05;9.86;
93079;2017-03-13_23-08-19.199;;-0.23;0.041;9.856;
93333;2017-03-13_23-08-24.199;;-0.244;0.05;9.865;
93583;2017-03-13_23-08-30.250;;-0.225;0.05;9.87;
93889;2017-03-13_23-08-35.267;;-0.228;0.043;9.865;
94141;2017-03-13_23-08-40.268;;-0.302;0.005;9.899;
94393;2017-03-13_23-08-45.271;;-0.242;0.041;9.87;
94642;2017-03-13_23-08-51.137;;-0.249;0.041;9.867;
94942;2017-03-13_23-08-56.166;;-0.249;0.041;9.867;
95194;2017-03-13_23-09-02.199;;-0.232;0.046;9.872;
95500;2017-03-13_23-09-07.237;;-0.23;0.046;9.882;
95752;2017-03-13_23-09-12.238;;-0.244;0.057;9.879;
96004;2017-03-13_23-09-18.095;;-0.254;0.038;9.863;
96301;2017-03-13_23-09-23.131;;-0.23;0.06;9.867;
96505;2017-03-13_23-09-28.169;;-0.23;0.057;9.872;
96808;2017-03-13_23-09-33.190;;-0.225;0.048;9.872;
97063;2017-03-13_23-09-39.086;;-0.225;0.048;9.872;
97360;2017-03-13_23-09-44.143;;-0.254;0.048;9.872;
97564;2017-03-13_23-09-49.189;;-0.232;0.038;9.875;
97821;2017-03-13_23-09-54.198;;-0.232;0.038;9.875;
98119;2017-03-13_23-09-59.204;;-0.235;0.05;9.879;
98371;2017-03-13_23-10-04.205;;-0.062;0.026;9.784;
98623;2017-03-13_23-10-09.207;;-0.266;-0.06;9.872;
98878;2017-03-13_23-10-15.146;;-0.22;0.062;9.865;
99175;2017-03-13_23-10-20.156;;-0.22;0.062;9.865;
99427;2017-03-13_23-10-25.160;;-0.213;0.072;9.884;
99679;2017-03-13_23-10-30.162;;-0.223;0.055;9.867;
99934;2017-03-13_23-10-35.219;;-0.237;0.05;9.87;
100188;2017-03-13_23-10-40.219;;-0.237;0.062;9.86;
100438;2017-03-13_23-10-45.223;;-0.225;0.046;9.882;
100693;2017-03-13_23-10-51.091;;-0.225;0.115;9.894;
100950;2017-03-13_23-10-56.093;;-0.225;0.115;9.894;
101239;2017-03-13_23-11-01.119;;-0.24;0.053;9.875;
101494;2017-03-13_23-11-06.177;;-0.242;0.043;9.851;
101749;2017-03-13_23-11-11.235;;-0.235;0.048;9.863;
102001;2017-03-13_23-11-16.237;;-0.216;0.046;9.87;
102253;2017-03-13_23-11-22.070;;-0.244;0.053;9.853;
102547;2017-03-13_23-11-27.073;;-0.235;0.055;9.87;
102757;2017-03-13_23-11-32.086;;-0.23;0.053;9.872;
103006;2017-03-13_23-11-37.137;;-0.23;0.053;9.872;
103306;2017-03-13_23-11-42.431;;-0.232;0.041;9.872;
103576;2017-03-13_23-11-47.494;;-0.24;0.036;9.865;
103828;2017-03-13_23-11-52.496;;-0.251;0.055;9.877;
104065;2017-03-13_23-11-58.067;;-0.23;0.05;9.87;
104362;2017-03-13_23-12-03.094;;-0.24;0.046;9.872;
104575;2017-03-13_23-12-08.120;;-0.228;0.06;9.863;
104869;2017-03-13_23-12-13.149;;-0.244;0.057;9.877;
105115;2017-03-13_23-12-19.083;;-0.244;0.057;9.877;
105421;2017-03-13_23-12-24.107;;-0.235;0.046;9.887;
105648;2017-03-13_23-12-29.109;;-0.182;0.06;9.87;
105877;2017-03-13_23-12-34.134;;-0.249;0.06;9.891;
106177;2017-03-13_23-12-40.136;;-0.23;0.048;9.872;
106483;2017-03-13_23-12-45.184;;-0.235;0.06;9.853;
106738;2017-03-13_23-12-50.239;;-0.242;0.038;9.867;
106987;2017-03-13_23-12-56.085;;-0.232;0.098;9.882;
107265;2017-03-13_23-13-01.085;;-0.232;0.098;9.882;
107539;2017-03-13_23-13-06.138;;-0.242;0.125;9.901;
107767;2017-03-13_23-13-11.140;;-0.237;0.019;9.863;
107998;2017-03-13_23-13-16.152;;-0.247;0.196;9.932;
108298;2017-03-13_23-13-21.199;;-0.24;0.05;9.867;
108550;2017-03-13_23-13-26.202;;-0.232;0.046;9.858;
108802;2017-03-13_23-13-32.101;;-0.228;0.057;9.867;
109069;2017-03-13_23-13-37.101;;-0.218;0.038;9.863;
109333;2017-03-13_23-13-42.103;;-0.218;0.038;9.863;
109606;2017-03-13_23-13-47.158;;-0.23;0.057;9.884;
109858;2017-03-13_23-13-52.163;;-0.23;0.057;9.884;
110062;2017-03-13_23-13-57.179;;-0.232;0.06;9.872;
110365;2017-03-13_23-14-02.217;;-0.266;0.022;9.875;
110617;2017-03-13_23-14-07.221;;-0.177;0.122;9.863;
110872;2017-03-13_23-14-12.279;;-0.249;0.026;9.877;
111124;2017-03-13_23-14-18.105;;-0.244;0.041;9.851;
111418;2017-03-13_23-14-23.114;;-0.244;0.041;9.851;
111640;2017-03-13_23-14-28.139;;-0.235;0.053;9.882;
111877;2017-03-13_23-14-33.152;;-0.235;0.053;9.882;
112177;2017-03-13_23-14-38.176;;-0.228;0.041;9.872;
112429;2017-03-13_23-14-43.178;;-0.261;0.031;9.867;
112682;2017-03-13_23-14-48.180;;-0.223;0.043;9.863;
112935;2017-03-13_23-14-53.181;;-0.24;0.055;9.882;
113185;2017-03-13_23-14-58.185;;-0.24;0.046;9.879;
113440;2017-03-13_23-15-03.242;;-0.23;0.036;9.848;
113689;2017-03-13_23-15-09.106;;-0.24;0.053;9.865;
113944;2017-03-13_23-15-14.108;;-0.23;0.057;9.875;
114196;2017-03-13_23-15-19.147;;-0.23;0.057;9.875;
114496;2017-03-13_23-15-24.204;;-0.22;0.053;9.879;
114751;2017-03-13_23-15-29.261;;-0.235;0.053;9.87;
115003;2017-03-13_23-15-35.127;;-0.247;0.046;9.87;
115300;2017-03-13_23-15-40.155;;-0.237;0.062;9.877;
115552;2017-03-13_23-15-45.157;;-0.235;0.046;9.87;
115807;2017-03-13_23-15-51.112;;-0.237;0.036;9.87;
116104;2017-03-13_23-15-56.114;;-0.237;0.057;9.896;
116356;2017-03-13_23-16-01.119;;-0.237;0.057;9.896;
116611;2017-03-13_23-16-06.174;;-0.225;0.062;9.87;
116866;2017-03-13_23-16-12.078;;-0.237;0.053;9.875;
117118;2017-03-13_23-16-17.101;;-0.24;0.067;9.853;
117373;2017-03-13_23-16-22.139;;-0.247;0.034;9.863;
117670;2017-03-13_23-16-27.191;;-0.228;0.05;9.865;
117893;2017-03-13_23-16-32.192;;-0.24;0.041;9.848;
118163;2017-03-13_23-16-37.194;;-0.237;0.05;9.867;
118429;2017-03-13_23-16-42.253;;-0.237;0.05;9.867;
118681;2017-03-13_23-16-47.255;;-0.242;0.046;9.851;
118933;2017-03-13_23-16-53.097;;-0.242;0.046;9.851;
119182;2017-03-13_23-16-58.133;;-0.232;0.046;9.856;
119482;2017-03-13_23-17-03.152;;-0.249;0.034;9.87;
119737;2017-03-13_23-17-08.209;;-0.232;0.055;9.879;
119989;2017-03-13_23-17-13.211;;-0.228;0.065;9.87;
120241;2017-03-13_23-17-18.212;;-0.225;0.041;9.879;
120493;2017-03-13_23-17-23.484;;-0.225;0.041;9.879;
120748;2017-03-13_23-17-29.089;;-0.235;-0.046;9.851;
121000;2017-03-13_23-17-34.164;;-0.235;-0.046;9.851;
121296;2017-03-13_23-17-39.125;;-0.189;0.218;9.891;
121600;2017-03-13_23-17-45.184;;-0.273;-0.146;9.834;
121853;2017-03-13_23-17-50.185;;-0.228;0.043;9.858;
122104;2017-03-13_23-17-55.187;;-0.208;0.069;9.808;
122356;2017-03-13_23-18-00.189;;-0.228;0.101;9.877;
122608;2017-03-13_23-18-05.192;;-0.196;0.024;9.817;
122860;2017-03-13_23-18-10.192;;-0.256;0.048;9.882;
123112;2017-03-13_23-18-15.195;;-0.256;0.048;9.882;
123366;2017-03-13_23-18-20.196;;-0.24;0.062;9.882;
123616;2017-03-13_23-18-25.198;;-0.242;0.108;9.889;
123868;2017-03-13_23-18-31.158;;-0.263;0.12;9.913;
124171;2017-03-13_23-18-36.215;;-0.247;0.041;9.865;
124426;2017-03-13_23-18-42.088;;-0.247;0.05;9.856;
124720;2017-03-13_23-18-47.107;;-0.24;0.041;9.877;
124962;2017-03-13_23-18-52.111;;-0.223;0.043;9.867;
125224;2017-03-13_23-18-57.112;;-0.223;0.043;9.867;
125459;2017-03-13_23-19-02.112;;-0.247;0.046;9.879;
125731;2017-03-13_23-19-07.175;;-0.23;0.046;9.856;
125983;2017-03-13_23-19-12.172;;-0.242;0.053;9.87;
126238;2017-03-13_23-19-17.234;;-0.24;0.038;9.863;
126490;2017-03-13_23-19-23.083;;-0.24;0.038;9.863;
126787;2017-03-13_23-19-28.088;;-0.244;0.043;9.872;
127039;2017-03-13_23-19-33.132;;-0.232;0.048;9.867;
127291;2017-03-13_23-19-38.135;;-0.242;0.057;9.875;
127541;2017-03-13_23-19-43.128;;-0.244;0.048;9.872;
127798;2017-03-13_23-19-48.190;;-0.247;0.041;9.86;
128050;2017-03-13_23-19-53.192;;-0.247;0.041;9.86;
128305;2017-03-13_23-19-58.254;;-0.232;0.038;9.877;
128560;2017-03-13_23-20-03.314;;-0.225;0.05;9.87;
128806;2017-03-13_23-20-09.107;;-0.244;0.053;9.879;
129106;2017-03-13_23-20-14.148;;-0.23;0.038;9.872;
129358;2017-03-13_23-20-19.155;;-0.225;0.048;9.872;
129610;2017-03-13_23-20-24.158;;-0.247;0.043;9.865;
129865;2017-03-13_23-20-29.206;;-0.24;0.038;9.872;
130117;2017-03-13_23-20-34.210;;-0.24;0.046;9.887;
130372;2017-03-13_23-20-40.110;;-0.244;0.038;9.894;
130669;2017-03-13_23-20-45.163;;-0.235;0.038;9.875;
130922;2017-03-13_23-20-50.164;;-0.235;0.038;9.875;
131173;2017-03-13_23-20-55.166;;-0.235;0.048;9.884;
131378;2017-03-13_23-21-00.168;;-0.249;0.067;9.851;
131680;2017-03-13_23-21-05.224;;-0.237;0.05;9.882;
131932;2017-03-13_23-21-11.118;;-0.328;-0.098;9.865;
132208;2017-03-13_23-21-16.133;;-0.263;0.055;9.834;
132484;2017-03-13_23-21-21.180;;-0.237;0.041;9.865;
132738;2017-03-13_23-21-26.181;;-0.237;0.041;9.865;
132991;2017-03-13_23-21-31.478;;-0.23;0.053;9.863;
133255;2017-03-13_23-21-36.482;;-0.237;0.06;9.887;
133492;2017-03-13_23-21-42.169;;-0.22;0.05;9.86;
133795;2017-03-13_23-21-47.198;;-0.242;0.055;9.865;
134047;2017-03-13_23-21-52.200;;-0.23;0.041;9.872;
134299;2017-03-13_23-21-58.084;;-0.237;0.043;9.879;
134555;2017-03-13_23-22-03.085;;-0.256;0.036;9.851;
134806;2017-03-13_23-22-08.085;;-0.256;0.036;9.851;
135100;2017-03-13_23-22-13.097;;-0.244;0.038;9.867;
135353;2017-03-13_23-22-18.098;;-0.24;0.043;9.879;
135604;2017-03-13_23-22-23.099;;-0.237;0.06;9.877;
135849;2017-03-13_23-22-28.101;;-0.235;0.046;9.858;
136109;2017-03-13_23-22-33.102;;-0.223;0.036;9.865;
136315;2017-03-13_23-22-38.153;;-0.235;0.043;9.87;
136615;2017-03-13_23-22-44.096;;-0.242;0.057;9.87;
136870;2017-03-13_23-22-49.145;;-0.242;0.057;9.87;
137170;2017-03-13_23-22-54.176;;-0.263;-0.062;9.867;
137425;2017-03-13_23-22-59.236;;-0.247;0.036;9.865;
137677;2017-03-13_23-23-04.237;;-0.235;0.043;9.865;
137929;2017-03-13_23-23-09.242;;-0.242;0.048;9.877;
138181;2017-03-13_23-23-14.245;;-0.228;0.038;9.858;
138433;2017-03-13_23-23-20.110;;-0.24;0.05;9.86;
138708;2017-03-13_23-23-25.113;;-0.244;0.038;9.858;
138961;2017-03-13_23-23-30.113;;-0.232;0.046;9.858;
139234;2017-03-13_23-23-35.147;;-0.235;0.036;9.884;
139489;2017-03-13_23-23-41.097;;-0.254;0.05;9.872;
139788;2017-03-13_23-23-46.098;;-0.232;0.038;9.877;
139996;2017-03-13_23-23-51.108;;-0.232;0.038;9.877;
140272;2017-03-13_23-23-56.164;;-0.223;0.048;9.87;
140546;2017-03-13_23-24-01.167;;-0.223;0.048;9.87;
140800;2017-03-13_23-24-06.218;;-0.23;0.163;9.906;
141052;2017-03-13_23-24-11.219;;-0.244;0.031;9.875;
141304;2017-03-13_23-24-16.221;;-0.184;0.05;9.827;
141553;2017-03-13_23-24-22.181;;-0.249;0.043;9.865;
141856;2017-03-13_23-24-27.184;;-0.249;0.043;9.865;
142107;2017-03-13_23-24-32.130;;-0.235;0.031;9.863;
142375;2017-03-13_23-24-37.483;;-0.228;0.041;9.844;
142615;2017-03-13_23-24-43.114;;-0.249;0.014;9.863;
142884;2017-03-13_23-24-48.115;;-0.223;0.041;9.884;
143164;2017-03-13_23-24-53.141;;-0.232;0.036;9.872;
143417;2017-03-13_23-24-58.139;;-0.242;0.034;9.865;
143668;2017-03-13_23-25-04.164;;-0.249;0.038;9.877;
143926;2017-03-13_23-25-09.208;;-0.24;0.034;9.86;
144226;2017-03-13_23-25-14.215;;-0.237;0.034;9.872;
144475;2017-03-13_23-25-20.145;;-0.23;0.041;9.877;
144733;2017-03-13_23-25-25.179;;-0.225;0.043;9.853;
145033;2017-03-13_23-25-31.117;;-0.225;0.043;9.853;
145327;2017-03-13_23-25-37.175;;-0.225;0.057;9.867;
145636;2017-03-13_23-25-42.200;;-0.225;0.057;9.867;
145890;2017-03-13_23-25-47.202;;-0.256;0.038;9.848;
146140;2017-03-13_23-25-52.508;;-0.228;0.055;9.858;
146410;2017-03-13_23-25-57.562;;-0.216;0.041;9.867;
146664;2017-03-13_23-26-02.564;;-0.254;0.046;9.865;
146914;2017-03-13_23-26-07.564;;-0.254;0.046;9.865;
147166;2017-03-13_23-26-12.871;;-0.216;0.069;9.863;
147406;2017-03-13_23-26-18.118;;-0.254;0.017;9.865;
147700;2017-03-13_23-26-23.161;;-0.232;0.005;9.86;
147955;2017-03-13_23-26-29.096;;-0.261;-0.034;9.86;
148252;2017-03-13_23-26-34.117;;-0.204;0.091;9.865;
148462;2017-03-13_23-26-39.165;;-0.249;0.043;9.863;
148759;2017-03-13_23-26-44.176;;-0.259;0.055;9.906;
149011;2017-03-13_23-26-49.195;;-0.244;0.026;9.894;
149311;2017-03-13_23-26-55.130;;-0.242;0.041;9.865;
149563;2017-03-13_23-27-00.133;;-0.225;0.048;9.889;
149773;2017-03-13_23-27-05.144;;-0.261;0.019;9.896;
150070;2017-03-13_23-27-10.193;;-0.249;0.043;9.848;
150322;2017-03-13_23-27-15.198;;-0.249;0.043;9.848;
150574;2017-03-13_23-27-21.100;;-0.235;0.036;9.851;
150832;2017-03-13_23-27-26.100;;-0.228;0.041;9.844;
151104;2017-03-13_23-27-31.115;;-0.237;0.036;9.863;
151378;2017-03-13_23-27-36.154;;-0.237;0.036;9.863;
151600;2017-03-13_23-27-41.198;;-0.249;0.046;9.867;
151885;2017-03-13_23-27-47.083;;-0.249;0.046;9.867;
152137;2017-03-13_23-27-52.113;;-0.275;0.01;9.856;
152435;2017-03-13_23-27-57.113;;-0.23;0.069;9.894;
152641;2017-03-13_23-28-02.134;;-0.266;0.043;9.891;
152938;2017-03-13_23-28-07.134;;-0.266;0.043;9.891;
153164;2017-03-13_23-28-12.135;;-0.244;0.05;9.887;
153445;2017-03-13_23-28-17.173;;-0.261;0.031;9.87;
153697;2017-03-13_23-28-22.176;;-0.213;0.041;9.872;
153952;2017-03-13_23-28-28.078;;-0.213;0.041;9.872;
154204;2017-03-13_23-28-33.134;;-0.247;0.057;9.863;
154502;2017-03-13_23-28-38.135;;-0.235;0.06;9.884;
154756;2017-03-13_23-28-43.189;;-0.232;0.043;9.872;
155008;2017-03-13_23-28-48.191;;-0.249;0.041;9.858;
155260;2017-03-13_23-28-53.193;;-0.249;0.041;9.858;
155512;2017-03-13_23-28-58.197;;-0.242;0.046;9.867;
155767;2017-03-13_23-29-04.102;;-0.254;0.053;9.86;
156048;2017-03-13_23-29-09.103;;-0.261;0.034;9.867;
156283;2017-03-13_23-29-14.104;;-0.261;0.034;9.867;
156562;2017-03-13_23-29-20.149;;-0.249;0.038;9.889;
156871;2017-03-13_23-29-25.165;;-0.249;0.038;9.889;
157123;2017-03-13_23-29-30.166;;-0.23;0.031;9.872;
157375;2017-03-13_23-29-35.171;;-0.232;0.046;9.867;
157627;2017-03-13_23-29-40.172;;-0.247;0.041;9.856;
157882;2017-03-13_23-29-46.092;;-0.247;0.041;9.856;
158134;2017-03-13_23-29-51.114;;-0.23;0.043;9.86;
158431;2017-03-13_23-29-56.129;;-0.223;0.038;9.877;
158668;2017-03-13_23-30-01.143;;-0.225;0.046;9.87;
158913;2017-03-13_23-30-06.145;;-0.23;0.055;9.867;
159190;2017-03-13_23-30-11.188;;-0.23;0.055;9.867;
159442;2017-03-13_23-30-16.193;;-0.242;0.036;9.887;
159697;2017-03-13_23-30-22.096;;-0.24;0.043;9.884;
159949;2017-03-13_23-30-27.112;;-0.199;0.041;9.86;
160214;2017-03-13_23-30-32.115;;-0.199;0.041;9.86;
160498;2017-03-13_23-30-37.155;;-0.347;0.055;9.927;
160753;2017-03-13_23-30-42.210;;-0.254;0.046;9.867;
161005;2017-03-13_23-30-48.097;;-0.251;0.053;9.896;
161271;2017-03-13_23-30-53.097;;-0.251;0.053;9.896;
161554;2017-03-13_23-30-58.108;;-0.242;0.041;9.867;
161767;2017-03-13_23-31-03.135;;-0.153;0.057;9.827;
162039;2017-03-13_23-31-08.137;;-0.244;0.046;9.848;
162313;2017-03-13_23-31-13.176;;-0.244;0.046;9.848;
162566;2017-03-13_23-31-18.176;;-0.242;0.036;9.858;
162817;2017-03-13_23-31-23.181;;-0.242;0.036;9.858;
163072;2017-03-13_23-31-29.092;;-0.237;0.067;9.875;
163310;2017-03-13_23-31-34.092;;-0.309;-0.014;9.894;
163606;2017-03-13_23-31-39.120;;-0.165;0.055;9.846;
163831;2017-03-13_23-31-44.123;;-0.247;0.055;9.867;
164088;2017-03-13_23-31-49.125;;-0.247;0.055;9.867;
164349;2017-03-13_23-31-54.125;;-0.249;0.038;9.86;
164629;2017-03-13_23-32-00.182;;-0.242;0.043;9.875;
164935;2017-03-13_23-32-05.208;;-0.237;0.105;9.896;
165187;2017-03-13_23-32-11.096;;-0.235;0.053;9.872;
165484;2017-03-13_23-32-16.107;;-0.235;0.053;9.872;
165739;2017-03-13_23-32-22.091;;-0.237;0.038;9.86;
165998;2017-03-13_23-32-27.091;;-0.22;0.05;9.865;
166247;2017-03-13_23-32-32.092;;-0.247;0.06;9.86;
166543;2017-03-13_23-32-37.127;;-0.247;0.06;9.86;
166798;2017-03-13_23-32-42.190;;-0.242;0.046;9.867;
167053;2017-03-13_23-32-48.078;;-0.242;0.043;9.867;
167347;2017-03-13_23-32-54.135;;-0.247;0.055;9.853;
167644;2017-03-13_23-33-00.148;;-0.235;0.038;9.877;
167956;2017-03-13_23-33-05.169;;-0.254;0.043;9.887;
168208;2017-03-13_23-33-10.170;;-0.254;0.043;9.887;
168460;2017-03-13_23-33-15.174;;-0.242;0.041;9.87;
168695;2017-03-13_23-33-20.175;;-0.223;0.048;9.879;
168964;2017-03-13_23-33-25.179;;-0.218;0.053;9.865;
169219;2017-03-13_23-33-31.097;;-0.218;0.053;9.865;
169516;2017-03-13_23-33-36.131;;-0.24;0.041;9.872;
169761;2017-03-13_23-33-41.137;;-0.235;0.053;9.858;
169994;2017-03-13_23-33-46.138;;-0.244;0.024;9.851;
170236;2017-03-13_23-33-51.139;;-0.263;0.129;9.939;
170525;2017-03-13_23-33-56.141;;-0.263;0.129;9.939;
170776;2017-03-13_23-34-01.145;;-0.295;-0.01;9.863;
171017;2017-03-13_23-34-06.145;;-0.225;0.043;9.856;
171283;2017-03-13_23-34-11.204;;-0.24;0.038;9.882;
171535;2017-03-13_23-34-16.205;;-0.251;0.026;9.865;
171786;2017-03-13_23-34-22.136;;-0.235;0.01;9.86;
172089;2017-03-13_23-34-27.202;;-0.242;0.043;9.877;
172341;2017-03-13_23-34-32.204;;-0.225;0.055;9.872;
172593;2017-03-13_23-34-38.090;;-0.237;0.038;9.875;
172890;2017-03-13_23-34-43.106;;-0.237;0.038;9.875;
173112;2017-03-13_23-34-48.109;;-0.144;0.038;9.832;
173352;2017-03-13_23-34-53.115;;-0.144;0.038;9.832;
173647;2017-03-13_23-34-58.132;;-0.216;0.012;9.856;
173902;2017-03-13_23-35-03.189;;-0.206;0.046;9.87;
174154;2017-03-13_23-35-08.191;;-0.242;0.05;9.901;
174407;2017-03-13_23-35-13.193;;-0.237;0.043;9.884;
174659;2017-03-13_23-35-18.195;;-0.237;0.046;9.887;
174958;2017-03-13_23-35-24.150;;-0.237;0.046;9.887;
175212;2017-03-13_23-35-29.150;;-0.228;0.034;9.877;
175462;2017-03-13_23-35-34.153;;-0.273;-0.077;9.836;
175716;2017-03-13_23-35-39.153;;-0.201;0.091;9.894;
175966;2017-03-13_23-35-44.156;;-0.201;0.101;9.863;
176220;2017-03-13_23-35-49.159;;-0.165;0.072;9.863;
176473;2017-03-13_23-35-55.069;;-0.208;0.079;9.872;
176725;2017-03-13_23-36-00.078;;-0.208;0.079;9.872;
177022;2017-03-13_23-36-05.116;;-0.175;0.06;9.851;
177274;2017-03-13_23-36-10.120;;-0.187;0.072;9.867;
177526;2017-03-13_23-36-15.135;;-0.266;0.041;9.906;
177781;2017-03-13_23-36-20.177;;-0.266;0.041;9.906;
178033;2017-03-13_23-36-25.184;;-0.23;0.053;9.86;
178285;2017-03-13_23-36-30.185;;-0.211;0.057;9.865;
178537;2017-03-13_23-36-36.062;;-0.204;0.072;9.877;
178793;2017-03-13_23-36-41.073;;-0.158;0.053;9.846;
179086;2017-03-13_23-36-46.082;;-0.187;0.079;9.891;
179299;2017-03-13_23-36-51.092;;-0.158;0.057;9.867;
179583;2017-03-13_23-36-56.096;;-0.158;0.057;9.867;
179828;2017-03-13_23-37-01.097;;-0.196;0.065;9.884;
180097;2017-03-13_23-37-06.150;;-0.177;0.055;9.903;
180349;2017-03-13_23-37-11.152;;-0.192;0.055;9.848;
180601;2017-03-13_23-37-16.154;;-0.192;0.055;9.848;
180853;2017-03-13_23-37-21.156;;-0.187;0.081;9.882;
181105;2017-03-13_23-37-26.159;;-0.23;0.038;9.858;
181357;2017-03-13_23-37-31.160;;-0.184;0.072;9.879;
181609;2017-03-13_23-37-36.163;;-0.184;0.072;9.879;
181861;2017-03-13_23-37-41.165;;-0.18;0.062;9.865;
182113;2017-03-13_23-37-46.167;;-0.211;0.05;9.87;
182365;2017-03-13_23-37-51.170;;-0.251;0;9.865;
182617;2017-03-13_23-37-56.172;;-0.251;0;9.865;
182869;2017-03-13_23-38-01.174;;-0.211;0.05;9.877;
183121;2017-03-13_23-38-06.180;;-0.201;0.081;9.894;
183374;2017-03-13_23-38-11.183;;-0.201;0.067;9.891;
183628;2017-03-13_23-38-17.085;;-0.201;0.067;9.891;
183880;2017-03-13_23-38-22.095;;-0.204;0.057;9.887;
184162;2017-03-13_23-38-27.171;;-0.194;0.084;9.911;
184432;2017-03-13_23-38-32.201;;-0.194;0.084;9.911;
184684;2017-03-13_23-38-37.204;;-0.235;0.069;9.901;
184936;2017-03-13_23-38-42.206;;-0.235;0.069;9.901;
185182;2017-03-13_23-38-48.147;;-0.196;0.053;9.891;
185473;2017-03-13_23-38-53.148;;-0.196;0.053;9.891;
185716;2017-03-13_23-38-58.149;;-0.199;0.091;9.887;
185992;2017-03-13_23-39-03.173;;-0.201;0.06;9.865;
186202;2017-03-13_23-39-08.174;;-0.189;0.067;9.887;
186490;2017-03-13_23-39-14.096;;-0.194;0.069;9.882;
186759;2017-03-13_23-39-19.095;;-0.194;0.069;9.882;
187048;2017-03-13_23-39-24.129;;-0.204;0.091;9.891;
187300;2017-03-13_23-39-29.135;;-0.216;0.067;9.867;
187552;2017-03-13_23-39-34.136;;-0.216;0.067;9.867;
187804;2017-03-13_23-39-39.144;;-0.18;0.046;9.867;
188059;2017-03-13_23-39-44.200;;-0.192;0.053;9.877;
188311;2017-03-13_23-39-49.204;;-0.175;0.103;9.891;
188566;2017-03-13_23-39-55.133;;-0.211;0.046;9.896;
188863;2017-03-13_23-40-00.155;;-0.211;0.046;9.896;
189115;2017-03-13_23-40-05.161;;-0.199;0.05;9.865;
189316;2017-03-13_23-40-10.163;;-0.201;0.038;9.882;
189622;2017-03-13_23-40-16.102;;-0.208;0.053;9.865;
189884;2017-03-13_23-40-21.107;;-0.208;0.053;9.865;
190171;2017-03-13_23-40-26.121;;-0.204;0.06;9.891;
190397;2017-03-13_23-40-31.123;;-0.213;0.06;9.882;
190650;2017-03-13_23-40-36.124;;-0.206;0.057;9.887;
190928;2017-03-13_23-40-41.125;;-0.187;0.06;9.863;
191179;2017-03-13_23-40-46.126;;-0.213;0.046;9.877;
191420;2017-03-13_23-40-51.129;;-0.192;0.036;9.872;
191641;2017-03-13_23-40-56.162;;-0.204;0.057;9.877;
191938;2017-03-13_23-41-01.191;;-0.204;0.057;9.877;
192190;2017-03-13_23-41-06.195;;-0.125;0.163;9.908;
192445;2017-03-13_23-41-12.121;;-0.213;0.077;9.877;
192694;2017-03-13_23-41-17.128;;-0.204;0.057;9.858;
192994;2017-03-13_23-41-22.156;;-0.204;0.057;9.858;
193248;2017-03-13_23-41-27.157;;-0.206;0.065;9.899;
193501;2017-03-13_23-41-32.214;;-0.18;0.067;9.877;
193753;2017-03-13_23-41-37.215;;-0.18;0.06;9.887;
194005;2017-03-13_23-41-43.094;;-0.18;0.06;9.887;
194302;2017-03-13_23-41-48.115;;-0.206;0.055;9.882;
194512;2017-03-13_23-41-53.123;;-0.194;0.06;9.872;
194809;2017-03-13_23-41-58.174;;-0.196;0.057;9.884;
195061;2017-03-13_23-42-03.176;;-0.196;0.057;9.884;
195313;2017-03-13_23-42-08.177;;-0.184;0.053;9.87;
195565;2017-03-13_23-42-13.180;;-0.192;0.057;9.877;
195804;2017-03-13_23-42-18.180;;-0.208;0.074;9.872;
196060;2017-03-13_23-42-24.076;;-0.204;0.06;9.865;
196366;2017-03-13_23-42-29.079;;-0.194;0.069;9.863;
196576;2017-03-13_23-42-34.081;;-0.211;0.062;9.877;
196829;2017-03-13_23-42-39.083;;-0.211;0.062;9.877;
197080;2017-03-13_23-42-44.106;;-0.194;0.079;9.87;
197377;2017-03-13_23-42-49.146;;-0.201;0.065;9.882;
197604;2017-03-13_23-42-54.148;;-0.192;0.081;9.875;
197884;2017-03-13_23-42-59.633;;-0.192;0.081;9.875;
198160;2017-03-13_23-43-04.682;;-0.187;0.067;9.879;
198412;2017-03-13_23-43-09.684;;-0.192;0.053;9.877;
198664;2017-03-13_23-43-14.686;;-0.177;0.067;9.906;
198895;2017-03-13_23-43-20.098;;-0.189;0.072;9.903;
199189;2017-03-13_23-43-25.108;;-0.168;0.072;9.887;
199408;2017-03-13_23-43-30.109;;-0.168;0.072;9.887;
199693;2017-03-13_23-43-35.117;;-0.204;0.062;9.872;
199938;2017-03-13_23-43-40.117;;-0.187;0.034;9.87;
200200;2017-03-13_23-43-45.174;;-0.187;0.034;9.87;
200455;2017-03-13_23-43-51.095;;-0.251;0.065;9.894;
200745;2017-03-13_23-43-56.097;;-0.251;0.065;9.894;
200982;2017-03-13_23-44-01.097;;-0.189;0.081;9.872;
201256;2017-03-13_23-44-06.152;;-0.177;0.069;9.872;
201511;2017-03-13_23-44-11.186;;-0.208;0.069;9.884;
201763;2017-03-13_23-44-16.189;;-0.208;0.069;9.884;
202015;2017-03-13_23-44-21.190;;-0.192;0.079;9.872;
202267;2017-03-13_23-44-26.194;;-0.194;0.062;9.87;
202520;2017-03-13_23-44-31.196;;-0.192;0.074;9.884;
202774;2017-03-13_23-44-37.082;;-0.196;0.055;9.877;
203056;2017-03-13_23-44-42.114;;-0.196;0.055;9.877;
203323;2017-03-13_23-44-47.155;;-0.199;0.062;9.882;
203578;2017-03-13_23-44-53.114;;-0.204;0.057;9.884;
203875;2017-03-13_23-44-58.124;;-0.204;0.046;9.877;
204130;2017-03-13_23-45-03.172;;-0.204;0.046;9.877;
204382;2017-03-13_23-45-08.172;;-0.172;0.081;9.872;
204637;2017-03-13_23-45-14.078;;-0.172;0.081;9.872;
204889;2017-03-13_23-45-19.080;;-0.184;0.057;9.887;
205186;2017-03-13_23-45-25.144;;-0.189;0.074;9.884;
205489;2017-03-13_23-45-30.146;;-0.182;0.053;9.872;
205741;2017-03-13_23-45-35.147;;-0.204;0.053;9.887;
205996;2017-03-13_23-45-41.087;;-0.204;0.053;9.887;
206293;2017-03-13_23-45-46.104;;-0.206;0.034;9.867;
206517;2017-03-13_23-45-51.107;;-0.177;0.074;9.877;
206776;2017-03-13_23-45-56.107;;-0.151;0.048;9.877;
207044;2017-03-13_23-46-01.108;;-0.151;0.048;9.877;
207301;2017-03-13_23-46-06.111;;-0.218;0.069;9.891;
207550;2017-03-13_23-46-12.151;;-0.208;0.048;9.887;
207859;2017-03-13_23-46-17.184;;-0.165;-0.043;9.822;
208111;2017-03-13_23-46-22.187;;-0.204;0.026;9.87;
208363;2017-03-13_23-46-27.190;;-0.204;0.026;9.87;
208615;2017-03-13_23-46-32.193;;-0.196;0.057;9.884;
208870;2017-03-13_23-46-38.090;;-0.196;0.057;9.884;
209122;2017-03-13_23-46-43.091;;-0.184;0.041;9.872;
209377;2017-03-13_23-46-48.145;;-0.196;0.065;9.889;
209671;2017-03-13_23-46-53.151;;-0.18;0.086;9.882;
209923;2017-03-13_23-46-58.152;;-0.18;0.086;9.882;
210138;2017-03-13_23-47-03.150;;-0.204;0.01;9.884;
210427;2017-03-13_23-47-08.161;;-0.22;0.038;9.875;
210682;2017-03-13_23-47-13.218;;-0.182;0.067;9.867;
210934;2017-03-13_23-47-19.114;;-0.192;0.057;9.887;
211234;2017-03-13_23-47-24.176;;-0.192;0.057;9.887;
211486;2017-03-13_23-47-29.180;;-0.194;0.048;9.877;
211738;2017-03-13_23-47-34.183;;-0.196;0.055;9.891;
211993;2017-03-13_23-47-39.241;;-0.216;0.038;9.887;
212245;2017-03-13_23-47-45.088;;-0.189;0.06;9.889;
212542;2017-03-13_23-47-50.142;;-0.192;0.057;9.879;
212795;2017-03-13_23-47-55.143;;-0.204;0.048;9.887;
213046;2017-03-13_23-48-00.149;;-0.204;0.048;9.887;
213301;2017-03-13_23-48-05.469;;-0.194;0.053;9.887;
213553;2017-03-13_23-48-11.084;;-0.182;0.072;9.877;
213805;2017-03-13_23-48-16.089;;-0.182;0.072;9.877;
214065;2017-03-13_23-48-21.089;;-0.168;0.079;9.867;
214354;2017-03-13_23-48-26.111;;-0.216;0.072;9.899;
214597;2017-03-13_23-48-31.112;;-0.187;0.067;9.87;
214829;2017-03-13_23-48-36.113;;-0.187;0.067;9.87;
215086;2017-03-13_23-48-41.142;;-0.187;0.05;9.879;
215365;2017-03-13_23-48-46.179;;-0.211;0.065;9.872;
215620;2017-03-13_23-48-52.114;;-0.216;0.046;9.887;
215872;2017-03-13_23-48-57.128;;-0.201;0.05;9.87;
216169;2017-03-13_23-49-02.139;;-0.201;0.05;9.87;
216421;2017-03-13_23-49-07.140;;-0.211;0.062;9.887;
216673;2017-03-13_23-49-12.144;;-0.216;0.072;9.896;
216928;2017-03-13_23-49-18.078;;-0.199;0.101;9.884;
217180;2017-03-13_23-49-23.099;;-0.199;0.101;9.884;
217480;2017-03-13_23-49-28.117;;-0.196;0.024;9.867;
217732;2017-03-13_23-49-33.119;;-0.072;0.048;9.822;
217982;2017-03-13_23-49-38.123;;-0.196;0.081;9.889;
218192;2017-03-13_23-49-43.165;;-0.199;0.065;9.867;
218489;2017-03-13_23-49-48.183;;-0.199;0.065;9.867;
218741;2017-03-13_23-49-53.184;;-0.184;0.077;9.875;
218993;2017-03-13_23-49-58.186;;-0.184;0.077;9.875;
219245;2017-03-13_23-50-04.148;;-0.189;0.069;9.884;
219548;2017-03-13_23-50-09.201;;-0.189;0.069;9.884;
219800;2017-03-13_23-50-14.201;;-0.194;0.062;9.87;
220052;2017-03-13_23-50-19.207;;-0.194;0.067;9.901;
220307;2017-03-13_23-50-25.113;;-0.204;0.057;9.875;
220559;2017-03-13_23-50-30.115;;-0.196;0.048;9.872;
220835;2017-03-13_23-50-35.116;;-0.196;0.048;9.872;
221107;2017-03-13_23-50-40.120;;-0.206;0.055;9.894;
221317;2017-03-13_23-50-45.121;;-0.199;0.05;9.86;
221598;2017-03-13_23-50-50.129;;-0.18;0.046;9.87;
221864;2017-03-13_23-50-55.169;;-0.18;0.046;9.87;
222116;2017-03-13_23-51-00.171;;-0.201;0.065;9.863;
222368;2017-03-13_23-51-05.172;;-0.194;0.065;9.882;
222620;2017-03-13_23-51-10.174;;-0.201;0.06;9.865;
222872;2017-03-13_23-51-15.175;;-0.189;0.057;9.877;
223124;2017-03-13_23-51-20.177;;-0.189;0.057;9.877;
223376;2017-03-13_23-51-25.181;;-0.208;0.057;9.87;
223628;2017-03-13_23-51-30.182;;-0.201;0.067;9.891;
223883;2017-03-13_23-51-35.242;;-0.194;0.046;9.867;
224135;2017-03-13_23-51-40.244;;-0.213;0.062;9.858;
224387;2017-03-13_23-51-46.080;;-0.201;0.05;9.887;
224657;2017-03-13_23-51-51.131;;-0.201;0.05;9.887;
224936;2017-03-13_23-51-56.140;;-0.192;0.057;9.877;
225188;2017-03-13_23-52-01.144;;-0.208;0.067;9.87;
225427;2017-03-13_23-52-06.145;;-0.218;0.062;9.872;
225692;2017-03-13_23-52-11.149;;-0.218;0.062;9.872;
225944;2017-03-13_23-52-16.152;;-0.189;0.065;9.87;
226197;2017-03-13_23-52-21.152;;-0.204;0.055;9.858;
226451;2017-03-13_23-52-27.076;;-0.194;0.053;9.848;
226748;2017-03-13_23-52-32.109;;-0.187;0.046;9.867;
226970;2017-03-13_23-52-37.110;;-0.187;0.046;9.867;
227252;2017-03-13_23-52-42.112;;-0.204;0.057;9.879;
227463;2017-03-13_23-52-47.113;;-0.216;0.06;9.853;
227756;2017-03-13_23-52-52.121;;-0.201;0.06;9.877;
228003;2017-03-13_23-52-57.122;;-0.201;0.06;9.877;
228263;2017-03-13_23-53-02.179;;-0.208;0.072;9.882;
228515;2017-03-13_23-53-07.180;;-0.208;0.072;9.882;
228769;2017-03-13_23-53-12.184;;-0.177;0.098;9.858;
229021;2017-03-13_23-53-18.124;;-0.177;0.098;9.858;
229320;2017-03-13_23-53-23.125;;-0.196;0.108;9.875;
229573;2017-03-13_23-53-29.116;;-0.187;0.086;9.867;
229848;2017-03-13_23-53-34.117;;-0.175;0.086;9.867;
230082;2017-03-13_23-53-39.125;;-0.189;0.101;9.87;
230377;2017-03-13_23-53-44.144;;-0.17;0.093;9.87;
230629;2017-03-13_23-53-49.156;;-0.117;0.163;9.86;
230884;2017-03-13_23-53-54.204;;-0.117;0.163;9.86;
231136;2017-03-13_23-53-59.207;;-0.177;0.105;9.865;
231388;2017-03-13_23-54-04.212;;-0.194;0.105;9.875;
231640;2017-03-13_23-54-09.214;;-0.187;0.125;9.879;
231892;2017-03-13_23-54-15.097;;-0.165;0.125;9.879;
232189;2017-03-13_23-54-20.111;;-0.165;0.108;9.872;
232409;2017-03-13_23-54-25.114;;-0.187;0.125;9.863;
232693;2017-03-13_23-54-30.117;;-0.17;0.113;9.856;
232948;2017-03-13_23-54-35.176;;-0.206;0.105;9.863;
233200;2017-03-13_23-54-40.180;;-0.194;0.091;9.863;
233455;2017-03-13_23-54-46.087;;-0.196;0.084;9.856;
233724;2017-03-13_23-54-51.092;;-0.196;0.084;9.856;
233959;2017-03-13_23-54-56.111;;-0.091;0.103;9.836;
234257;2017-03-13_23-55-01.120;;-0.168;0.129;9.879;
234508;2017-03-13_23-55-06.141;;-0.18;0.12;9.879;
234760;2017-03-13_23-55-11.143;;-0.18;0.12;9.879;
235012;2017-03-13_23-55-16.145;;-0.168;0.117;9.882;
235264;2017-03-13_23-55-21.148;;-0.163;0.117;9.867;
235489;2017-03-13_23-55-26.149;;-0.177;0.11;9.877;
235768;2017-03-13_23-55-31.153;;-0.177;0.11;9.877;
236020;2017-03-13_23-55-36.156;;-0.163;0.134;9.863;
236272;2017-03-13_23-55-41.158;;-0.211;0.098;9.879;
236527;2017-03-13_23-55-47.116;;-0.187;0.132;9.884;
236786;2017-03-13_23-55-52.116;;-0.187;0.132;9.884;
237076;2017-03-13_23-55-57.118;;-0.206;0.115;9.877;
237328;2017-03-13_23-56-02.119;;-0.182;0.117;9.882;
237556;2017-03-13_23-56-07.149;;-0.17;0.122;9.877;
237835;2017-03-13_23-56-12.181;;-0.177;0.115;9.872;
238087;2017-03-13_23-56-17.183;;-0.177;0.115;9.872;
238327;2017-03-13_23-56-22.184;;-0.175;0.129;9.87;
238591;2017-03-13_23-56-27.186;;-0.187;0.098;9.872;
238843;2017-03-13_23-56-32.190;;-0.172;0.117;9.872;
239095;2017-03-13_23-56-37.191;;-0.172;0.117;9.872;
239347;2017-03-13_23-56-42.197;;-0.137;0.113;9.858;
239602;2017-03-13_23-56-47.254;;-0.172;0.12;9.865;
239854;2017-03-13_23-56-53.124;;-0.158;0.113;9.86;
240118;2017-03-13_23-56-58.125;;-0.158;0.113;9.86;
240403;2017-03-13_23-57-03.155;;-0.175;0.127;9.879;
240655;2017-03-13_23-57-08.160;;-0.168;0.117;9.879;
240907;2017-03-13_23-57-13.160;;-0.17;0.132;9.865;
241159;2017-03-13_23-57-18.167;;-0.17;0.132;9.865;
241414;2017-03-13_23-57-23.223;;-0.168;0.105;9.882;
241668;2017-03-13_23-57-28.223;;-0.172;0.11;9.872;
241918;2017-03-13_23-57-33.908;;-0.182;0.127;9.865;
242170;2017-03-13_23-57-39.079;;-0.165;0.117;9.863;
242446;2017-03-13_23-57-44.136;;-0.172;0.137;9.875;
242722;2017-03-13_23-57-49.184;;-0.172;0.137;9.875;
242974;2017-03-13_23-57-54.185;;-0.16;0.127;9.882;
243226;2017-03-13_23-57-59.188;;-0.16;0.127;9.882;
243478;2017-03-13_23-58-04.188;;-0.194;0.105;9.882;
243730;2017-03-13_23-58-09.190;;-0.194;0.105;9.882;
243982;2017-03-13_23-58-15.095;;-0.168;0.117;9.863;
244282;2017-03-13_23-58-20.148;;-0.165;0.127;9.87;
244536;2017-03-13_23-58-25.150;;-0.17;0.122;9.884;
244786;2017-03-13_23-58-30.152;;-0.177;0.122;9.875;
245038;2017-03-13_23-58-35.154;;-0.177;0.122;9.875;
245290;2017-03-13_23-58-40.156;;-0.187;0.122;9.877;
245497;2017-03-13_23-58-45.166;;-0.17;0.122;9.858;
245797;2017-03-13_23-58-50.215;;-0.182;0.12;9.882;
246049;2017-03-13_23-58-56.087;;-0.182;0.12;9.882;
246346;2017-03-13_23-59-01.114;;-0.175;0.117;9.875;
246591;2017-03-13_23-59-06.116;;-0.18;0.115;9.87;
246850;2017-03-13_23-59-11.133;;-0.18;0.132;9.879;
247105;2017-03-13_23-59-16.177;;-0.18;0.137;9.879;
247357;2017-03-13_23-59-21.183;;-0.18;0.137;9.879;
247612;2017-03-13_23-59-27.083;;-0.132;0.137;9.86;
247865;2017-03-13_23-59-32.092;;-0.132;0.137;9.86;
248121;2017-03-13_23-59-37.095;;-0.144;0.139;9.872;
248412;2017-03-13_23-59-42.122;;-0.148;0.151;9.884;
248661;2017-03-13_23-59-48.116;;-0.148;0.139;9.87;
248962;2017-03-13_23-59-53.117;;-0.148;0.139;9.87;
249199;2017-03-13_23-59-58.118;;-0.146;0.129;9.889;
249471;2017-03-14_00-00-03.140;;-0.201;0.132;9.896;
249726;2017-03-14_00-00-08.198;;-0.132;0.132;9.867;
249978;2017-03-14_00-00-14.089;;-0.144;0.139;9.877;
250257;2017-03-14_00-00-19.104;;-0.144;0.139;9.877;
250530;2017-03-14_00-00-24.155;;-0.158;0.132;9.863;
250778;2017-03-14_00-00-29.156;;-0.158;0.132;9.863;
251034;2017-03-14_00-00-34.157;;-0.285;0.022;9.853;
251286;2017-03-14_00-00-39.158;;-0.17;0.132;9.877;
251538;2017-03-14_00-00-44.162;;-0.16;0.146;9.875;
251791;2017-03-14_00-00-49.164;;-0.175;0.12;9.887;
252042;2017-03-14_00-00-54.166;;-0.175;0.12;9.887;
252297;2017-03-14_00-00-59.434;;-0.17;0.115;9.865;
252561;2017-03-14_00-01-04.465;;-0.17;0.122;9.872;
252801;2017-03-14_00-01-10.098;;-0.177;0.146;9.879;
253059;2017-03-14_00-01-15.099;;-0.156;0.134;9.875;
253350;2017-03-14_00-01-20.126;;-0.156;0.134;9.875;
253603;2017-03-14_00-01-25.127;;-0.158;0.129;9.875;
253821;2017-03-14_00-01-30.128;;-0.153;0.115;9.863;
254106;2017-03-14_00-01-35.130;;-0.153;0.115;9.863;
254358;2017-03-14_00-01-40.134;;-0.165;0.125;9.86;
254577;2017-03-14_00-01-45.177;;-0.184;0.115;9.863;
254865;2017-03-14_00-01-51.101;;-0.187;0.134;9.891;
255127;2017-03-14_00-01-56.102;;-0.153;0.125;9.875;
255417;2017-03-14_00-02-01.150;;-0.153;0.125;9.875;
255669;2017-03-14_00-02-06.152;;-0.184;0.141;9.872;
255924;2017-03-14_00-02-12.087;;-0.184;0.141;9.872;
256176;2017-03-14_00-02-17.095;;-0.172;0.127;9.879;
256473;2017-03-14_00-02-22.112;;-0.17;0.132;9.877;
256683;2017-03-14_00-02-27.115;;-0.153;0.12;9.863;
256966;2017-03-14_00-02-32.116;;-0.153;0.12;9.863;
257199;2017-03-14_00-02-37.117;;-0.165;0.137;9.889;
257482;2017-03-14_00-02-42.118;;-0.172;0.11;9.865;
257733;2017-03-14_00-02-47.122;;-0.165;0.11;9.882;
257988;2017-03-14_00-02-52.177;;-0.165;0.11;9.882;
258228;2017-03-14_00-02-58.093;;-0.216;0.122;9.901;
258540;2017-03-14_00-03-03.135;;-0.177;0.115;9.879;
258795;2017-03-14_00-03-09.077;;-0.172;0.127;9.867;
259092;2017-03-14_00-03-14.092;;-0.187;0.113;9.875;
259301;2017-03-14_00-03-19.092;;-0.187;0.113;9.875;
259597;2017-03-14_00-03-24.095;;-0.177;0.137;9.877;
259828;2017-03-14_00-03-29.096;;-0.158;0.113;9.865;
260064;2017-03-14_00-03-34.100;;-0.17;0.108;9.872;
260309;2017-03-14_00-03-39.102;;-0.17;0.108;9.872;
260606;2017-03-14_00-03-44.104;;-0.177;0.125;9.877;
260856;2017-03-14_00-03-49.107;;-0.177;0.125;9.877;
261111;2017-03-14_00-03-54.165;;-0.168;0.125;9.87;
261363;2017-03-14_00-03-59.167;;-0.184;0.12;9.875;
261615;2017-03-14_00-04-04.168;;-0.175;0.129;9.872;
261868;2017-03-14_00-04-09.170;;-0.194;0.093;9.877;
262119;2017-03-14_00-04-14.171;;-0.194;0.093;9.877;
262371;2017-03-14_00-04-19.175;;-0.165;0.117;9.856;
262626;2017-03-14_00-04-24.195;;-0.17;0.101;9.877;
262878;2017-03-14_00-04-29.199;;-0.163;0.115;9.903;
263130;2017-03-14_00-04-34.201;;-0.16;0.117;9.872;
263381;2017-03-14_00-04-40.127;;-0.172;0.132;9.872;
263642;2017-03-14_00-04-45.128;;-0.172;0.139;9.87;
263888;2017-03-14_00-04-50.139;;-0.172;0.139;9.87;
264185;2017-03-14_00-04-55.180;;-0.146;0.129;9.882;
264437;2017-03-14_00-05-00.183;;-0.165;0.134;9.863;
264689;2017-03-14_00-05-05.184;;-0.189;0.151;9.877;
264944;2017-03-14_00-05-11.100;;-0.211;0.067;9.87;
265196;2017-03-14_00-05-16.114;;-0.211;0.067;9.87;
265448;2017-03-14_00-05-21.125;;-0.163;0.103;9.86;
265745;2017-03-14_00-05-26.148;;-0.151;0.125;9.882;
265997;2017-03-14_00-05-31.149;;-0.172;0.101;9.858;
266249;2017-03-14_00-05-36.155;;-0.175;0.101;9.872;
266504;2017-03-14_00-05-41.216;;-0.165;0.12;9.863;
266756;2017-03-14_00-05-46.219;;-0.172;0.132;9.879;
267008;2017-03-14_00-05-51.221;;-0.189;0.127;9.882;
267260;2017-03-14_00-05-56.224;;-0.168;0.113;9.853;
267514;2017-03-14_00-06-01.225;;-0.17;0.117;9.856;
267764;2017-03-14_00-06-06.227;;-0.17;0.113;9.875;
268016;2017-03-14_00-06-11.231;;-0.194;0.12;9.863;
268268;2017-03-14_00-06-16.234;;-0.125;0.125;9.822;
268520;2017-03-14_00-06-21.236;;-0.151;0.177;9.877;
268774;2017-03-14_00-06-26.238;;-0.175;0.148;9.87;
269025;2017-03-14_00-06-32.121;;-0.194;0.148;9.899;
269277;2017-03-14_00-06-37.164;;-0.163;0.158;9.882;
269577;2017-03-14_00-06-42.219;;-0.146;0.141;9.87;
269832;2017-03-14_00-06-48.090;;-0.16;0.151;9.865;
270084;2017-03-14_00-06-53.124;;-0.153;0.151;9.882;
270364;2017-03-14_00-06-58.125;;-0.153;0.151;9.882;
270633;2017-03-14_00-07-03.184;;-0.168;0.148;9.851;
270888;2017-03-14_00-07-09.103;;-0.156;0.156;9.884;
271140;2017-03-14_00-07-14.111;;-0.151;0.151;9.889;
271393;2017-03-14_00-07-19.112;;-0.151;0.151;9.889;
271689;2017-03-14_00-07-24.146;;-0.144;0.158;9.877;
271935;2017-03-14_00-07-30.102;;-0.153;0.151;9.858;
272198;2017-03-14_00-07-35.103;;-0.177;0.146;9.891;
272452;2017-03-14_00-07-40.104;;-0.177;0.146;9.891;
272745;2017-03-14_00-07-45.110;;-0.168;0.153;9.858;
272952;2017-03-14_00-07-50.134;;-0.168;0.139;9.882;
273252;2017-03-14_00-07-55.176;;-0.165;0.146;9.879;
273507;2017-03-14_00-08-01.097;;-0.153;0.146;9.86;
273792;2017-03-14_00-08-06.142;;-0.175;0.139;9.882;
274059;2017-03-14_00-08-11.191;;-0.17;0.153;9.875;
274311;2017-03-14_00-08-16.194;;-0.17;0.153;9.882;
274563;2017-03-14_00-08-21.197;;-0.184;0.182;9.908;
274811;2017-03-14_00-08-27.203;;-0.105;0.189;9.875;
275120;2017-03-14_00-08-32.213;;-0.182;0.053;9.87;
275372;2017-03-14_00-08-37.217;;-4.249;-6.045;1.918;
275624;2017-03-14_00-08-42.223;;-4.249;-6.045;1.918;
275876;2017-03-14_00-08-48.078;;-4.627;-9.276;-0.838;
276128;2017-03-14_00-08-53.106;;-4.627;-9.276;-0.838;
276388;2017-03-14_00-08-58.107;;-0.01;0.012;9.884;
276678;2017-03-14_00-09-03.182;;-1.483;3.001;9.008;
276930;2017-03-14_00-09-08.186;;0.331;0.151;3.094;
277184;2017-03-14_00-09-13.187;;-3.221;-11.151;1.154;
277437;2017-03-14_00-09-19.101;;-2.738;-11.652;-1.511;
277695;2017-03-14_00-09-24.111;;-1.959;-9.532;-1.368;
277966;2017-03-14_00-09-29.114;;-2.263;-9.214;-2.364;
278239;2017-03-14_00-09-34.118;;-2.263;-9.214;-2.364;
278474;2017-03-14_00-09-39.177;;-1.538;-9.602;1.262;
278746;2017-03-14_00-09-44.225;;-1.648;-9.594;1.073;
278998;2017-03-14_00-09-50.091;;-1.633;-9.585;1.006;
279263;2017-03-14_00-09-55.092;;-2.654;-9.391;-0.726;
279517;2017-03-14_00-10-00.094;;-2.654;-9.391;-0.726;
279800;2017-03-14_00-10-05.133;;-2.268;-9.463;-0.992;
280053;2017-03-14_00-10-10.133;;-2.268;-9.463;-0.992;
280304;2017-03-14_00-10-15.136;;-3.765;-8.991;-0.34;
280559;2017-03-14_00-10-20.153;;-3.765;-8.991;-0.34;
280809;2017-03-14_00-10-25.154;;-3.372;-9.058;-1.195;
281064;2017-03-14_00-10-30.172;;-3.372;-9.058;-1.195;
281317;2017-03-14_00-10-35.192;;-4.294;-8.057;-1.6;
281569;2017-03-14_00-10-40.194;;-4.864;-7.884;-0.002;
281821;2017-03-14_00-10-45.195;;-7.298;-6.297;-2.065;
282074;2017-03-14_00-10-50.900;;-6.043;-7.604;-2.421;
282326;2017-03-14_00-10-56.089;;-6.043;-7.604;-2.421;
282591;2017-03-14_00-11-01.090;;-2.934;-9.326;-0.309;
282874;2017-03-14_00-11-06.123;;-3.49;-9.523;-0.187;
283100;2017-03-14_00-11-11.125;;-4.412;-8.902;0.534;
283381;2017-03-14_00-11-16.136;;-4.412;-8.902;0.534;
283633;2017-03-14_00-11-21.140;;-4.146;-8.775;0.062;
283886;2017-03-14_00-11-26.155;;-2.785;-8.033;-2.304;
284139;2017-03-14_00-11-31.174;;-5.032;-8.165;-0.855;
284392;2017-03-14_00-11-36.196;;-5.671;-7.104;1.083;
284645;2017-03-14_00-11-41.209;;-5.671;-7.104;1.083;
284897;2017-03-14_00-11-46.211;;-5.552;-6.821;-2.864;
285150;2017-03-14_00-11-51.225;;-6.474;-7.643;0.63;
285396;2017-03-14_00-11-57.132;;-2.678;-5.798;-4.699;
285701;2017-03-14_00-12-02.155;;-4.256;-6.953;-2.567;
285953;2017-03-14_00-12-07.156;;-8.739;-8.011;-2.055;
286206;2017-03-14_00-12-12.169;;-5.801;-7.865;0.551;
286459;2017-03-14_00-12-17.188;;-5.801;-7.865;0.551;
286712;2017-03-14_00-12-22.204;;-6.103;-7.841;0.342;
286964;2017-03-14_00-12-27.219;;-5.595;-7.405;-1.823;
287217;2017-03-14_00-12-33.090;;-4.21;-9.293;0.996;
287469;2017-03-14_00-12-38.093;;-4.21;-9.293;0.996;
287766;2017-03-14_00-12-43.109;;-6.78;-9.341;-0.036;
288019;2017-03-14_00-12-48.127;;-9.774;-6.148;-0.683;
288272;2017-03-14_00-12-53.140;;-3.698;-5.911;0.414;
288519;2017-03-14_00-12-59.131;;-5.741;-8.114;0.273;
288827;2017-03-14_00-13-04.149;;-5.087;-9.408;0.429;
289025;2017-03-14_00-13-09.160;;1.238;-2.843;0.268;
289332;2017-03-14_00-13-14.161;;-1.15;-3.545;-0.06;
289585;2017-03-14_00-13-19.174;;-9.489;-6.285;-0.393;
289838;2017-03-14_00-13-25.096;;-5.408;-6.34;-2.014;
290103;2017-03-14_00-13-30.139;;-6.723;-6.687;-0.934;
290391;2017-03-14_00-13-35.152;;-6.167;-7.659;-0.56;
290643;2017-03-14_00-13-40.158;;-6.294;-5.329;-2.153;
290895;2017-03-14_00-13-45.162;;-4.364;-6.471;-0.553;
291148;2017-03-14_00-13-50.174;;-5.77;-8.05;0.189;
291400;2017-03-14_00-13-55.219;;-4.577;-7.243;0.16;
291656;2017-03-14_00-14-00.245;;-7.324;-6.548;0.627;
291908;2017-03-14_00-14-06.105;;-5.156;-7.674;-0.24;
292205;2017-03-14_00-14-11.124;;-6.038;-7.686;0.237;
292458;2017-03-14_00-14-16.176;;-6.285;-7.096;-2.29;
292713;2017-03-14_00-14-21.190;;-5.362;-7.755;-2.776;
292965;2017-03-14_00-14-27.111;;-5.362;-7.755;-2.776;
293262;2017-03-14_00-14-32.114;;-6.467;-6.79;-0.453;
293473;2017-03-14_00-14-37.137;;-7.08;-7.111;1.825;
293771;2017-03-14_00-14-42.162;;-6.526;-7.322;0.407;
294023;2017-03-14_00-14-47.194;;-6.658;-7.166;0.639;
294276;2017-03-14_00-14-52.196;;-5.015;-8.256;-1.739;
294530;2017-03-14_00-14-57.205;;-5.015;-8.256;-1.739;
294783;2017-03-14_00-15-02.216;;-6.388;-7.42;0.783;
295035;2017-03-14_00-15-08.108;;-6.332;-7.42;0.666;
295332;2017-03-14_00-15-13.142;;-6.443;-7.405;0.635;
295587;2017-03-14_00-15-19.082;;-6.347;-7.472;0.716;
295842;2017-03-14_00-15-24.107;;-6.347;-7.472;0.716;
296124;2017-03-14_00-15-29.108;;-6.241;-7.528;0.821;
296380;2017-03-14_00-15-34.172;;-5.645;-7.525;-2.764;
296648;2017-03-14_00-15-39.223;;-5.36;-7.662;-2.85;
296900;2017-03-14_00-15-45.126;;-5.36;-7.662;-2.85;
297200;2017-03-14_00-15-50.167;;-5.389;-7.611;-2.896;
297398;2017-03-14_00-15-55.184;;-6.744;-7.391;1.413;
297708;2017-03-14_00-16-00.192;;-5.887;-7.722;1.3;
297961;2017-03-14_00-16-06.092;;-5.887;-7.722;1.3;
298258;2017-03-14_00-16-11.093;;-6.146;-9.197;0.647;
298475;2017-03-14_00-16-16.137;;-7.072;-6.744;0.719;
298763;2017-03-14_00-16-21.146;;-7.183;-6.68;0.553;
299018;2017-03-14_00-16-26.159;;-7.566;-5.956;1.145;
299269;2017-03-14_00-16-31.176;;-7.566;-5.956;1.145;
299517;2017-03-14_00-16-36.177;;-7.547;-3.837;-0.23;
299776;2017-03-14_00-16-41.181;;-6.687;-6.941;1.76;
300029;2017-03-14_00-16-47.108;;-6.766;-6.874;1.655;
300327;2017-03-14_00-16-52.145;;-6.32;-7.152;2.247;
300568;2017-03-14_00-16-57.147;;-6.888;-6.828;1.473;
300834;2017-03-14_00-17-02.191;;-6.888;-6.828;1.473;
301089;2017-03-14_00-17-08.099;;-6.967;-6.761;1.303;
301386;2017-03-14_00-17-13.135;;-6.737;-7.101;1.257;
301641;2017-03-14_00-17-18.144;;-6.644;-7.123;-0.005;
301894;2017-03-14_00-17-23.159;;-6.644;-7.123;-0.005;
302145;2017-03-14_00-17-28.173;;-6.479;-7.365;-0.086;
302400;2017-03-14_00-17-33.228;;-4.486;-9.077;-1.962;
302653;2017-03-14_00-17-39.084;;-6.378;-7.422;0.465;
302906;2017-03-14_00-17-44.080;;-6.378;-7.422;0.465;
303158;2017-03-14_00-17-49.105;;-6.167;-6.462;0.865;
303456;2017-03-14_00-17-54.111;;-6.141;-7.597;0.613;
303707;2017-03-14_00-17-59.122;;-7.053;-7.049;-0.56;
303960;2017-03-14_00-18-04.122;;-7.053;-7.049;-0.56;
304186;2017-03-14_00-18-09.134;;-6.404;-7.214;-2.579;
304467;2017-03-14_00-18-14.140;;-5.516;-8.071;0.05;
304720;2017-03-14_00-18-19.152;;-6.325;-7.643;-0.352;
304973;2017-03-14_00-18-24.163;;-6.423;-7.341;0.647;
305226;2017-03-14_00-18-29.176;;-6.423;-7.341;0.647;
305479;2017-03-14_00-18-34.192;;-4.131;-8.189;-2.098;
305732;2017-03-14_00-18-40.071;;-5.532;-8.069;-0.158;
305986;2017-03-14_00-18-45.092;;-5.71;-7.801;1.576;
306239;2017-03-14_00-18-50.093;;-5.71;-7.801;1.576;
306534;2017-03-14_00-18-55.136;;-7.219;-6.637;0.63;
306789;2017-03-14_00-19-00.144;;-5.976;-7.741;0.038;
307042;2017-03-14_00-19-05.157;;-5.976;-7.741;0.038;
307295;2017-03-14_00-19-10.170;;-6.1;-7.666;0.17;
307547;2017-03-14_00-19-15.178;;-6.098;-7.638;0.175;
307800;2017-03-14_00-19-20.189;;-6.146;-7.65;0.165;
308051;2017-03-14_00-19-25.210;;-6.114;-7.64;0.18;
308306;2017-03-14_00-19-31.104;;-6.019;-7.714;0.115;
308558;2017-03-14_00-19-36.110;;-5.657;-7.966;-1.104;
308850;2017-03-14_00-19-42.167;;-5.794;-7.796;-0.026;
309162;2017-03-14_00-19-47.184;;-5.154;-8.205;-1.13;
309414;2017-03-14_00-19-52.212;;-5.135;-8.287;-1.035;
309669;2017-03-14_00-19-57.261;;-5.087;-8.299;-1.106;
309924;2017-03-14_00-20-02.313;;-5.099;-8.268;-1.126;
310179;2017-03-14_00-20-07.366;;-6.644;-7.164;-0.163;
310428;2017-03-14_00-20-13.078;;-8.89;-5.849;0.043;
310679;2017-03-14_00-20-18.097;;-6.114;-7.518;-1.403;
310929;2017-03-14_00-20-22.193;;-6.071;-7.566;-0.841;
311228;2017-03-14_00-20-28.146;;-6.208;-7.518;-0.369;
311481;2017-03-14_00-20-33.143;;-6.411;-7.314;-0.51;
311735;2017-03-14_00-20-38.153;;-4.603;-7.41;-2.831;
311988;2017-03-14_00-20-43.163;;-12.001;-7.554;-1.049;
312241;2017-03-14_00-20-48.178;;-12.852;-3.051;-3.394;
312494;2017-03-14_00-20-53.185;;-4.563;-7.465;-1.693;
312741;2017-03-14_00-20-58.185;;-6.002;-7.197;-2.287;
312999;2017-03-14_00-21-04.099;;-6.002;-7.197;-2.287;
313298;2017-03-14_00-21-09.114;;-8.996;-7.053;1.37;
313551;2017-03-14_00-21-14.123;;-3.159;-4.426;-2.69;
313776;2017-03-14_00-21-19.122;;-10.452;-5.226;1.411;
314056;2017-03-14_00-21-24.131;;-5.245;-10.598;-4.074;
314309;2017-03-14_00-21-29.143;;-5.245;-10.598;-4.074;
314562;2017-03-14_00-21-34.153;;-8.021;-6.96;-2.498;
314815;2017-03-14_00-21-39.164;;-5.829;-7.947;1.605;
315068;2017-03-14_00-21-44.176;;-5.829;-7.947;1.605;
315320;2017-03-14_00-21-49.213;;-6.776;-6.658;0.05;
315574;2017-03-14_00-21-55.108;;-7.544;-6.119;-1.969;
315830;2017-03-14_00-22-00.109;;-7.544;-6.119;-1.969;
316125;2017-03-14_00-22-05.117;;-7.001;-5.532;-3.31;
316378;2017-03-14_00-22-10.130;;-7.355;-5.463;-0.865;
316624;2017-03-14_00-22-15.132;;-5.997;-7.286;-2.453;
316851;2017-03-14_00-22-20.133;;-5.997;-7.286;-2.453;
317136;2017-03-14_00-22-25.145;;-7.925;-5.422;-3.408;
317389;2017-03-14_00-22-30.156;;-8.069;-8.5;-3.116;
317642;2017-03-14_00-22-35.168;;-6.182;-6.462;-4.778;
317894;2017-03-14_00-22-40.172;;-10.131;-4.73;-3.482;
318147;2017-03-14_00-22-45.183;;-10.131;-4.73;-3.482;
318400;2017-03-14_00-22-50.189;;-3.099;-7.508;-2.754;
318653;2017-03-14_00-22-55.197;;-5.087;-8.457;1.53;
318906;2017-03-14_00-23-00.208;;-3.875;-6.277;-3.485;
319158;2017-03-14_00-23-06.096;;-6.33;-7.465;-1.933;
319456;2017-03-14_00-23-11.106;;-6.558;-6.807;-0.307;
319663;2017-03-14_00-23-16.121;;-6.558;-6.807;-0.307;
319918;2017-03-14_00-23-21.164;;-7.355;-6.414;-0.412;
320216;2017-03-14_00-23-26.203;;-7.358;-6.567;-0.453;
320471;2017-03-14_00-23-31.211;;-7.537;-5.997;-1.485;
320722;2017-03-14_00-23-36.222;;-6.79;-6.131;-2.984;
320977;2017-03-14_00-23-41.238;;-6.79;-6.792;-2.924;
321230;2017-03-14_00-23-46.250;;-7.18;-6.785;-0.072;
321483;2017-03-14_00-23-51.258;;-8.244;-6.009;-0.857;
321733;2017-03-14_00-23-57.109;;-5.77;-7.805;-1.502;
321990;2017-03-14_00-24-02.107;;-8.866;-6.55;-2.666;
322238;2017-03-14_00-24-07.127;;-8.866;-6.55;-2.666;
322537;2017-03-14_00-24-12.139;;-4.445;-5.2;-0.63;
322790;2017-03-14_00-24-17.150;;-7.99;-5.418;-1.782;
323043;2017-03-14_00-24-22.162;;-7.621;-5.844;1.408;
323296;2017-03-14_00-24-27.173;;-7.621;-5.844;1.408;
323549;2017-03-14_00-24-32.189;;-7.185;-6.615;0.261;
323802;2017-03-14_00-24-37.196;;-6.143;-7.372;-2.108;
324055;2017-03-14_00-24-42.209;;-6.699;-7.228;-0.127;
324308;2017-03-14_00-24-47.220;;-6.684;-7.092;-0.448;
324561;2017-03-14_00-24-52.235;;-5.717;-6.577;-1.653;
324813;2017-03-14_00-24-58.121;;-5.717;-6.577;-1.653;
325064;2017-03-14_00-25-03.136;;-6.871;-6.864;-0.381;
325364;2017-03-14_00-25-08.140;;-6.859;-6.704;-1.279;
325575;2017-03-14_00-25-13.173;;-6.831;-6.91;0.982;
325871;2017-03-14_00-25-18.181;;-7.154;-7.947;0.165;
326124;2017-03-14_00-25-23.193;;-7.154;-7.947;0.165;
326377;2017-03-14_00-25-28.207;;-6.093;-7.47;-0.261;
326630;2017-03-14_00-25-33.217;;-6.431;-7.156;-0.783;
326882;2017-03-14_00-25-39.108;;-4.395;-10.708;-4.701;
327135;2017-03-14_00-25-44.114;;-6.673;-6.076;-4.39;
327434;2017-03-14_00-25-49.144;;-6.673;-6.076;-4.39;
327659;2017-03-14_00-25-54.144;;-8.55;-7.441;-2.721;
327912;2017-03-14_00-25-59.147;;-8.55;-7.441;-2.721;
328192;2017-03-14_00-26-04.157;;-6.519;-6.84;-0.299;
328445;2017-03-14_00-26-09.218;;-6.519;-6.84;-0.299;
328700;2017-03-14_00-26-14.220;;-6.778;-6.153;-3.803;
328952;2017-03-14_00-26-20.116;;-6.778;-6.153;-3.803;
329251;2017-03-14_00-26-25.134;;8.747;-4.431;0.297;
329504;2017-03-14_00-26-30.148;;-4.208;-9.537;-2.247;
329730;2017-03-14_00-26-35.141;;-1.875;2.096;8.385;
330009;2017-03-14_00-26-40.186;;-0.278;2.424;9.472;
