--- LOG START  --- 
126;2017-03-13_22-37-38.584;;-1.073;12.854;-9.483;
254;2017-03-13_22-37-43.629;;-0.698;13.229;-9.483;
381;2017-03-13_22-37-48.681;;-1.073;12.479;-9.483;
509;2017-03-13_22-37-53.723;;-0.323;12.854;-9.92;
636;2017-03-13_22-37-58.767;;0.052;12.854;-9.108;
764;2017-03-13_22-38-03.814;;-0.323;12.479;-9.983;
891;2017-03-13_22-38-08.860;;-0.698;13.229;-9.233;
1019;2017-03-13_22-38-13.905;;0.427;12.854;-9.233;
1146;2017-03-13_22-38-18.951;;0.052;13.229;-8.92;
1274;2017-03-13_22-38-23.998;;0.052;13.229;-9.795;
1401;2017-03-13_22-38-29.047;;-0.698;12.479;-8.545;
1527;2017-03-13_22-38-34.048;;-0.01;13.229;-8.983;
1655;2017-03-13_22-38-39.081;;-0.385;12.854;-9.42;
1781;2017-03-13_22-38-44.082;;-0.385;12.479;-9.858;
1908;2017-03-13_22-38-49.120;;0.74;12.854;-9.045;
2034;2017-03-13_22-38-54.122;;-0.01;13.604;-9.483;
2162;2017-03-13_22-38-59.161;;-0.01;13.229;-7.92;
2289;2017-03-13_22-39-04.211;;-0.01;13.167;-7.92;
2417;2017-03-13_22-39-09.265;;-0.01;13.542;-8.795;
2544;2017-03-13_22-39-14.310;;-0.385;13.542;-9.17;
2672;2017-03-13_22-39-19.360;;0.365;12.792;-8.358;
2799;2017-03-13_22-39-24.410;;-0.385;13.542;-8.42;
2927;2017-03-13_22-39-29.458;;-0.01;13.542;-8.795;
3054;2017-03-13_22-39-34.510;;-0.01;12.104;-8.42;
3182;2017-03-13_22-39-39.565;;-0.01;13.917;-8.045;
3302;2017-03-13_22-39-45.132;;0.365;13.167;-8.858;
3449;2017-03-13_22-39-50.140;;-1.885;12.417;-8.92;
3576;2017-03-13_22-39-55.201;;-1.885;12.417;-8.92;
3704;2017-03-13_22-40-00.238;;-1.135;12.417;-9.733;
3830;2017-03-13_22-40-06.114;;0.74;13.542;-8.545;
3971;2017-03-13_22-40-11.115;;0.74;13.542;-8.545;
4106;2017-03-13_22-40-16.170;;-0.01;13.167;-8.17;
4214;2017-03-13_22-40-21.190;;-1.51;13.167;-9.795;
4359;2017-03-13_22-40-26.678;;-1.135;13.167;-8.608;
4487;2017-03-13_22-40-32.120;;-1.51;13.542;-8.608;
4611;2017-03-13_22-40-37.160;;-0.01;13.167;-8.17;
4743;2017-03-13_22-40-42.205;;0.365;13.542;-8.233;
4890;2017-03-13_22-40-48.146;;-0.01;13.167;-9.858;
5040;2017-03-13_22-40-54.105;;-0.385;13.167;-9.045;
5190;2017-03-13_22-40-59.142;;-0.385;13.167;-9.045;
5318;2017-03-13_22-41-04.795;;13.365;-8.771;-12.295;
5459;2017-03-13_22-41-09.799;;6.302;-7.646;-13.483;
5587;2017-03-13_22-41-14.852;;3.365;12.792;-9.358;
5714;2017-03-13_22-41-19.906;;4.115;13.542;-10.108;
5842;2017-03-13_22-41-24.954;;2.615;13.167;-10.108;
5969;2017-03-13_22-41-30.008;;4.802;14.292;-8.92;
6095;2017-03-13_22-41-35.012;;4.052;13.542;-8.545;
6223;2017-03-13_22-41-40.055;;2.99;13.917;-8.983;
6350;2017-03-13_22-41-45.106;;3.302;13.542;-8.983;
6476;2017-03-13_22-41-50.107;;3.302;14.292;-9.045;
6604;2017-03-13_22-41-55.149;;3.677;13.167;-8.608;
6731;2017-03-13_22-42-00.201;;3.677;13.542;-8.67;
6859;2017-03-13_22-42-05.264;;4.427;13.917;-9.483;
6986;2017-03-13_22-42-10.313;;3.302;14.292;-9.108;
7114;2017-03-13_22-42-15.360;;2.552;13.542;-7.045;
7241;2017-03-13_22-42-20.416;;3.302;13.917;-9.108;
7369;2017-03-13_22-42-25.469;;4.427;14.292;-9.545;
7496;2017-03-13_22-42-30.527;;3.302;13.542;-9.545;
7624;2017-03-13_22-42-35.579;;4.427;13.917;-9.545;
7751;2017-03-13_22-42-40.626;;4.052;13.167;-7.108;
7878;2017-03-13_22-42-45.626;;4.052;13.917;-7.983;
8005;2017-03-13_22-42-50.679;;3.302;13.542;-9.608;
8132;2017-03-13_22-42-55.731;;3.302;13.167;-7.545;
8260;2017-03-13_22-43-00.783;;3.302;13.917;-7.983;
8387;2017-03-13_22-43-05.848;;3.677;14.292;-7.608;
8515;2017-03-13_22-43-10.890;;3.302;14.292;-7.983;
8620;2017-03-13_22-43-16.163;;4.052;13.167;-8.858;
8774;2017-03-13_22-43-21.178;;4.052;13.542;-8.795;
8902;2017-03-13_22-43-26.231;;3.677;13.167;-9.608;
9029;2017-03-13_22-43-32.173;;2.552;13.542;-9.608;
9178;2017-03-13_22-43-38.137;;4.052;13.917;-8.858;
9307;2017-03-13_22-43-43.163;;4.052;13.917;-8.42;
9431;2017-03-13_22-43-48.193;;3.302;13.917;-8.045;
9557;2017-03-13_22-43-53.200;;4.052;13.542;-8.858;
9709;2017-03-13_22-43-58.216;;4.052;13.542;-8.858;
9835;2017-03-13_22-44-03.221;;4.052;14.292;-7.67;
9962;2017-03-13_22-44-08.756;;4.052;13.167;-10.108;
10102;2017-03-13_22-44-13.797;;4.052;13.542;-8.483;
10214;2017-03-13_22-44-19.119;;4.052;13.542;-8.045;
10363;2017-03-13_22-44-24.150;;3.677;13.917;-8.92;
10490;2017-03-13_22-44-30.158;;3.677;13.917;-8.92;
10642;2017-03-13_22-44-35.210;;4.052;13.542;-8.045;
10769;2017-03-13_22-44-40.267;;4.427;13.167;-9.295;
10895;2017-03-13_22-44-46.109;;3.302;13.542;-8.483;
11044;2017-03-13_22-44-51.149;;3.302;13.167;-8.108;
11171;2017-03-13_22-44-56.197;;3.677;13.917;-8.545;
11297;2017-03-13_22-45-01.199;;3.677;13.917;-8.545;
11425;2017-03-13_22-45-07.157;;4.052;13.542;-8.92;
11575;2017-03-13_22-45-12.197;;2.552;13.167;-8.983;
11702;2017-03-13_22-45-18.125;;2.552;13.167;-8.983;
11851;2017-03-13_22-45-23.144;;4.052;13.542;-9.795;
11978;2017-03-13_22-45-28.193;;3.302;13.917;-8.545;
12105;2017-03-13_22-45-33.195;;4.052;13.542;-8.608;
12232;2017-03-13_22-45-39.117;;4.052;13.542;-7.358;
12380;2017-03-13_22-45-44.141;;3.677;13.917;-8.608;
12484;2017-03-13_22-45-49.175;;4.052;13.542;-8.17;
12608;2017-03-13_22-45-54.206;;4.427;12.792;-9.045;
12761;2017-03-13_22-45-59.240;;4.427;12.792;-9.045;
12887;2017-03-13_22-46-04.241;;4.052;13.917;-8.233;
13015;2017-03-13_22-46-09.290;;4.802;13.917;-9.045;
13142;2017-03-13_22-46-14.357;;2.177;13.167;-9.045;
13270;2017-03-13_22-46-19.408;;3.677;14.292;-8.608;
13397;2017-03-13_22-46-24.466;;4.052;14.667;-9.42;
13517;2017-03-13_22-46-30.109;;4.427;14.604;-7.858;
13645;2017-03-13_22-46-35.120;;4.427;14.604;-7.858;
13793;2017-03-13_22-46-40.162;;3.677;13.542;-8.67;
13921;2017-03-13_22-46-45.218;;3.677;13.917;-7.858;
14047;2017-03-13_22-46-50.221;;2.927;13.917;-8.67;
14173;2017-03-13_22-46-56.115;;4.052;13.917;-7.42;
14300;2017-03-13_22-47-01.138;;2.927;13.542;-8.67;
14441;2017-03-13_22-47-06.151;;4.427;13.542;-8.67;
14575;2017-03-13_22-47-11.157;;3.677;13.917;-7.045;
14702;2017-03-13_22-47-17.109;;2.177;13.167;-9.858;
14852;2017-03-13_22-47-22.162;;4.052;13.917;-7.483;
14980;2017-03-13_22-47-28.136;;2.927;13.542;-9.483;
15130;2017-03-13_22-47-33.163;;4.427;13.917;-9.483;
15257;2017-03-13_22-47-38.258;;4.052;13.917;-7.045;
15385;2017-03-13_22-47-43.278;;4.052;13.917;-7.045;
15512;2017-03-13_22-47-48.335;;4.052;14.229;-8.295;
15637;2017-03-13_22-47-54.120;;4.052;13.542;-8.295;
15774;2017-03-13_22-47-59.122;;3.677;14.229;-8.295;
15911;2017-03-13_22-48-04.167;;4.427;13.167;-7.483;
16018;2017-03-13_22-48-09.173;;4.052;13.167;-9.108;
16165;2017-03-13_22-48-14.204;;4.427;13.542;-9.108;
16292;2017-03-13_22-48-20.145;;4.052;14.229;-8.295;
16441;2017-03-13_22-48-25.159;;3.677;14.229;-8.295;
16538;2017-03-13_22-48-30.178;;4.802;14.229;-8.295;
16694;2017-03-13_22-48-36.186;;3.677;13.542;-9.483;
16822;2017-03-13_22-48-41.196;;4.052;13.167;-6.67;
16967;2017-03-13_22-48-47.236;;4.052;13.167;-8.295;
17100;2017-03-13_22-48-52.237;;4.052;14.229;-7.92;
17251;2017-03-13_22-48-57.287;;4.052;14.229;-7.92;
17378;2017-03-13_22-49-02.336;;3.677;14.229;-9.108;
17503;2017-03-13_22-49-08.140;;4.802;13.542;-7.92;
17651;2017-03-13_22-49-13.157;;4.052;13.917;-9.108;
17779;2017-03-13_22-49-18.221;;3.302;13.542;-8.733;
17906;2017-03-13_22-49-23.270;;4.052;13.167;-8.295;
18033;2017-03-13_22-49-28.288;;3.677;13.542;-9.545;
18159;2017-03-13_22-49-34.109;;3.677;14.604;-7.858;
18283;2017-03-13_22-49-39.134;;2.552;13.167;-9.92;
18433;2017-03-13_22-49-45.209;;4.427;14.604;-8.295;
18586;2017-03-13_22-49-50.254;;4.052;13.167;-7.92;
18714;2017-03-13_22-49-55.299;;2.927;13.167;-8.295;
18841;2017-03-13_22-50-00.360;;2.927;13.917;-8.358;
18964;2017-03-13_22-50-06.116;;2.927;13.917;-8.358;
19113;2017-03-13_22-50-11.129;;4.052;13.917;-8.733;
19240;2017-03-13_22-50-16.183;;2.927;13.542;-7.92;
19366;2017-03-13_22-50-21.190;;4.052;14.229;-9.545;
19494;2017-03-13_22-50-26.235;;4.052;13.854;-8.358;
19620;2017-03-13_22-50-31.238;;4.74;13.542;-7.92;
19747;2017-03-13_22-50-36.300;;4.427;13.854;-7.545;
19875;2017-03-13_22-50-41.357;;3.302;14.604;-7.983;
19999;2017-03-13_22-50-47.157;;3.302;14.604;-7.983;
20148;2017-03-13_22-50-52.180;;4.052;14.979;-8.358;
20275;2017-03-13_22-50-58.098;;3.677;13.542;-8.42;
20401;2017-03-13_22-51-03.192;;3.677;13.542;-8.42;
20548;2017-03-13_22-51-08.192;;4.365;13.854;-7.17;
20679;2017-03-13_22-51-13.242;;2.927;13.854;-10.795;
20805;2017-03-13_22-51-19.143;;3.677;13.167;-7.983;
20955;2017-03-13_22-51-24.184;;3.302;13.167;-8.795;
21082;2017-03-13_22-51-29.470;;3.677;13.167;-9.17;
21210;2017-03-13_22-51-35.108;;3.302;13.542;-9.17;
21357;2017-03-13_22-51-40.150;;3.302;13.542;-9.17;
21484;2017-03-13_22-51-45.185;;2.552;12.792;-8.795;
21610;2017-03-13_22-51-50.190;;4.052;14.229;-8.795;
21738;2017-03-13_22-51-56.124;;2.927;13.167;-7.608;
21886;2017-03-13_22-52-01.138;;3.302;13.854;-9.983;
22004;2017-03-13_22-52-06.138;;3.302;13.854;-9.983;
22140;2017-03-13_22-52-11.195;;3.302;13.479;-8.795;
22267;2017-03-13_22-52-16.245;;3.302;13.479;-8.795;
22395;2017-03-13_22-52-21.305;;3.302;13.479;-8.045;
22520;2017-03-13_22-52-26.242;;4.052;13.854;-7.608;
22669;2017-03-13_22-52-32.193;;4.365;14.229;-8.42;
22792;2017-03-13_22-52-38.168;;3.677;13.479;-8.858;
22921;2017-03-13_22-52-43.189;;3.99;14.229;-8.858;
23049;2017-03-13_22-52-48.215;;3.99;13.854;-8.045;
23200;2017-03-13_22-52-53.255;;2.927;12.792;-8.858;
23328;2017-03-13_22-52-58.311;;2.927;13.854;-8.045;
23446;2017-03-13_22-53-04.110;;2.927;13.854;-8.045;
23599;2017-03-13_22-53-09.301;;4.74;14.229;-7.233;
23730;2017-03-13_22-53-15.117;;3.99;13.854;-9.295;
23854;2017-03-13_22-53-20.226;;3.99;13.854;-9.295;
24007;2017-03-13_22-53-25.265;;3.615;13.479;-8.108;
24133;2017-03-13_22-53-30.267;;3.99;13.854;-8.483;
24261;2017-03-13_22-53-35.325;;3.99;13.479;-8.483;
24385;2017-03-13_22-53-40.512;;3.677;13.854;-8.045;
24513;2017-03-13_22-53-46.168;;4.365;13.167;-7.67;
24661;2017-03-13_22-53-51.209;;3.677;13.854;-7.67;
24789;2017-03-13_22-53-56.262;;1.802;13.854;-10.483;
24916;2017-03-13_22-54-02.146;;2.177;13.854;-8.045;
25041;2017-03-13_22-54-07.162;;2.177;13.854;-8.045;
25191;2017-03-13_22-54-12.217;;4.365;13.104;-8.483;
25318;2017-03-13_22-54-17.266;;4.365;13.479;-8.483;
25443;2017-03-13_22-54-23.194;;2.552;13.854;-8.858;
25594;2017-03-13_22-54-28.214;;2.552;13.854;-8.858;
25720;2017-03-13_22-54-33.222;;3.99;13.854;-8.483;
25848;2017-03-13_22-54-39.143;;3.677;13.854;-9.233;
25996;2017-03-13_22-54-44.164;;3.99;14.229;-7.67;
26124;2017-03-13_22-54-49.219;;4.365;13.479;-8.483;
26247;2017-03-13_22-54-55.172;;3.99;14.604;-8.858;
26400;2017-03-13_22-55-00.173;;3.302;13.479;-7.295;
26527;2017-03-13_22-55-05.227;;2.552;13.479;-8.858;
26653;2017-03-13_22-55-10.228;;4.74;13.854;-7.295;
26781;2017-03-13_22-55-15.539;;3.302;13.854;-8.108;
26907;2017-03-13_22-55-21.123;;3.99;13.854;-8.483;
27034;2017-03-13_22-55-26.145;;4.365;14.229;-7.67;
27181;2017-03-13_22-55-31.174;;4.365;14.229;-7.67;
27307;2017-03-13_22-55-36.176;;4.365;14.229;-8.108;
27433;2017-03-13_22-55-41.415;;3.99;13.479;-8.92;
27567;2017-03-13_22-55-46.466;;3.99;13.854;-8.92;
27694;2017-03-13_22-55-51.526;;3.99;14.604;-8.483;
27822;2017-03-13_22-55-56.580;;3.99;13.854;-8.545;
27939;2017-03-13_22-56-02.122;;3.615;13.854;-7.733;
28087;2017-03-13_22-56-07.122;;4.365;13.854;-8.545;
28215;2017-03-13_22-56-12.178;;2.552;13.854;-8.545;
28342;2017-03-13_22-56-18.126;;3.99;13.854;-8.545;
28470;2017-03-13_22-56-23.140;;2.927;13.479;-8.108;
28618;2017-03-13_22-56-28.181;;3.615;13.479;-7.733;
28744;2017-03-13_22-56-33.182;;3.615;13.854;-8.17;
28846;2017-03-13_22-56-38.197;;3.615;13.854;-8.17;
28981;2017-03-13_22-56-43.197;;2.552;13.854;-8.17;
29124;2017-03-13_22-56-48.236;;3.99;13.854;-7.358;
29250;2017-03-13_22-56-53.244;;3.99;13.854;-8.545;
29376;2017-03-13_22-56-59.147;;3.615;13.479;-7.358;
29515;2017-03-13_22-57-04.148;;3.99;13.854;-8.17;
29635;2017-03-13_22-57-09.194;;3.99;13.854;-8.17;
29773;2017-03-13_22-57-15.176;;3.615;13.854;-8.545;
29929;2017-03-13_22-57-21.200;;4.365;13.854;-6.983;
30081;2017-03-13_22-57-26.205;;4.365;13.854;-6.983;
30207;2017-03-13_22-57-31.212;;3.99;14.229;-8.17;
30334;2017-03-13_22-57-37.170;;3.99;13.854;-8.545;
30460;2017-03-13_22-57-42.183;;3.615;13.104;-8.17;
30610;2017-03-13_22-57-47.220;;4.365;14.229;-7.358;
30737;2017-03-13_22-57-52.220;;2.927;13.479;-7.733;
30864;2017-03-13_22-57-57.272;;3.99;13.479;-8.545;
30990;2017-03-13_22-58-02.855;;3.99;13.479;-8.545;
31116;2017-03-13_22-58-08.153;;3.99;14.229;-8.545;
31264;2017-03-13_22-58-13.162;;3.615;14.604;-7.733;
31390;2017-03-13_22-58-18.163;;3.615;14.229;-8.17;
31518;2017-03-13_22-58-24.138;;3.99;13.479;-7.733;
31644;2017-03-13_22-58-29.191;;3.24;14.229;-8.17;
31795;2017-03-13_22-58-35.190;;3.615;14.229;-7.795;
31947;2017-03-13_22-58-40.246;;3.99;13.479;-8.545;
32074;2017-03-13_22-58-45.308;;3.99;13.479;-8.545;
32200;2017-03-13_22-58-50.313;;3.99;13.854;-8.983;
32325;2017-03-13_22-58-56.159;;3.99;14.604;-8.545;
32475;2017-03-13_22-59-01.212;;3.99;14.604;-8.545;
32602;2017-03-13_22-59-07.118;;3.615;14.229;-8.983;
32751;2017-03-13_22-59-12.153;;3.99;14.229;-8.608;
32860;2017-03-13_22-59-17.154;;3.24;14.229;-7.358;
32979;2017-03-13_22-59-22.183;;3.615;13.854;-7.358;
33105;2017-03-13_22-59-27.210;;4.74;14.604;-7.358;
33256;2017-03-13_22-59-32.210;;4.365;14.229;-6.983;
33384;2017-03-13_22-59-37.271;;4.365;14.229;-6.983;
33511;2017-03-13_22-59-42.330;;3.99;13.854;-7.795;
33639;2017-03-13_22-59-47.704;;3.99;13.854;-7.795;
33774;2017-03-13_22-59-52.748;;3.615;13.854;-7.795;
33901;2017-03-13_22-59-57.809;;3.99;13.854;-8.17;
34029;2017-03-13_23-00-02.868;;3.99;13.479;-8.608;
34155;2017-03-13_23-00-07.869;;3.99;13.854;-7.795;
34282;2017-03-13_23-00-12.926;;3.24;13.854;-7.42;
34392;2017-03-13_23-00-18.116;;2.177;13.104;-9.045;
34516;2017-03-13_23-00-23.141;;2.177;13.104;-9.045;
34666;2017-03-13_23-00-28.162;;3.99;14.229;-7.42;
34792;2017-03-13_23-00-33.163;;4.365;13.854;-8.608;
34919;2017-03-13_23-00-38.164;;3.24;14.229;-8.17;
35046;2017-03-13_23-00-43.220;;3.99;13.479;-7.42;
35173;2017-03-13_23-00-49.137;;3.99;14.604;-8.983;
35322;2017-03-13_23-00-54.176;;3.24;13.479;-8.233;
35449;2017-03-13_23-00-59.233;;2.865;14.229;-8.233;
35575;2017-03-13_23-01-05.135;;3.99;13.854;-7.858;
35725;2017-03-13_23-01-10.190;;3.99;13.854;-7.858;
35853;2017-03-13_23-01-15.224;;3.99;13.854;-7.733;
35974;2017-03-13_23-01-21.171;;3.99;13.854;-7.358;
36120;2017-03-13_23-01-26.170;;3.99;14.229;-8.92;
36255;2017-03-13_23-01-31.199;;3.99;13.854;-8.545;
36382;2017-03-13_23-01-36.252;;2.552;12.729;-9.358;
36508;2017-03-13_23-01-42.123;;3.615;13.479;-8.545;
36657;2017-03-13_23-01-47.145;;3.615;13.479;-8.545;
36783;2017-03-13_23-01-52.147;;3.615;14.604;-8.17;
36909;2017-03-13_23-01-58.206;;2.177;13.479;-8.983;
37062;2017-03-13_23-02-03.213;;3.615;14.229;-7.795;
37186;2017-03-13_23-02-09.137;;3.99;13.854;-7.795;
37338;2017-03-13_23-02-14.171;;2.177;13.479;-8.17;
37465;2017-03-13_23-02-19.225;;2.552;13.479;-8.17;
37591;2017-03-13_23-02-24.749;;4.74;13.854;-6.983;
37731;2017-03-13_23-02-29.766;;4.74;13.854;-6.983;
37848;2017-03-13_23-02-35.191;;2.552;13.104;-8.17;
37968;2017-03-13_23-02-40.209;;2.552;13.104;-8.17;
38121;2017-03-13_23-02-46.146;;1.802;13.104;-9.358;
38269;2017-03-13_23-02-51.461;;3.99;14.604;-6.983;
38404;2017-03-13_23-02-56.493;;3.615;14.229;-6.608;
38532;2017-03-13_23-03-01.553;;3.615;13.479;-7.795;
38650;2017-03-13_23-03-07.160;;3.615;13.854;-8.608;
38800;2017-03-13_23-03-12.205;;3.615;14.229;-8.608;
38928;2017-03-13_23-03-18.132;;4.365;13.854;-6.983;
39054;2017-03-13_23-03-23.152;;3.99;13.479;-8.608;
39204;2017-03-13_23-03-28.210;;3.615;14.229;-8.17;
39330;2017-03-13_23-03-33.217;;2.865;13.104;-7.795;
39456;2017-03-13_23-03-38.212;;3.615;14.604;-8.608;
39594;2017-03-13_23-03-44.131;;2.552;13.104;-7.795;
39732;2017-03-13_23-03-50.171;;2.552;13.104;-7.795;
39883;2017-03-13_23-03-55.180;;3.24;14.229;-8.17;
40011;2017-03-13_23-04-00.233;;4.74;13.854;-6.983;
40137;2017-03-13_23-04-06.119;;4.74;13.854;-6.983;
40263;2017-03-13_23-04-11.132;;4.365;13.854;-7.42;
40413;2017-03-13_23-04-16.182;;3.24;14.229;-7.42;
40539;2017-03-13_23-04-21.205;;3.24;13.479;-8.17;
40667;2017-03-13_23-04-27.138;;3.615;13.854;-8.17;
40806;2017-03-13_23-04-32.138;;4.74;14.604;-6.545;
40941;2017-03-13_23-04-37.173;;3.615;14.604;-6.545;
41069;2017-03-13_23-04-42.522;;3.615;13.854;-8.17;
41196;2017-03-13_23-04-48.149;;3.24;13.479;-8.608;
41345;2017-03-13_23-04-53.164;;3.24;13.479;-7.795;
41472;2017-03-13_23-04-58.230;;2.865;13.479;-8.608;
41598;2017-03-13_23-05-03.555;;4.74;13.854;-6.983;
41733;2017-03-13_23-05-08.587;;3.99;14.229;-7.42;
41859;2017-03-13_23-05-13.591;;3.99;13.854;-8.608;
41987;2017-03-13_23-05-18.653;;3.615;13.854;-7.795;
42114;2017-03-13_23-05-23.700;;3.615;14.604;-8.67;
42240;2017-03-13_23-05-28.707;;4.74;14.229;-7.42;
42368;2017-03-13_23-05-33.766;;3.99;13.854;-7.858;
42495;2017-03-13_23-05-38.827;;3.99;14.229;-6.67;
42623;2017-03-13_23-05-43.885;;3.99;14.229;-7.858;
42750;2017-03-13_23-05-48.939;;3.99;14.229;-7.483;
42876;2017-03-13_23-05-53.946;;4.365;13.854;-7.858;
43002;2017-03-13_23-05-58.948;;3.99;14.604;-7.858;
43129;2017-03-13_23-06-03.949;;3.99;13.104;-8.295;
43245;2017-03-13_23-06-09.210;;4.365;14.604;-8.295;
43388;2017-03-13_23-06-14.243;;4.365;13.854;-7.483;
43515;2017-03-13_23-06-19.308;;4.365;13.854;-7.483;
43641;2017-03-13_23-06-24.310;;4.365;14.229;-7.858;
43766;2017-03-13_23-06-30.128;;3.615;14.229;-7.483;
43902;2017-03-13_23-06-35.187;;3.615;14.229;-7.483;
44042;2017-03-13_23-06-40.198;;3.615;13.854;-7.858;
44168;2017-03-13_23-06-45.201;;4.365;14.604;-7.483;
44295;2017-03-13_23-06-51.110;;4.365;14.604;-7.858;
44421;2017-03-13_23-06-56.180;;2.865;13.854;-9.045;
44571;2017-03-13_23-07-01.212;;3.615;13.479;-8.295;
44697;2017-03-13_23-07-06.213;;3.615;14.229;-7.483;
44825;2017-03-13_23-07-12.127;;4.365;14.229;-7.108;
44966;2017-03-13_23-07-17.120;;4.365;14.229;-8.67;
45099;2017-03-13_23-07-22.487;;4.365;14.229;-8.295;
45234;2017-03-13_23-07-27.530;;3.615;14.979;-7.483;
45354;2017-03-13_23-07-33.133;;4.365;14.604;-7.858;
45401;2017-03-13_23-07-38.364;;3.99;13.104;-8.67;
45633;2017-03-13_23-07-43.365;;3.99;14.229;-8.295;
45760;2017-03-13_23-07-48.366;;4.365;13.854;-8.295;
45882;2017-03-13_23-07-54.134;;3.615;13.854;-8.67;
46031;2017-03-13_23-07-59.144;;3.99;13.854;-8.67;
46158;2017-03-13_23-08-04.200;;4.365;14.604;-8.295;
46261;2017-03-13_23-08-09.194;;4.365;13.854;-7.858;
46412;2017-03-13_23-08-14.258;;4.365;13.854;-7.858;
46538;2017-03-13_23-08-20.137;;4.365;14.604;-8.295;
46686;2017-03-13_23-08-25.156;;3.615;14.229;-8.67;
46788;2017-03-13_23-08-30.270;;2.49;13.854;-8.295;
46943;2017-03-13_23-08-35.328;;3.615;13.854;-6.67;
47069;2017-03-13_23-08-40.334;;3.99;14.229;-8.295;
47195;2017-03-13_23-08-45.335;;2.49;13.104;-8.295;
47318;2017-03-13_23-08-51.153;;3.99;14.229;-8.295;
47468;2017-03-13_23-08-56.169;;3.99;14.229;-8.295;
47593;2017-03-13_23-09-01.124;;4.74;13.854;-7.483;
47745;2017-03-13_23-09-07.180;;4.365;14.604;-7.858;
47873;2017-03-13_23-09-12.240;;4.365;13.479;-7.92;
47999;2017-03-13_23-09-18.113;;3.99;14.604;-8.295;
48147;2017-03-13_23-09-23.135;;4.74;14.229;-7.108;
48249;2017-03-13_23-09-28.213;;4.365;14.604;-8.295;
48402;2017-03-13_23-09-34.133;;4.74;14.604;-8.67;
48551;2017-03-13_23-09-39.144;;3.615;14.979;-8.295;
48677;2017-03-13_23-09-44.145;;3.615;14.979;-8.295;
48779;2017-03-13_23-09-49.238;;3.99;14.229;-8.67;
48907;2017-03-13_23-09-54.239;;3.99;14.229;-8.67;
49058;2017-03-13_23-09-59.265;;4.365;13.479;-9.108;
49184;2017-03-13_23-10-04.268;;3.615;13.854;-7.483;
49310;2017-03-13_23-10-10.162;;2.865;13.854;-8.67;
49436;2017-03-13_23-10-15.196;;2.865;13.479;-7.92;
49586;2017-03-13_23-10-20.218;;2.865;13.479;-7.92;
49712;2017-03-13_23-10-25.227;;3.99;14.604;-8.295;
49838;2017-03-13_23-10-31.209;;3.99;14.604;-7.858;
49989;2017-03-13_23-10-36.232;;3.99;14.604;-7.858;
50116;2017-03-13_23-10-41.232;;3.24;13.854;-7.858;
50241;2017-03-13_23-10-46.241;;3.615;14.604;-8.67;
50367;2017-03-13_23-10-52.137;;4.74;14.229;-8.295;
50517;2017-03-13_23-10-58.157;;4.365;14.604;-7.858;
50669;2017-03-13_23-11-03.206;;3.99;14.604;-8.67;
50796;2017-03-13_23-11-09.113;;3.615;13.854;-7.858;
50922;2017-03-13_23-11-14.122;;3.615;13.854;-7.483;
51071;2017-03-13_23-11-19.153;;3.615;13.854;-7.483;
51197;2017-03-13_23-11-24.156;;4.74;13.854;-8.67;
51324;2017-03-13_23-11-29.215;;3.615;13.479;-8.67;
51450;2017-03-13_23-11-35.128;;3.615;13.104;-8.67;
51600;2017-03-13_23-11-40.169;;3.99;13.854;-8.295;
51726;2017-03-13_23-11-45.179;;3.615;14.229;-8.295;
51849;2017-03-13_23-11-51.103;;1.802;12.729;-9.483;
51983;2017-03-13_23-11-56.103;;4.74;13.854;-8.67;
52107;2017-03-13_23-12-01.116;;4.74;13.854;-8.67;
52254;2017-03-13_23-12-06.130;;3.99;13.854;-8.295;
52380;2017-03-13_23-12-11.133;;4.74;14.229;-8.67;
52506;2017-03-13_23-12-16.135;;2.115;12.729;-7.858;
52634;2017-03-13_23-12-21.192;;3.99;13.854;-7.108;
52760;2017-03-13_23-12-26.194;;3.615;14.229;-7.92;
52887;2017-03-13_23-12-32.115;;3.99;13.854;-8.295;
53036;2017-03-13_23-12-37.144;;3.99;13.854;-8.295;
53162;2017-03-13_23-12-42.145;;3.99;13.854;-7.545;
53288;2017-03-13_23-12-47.150;;3.615;13.479;-7.108;
53390;2017-03-13_23-12-52.189;;3.615;13.854;-7.92;
53540;2017-03-13_23-12-58.178;;3.99;13.104;-7.92;
53691;2017-03-13_23-13-03.482;;3.99;14.229;-7.483;
53819;2017-03-13_23-13-09.136;;3.99;13.104;-7.92;
53969;2017-03-13_23-13-14.173;;2.49;13.104;-7.483;
54093;2017-03-13_23-13-20.090;;2.865;13.479;-7.545;
54245;2017-03-13_23-13-25.135;;2.865;13.479;-7.545;
54372;2017-03-13_23-13-30.188;;3.615;13.479;-7.483;
54498;2017-03-13_23-13-35.192;;4.74;13.854;-6.733;
54626;2017-03-13_23-13-41.110;;3.24;14.604;-8.295;
54774;2017-03-13_23-13-46.143;;3.99;13.479;-7.483;
54900;2017-03-13_23-13-51.499;;2.865;13.854;-8.295;
55027;2017-03-13_23-13-56.156;;4.365;13.854;-8.295;
55155;2017-03-13_23-14-02.176;;3.99;14.604;-7.858;
55305;2017-03-13_23-14-07.225;;3.615;13.479;-7.92;
55433;2017-03-13_23-14-12.281;;3.99;14.229;-7.108;
55559;2017-03-13_23-14-18.139;;3.99;13.479;-7.483;
55707;2017-03-13_23-14-23.182;;3.99;13.479;-7.483;
55835;2017-03-13_23-14-28.235;;3.99;13.854;-8.67;
55961;2017-03-13_23-14-33.237;;3.99;13.854;-8.67;
56087;2017-03-13_23-14-38.243;;3.99;13.479;-7.858;
56214;2017-03-13_23-14-43.302;;4.365;13.854;-9.108;
56339;2017-03-13_23-14-49.138;;3.24;13.479;-9.045;
56484;2017-03-13_23-14-55.123;;3.615;13.479;-7.858;
56616;2017-03-13_23-15-00.127;;2.865;13.854;-8.67;
56765;2017-03-13_23-15-05.155;;3.615;13.854;-8.295;
56892;2017-03-13_23-15-10.213;;3.24;14.229;-8.295;
57020;2017-03-13_23-15-16.115;;3.24;13.479;-9.858;
57168;2017-03-13_23-15-21.165;;3.99;14.229;-8.295;
57294;2017-03-13_23-15-26.171;;3.99;14.229;-7.92;
57398;2017-03-13_23-15-31.271;;4.365;14.604;-9.045;
57549;2017-03-13_23-15-36.293;;4.365;14.604;-9.045;
57674;2017-03-13_23-15-42.113;;3.615;13.479;-8.67;
57822;2017-03-13_23-15-47.130;;3.615;13.854;-6.67;
57945;2017-03-13_23-15-52.131;;3.24;13.854;-7.858;
58053;2017-03-13_23-15-57.164;;3.615;13.479;-7.92;
58202;2017-03-13_23-16-02.190;;3.99;13.854;-7.92;
58328;2017-03-13_23-16-07.193;;2.865;13.854;-8.733;
58455;2017-03-13_23-16-13.126;;2.865;13.854;-8.733;
58604;2017-03-13_23-16-18.148;;3.615;14.229;-7.92;
58731;2017-03-13_23-16-23.463;;4.365;13.854;-7.92;
58860;2017-03-13_23-16-29.166;;4.365;14.229;-7.108;
59009;2017-03-13_23-16-34.215;;3.99;14.229;-8.295;
59135;2017-03-13_23-16-40.114;;3.99;14.604;-7.545;
59283;2017-03-13_23-16-45.115;;3.99;13.854;-7.92;
59409;2017-03-13_23-16-50.121;;2.115;13.104;-9.483;
59513;2017-03-13_23-16-55.176;;3.615;13.854;-7.108;
59664;2017-03-13_23-17-01.149;;3.615;14.229;-7.92;
59814;2017-03-13_23-17-06.193;;3.99;14.229;-7.17;
59942;2017-03-13_23-17-12.129;;3.24;13.479;-8.295;
60090;2017-03-13_23-17-17.141;;3.99;14.604;-7.545;
60192;2017-03-13_23-17-22.196;;3.99;14.604;-7.545;
60344;2017-03-13_23-17-27.207;;3.615;13.854;-7.92;
60470;2017-03-13_23-17-32.220;;2.865;13.854;-8.358;
60596;2017-03-13_23-17-38.114;;2.49;13.104;-8.358;
60722;2017-03-13_23-17-43.120;;3.24;13.854;-8.358;
60863;2017-03-13_23-17-47.813;;4.74;14.229;-7.92;
60972;2017-03-13_23-17-53.178;;5.115;13.854;-8.358;
61100;2017-03-13_23-17-58.210;;5.115;13.854;-8.358;
61250;2017-03-13_23-18-03.446;;4.365;13.854;-7.545;
61373;2017-03-13_23-18-09.198;;4.365;13.854;-7.545;
61529;2017-03-13_23-18-14.244;;4.365;13.854;-7.545;
61655;2017-03-13_23-18-20.116;;3.99;14.229;-8.733;
61803;2017-03-13_23-18-25.143;;3.24;13.854;-8.358;
61929;2017-03-13_23-18-30.145;;3.615;13.854;-8.733;
62044;2017-03-13_23-18-35.146;;3.99;13.104;-7.983;
62183;2017-03-13_23-18-40.204;;3.99;14.604;-7.545;
62333;2017-03-13_23-18-46.162;;3.99;14.604;-7.545;
62435;2017-03-13_23-18-51.182;;2.865;13.854;-7.17;
62586;2017-03-13_23-18-56.220;;4.365;13.854;-7.92;
62712;2017-03-13_23-19-02.122;;4.365;13.854;-7.17;
62862;2017-03-13_23-19-07.177;;3.24;14.229;-8.358;
62988;2017-03-13_23-19-12.181;;1.74;13.104;-8.733;
63116;2017-03-13_23-19-17.236;;4.365;13.854;-7.545;
63242;2017-03-13_23-19-23.108;;4.365;13.854;-7.545;
63391;2017-03-13_23-19-28.130;;3.615;13.854;-7.92;
63516;2017-03-13_23-19-33.139;;4.365;13.854;-7.858;
63644;2017-03-13_23-19-38.194;;3.615;14.604;-8.67;
63771;2017-03-13_23-19-43.477;;3.24;13.854;-8.295;
63897;2017-03-13_23-19-50.122;;4.365;14.979;-9.108;
64071;2017-03-13_23-19-55.162;;4.74;14.604;-7.483;
64172;2017-03-13_23-20-00.221;;4.365;14.229;-7.483;
64326;2017-03-13_23-20-06.042;;4.365;14.229;-7.108;
64472;2017-03-13_23-20-11.057;;4.365;14.229;-7.108;
64586;2017-03-13_23-20-16.236;;2.49;13.854;-8.358;
64728;2017-03-13_23-20-22.144;;2.865;12.729;-8.67;
64878;2017-03-13_23-20-27.184;;2.865;12.729;-8.67;
65004;2017-03-13_23-20-32.190;;3.615;14.229;-6.733;
65132;2017-03-13_23-20-37.250;;3.99;14.229;-7.108;
65258;2017-03-13_23-20-42.252;;3.615;13.854;-6.733;
65385;2017-03-13_23-20-47.313;;3.615;13.479;-8.67;
65513;2017-03-13_23-20-52.372;;3.99;14.604;-8.67;
65636;2017-03-13_23-20-58.105;;3.99;13.854;-7.108;
65762;2017-03-13_23-21-03.112;;3.99;13.104;-8.295;
65888;2017-03-13_23-21-08.122;;3.99;13.104;-8.295;
66036;2017-03-13_23-21-13.149;;3.99;13.854;-7.92;
66162;2017-03-13_23-21-18.154;;2.865;13.854;-9.108;
66290;2017-03-13_23-21-24.205;;3.615;12.729;-8.295;
66440;2017-03-13_23-21-30.202;;4.74;13.854;-7.483;
66593;2017-03-13_23-21-35.232;;3.615;14.979;-7.108;
66719;2017-03-13_23-21-40.239;;3.24;14.229;-7.92;
66845;2017-03-13_23-21-46.105;;3.24;13.854;-7.92;
66971;2017-03-13_23-21-51.113;;3.99;13.854;-8.295;
67107;2017-03-13_23-21-56.165;;2.115;13.479;-7.92;
67247;2017-03-13_23-22-01.190;;2.115;13.479;-7.92;
67373;2017-03-13_23-22-06.202;;3.615;13.479;-7.545;
67496;2017-03-13_23-22-11.342;;3.615;14.229;-7.92;
67626;2017-03-13_23-22-17.118;;3.99;13.479;-8.733;
67752;2017-03-13_23-22-22.129;;3.24;12.729;-8.733;
67901;2017-03-13_23-22-27.146;;3.99;14.229;-8.295;
68027;2017-03-13_23-22-32.151;;3.99;14.229;-8.295;
68153;2017-03-13_23-22-37.154;;4.365;14.229;-8.733;
68280;2017-03-13_23-22-42.213;;4.365;14.229;-8.733;
68408;2017-03-13_23-22-47.269;;3.24;13.479;-7.545;
68534;2017-03-13_23-22-52.274;;3.615;14.229;-7.17;
68658;2017-03-13_23-22-58.127;;3.99;13.854;-7.545;
68808;2017-03-13_23-23-03.167;;3.24;14.229;-7.545;
68910;2017-03-13_23-23-08.168;;4.365;14.229;-8.358;
69060;2017-03-13_23-23-13.178;;4.74;14.604;-8.733;
69188;2017-03-13_23-23-19.135;;3.99;14.229;-6.733;
69338;2017-03-13_23-23-24.184;;3.615;13.479;-8.733;
69464;2017-03-13_23-23-29.189;;4.365;13.479;-7.545;
69590;2017-03-13_23-23-34.194;;3.99;13.854;-7.545;
69717;2017-03-13_23-23-40.111;;2.865;13.479;-8.358;
69854;2017-03-13_23-23-45.135;;2.865;13.479;-8.358;
69969;2017-03-13_23-23-50.181;;3.99;14.229;-7.545;
70119;2017-03-13_23-23-55.210;;4.365;14.229;-8.358;
70247;2017-03-13_23-24-00.267;;5.115;13.854;-7.92;
70371;2017-03-13_23-24-06.127;;4.365;14.604;-9.545;
70499;2017-03-13_23-24-11.138;;3.615;14.604;-8.358;
70638;2017-03-13_23-24-16.140;;4.365;13.854;-7.545;
70773;2017-03-13_23-24-22.230;;2.865;13.479;-7.545;
70926;2017-03-13_23-24-28.116;;3.99;13.854;-8.358;
71075;2017-03-13_23-24-33.140;;3.99;13.854;-8.358;
71202;2017-03-13_23-24-38.202;;4.365;14.229;-7.545;
71330;2017-03-13_23-24-43.260;;3.99;13.479;-7.545;
71456;2017-03-13_23-24-48.261;;3.615;13.479;-8.358;
71582;2017-03-13_23-24-53.262;;3.615;14.604;-7.17;
71706;2017-03-13_23-24-59.106;;3.99;13.854;-7.608;
71831;2017-03-13_23-25-04.194;;3.99;13.479;-7.608;
71979;2017-03-13_23-25-09.190;;4.365;14.604;-7.983;
72110;2017-03-13_23-25-14.220;;4.365;13.479;-7.17;
72234;2017-03-13_23-25-20.180;;3.99;13.854;-7.983;
72363;2017-03-13_23-25-25.221;;3.615;14.979;-7.545;
72513;2017-03-13_23-25-31.142;;3.615;14.979;-7.545;
72660;2017-03-13_23-25-37.230;;3.24;13.479;-8.358;
72816;2017-03-13_23-25-43.129;;3.24;13.479;-8.358;
72942;2017-03-13_23-25-48.140;;3.615;13.854;-8.358;
73091;2017-03-13_23-25-53.152;;4.365;13.479;-8.358;
73217;2017-03-13_23-25-58.169;;3.615;14.229;-7.17;
73343;2017-03-13_23-26-03.169;;3.99;13.854;-7.983;
73470;2017-03-13_23-26-08.225;;3.99;13.854;-6.795;
73596;2017-03-13_23-26-13.228;;3.615;14.229;-6.42;
73724;2017-03-13_23-26-19.163;;3.615;13.854;-8.795;
73872;2017-03-13_23-26-24.172;;3.615;13.854;-8.795;
73998;2017-03-13_23-26-29.173;;4.365;14.229;-7.545;
74124;2017-03-13_23-26-34.181;;3.99;13.479;-7.545;
74228;2017-03-13_23-26-39.181;;3.99;13.479;-8.358;
74378;2017-03-13_23-26-44.236;;3.615;14.229;-7.983;
74504;2017-03-13_23-26-50.149;;4.365;13.854;-8.733;
74654;2017-03-13_23-26-55.198;;3.99;14.229;-8.358;
74781;2017-03-13_23-27-00.258;;4.365;13.479;-8.358;
74909;2017-03-13_23-27-05.311;;1.74;12.729;-8.733;
75033;2017-03-13_23-27-11.117;;4.74;14.604;-7.545;
75182;2017-03-13_23-27-16.153;;4.74;14.604;-7.545;
75309;2017-03-13_23-27-22.142;;3.24;14.229;-7.545;
75459;2017-03-13_23-27-27.163;;3.24;14.229;-7.545;
75585;2017-03-13_23-27-32.166;;4.74;14.229;-6.733;
75711;2017-03-13_23-27-37.171;;3.24;13.479;-7.545;
75839;2017-03-13_23-27-42.228;;3.99;14.229;-7.545;
75965;2017-03-13_23-27-48.123;;3.99;14.229;-7.545;
76091;2017-03-13_23-27-53.176;;3.99;14.229;-8.733;
76241;2017-03-13_23-27-58.201;;3.615;13.854;-8.358;
76368;2017-03-13_23-28-04.122;;3.24;13.479;-7.983;
76494;2017-03-13_23-28-09.128;;3.99;14.229;-7.983;
76632;2017-03-13_23-28-14.129;;3.99;14.229;-7.983;
76758;2017-03-13_23-28-19.182;;2.115;13.104;-7.983;
76896;2017-03-13_23-28-24.199;;3.24;13.854;-7.545;
77022;2017-03-13_23-28-29.484;;1.74;12.729;-7.92;
77150;2017-03-13_23-28-34.598;;4.365;13.854;-6.733;
77277;2017-03-13_23-28-40.137;;3.24;13.479;-7.983;
77424;2017-03-13_23-28-45.159;;3.24;13.479;-7.983;
77552;2017-03-13_23-28-51.117;;3.615;14.229;-7.983;
77702;2017-03-13_23-28-56.175;;3.99;14.229;-6.795;
77829;2017-03-13_23-29-02.138;;3.615;13.104;-9.17;
77977;2017-03-13_23-29-07.138;;3.615;13.854;-8.795;
78092;2017-03-13_23-29-12.139;;3.615;13.854;-8.795;
78231;2017-03-13_23-29-17.194;;3.615;14.979;-7.17;
78359;2017-03-13_23-29-23.130;;4.365;14.604;-7.545;
78506;2017-03-13_23-29-29.114;;3.99;13.854;-7.545;
78642;2017-03-13_23-29-34.115;;3.99;13.854;-7.545;
78773;2017-03-13_23-29-39.167;;3.99;14.229;-9.17;
78881;2017-03-13_23-29-44.172;;3.99;14.229;-9.17;
79038;2017-03-13_23-29-50.123;;4.365;13.104;-7.545;
79187;2017-03-13_23-29-55.123;;4.365;13.104;-7.545;
79314;2017-03-13_23-30-00.179;;3.615;13.854;-8.795;
79442;2017-03-13_23-30-06.154;;2.49;12.354;-8.795;
79592;2017-03-13_23-30-11.195;;2.49;12.354;-8.795;
79718;2017-03-13_23-30-16.197;;4.365;14.229;-7.17;
79845;2017-03-13_23-30-22.129;;3.615;13.479;-9.17;
79971;2017-03-13_23-30-27.137;;3.24;14.229;-9.17;
80100;2017-03-13_23-30-32.141;;3.24;14.229;-9.17;
80246;2017-03-13_23-30-37.160;;4.365;14.229;-7.545;
80365;2017-03-13_23-30-42.161;;3.24;14.229;-8.358;
80499;2017-03-13_23-30-48.126;;3.24;13.854;-8.358;
80630;2017-03-13_23-30-53.127;;3.24;13.854;-8.358;
80775;2017-03-13_23-30-58.179;;3.99;14.229;-7.983;
80903;2017-03-13_23-31-03.230;;3.24;13.479;-9.545;
81029;2017-03-13_23-31-09.148;;3.615;13.479;-7.983;
81179;2017-03-13_23-31-14.473;;3.99;14.229;-7.545;
81308;2017-03-13_23-31-20.202;;3.99;13.479;-8.358;
81458;2017-03-13_23-31-25.268;;3.24;13.854;-8.358;
81582;2017-03-13_23-31-31.111;;3.24;13.854;-8.358;
81732;2017-03-13_23-31-36.162;;4.365;13.854;-7.545;
81860;2017-03-13_23-31-42.171;;3.24;13.104;-7.17;
82010;2017-03-13_23-31-47.176;;3.24;13.479;-7.983;
82115;2017-03-13_23-31-52.176;;4.365;13.479;-7.983;
82262;2017-03-13_23-31-57.180;;3.615;14.229;-8.795;
82389;2017-03-13_23-32-03.158;;2.115;13.104;-8.795;
82539;2017-03-13_23-32-08.187;;2.115;13.104;-8.795;
82665;2017-03-13_23-32-13.190;;4.74;14.229;-9.545;
82791;2017-03-13_23-32-18.194;;2.865;13.479;-8.795;
82919;2017-03-13_23-32-24.120;;2.865;13.479;-8.358;
83067;2017-03-13_23-32-29.148;;2.865;13.479;-8.358;
83194;2017-03-13_23-32-34.148;;4.74;13.854;-8.358;
83316;2017-03-13_23-32-40.181;;3.24;13.854;-7.983;
83472;2017-03-13_23-32-46.142;;2.865;13.479;-7.983;
83622;2017-03-13_23-32-51.178;;2.865;13.479;-7.983;
83748;2017-03-13_23-32-56.183;;4.365;13.854;-7.983;
83876;2017-03-13_23-33-02.119;;2.865;13.479;-8.42;
84016;2017-03-13_23-33-07.120;;2.865;14.229;-9.17;
84150;2017-03-13_23-33-12.140;;2.865;14.229;-9.17;
84276;2017-03-13_23-33-17.152;;3.99;14.979;-7.983;
84404;2017-03-13_23-33-22.198;;4.365;14.229;-7.983;
84530;2017-03-13_23-33-27.200;;2.115;13.479;-7.608;
84656;2017-03-13_23-33-32.205;;4.365;14.979;-7.608;
84782;2017-03-13_23-33-37.217;;3.615;13.854;-7.608;
84909;2017-03-13_23-33-43.146;;2.49;13.479;-8.795;
85035;2017-03-13_23-33-48.174;;2.49;13.479;-8.795;
85185;2017-03-13_23-33-54.130;;3.615;14.604;-7.608;
85333;2017-03-13_23-33-59.068;;3.24;14.229;-7.983;
85475;2017-03-13_23-34-05.140;;3.615;13.854;-7.608;
85591;2017-03-13_23-34-09.314;;2.865;13.479;-8.795;
85739;2017-03-13_23-34-15.201;;2.865;13.479;-8.795;
85866;2017-03-13_23-34-20.237;;2.49;13.479;-8.42;
85992;2017-03-13_23-34-25.246;;3.24;13.104;-8.358;
86118;2017-03-13_23-34-31.109;;3.615;13.854;-7.92;
86244;2017-03-13_23-34-35.260;;3.615;13.854;-7.92;
86392;2017-03-13_23-34-41.144;;3.615;13.854;-7.92;
86518;2017-03-13_23-34-46.151;;2.49;13.854;-9.17;
86646;2017-03-13_23-34-52.128;;2.865;13.479;-8.795;
86796;2017-03-13_23-34-57.182;;2.49;13.854;-7.983;
86922;2017-03-13_23-35-02.183;;2.49;14.229;-9.108;
87050;2017-03-13_23-35-08.117;;3.615;14.229;-8.67;
87176;2017-03-13_23-35-13.144;;2.177;14.229;-9.483;
87326;2017-03-13_23-35-19.121;;3.615;13.479;-7.858;
87476;2017-03-13_23-35-24.154;;3.615;13.479;-7.858;
87603;2017-03-13_23-35-30.117;;2.865;14.229;-7.92;
87742;2017-03-13_23-35-35.118;;5.49;12.354;-8.295;
87879;2017-03-13_23-35-40.133;;6.615;12.354;-8.358;
88005;2017-03-13_23-35-45.179;;6.99;13.104;-7.92;
88110;2017-03-13_23-35-50.184;;6.24;12.729;-7.92;
88259;2017-03-13_23-35-56.093;;6.24;13.104;-8.733;
88385;2017-03-13_23-36-01.142;;6.24;13.104;-8.733;
88535;2017-03-13_23-36-06.191;;4.74;12.354;-9.108;
88662;2017-03-13_23-36-12.105;;4.74;12.354;-9.108;
88791;2017-03-13_23-36-17.106;;5.865;12.729;-9.92;
88913;2017-03-13_23-36-22.109;;6.615;13.104;-8.358;
89052;2017-03-13_23-36-27.184;;6.615;12.729;-8.733;
89190;2017-03-13_23-36-32.212;;6.24;13.104;-8.733;
89316;2017-03-13_23-36-38.097;;6.615;12.729;-7.545;
89465;2017-03-13_23-36-43.112;;6.615;12.729;-7.545;
89588;2017-03-13_23-36-48.113;;6.24;13.104;-8.358;
89718;2017-03-13_23-36-53.171;;6.615;13.104;-7.983;
89845;2017-03-13_23-36-58.172;;6.615;13.104;-7.983;
89970;2017-03-13_23-37-03.181;;6.24;13.104;-8.795;
90098;2017-03-13_23-37-09.110;;5.49;12.354;-9.545;
90228;2017-03-13_23-37-14.111;;5.49;12.354;-9.17;
90372;2017-03-13_23-37-19.134;;6.927;12.729;-8.795;
90498;2017-03-13_23-37-24.140;;6.927;12.729;-8.795;
90624;2017-03-13_23-37-29.142;;4.365;11.604;-9.545;
90748;2017-03-13_23-37-34.141;;5.115;13.104;-8.358;
90878;2017-03-13_23-37-40.109;;5.865;13.479;-7.608;
91028;2017-03-13_23-37-45.161;;6.615;12.729;-8.795;
91155;2017-03-13_23-37-51.126;;5.865;12.354;-9.17;
91305;2017-03-13_23-37-56.174;;5.865;12.354;-9.17;
91431;2017-03-13_23-38-01.175;;6.927;12.354;-7.545;
91557;2017-03-13_23-38-06.184;;6.24;12.729;-8.358;
91683;2017-03-13_23-38-11.185;;5.49;13.104;-7.608;
91811;2017-03-13_23-38-17.120;;6.927;13.104;-7.983;
91937;2017-03-13_23-38-22.121;;6.927;13.104;-7.983;
92078;2017-03-13_23-38-27.193;;5.49;12.354;-8.795;
92213;2017-03-13_23-38-32.203;;5.49;12.354;-8.795;
92339;2017-03-13_23-38-37.205;;6.615;12.729;-8.358;
92465;2017-03-13_23-38-42.210;;6.615;12.729;-8.358;
92588;2017-03-13_23-38-48.200;;5.865;13.479;-9.233;
92742;2017-03-13_23-38-53.226;;5.865;13.479;-9.233;
92868;2017-03-13_23-38-58.227;;6.24;12.354;-7.17;
92994;2017-03-13_23-39-03.238;;7.302;13.479;-7.983;
93122;2017-03-13_23-39-09.131;;6.24;12.729;-8.045;
93256;2017-03-13_23-39-14.131;;5.49;12.729;-8.42;
93396;2017-03-13_23-39-19.191;;5.49;12.729;-8.42;
93522;2017-03-13_23-39-24.195;;5.865;12.729;-7.983;
93648;2017-03-13_23-39-29.199;;5.49;12.729;-8.42;
93776;2017-03-13_23-39-35.147;;6.177;13.479;-8.045;
93924;2017-03-13_23-39-40.154;;6.177;13.479;-8.045;
94050;2017-03-13_23-39-45.154;;6.24;12.729;-7.983;
94164;2017-03-13_23-39-50.181;;4.74;12.729;-9.608;
94304;2017-03-13_23-39-55.214;;6.24;12.729;-8.795;
94430;2017-03-13_23-40-01.131;;6.24;12.729;-8.795;
94580;2017-03-13_23-40-06.184;;6.552;13.104;-8.42;
94707;2017-03-13_23-40-11.233;;6.552;13.104;-8.42;
94833;2017-03-13_23-40-17.121;;4.74;13.104;-7.608;
94959;2017-03-13_23-40-22.134;;6.552;13.854;-7.983;
95108;2017-03-13_23-40-27.140;;4.365;11.979;-9.17;
95222;2017-03-13_23-40-32.141;;6.927;13.104;-8.42;
95361;2017-03-13_23-40-37.196;;6.927;13.104;-8.42;
95487;2017-03-13_23-40-42.204;;6.552;13.104;-8.045;
95614;2017-03-13_23-40-47.205;;6.24;13.104;-8.42;
95741;2017-03-13_23-40-53.144;;6.552;13.104;-8.045;
95867;2017-03-13_23-40-58.168;;6.24;13.479;-7.608;
95993;2017-03-13_23-41-03.174;;6.24;13.479;-7.608;
96143;2017-03-13_23-41-08.229;;6.552;13.104;-8.795;
96270;2017-03-13_23-41-14.097;;6.552;13.104;-8.795;
96395;2017-03-13_23-41-19.149;;4.74;12.354;-8.795;
96545;2017-03-13_23-41-24.177;;6.552;13.479;-8.358;
96668;2017-03-13_23-41-30.180;;4.74;13.104;-8.795;
96822;2017-03-13_23-41-35.193;;4.74;13.104;-8.795;
96948;2017-03-13_23-41-41.119;;5.49;12.354;-9.17;
97098;2017-03-13_23-41-46.153;;6.552;12.729;-9.17;
97226;2017-03-13_23-41-52.178;;6.24;13.104;-8.42;
97377;2017-03-13_23-41-58.104;;5.115;13.104;-8.42;
97503;2017-03-13_23-42-03.116;;5.115;13.104;-8.42;
97652;2017-03-13_23-42-08.127;;7.677;13.104;-8.795;
97760;2017-03-13_23-42-13.128;;6.552;13.104;-7.608;
97892;2017-03-13_23-42-18.196;;5.49;12.729;-9.17;
98027;2017-03-13_23-42-24.109;;6.552;12.729;-7.983;
98181;2017-03-13_23-42-30.180;;6.552;12.729;-7.983;
98334;2017-03-13_23-42-36.121;;5.115;13.104;-8.795;
98462;2017-03-13_23-42-41.124;;5.115;13.104;-8.795;
98610;2017-03-13_23-42-46.168;;6.552;12.729;-8.795;
98736;2017-03-13_23-42-51.169;;6.552;13.104;-7.983;
98858;2017-03-13_23-42-57.119;;4.74;11.979;-9.17;
99007;2017-03-13_23-43-02.120;;5.115;11.979;-10.795;
99138;2017-03-13_23-43-07.128;;4.74;12.729;-8.733;
99264;2017-03-13_23-43-12.130;;5.49;12.354;-7.545;
99390;2017-03-13_23-43-17.134;;5.865;12.729;-7.483;
99518;2017-03-13_23-43-22.190;;6.24;12.354;-9.483;
99645;2017-03-13_23-43-28.136;;4.74;11.667;-9.483;
99794;2017-03-13_23-43-33.148;;5.865;12.354;-9.483;
99921;2017-03-13_23-43-39.125;;5.865;12.354;-9.483;
100055;2017-03-13_23-43-44.125;;5.865;12.354;-8.295;
100197;2017-03-13_23-43-49.165;;5.49;12.354;-9.108;
100325;2017-03-13_23-43-55.122;;5.865;13.479;-8.733;
100456;2017-03-13_23-44-00.122;;6.615;13.479;-8.358;
100601;2017-03-13_23-44-05.181;;6.615;13.479;-8.358;
100704;2017-03-13_23-44-10.230;;4.74;12.729;-8.733;
100854;2017-03-13_23-44-16.132;;4.74;12.729;-8.733;
101003;2017-03-13_23-44-21.135;;5.865;13.104;-8.358;
101129;2017-03-13_23-44-26.142;;6.24;12.729;-8.358;
101256;2017-03-13_23-44-31.199;;7.302;12.354;-8.358;
101384;2017-03-13_23-44-37.111;;5.115;13.104;-8.733;
101525;2017-03-13_23-44-42.124;;5.115;13.104;-8.733;
101658;2017-03-13_23-44-47.159;;6.927;11.979;-8.358;
101786;2017-03-13_23-44-53.130;;5.865;13.104;-7.983;
101936;2017-03-13_23-44-58.169;;4.74;12.354;-8.733;
102062;2017-03-13_23-45-03.174;;4.74;12.354;-8.733;
102188;2017-03-13_23-45-08.176;;6.615;12.729;-7.983;
102315;2017-03-13_23-45-14.103;;6.615;12.729;-7.983;
102441;2017-03-13_23-45-19.107;;6.24;12.729;-7.983;
102590;2017-03-13_23-45-25.182;;6.24;13.854;-8.733;
102743;2017-03-13_23-45-30.203;;6.24;13.104;-8.733;
102869;2017-03-13_23-45-35.205;;5.49;12.729;-9.17;
102995;2017-03-13_23-45-41.117;;5.49;12.729;-9.17;
103145;2017-03-13_23-45-46.166;;6.24;12.729;-8.358;
103271;2017-03-13_23-45-51.167;;6.927;13.854;-7.545;
103398;2017-03-13_23-45-57.105;;5.865;12.354;-9.17;
103524;2017-03-13_23-46-02.130;;5.865;12.354;-9.17;
103674;2017-03-13_23-46-07.186;;6.552;13.104;-7.983;
103772;2017-03-13_23-46-12.198;;5.115;11.979;-7.545;
103928;2017-03-13_23-46-18.127;;6.615;13.104;-7.545;
104076;2017-03-13_23-46-23.144;;6.927;12.729;-7.545;
104202;2017-03-13_23-46-28.146;;6.615;12.354;-8.358;
104312;2017-03-13_23-46-33.182;;5.865;12.729;-9.17;
104456;2017-03-13_23-46-39.121;;6.615;13.854;-7.983;
104605;2017-03-13_23-46-44.126;;6.615;13.854;-7.983;
104709;2017-03-13_23-46-49.134;;7.302;13.479;-7.17;
104858;2017-03-13_23-46-54.163;;5.115;11.979;-8.358;
104984;2017-03-13_23-46-59.165;;5.115;11.979;-8.358;
105110;2017-03-13_23-47-04.168;;6.24;12.354;-7.545;
105236;2017-03-13_23-47-09.175;;5.865;13.104;-9.17;
105363;2017-03-13_23-47-14.231;;5.49;12.729;-8.733;
105489;2017-03-13_23-47-20.129;;6.24;13.104;-8.358;
105638;2017-03-13_23-47-25.134;;6.24;13.104;-8.358;
105750;2017-03-13_23-47-30.194;;5.49;12.729;-8.733;
105891;2017-03-13_23-47-35.199;;5.49;12.729;-8.733;
106019;2017-03-13_23-47-40.719;;5.49;11.979;-9.17;
106157;2017-03-13_23-47-45.740;;5.49;12.729;-7.545;
106283;2017-03-13_23-47-50.744;;6.615;13.104;-9.17;
106395;2017-03-13_23-47-56.108;;6.615;13.104;-8.795;
106521;2017-03-13_23-48-01.113;;6.615;13.104;-8.795;
106671;2017-03-13_23-48-06.167;;6.24;12.729;-8.358;
106799;2017-03-13_23-48-11.959;;5.865;11.604;-8.358;
106925;2017-03-13_23-48-17.094;;5.865;12.729;-9.17;
107051;2017-03-13_23-48-22.133;;5.865;12.729;-9.17;
107201;2017-03-13_23-48-27.191;;6.615;13.104;-7.17;
107328;2017-03-13_23-48-33.103;;5.115;12.729;-8.733;
107454;2017-03-13_23-48-38.119;;5.115;12.729;-9.17;
107600;2017-03-13_23-48-43.268;;5.115;12.729;-9.17;
107733;2017-03-13_23-48-48.323;;5.865;12.354;-9.17;
107858;2017-03-13_23-48-54.135;;4.74;11.979;-7.983;
107984;2017-03-13_23-48-59.136;;6.615;12.729;-8.733;
108132;2017-03-13_23-49-04.164;;6.615;12.729;-8.733;
108258;2017-03-13_23-49-09.167;;6.24;13.104;-9.17;
108384;2017-03-13_23-49-14.168;;6.615;12.729;-9.17;
108512;2017-03-13_23-49-20.108;;6.615;13.104;-8.358;
108655;2017-03-13_23-49-25.108;;6.615;13.104;-8.358;
108787;2017-03-13_23-49-30.125;;5.865;13.479;-8.733;
108913;2017-03-13_23-49-35.128;;6.24;12.354;-9.108;
109039;2017-03-13_23-49-40.152;;6.615;12.729;-9.545;
109166;2017-03-13_23-49-45.661;;3.615;11.667;-9.545;
109294;2017-03-13_23-49-51.134;;6.24;12.354;-8.733;
109418;2017-03-13_23-49-56.196;;6.24;12.354;-8.733;
109570;2017-03-13_23-50-01.230;;6.24;11.979;-9.108;
109696;2017-03-13_23-50-06.233;;5.865;13.104;-7.983;
109822;2017-03-13_23-50-11.539;;6.24;13.104;-8.358;
109948;2017-03-13_23-50-16.790;;6.24;13.104;-8.358;
110089;2017-03-13_23-50-21.829;;6.552;12.729;-7.608;
110200;2017-03-13_23-50-27.116;;6.552;12.729;-7.608;
110326;2017-03-13_23-50-32.122;;6.927;12.729;-9.17;
110459;2017-03-13_23-50-37.122;;7.302;13.104;-8.358;
110600;2017-03-13_23-50-42.135;;3.99;11.667;-9.92;
110704;2017-03-13_23-50-47.153;;3.99;11.667;-9.92;
110854;2017-03-13_23-50-52.193;;5.865;12.729;-7.92;
110980;2017-03-13_23-50-57.197;;5.865;12.729;-8.358;
111106;2017-03-13_23-51-02.218;;5.115;12.729;-10.358;
111233;2017-03-13_23-51-08.129;;6.615;12.354;-9.545;
111364;2017-03-13_23-51-13.130;;6.615;12.354;-9.545;
111506;2017-03-13_23-51-18.131;;6.24;13.479;-7.983;
111634;2017-03-13_23-51-23.161;;5.865;12.729;-7.608;
111761;2017-03-13_23-51-28.216;;6.927;12.729;-8.733;
111888;2017-03-13_23-51-33.216;;7.302;13.479;-7.545;
112013;2017-03-13_23-51-38.218;;6.615;12.729;-8.733;
112139;2017-03-13_23-51-43.223;;6.24;12.729;-9.92;
112265;2017-03-13_23-51-49.116;;5.865;12.354;-8.795;
112390;2017-03-13_23-51-54.123;;6.24;13.104;-8.358;
112540;2017-03-13_23-51-59.124;;6.24;13.104;-8.358;
112648;2017-03-13_23-52-04.173;;4.365;11.979;-8.045;
112793;2017-03-13_23-52-09.182;;4.365;11.979;-8.045;
112919;2017-03-13_23-52-14.183;;5.865;12.729;-7.17;
113045;2017-03-13_23-52-19.190;;5.865;12.729;-7.17;
113152;2017-03-13_23-52-24.222;;6.927;13.479;-9.17;
113299;2017-03-13_23-52-30.151;;6.927;13.479;-9.17;
113449;2017-03-13_23-52-35.204;;6.927;13.479;-7.983;
113575;2017-03-13_23-52-40.210;;6.927;12.729;-8.42;
113701;2017-03-13_23-52-46.130;;6.24;12.354;-7.983;
113828;2017-03-13_23-52-51.130;;5.49;11.979;-8.42;
113953;2017-03-13_23-52-56.133;;5.49;11.979;-8.42;
114103;2017-03-13_23-53-01.171;;6.24;12.354;-8.795;
114230;2017-03-13_23-53-07.154;;5.115;11.979;-9.608;
114381;2017-03-13_23-53-12.185;;8.052;11.292;-8.795;
114507;2017-03-13_23-53-18.161;;8.802;11.979;-8.795;
114657;2017-03-13_23-53-23.187;;6.927;10.917;-9.17;
114783;2017-03-13_23-53-29.138;;8.802;11.604;-9.17;
114911;2017-03-13_23-53-34.144;;8.802;11.604;-9.17;
115037;2017-03-13_23-53-39.146;;8.802;11.979;-8.795;
115185;2017-03-13_23-53-44.147;;7.677;11.292;-9.17;
115304;2017-03-13_23-53-49.139;;8.052;11.292;-8.795;
115439;2017-03-13_23-53-54.209;;8.052;11.292;-8.795;
115566;2017-03-13_23-53-59.508;;9.177;11.604;-7.608;
115692;2017-03-13_23-54-05.128;;9.552;11.979;-9.608;
115841;2017-03-13_23-54-10.170;;7.677;10.167;-8.795;
115968;2017-03-13_23-54-16.112;;9.177;11.604;-8.358;
116117;2017-03-13_23-54-21.128;;9.177;11.604;-8.358;
116244;2017-03-13_23-54-26.185;;9.177;11.979;-8.795;
116370;2017-03-13_23-54-31.186;;9.177;11.604;-8.42;
116484;2017-03-13_23-54-36.187;;9.177;11.604;-7.608;
116622;2017-03-13_23-54-41.194;;9.177;10.542;-8.358;
116750;2017-03-13_23-54-47.123;;8.052;11.604;-8.42;
116877;2017-03-13_23-54-52.124;;8.052;11.604;-8.42;
117018;2017-03-13_23-54-57.125;;9.552;10.917;-7.983;
117151;2017-03-13_23-55-02.156;;9.927;11.604;-8.42;
117278;2017-03-13_23-55-08.094;;9.927;10.917;-9.17;
117405;2017-03-13_23-55-13.143;;9.927;10.917;-9.17;
117554;2017-03-13_23-55-18.171;;10.302;11.292;-7.608;
117680;2017-03-13_23-55-23.178;;7.677;10.542;-8.795;
117807;2017-03-13_23-55-29.107;;8.802;10.917;-8.795;
117933;2017-03-13_23-55-34.133;;10.302;11.979;-7.608;
118059;2017-03-13_23-55-39.142;;10.302;11.979;-7.608;
118194;2017-03-13_23-55-44.171;;9.177;10.917;-8.42;
118335;2017-03-13_23-55-49.203;;8.427;10.917;-9.17;
118463;2017-03-13_23-55-55.123;;9.177;11.292;-6.858;
118611;2017-03-13_23-56-00.161;;10.302;11.292;-7.983;
118737;2017-03-13_23-56-05.162;;8.427;11.979;-9.17;
118841;2017-03-13_23-56-10.163;;9.177;9.792;-7.608;
118991;2017-03-13_23-56-16.121;;9.177;9.792;-7.608;
119141;2017-03-13_23-56-21.180;;8.802;10.542;-9.983;
119268;2017-03-13_23-56-27.111;;9.552;10.917;-8.42;
119405;2017-03-13_23-56-32.111;;8.802;10.542;-9.17;
119541;2017-03-13_23-56-37.113;;8.802;10.542;-9.17;
119669;2017-03-13_23-56-42.141;;9.927;11.292;-8.795;
119772;2017-03-13_23-56-47.156;;10.302;11.292;-8.795;
119912;2017-03-13_23-56-52.157;;8.802;10.917;-9.17;
120048;2017-03-13_23-56-57.203;;8.802;10.917;-9.17;
120174;2017-03-13_23-57-02.206;;10.302;11.292;-9.545;
120302;2017-03-13_23-57-08.148;;9.177;10.542;-8.733;
120430;2017-03-13_23-57-13.149;;8.802;11.292;-8.733;
120554;2017-03-13_23-57-18.153;;8.802;11.292;-8.733;
120702;2017-03-13_23-57-23.166;;9.552;11.604;-7.983;
120804;2017-03-13_23-57-28.178;;10.302;11.292;-8.795;
120956;2017-03-13_23-57-33.925;;8.802;11.292;-7.983;
121082;2017-03-13_23-57-39.104;;8.427;10.167;-9.17;
121220;2017-03-13_23-57-44.161;;9.552;11.292;-7.983;
121358;2017-03-13_23-57-49.185;;9.552;11.292;-7.983;
121484;2017-03-13_23-57-54.187;;8.802;9.792;-9.545;
121610;2017-03-13_23-57-59.189;;8.802;9.792;-9.545;
121737;2017-03-13_23-58-04.251;;8.427;11.292;-8.795;
121863;2017-03-13_23-58-10.116;;8.427;11.292;-8.795;
121988;2017-03-13_23-58-15.121;;9.927;11.292;-9.983;
122138;2017-03-13_23-58-20.151;;9.927;11.292;-8.358;
122265;2017-03-13_23-58-26.154;;10.677;11.604;-9.17;
122415;2017-03-13_23-58-31.167;;9.177;10.917;-7.983;
122541;2017-03-13_23-58-36.168;;9.177;10.917;-7.983;
122667;2017-03-13_23-58-41.171;;9.927;11.292;-8.42;
122795;2017-03-13_23-58-47.157;;8.052;10.917;-8.795;
122922;2017-03-13_23-58-52.169;;9.552;11.292;-7.983;
123071;2017-03-13_23-58-57.187;;10.302;10.917;-8.795;
123197;2017-03-13_23-59-02.198;;10.677;11.979;-8.795;
123324;2017-03-13_23-59-07.248;;10.677;11.979;-8.795;
123450;2017-03-13_23-59-13.124;;9.552;11.292;-8.358;
123592;2017-03-13_23-59-18.124;;9.927;10.917;-7.608;
123725;2017-03-13_23-59-23.151;;10.302;10.542;-6.795;
123852;2017-03-13_23-59-29.118;;10.677;10.167;-9.17;
124002;2017-03-13_23-59-34.120;;10.677;10.167;-9.17;
124125;2017-03-13_23-59-39.256;;11.427;10.542;-7.608;
124252;2017-03-13_23-59-45.232;;11.74;9.792;-8.358;
124407;2017-03-13_23-59-51.150;;9.927;9.417;-9.608;
124557;2017-03-13_23-59-56.172;;10.677;9.792;-8.358;
124684;2017-03-14_00-00-01.232;;11.365;10.542;-7.608;
124810;2017-03-14_00-00-06.240;;9.177;9.417;-8.358;
124936;2017-03-14_00-00-12.103;;9.552;9.417;-8.358;
125062;2017-03-14_00-00-17.113;;9.552;9.417;-8.358;
125211;2017-03-14_00-00-22.135;;11.427;10.542;-8.795;
125314;2017-03-14_00-00-27.149;;11.052;10.542;-7.17;
125464;2017-03-14_00-00-32.194;;9.552;10.167;-7.983;
125592;2017-03-14_00-00-38.103;;9.552;10.167;-7.983;
125740;2017-03-14_00-00-43.154;;11.74;10.167;-9.17;
125868;2017-03-14_00-00-49.126;;11.74;10.167;-9.17;
126018;2017-03-14_00-00-54.167;;11.052;10.542;-7.608;
126145;2017-03-14_00-00-59.442;;10.677;10.542;-7.608;
126277;2017-03-14_00-01-04.470;;10.677;9.792;-8.358;
126397;2017-03-14_00-01-10.116;;10.302;9.042;-8.045;
126525;2017-03-14_00-01-15.116;;11.74;10.167;-10.358;
126672;2017-03-14_00-01-20.130;;11.74;10.167;-10.358;
126799;2017-03-14_00-01-25.186;;9.927;9.792;-9.17;
126925;2017-03-14_00-01-30.191;;11.052;10.542;-8.795;
127051;2017-03-14_00-01-35.190;;11.052;10.542;-8.795;
127177;2017-03-14_00-01-40.195;;11.427;10.542;-8.42;
127284;2017-03-14_00-01-45.206;;11.052;10.917;-8.795;
127429;2017-03-14_00-01-51.121;;12.115;10.167;-8.795;
127559;2017-03-14_00-01-56.121;;11.365;10.542;-7.608;
127705;2017-03-14_00-02-01.154;;11.365;10.542;-7.608;
127831;2017-03-14_00-02-06.156;;11.74;9.792;-8.42;
127959;2017-03-14_00-02-12.125;;11.74;9.792;-8.42;
128102;2017-03-14_00-02-17.125;;10.677;10.167;-7.608;
128235;2017-03-14_00-02-22.176;;10.677;9.417;-10.045;
128362;2017-03-14_00-02-28.117;;10.677;10.167;-8.42;
128499;2017-03-14_00-02-33.118;;10.677;10.167;-8.42;
128626;2017-03-14_00-02-38.142;;11.365;9.792;-7.608;
128764;2017-03-14_00-02-43.192;;11.052;10.167;-7.983;
128892;2017-03-14_00-02-49.137;;11.052;10.542;-7.233;
129040;2017-03-14_00-02-54.147;;11.052;10.542;-8.795;
129168;2017-03-14_00-03-00.198;;11.052;10.542;-8.795;
129321;2017-03-14_00-03-06.124;;11.365;10.167;-6.42;
129457;2017-03-14_00-03-11.124;;11.365;10.167;-6.42;
129591;2017-03-14_00-03-16.008;;10.677;10.542;-8.42;
129747;2017-03-14_00-03-22.192;;11.365;10.542;-7.608;
129874;2017-03-14_00-03-28.136;;10.302;10.167;-9.233;
130023;2017-03-14_00-03-33.147;;10.302;9.792;-7.608;
130150;2017-03-14_00-03-39.120;;10.302;9.792;-7.608;
130300;2017-03-14_00-03-44.164;;9.927;9.792;-8.795;
130428;2017-03-14_00-03-50.121;;9.927;9.792;-8.795;
130578;2017-03-14_00-03-55.176;;10.677;9.792;-9.608;
130704;2017-03-14_00-04-00.178;;11.74;10.542;-8.045;
130830;2017-03-14_00-04-05.186;;11.365;10.542;-8.795;
130957;2017-03-14_00-04-11.108;;11.365;10.542;-8.42;
131086;2017-03-14_00-04-16.171;;11.365;10.542;-8.42;
131233;2017-03-14_00-04-21.205;;11.365;10.167;-8.045;
131361;2017-03-14_00-04-26.242;;10.302;9.792;-7.608;
131487;2017-03-14_00-04-31.248;;11.052;10.167;-8.358;
131614;2017-03-14_00-04-36.286;;11.052;10.542;-7.983;
131740;2017-03-14_00-04-41.310;;12.115;10.167;-9.608;
131864;2017-03-14_00-04-47.162;;9.927;8.292;-9.608;
132014;2017-03-14_00-04-53.116;;12.115;10.167;-7.983;
132142;2017-03-14_00-04-58.121;;12.115;10.167;-7.983;
132290;2017-03-14_00-05-03.165;;10.677;10.167;-6.795;
132418;2017-03-14_00-05-09.099;;10.677;9.792;-8.42;
132544;2017-03-14_00-05-14.109;;10.677;9.792;-8.42;
132670;2017-03-14_00-05-19.124;;11.052;10.542;-7.608;
132818;2017-03-14_00-05-24.128;;11.74;10.542;-7.608;
132944;2017-03-14_00-05-29.131;;11.365;10.167;-7.67;
133070;2017-03-14_00-05-34.132;;11.74;9.417;-8.42;
133196;2017-03-14_00-05-39.133;;11.365;10.167;-7.233;
133322;2017-03-14_00-05-44.134;;12.115;10.167;-8.045;
133448;2017-03-14_00-05-49.141;;11.365;10.167;-8.858;
133576;2017-03-14_00-05-54.201;;11.365;9.792;-8.858;
133702;2017-03-14_00-05-59.203;;10.99;10.542;-8.483;
133828;2017-03-14_00-06-04.205;;11.365;10.542;-8.108;
133954;2017-03-14_00-06-09.209;;12.115;9.792;-8.483;
134080;2017-03-14_00-06-14.212;;11.365;10.167;-8.858;
134206;2017-03-14_00-06-19.214;;11.365;10.917;-8.483;
134333;2017-03-14_00-06-24.236;;12.115;8.667;-10.483;
134458;2017-03-14_00-06-29.237;;10.99;8.667;-8.108;
134584;2017-03-14_00-06-35.138;;11.74;9.417;-10.045;
134733;2017-03-14_00-06-40.143;;11.74;9.417;-10.045;
134859;2017-03-14_00-06-45.143;;12.115;9.417;-8.483;
134986;2017-03-14_00-06-51.152;;12.115;9.042;-9.295;
135133;2017-03-14_00-06-57.133;;11.74;8.667;-8.483;
135288;2017-03-14_00-07-02.175;;12.115;9.042;-9.67;
135412;2017-03-14_00-07-07.175;;12.115;9.042;-8.483;
135541;2017-03-14_00-07-12.235;;12.115;9.042;-8.483;
135667;2017-03-14_00-07-18.102;;11.74;9.792;-7.295;
135816;2017-03-14_00-07-23.139;;12.49;9.417;-8.858;
135943;2017-03-14_00-07-28.194;;10.99;9.042;-9.295;
136068;2017-03-14_00-07-34.143;;10.302;8.667;-8.92;
136209;2017-03-14_00-07-39.143;;10.302;8.667;-8.92;
136345;2017-03-14_00-07-44.161;;11.365;10.167;-8.858;
136471;2017-03-14_00-07-49.164;;11.74;9.042;-8.108;
136599;2017-03-14_00-07-55.122;;10.615;9.042;-8.108;
136725;2017-03-14_00-08-00.149;;12.49;9.042;-9.295;
136875;2017-03-14_00-08-05.184;;12.865;9.417;-8.108;
137002;2017-03-14_00-08-11.117;;12.49;9.417;-8.483;
137130;2017-03-14_00-08-16.140;;12.49;9.417;-8.483;
137254;2017-03-14_00-08-21.159;;12.49;9.417;-7.67;
137402;2017-03-14_00-08-27.235;;10.99;9.417;-9.295;
137557;2017-03-14_00-08-33.145;;8.052;11.229;-8.858;
137706;2017-03-14_00-08-38.150;;13.615;33.854;28.267;
137832;2017-03-14_00-08-43.157;;22.115;26.042;31.767;
137958;2017-03-14_00-08-48.159;;63.154;-41.718;-13.741;
138085;2017-03-14_00-08-53.198;;63.154;-41.718;-13.741;
138202;2017-03-14_00-08-58.199;;-86.281;-228.319;-33.254;
138337;2017-03-14_00-09-03.261;;-9.281;-29.506;-20.192;
138465;2017-03-14_00-09-08.305;;-6.656;-35.069;-20.004;
138591;2017-03-14_00-09-14.155;;-18.843;-2.444;36.433;
138739;2017-03-14_00-09-19.202;;-18.843;-2.444;36.433;
138867;2017-03-14_00-09-25.128;;-33.343;5.681;22.433;
139016;2017-03-14_00-09-30.154;;-32.593;6.056;25.996;
139142;2017-03-14_00-09-35.175;;-35.156;7.931;6.808;
139269;2017-03-14_00-09-40.192;;-35.156;7.931;6.808;
139395;2017-03-14_00-09-45.236;;-35.531;7.931;8.371;
139521;2017-03-14_00-09-51.097;;-35.531;7.931;8.371;
139647;2017-03-14_00-09-56.125;;-29.968;6.806;20.683;
139796;2017-03-14_00-10-01.147;;-31.468;6.431;22.746;
139921;2017-03-14_00-10-07.192;;-30.718;6.431;23.183;
140075;2017-03-14_00-10-13.122;;-26.656;8.681;20.433;
140207;2017-03-14_00-10-18.123;;-26.656;8.681;20.433;
140350;2017-03-14_00-10-23.130;;-28.906;8.681;20.433;
140454;2017-03-14_00-10-28.178;;-27.781;7.181;22.058;
140605;2017-03-14_00-10-34.112;;-24.031;5.681;24.496;
140733;2017-03-14_00-10-39.124;;-24.031;5.681;24.496;
140880;2017-03-14_00-10-44.124;;-21.468;6.431;24.496;
140989;2017-03-14_00-10-49.174;;-18.843;2.744;32.496;
141134;2017-03-14_00-10-54.197;;-14.781;9.806;-2.254;
141261;2017-03-14_00-10-59.241;;-27.031;9.806;2.183;
141388;2017-03-14_00-11-04.278;;-28.531;11.619;2.996;
141513;2017-03-14_00-11-10.113;;0.407;-19.506;29.433;
141640;2017-03-14_00-11-15.118;;0.407;-19.506;29.433;
141765;2017-03-14_00-11-20.124;;6.719;-10.944;14.246;
141914;2017-03-14_00-11-25.145;;-8.843;-8.381;9.496;
142041;2017-03-14_00-11-30.182;;-16.281;-2.444;7.871;
142168;2017-03-14_00-11-36.115;;-1.031;-13.944;34.371;
142295;2017-03-14_00-11-41.159;;-1.031;-13.944;34.371;
142444;2017-03-14_00-11-46.171;;-8.468;-17.256;46.371;
142570;2017-03-14_00-11-51.172;;5.594;-30.631;14.746;
142695;2017-03-14_00-11-57.186;;-17.031;-19.131;37.183;
142848;2017-03-14_00-12-02.196;;-37.406;1.619;29.183;
142974;2017-03-14_00-12-07.197;;-23.281;6.869;14.808;
143100;2017-03-14_00-12-13.098;;-0.281;-10.194;30.121;
143228;2017-03-14_00-12-18.117;;-0.281;-10.194;30.121;
143376;2017-03-14_00-12-23.140;;7.469;-12.444;22.121;
143487;2017-03-14_00-12-28.168;;-9.968;3.494;8.058;
143629;2017-03-14_00-12-33.172;;-15.156;-7.631;-14.817;
143756;2017-03-14_00-12-39.117;;-15.156;-7.631;-14.817;
143905;2017-03-14_00-12-44.123;;13.407;-26.194;14.933;
144032;2017-03-14_00-12-49.161;;11.219;-24.694;9.683;
144159;2017-03-14_00-12-54.192;;11.219;-24.694;9.683;
144281;2017-03-14_00-12-59.192;;-4.781;-47.319;16.183;
144412;2017-03-14_00-13-04.238;;-30.718;-6.131;19.808;
144519;2017-03-14_00-13-09.238;;-6.593;0.931;30.496;
144665;2017-03-14_00-13-14.505;;-4.269;28.819;32.584;
144798;2017-03-14_00-13-19.531;;10.231;10.257;33.022;
144916;2017-03-14_00-13-25.130;;25.794;0.944;42.584;
145048;2017-03-14_00-13-30.168;;5.419;33.632;19.522;
145193;2017-03-14_00-13-35.195;;4.294;33.632;13.959;
145319;2017-03-14_00-13-40.199;;14.669;23.632;15.647;
145445;2017-03-14_00-13-45.203;;17.294;22.507;7.522;
145572;2017-03-14_00-13-50.235;;14.294;19.569;-2.291;
145698;2017-03-14_00-13-56.137;;15.044;18.819;-1.103;
145847;2017-03-14_00-14-01.137;;26.919;6.882;-0.353;
145974;2017-03-14_00-14-06.167;;28.794;3.944;32.772;
146101;2017-03-14_00-14-11.206;;29.169;6.882;31.147;
146227;2017-03-14_00-14-17.115;;28.419;1.694;38.022;
146376;2017-03-14_00-14-22.115;;23.981;7.257;41.772;
146479;2017-03-14_00-14-27.130;;23.981;7.257;41.772;
146629;2017-03-14_00-14-32.178;;28.419;6.882;34.459;
146744;2017-03-14_00-14-37.179;;16.544;16.569;41.334;
146883;2017-03-14_00-14-42.206;;15.419;28.069;35.584;
147010;2017-03-14_00-14-48.120;;15.044;28.444;34.334;
147158;2017-03-14_00-14-53.149;;19.481;17.694;4.834;
147286;2017-03-14_00-14-58.175;;2.044;31.757;17.772;
147413;2017-03-14_00-15-03.209;;2.044;31.757;17.772;
147540;2017-03-14_00-15-09.105;;2.794;31.757;18.647;
147685;2017-03-14_00-15-15.187;;2.044;31.444;18.647;
147841;2017-03-14_00-15-21.124;;1.294;31.069;17.834;
147972;2017-03-14_00-15-26.126;;2.419;31.757;18.147;
148117;2017-03-14_00-15-31.162;;2.419;31.757;18.147;
148245;2017-03-14_00-15-36.191;;0.169;25.819;37.209;
148372;2017-03-14_00-15-42.129;;-2.019;25.819;37.209;
148520;2017-03-14_00-15-47.136;;-0.206;26.569;38.834;
148648;2017-03-14_00-15-52.191;;11.294;21.382;36.397;
148775;2017-03-14_00-15-58.124;;4.669;35.882;22.209;
148907;2017-03-14_00-16-03.125;;4.669;35.882;22.209;
149051;2017-03-14_00-16-08.182;;20.231;18.069;1.647;
149179;2017-03-14_00-16-13.220;;8.731;27.694;5.272;
149306;2017-03-14_00-16-19.111;;6.481;26.569;7.334;
149431;2017-03-14_00-16-24.124;;6.481;26.569;7.334;
149576;2017-03-14_00-16-30.128;;4.294;28.819;6.897;
149729;2017-03-14_00-16-36.181;;15.794;22.507;4.084;
149885;2017-03-14_00-16-41.202;;18.731;6.882;-10.478;
150011;2017-03-14_00-16-47.136;;21.356;5.819;-9.666;
150160;2017-03-14_00-16-52.150;;19.106;5.444;-11.228;
150286;2017-03-14_00-16-57.157;;19.481;5.819;-9.603;
150414;2017-03-14_00-17-02.198;;19.481;5.819;-9.603;
150541;2017-03-14_00-17-08.118;;20.981;6.507;-7.978;
150690;2017-03-14_00-17-13.139;;21.731;6.194;-8.353;
150817;2017-03-14_00-17-18.145;;18.419;15.819;-0.603;
150944;2017-03-14_00-17-23.179;;18.419;15.819;-0.603;
151071;2017-03-14_00-17-29.156;;19.919;14.319;-0.478;
151221;2017-03-14_00-17-34.184;;23.231;11.757;6.459;
151348;2017-03-14_00-17-39.189;;11.356;25.507;34.959;
151475;2017-03-14_00-17-45.121;;3.169;27.757;15.834;
151601;2017-03-14_00-17-50.130;;3.169;27.757;15.834;
151751;2017-03-14_00-17-55.170;;15.794;21.444;-6.103;
151877;2017-03-14_00-18-01.131;;23.231;14.007;-1.666;
152022;2017-03-14_00-18-06.131;;30.669;-0.868;32.147;
152154;2017-03-14_00-18-11.132;;24.356;11.007;35.397;
152256;2017-03-14_00-18-16.175;;21.794;9.882;42.709;
152408;2017-03-14_00-18-21.192;;21.794;9.882;42.709;
152535;2017-03-14_00-18-27.129;;26.606;8.382;35.334;
152684;2017-03-14_00-18-32.132;;5.419;34.069;19.022;
152811;2017-03-14_00-18-37.164;;2.419;34.757;10.084;
152938;2017-03-14_00-18-42.216;;2.794;37.007;8.397;
153065;2017-03-14_00-18-48.101;;2.794;37.007;8.397;
153213;2017-03-14_00-18-53.121;;4.294;37.007;8.397;
153316;2017-03-14_00-18-58.130;;13.231;19.944;-1.728;
153449;2017-03-14_00-19-03.130;;0.919;28.444;6.334;
153593;2017-03-14_00-19-08.152;;0.919;28.444;6.334;
153719;2017-03-14_00-19-13.191;;1.294;27.694;6.397;
153847;2017-03-14_00-19-18.221;;0.919;28.444;6.772;
153973;2017-03-14_00-19-23.243;;0.919;28.444;6.397;
154100;2017-03-14_00-19-28.303;;-0.519;27.757;6.459;
154226;2017-03-14_00-19-34.119;;19.169;15.819;2.397;
154375;2017-03-14_00-19-39.152;;19.169;15.819;2.397;
154502;2017-03-14_00-19-44.190;;19.544;11.757;-0.478;
154629;2017-03-14_00-19-49.218;;10.981;21.007;0.709;
154755;2017-03-14_00-19-54.238;;11.356;20.319;-0.041;
154882;2017-03-14_00-19-59.287;;10.606;19.194;-0.041;
155010;2017-03-14_00-20-04.339;;9.856;19.944;0.397;
155130;2017-03-14_00-20-09.407;;2.794;28.882;23.772;
155260;2017-03-14_00-20-15.148;;4.294;34.444;21.709;
155410;2017-03-14_00-20-20.164;;4.294;34.444;21.709;
155520;2017-03-14_00-20-25.166;;6.919;31.819;7.834;
155663;2017-03-14_00-20-30.233;;5.044;32.944;11.584;
155791;2017-03-14_00-20-35.284;;7.669;15.819;48.334;
155918;2017-03-14_00-20-40.296;;24.731;9.132;-0.666;
156042;2017-03-14_00-20-46.119;;21.044;10.632;47.897;
156189;2017-03-14_00-20-52.239;;22.169;25.132;12.334;
156346;2017-03-14_00-20-57.251;;2.419;28.132;38.459;
156472;2017-03-14_00-21-03.116;;2.419;28.132;38.459;
156621;2017-03-14_00-21-08.145;;32.919;-3.118;36.397;
156748;2017-03-14_00-21-13.175;;18.794;8.007;49.459;
156875;2017-03-14_00-21-19.148;;2.044;29.632;-0.353;
157025;2017-03-14_00-21-24.154;;35.169;-4.618;20.459;
157152;2017-03-14_00-21-29.183;;2.794;32.944;18.834;
157279;2017-03-14_00-21-35.112;;2.794;32.944;18.834;
157406;2017-03-14_00-21-40.147;;8.356;29.257;28.147;
157555;2017-03-14_00-21-45.149;;8.731;30.319;30.209;
157682;2017-03-14_00-21-50.187;;16.544;28.507;39.959;
157809;2017-03-14_00-21-55.214;;16.544;27.757;39.147;
157936;2017-03-14_00-22-00.246;;16.544;27.757;39.147;
158061;2017-03-14_00-22-06.107;;7.294;16.194;48.147;
158210;2017-03-14_00-22-11.107;;16.919;19.569;39.084;
158315;2017-03-14_00-22-16.144;;20.294;26.632;5.334;
158464;2017-03-14_00-22-21.166;;17.294;31.069;11.022;
158591;2017-03-14_00-22-26.198;;17.294;31.069;11.022;
158716;2017-03-14_00-22-32.230;;31.044;-12.431;28.209;
158870;2017-03-14_00-22-38.180;;31.044;-12.431;28.209;
159020;2017-03-14_00-22-43.192;;13.231;27.007;31.084;
159147;2017-03-14_00-22-48.228;;11.356;15.819;46.584;
159274;2017-03-14_00-22-53.256;;-3.144;30.319;12.709;
159399;2017-03-14_00-22-59.183;;5.044;19.194;45.334;
159550;2017-03-14_00-23-04.191;;5.044;19.194;45.334;
159677;2017-03-14_00-23-09.223;;15.106;33.319;29.459;
159804;2017-03-14_00-23-14.255;;22.919;21.444;49.022;
159930;2017-03-14_00-23-20.146;;19.169;22.882;-2.791;
160060;2017-03-14_00-23-25.163;;21.419;22.194;-2.353;
160206;2017-03-14_00-23-30.187;;18.419;29.632;3.772;
160333;2017-03-14_00-23-35.214;;21.419;31.819;4.584;
160460;2017-03-14_00-23-41.136;;21.419;31.819;4.584;
160609;2017-03-14_00-23-46.149;;21.419;21.444;-4.791;
160736;2017-03-14_00-23-51.184;;15.481;32.569;24.959;
160863;2017-03-14_00-23-57.127;;6.169;32.569;35.959;
160991;2017-03-14_00-24-02.135;;10.231;35.194;26.584;
161116;2017-03-14_00-24-07.159;;10.231;35.194;26.584;
161266;2017-03-14_00-24-12.187;;15.856;27.007;28.272;
161393;2017-03-14_00-24-18.143;;21.044;10.257;44.209;
161543;2017-03-14_00-24-23.153;;34.794;-0.118;27.022;
161670;2017-03-14_00-24-28.189;;34.794;-0.118;27.022;
161797;2017-03-14_00-24-33.216;;9.106;35.194;16.022;
161924;2017-03-14_00-24-38.254;;6.544;36.632;19.584;
162051;2017-03-14_00-24-43.286;;6.544;36.632;19.584;
162178;2017-03-14_00-24-48.316;;8.794;34.444;26.647;
162304;2017-03-14_00-24-54.128;;11.731;31.819;14.772;
162429;2017-03-14_00-24-59.166;;11.731;31.819;14.772;
162559;2017-03-14_00-25-04.224;;14.731;24.757;36.459;
162706;2017-03-14_00-25-09.233;;15.106;20.694;42.147;
162833;2017-03-14_00-25-14.264;;15.856;26.257;33.209;
162960;2017-03-14_00-25-20.124;;26.981;11.382;35.209;
163108;2017-03-14_00-25-25.158;;8.794;37.444;22.147;
163235;2017-03-14_00-25-30.189;;8.044;36.319;21.334;
163362;2017-03-14_00-25-36.117;;0.606;31.069;28.709;
163489;2017-03-14_00-25-41.165;;0.606;31.069;28.709;
163639;2017-03-14_00-25-47.115;;4.294;21.069;43.397;
163789;2017-03-14_00-25-52.139;;11.356;3.194;53.209;
163916;2017-03-14_00-25-57.166;;24.356;11.757;36.834;
164043;2017-03-14_00-26-02.202;;10.231;30.007;29.897;
164169;2017-03-14_00-26-08.113;;10.231;30.007;29.897;
164319;2017-03-14_00-26-13.134;;13.231;30.007;15.647;
164446;2017-03-14_00-26-18.163;;6.169;25.882;35.647;
164573;2017-03-14_00-26-24.105;;-34.769;12.882;36.897;
164701;2017-03-14_00-26-29.134;;-34.769;12.882;36.897;
164832;2017-03-14_00-26-34.195;;-16.144;-37.681;-9.228;
164977;2017-03-14_00-26-39.259;;-16.894;-40.681;-7.166;
