--- LOG START  --- 
176;2017-03-11_08-46-22.393;;-0.457;1.698;10.495;
188;2017-03-11_08-46-22.643;;-0.457;1.698;10.495;
203;2017-03-11_08-46-22.931;;-0.457;1.698;10.495;
218;2017-03-11_08-46-23.238;;-0.457;1.698;10.495;
233;2017-03-11_08-46-23.541;;-0.457;1.698;10.495;
248;2017-03-11_08-46-23.823;;-0.457;1.698;10.495;
263;2017-03-11_08-46-24.121;;-0.457;1.698;10.495;
278;2017-03-11_08-46-24.421;;-0.457;1.698;10.495;
290;2017-03-11_08-46-24.672;;-0.457;1.698;10.495;
305;2017-03-11_08-46-24.972;;-0.457;1.698;10.495;
320;2017-03-11_08-46-25.265;;-0.457;1.698;10.495;
335;2017-03-11_08-46-25.564;;-0.457;1.698;10.495;
350;2017-03-11_08-46-25.850;;-0.457;1.698;10.495;
365;2017-03-11_08-46-26.147;;-0.457;1.698;10.495;
380;2017-03-11_08-46-26.445;;-0.963;2.376;8.292;
395;2017-03-11_08-46-26.742;;-0.963;2.376;8.292;
410;2017-03-11_08-46-27.047;;-0.963;2.376;8.292;
425;2017-03-11_08-46-27.340;;-0.963;2.376;8.292;
440;2017-03-11_08-46-27.637;;-0.963;2.376;8.292;
455;2017-03-11_08-46-27.934;;-0.963;2.376;8.292;
470;2017-03-11_08-46-28.232;;-0.963;2.376;8.292;
485;2017-03-11_08-46-28.534;;-0.963;2.376;8.292;
500;2017-03-11_08-46-28.829;;-0.963;2.376;8.292;
515;2017-03-11_08-46-29.127;;-0.963;2.376;8.292;
530;2017-03-11_08-46-29.424;;-0.963;2.376;8.292;
545;2017-03-11_08-46-29.722;;-0.963;2.376;8.292;
560;2017-03-11_08-46-30.020;;-0.963;2.376;8.292;
571;2017-03-11_08-46-30.217;;-0.963;2.376;8.292;
584;2017-03-11_08-46-30.539;;-1.346;1.363;10.203;
599;2017-03-11_08-46-30.795;;-1.346;1.363;10.203;
614;2017-03-11_08-46-31.093;;-1.346;1.363;10.203;
629;2017-03-11_08-46-31.391;;-1.346;1.363;10.203;
644;2017-03-11_08-46-31.689;;-1.346;1.363;10.203;
659;2017-03-11_08-46-31.987;;-1.346;1.363;10.203;
674;2017-03-11_08-46-32.286;;-1.346;1.363;10.203;
689;2017-03-11_08-46-32.582;;-1.346;1.363;10.203;
704;2017-03-11_08-46-32.882;;-1.346;1.363;10.203;
719;2017-03-11_08-46-33.179;;-1.346;1.363;10.203;
734;2017-03-11_08-46-33.477;;-1.346;1.363;10.203;
749;2017-03-11_08-46-33.774;;-1.346;1.363;10.203;
764;2017-03-11_08-46-34.072;;-1.346;1.363;10.203;
779;2017-03-11_08-46-34.371;;-1.346;1.363;10.203;
794;2017-03-11_08-46-34.668;;-0.896;1.593;9.822;
809;2017-03-11_08-46-34.965;;-0.896;1.593;9.822;
824;2017-03-11_08-46-35.264;;-0.896;1.593;9.822;
839;2017-03-11_08-46-35.562;;-0.896;1.593;9.822;
854;2017-03-11_08-46-35.859;;-0.896;1.593;9.822;
869;2017-03-11_08-46-36.157;;-0.896;1.593;9.822;
884;2017-03-11_08-46-36.455;;-0.896;1.593;9.822;
899;2017-03-11_08-46-36.753;;-0.896;1.593;9.822;
914;2017-03-11_08-46-37.053;;-0.896;1.593;9.822;
929;2017-03-11_08-46-37.353;;-0.896;1.593;9.822;
944;2017-03-11_08-46-37.649;;-0.896;1.593;9.822;
959;2017-03-11_08-46-37.947;;-0.896;1.593;9.822;
974;2017-03-11_08-46-38.248;;-0.896;1.593;9.822;
989;2017-03-11_08-46-38.542;;-1.123;2.103;9.673;
1004;2017-03-11_08-46-38.838;;-1.123;2.103;9.673;
1019;2017-03-11_08-46-39.136;;-1.123;2.103;9.673;
1034;2017-03-11_08-46-39.439;;-1.123;2.103;9.673;
1049;2017-03-11_08-46-39.732;;-1.123;2.103;9.673;
1064;2017-03-11_08-46-40.031;;-1.123;2.103;9.673;
1079;2017-03-11_08-46-40.331;;-1.123;2.103;9.673;
1094;2017-03-11_08-46-40.628;;-1.123;2.103;9.673;
1109;2017-03-11_08-46-40.924;;-1.123;2.103;9.673;
1124;2017-03-11_08-46-41.224;;-1.123;2.103;9.673;
1139;2017-03-11_08-46-41.521;;-1.123;2.103;9.673;
1154;2017-03-11_08-46-41.821;;-1.123;2.103;9.673;
1169;2017-03-11_08-46-42.115;;-1.123;2.103;9.673;
1184;2017-03-11_08-46-42.417;;-1.123;2.103;9.673;
1199;2017-03-11_08-46-42.712;;-2.172;3.923;9.963;
1214;2017-03-11_08-46-43.007;;-2.172;3.923;9.963;
1229;2017-03-11_08-46-43.305;;-2.172;3.923;9.963;
1244;2017-03-11_08-46-43.605;;-2.172;3.923;9.963;
1259;2017-03-11_08-46-43.901;;-2.172;3.923;9.963;
1274;2017-03-11_08-46-44.199;;-2.172;3.923;9.963;
1289;2017-03-11_08-46-44.497;;-2.172;3.923;9.963;
1304;2017-03-11_08-46-44.798;;-2.172;3.923;9.963;
1319;2017-03-11_08-46-45.096;;-2.172;3.923;9.963;
1334;2017-03-11_08-46-45.390;;-2.172;3.923;9.963;
1349;2017-03-11_08-46-45.688;;-2.172;3.923;9.963;
1364;2017-03-11_08-46-45.986;;-2.172;3.923;9.963;
1379;2017-03-11_08-46-46.283;;-2.172;3.923;9.963;
1394;2017-03-11_08-46-46.582;;-2.172;3.923;9.963;
1409;2017-03-11_08-46-46.878;;-0.831;2.714;8.325;
1424;2017-03-11_08-46-47.175;;-0.831;2.714;8.325;
1439;2017-03-11_08-46-47.478;;-0.831;2.714;8.325;
1454;2017-03-11_08-46-47.771;;-0.831;2.714;8.325;
1469;2017-03-11_08-46-48.069;;-0.831;2.714;8.325;
1484;2017-03-11_08-46-48.366;;-0.831;2.714;8.325;
1499;2017-03-11_08-46-48.664;;-0.831;2.714;8.325;
1514;2017-03-11_08-46-48.962;;-0.831;2.714;8.325;
1529;2017-03-11_08-46-49.260;;-0.831;2.714;8.325;
1544;2017-03-11_08-46-49.557;;-0.831;2.714;8.325;
1559;2017-03-11_08-46-49.857;;-0.831;2.714;8.325;
1574;2017-03-11_08-46-50.153;;-0.831;2.714;8.325;
1589;2017-03-11_08-46-50.450;;-0.831;2.714;8.325;
1604;2017-03-11_08-46-50.749;;-0.24;2.548;9.003;
1619;2017-03-11_08-46-51.048;;-0.24;2.548;9.003;
1634;2017-03-11_08-46-51.345;;-0.24;2.548;9.003;
1649;2017-03-11_08-46-51.641;;-0.24;2.548;9.003;
1664;2017-03-11_08-46-51.940;;-0.24;2.548;9.003;
1679;2017-03-11_08-46-52.237;;-0.24;2.548;9.003;
1694;2017-03-11_08-46-52.535;;-0.24;2.548;9.003;
1709;2017-03-11_08-46-52.832;;-0.24;2.548;9.003;
1724;2017-03-11_08-46-53.130;;-0.24;2.548;9.003;
1739;2017-03-11_08-46-53.429;;-0.24;2.548;9.003;
1754;2017-03-11_08-46-53.726;;-0.24;2.548;9.003;
1768;2017-03-11_08-46-53.977;;-0.24;2.548;9.003;
1781;2017-03-11_08-46-54.262;;-0.24;2.548;9.003;
1796;2017-03-11_08-46-54.562;;-0.24;2.548;9.003;
1811;2017-03-11_08-46-54.857;;-1.954;3.133;9.496;
1826;2017-03-11_08-46-55.155;;-1.954;3.133;9.496;
1841;2017-03-11_08-46-55.452;;-1.954;3.133;9.496;
1856;2017-03-11_08-46-55.750;;-1.954;3.133;9.496;
1871;2017-03-11_08-46-56.047;;-1.954;3.133;9.496;
1886;2017-03-11_08-46-56.345;;-1.954;3.133;9.496;
1901;2017-03-11_08-46-56.645;;-1.954;3.133;9.496;
1916;2017-03-11_08-46-56.948;;-1.954;3.133;9.496;
1931;2017-03-11_08-46-57.239;;-1.954;3.133;9.496;
1946;2017-03-11_08-46-57.537;;-1.954;3.133;9.496;
1961;2017-03-11_08-46-57.836;;-1.954;3.133;9.496;
1976;2017-03-11_08-46-58.131;;-1.954;3.133;9.496;
1991;2017-03-11_08-46-58.436;;-1.954;3.133;9.496;
2004;2017-03-11_08-46-58.688;;-1.954;3.133;9.496;
2019;2017-03-11_08-46-58.984;;-1.056;2.491;9.429;
2032;2017-03-11_08-46-59.242;;-1.056;2.491;9.429;
2047;2017-03-11_08-46-59.540;;-1.056;2.491;9.429;
2062;2017-03-11_08-46-59.838;;-1.056;2.491;9.429;
2077;2017-03-11_08-47-00.137;;-1.056;2.491;9.429;
2092;2017-03-11_08-47-00.467;;-1.056;2.491;9.429;
2107;2017-03-11_08-47-00.732;;-1.056;2.491;9.429;
2120;2017-03-11_08-47-00.988;;-1.056;2.491;9.429;
2135;2017-03-11_08-47-01.286;;-1.056;2.491;9.429;
2150;2017-03-11_08-47-01.584;;-1.056;2.491;9.429;
2162;2017-03-11_08-47-01.838;;-1.056;2.491;9.429;
2177;2017-03-11_08-47-02.125;;-1.056;2.491;9.429;
2192;2017-03-11_08-47-02.417;;-1.056;2.491;9.429;
2207;2017-03-11_08-47-02.716;;-1.056;2.491;9.429;
2222;2017-03-11_08-47-03.013;;-0.996;2.864;9.669;
2237;2017-03-11_08-47-03.312;;-0.996;2.864;9.669;
2252;2017-03-11_08-47-03.609;;-0.996;2.864;9.669;
2267;2017-03-11_08-47-03.906;;-0.996;2.864;9.669;
2282;2017-03-11_08-47-04.204;;-0.996;2.864;9.669;
2297;2017-03-11_08-47-04.501;;-0.996;2.864;9.669;
2312;2017-03-11_08-47-04.799;;-0.996;2.864;9.669;
2327;2017-03-11_08-47-05.098;;-0.996;2.864;9.669;
2342;2017-03-11_08-47-05.395;;-0.996;2.864;9.669;
2357;2017-03-11_08-47-05.693;;-0.996;2.864;9.669;
2372;2017-03-11_08-47-05.989;;-0.996;2.864;9.669;
2387;2017-03-11_08-47-06.287;;-0.996;2.864;9.669;
2402;2017-03-11_08-47-06.586;;-0.996;2.864;9.669;
2417;2017-03-11_08-47-06.882;;-1.2;3.075;9.223;
2432;2017-03-11_08-47-07.180;;-1.2;3.075;9.223;
2447;2017-03-11_08-47-07.478;;-1.2;3.075;9.223;
2462;2017-03-11_08-47-07.777;;-1.2;3.075;9.223;
2477;2017-03-11_08-47-08.074;;-1.2;3.075;9.223;
2492;2017-03-11_08-47-08.373;;-1.2;3.075;9.223;
2507;2017-03-11_08-47-08.668;;-1.2;3.075;9.223;
2522;2017-03-11_08-47-08.966;;-1.2;3.075;9.223;
2537;2017-03-11_08-47-09.266;;-1.2;3.075;9.223;
2552;2017-03-11_08-47-09.562;;-1.2;3.075;9.223;
2567;2017-03-11_08-47-09.858;;-1.2;3.075;9.223;
2582;2017-03-11_08-47-10.156;;-1.2;3.075;9.223;
2597;2017-03-11_08-47-10.453;;-1.2;3.075;9.223;
2612;2017-03-11_08-47-10.751;;-1.2;3.075;9.223;
2627;2017-03-11_08-47-11.050;;2.172;-1.868;11.633;
2642;2017-03-11_08-47-11.347;;2.172;-1.868;11.633;
2657;2017-03-11_08-47-11.644;;2.172;-1.868;11.633;
2672;2017-03-11_08-47-11.942;;2.172;-1.868;11.633;
2687;2017-03-11_08-47-12.239;;2.172;-1.868;11.633;
2702;2017-03-11_08-47-12.539;;2.172;-1.868;11.633;
2717;2017-03-11_08-47-12.837;;2.172;-1.868;11.633;
2732;2017-03-11_08-47-13.139;;2.172;-1.868;11.633;
2747;2017-03-11_08-47-13.431;;2.172;-1.868;11.633;
2762;2017-03-11_08-47-13.733;;2.172;-1.868;11.633;
2777;2017-03-11_08-47-14.027;;2.172;-1.868;11.633;
2792;2017-03-11_08-47-14.327;;2.172;-1.868;11.633;
2807;2017-03-11_08-47-14.625;;2.172;-1.868;11.633;
2822;2017-03-11_08-47-14.922;;4.278;3.118;-13.405;
2831;2017-03-11_08-47-15.175;;4.278;3.118;-13.405;
2843;2017-03-11_08-47-15.569;;4.278;3.118;-13.405;
2870;2017-03-11_08-47-15.870;;4.278;3.118;-13.405;
2885;2017-03-11_08-47-16.168;;4.278;3.118;-13.405;
2900;2017-03-11_08-47-16.464;;4.278;3.118;-13.405;
2915;2017-03-11_08-47-16.765;;4.278;3.118;-13.405;
2930;2017-03-11_08-47-17.063;;4.278;3.118;-13.405;
2945;2017-03-11_08-47-17.317;;4.278;3.118;-13.405;
2958;2017-03-11_08-47-17.575;;4.278;3.118;-13.405;
2971;2017-03-11_08-47-17.835;;4.278;3.118;-13.405;
2984;2017-03-11_08-47-18.092;;4.278;3.118;-13.405;
2997;2017-03-11_08-47-18.352;;4.278;3.118;-13.405;
3010;2017-03-11_08-47-18.611;;4.278;3.118;-13.405;
3023;2017-03-11_08-47-18.866;;4.278;3.118;-13.405;
3036;2017-03-11_08-47-19.127;;-0.168;0.532;9.8;
3049;2017-03-11_08-47-19.383;;-0.168;0.532;9.8;
3062;2017-03-11_08-47-19.641;;-0.168;0.532;9.8;
3075;2017-03-11_08-47-19.900;;-0.168;0.532;9.8;
3088;2017-03-11_08-47-20.156;;-0.168;0.532;9.8;
3101;2017-03-11_08-47-20.414;;-0.168;0.532;9.8;
3114;2017-03-11_08-47-20.672;;-0.168;0.532;9.8;
3127;2017-03-11_08-47-20.932;;-0.168;0.532;9.8;
3140;2017-03-11_08-47-21.187;;-0.168;0.532;9.8;
3153;2017-03-11_08-47-21.444;;-0.168;0.532;9.8;
3166;2017-03-11_08-47-21.705;;-0.168;0.532;9.8;
3179;2017-03-11_08-47-21.961;;-0.168;0.532;9.8;
3192;2017-03-11_08-47-22.217;;-0.168;0.532;9.8;
3204;2017-03-11_08-47-22.454;;-0.168;0.532;9.8;
3218;2017-03-11_08-47-22.734;;-0.168;0.532;9.8;
3231;2017-03-11_08-47-22.993;;-0.168;0.532;9.8;
3244;2017-03-11_08-47-23.262;;-0.244;0.484;9.901;
3258;2017-03-11_08-47-23.536;;-0.244;0.484;9.901;
3271;2017-03-11_08-47-23.789;;-0.244;0.484;9.901;
3284;2017-03-11_08-47-24.043;;-0.244;0.484;9.901;
3297;2017-03-11_08-47-24.299;;-0.244;0.484;9.901;
3310;2017-03-11_08-47-24.557;;-0.244;0.484;9.901;
3323;2017-03-11_08-47-24.820;;-0.244;0.484;9.901;
3336;2017-03-11_08-47-25.078;;-0.244;0.484;9.901;
3349;2017-03-11_08-47-25.332;;-0.244;0.484;9.901;
3362;2017-03-11_08-47-25.593;;-0.244;0.484;9.901;
3375;2017-03-11_08-47-25.849;;-0.244;0.484;9.901;
3388;2017-03-11_08-47-26.109;;-0.244;0.484;9.901;
3401;2017-03-11_08-47-26.364;;-0.244;0.484;9.901;
3414;2017-03-11_08-47-26.628;;-0.244;0.484;9.901;
3427;2017-03-11_08-47-26.884;;-0.244;0.484;9.901;
3440;2017-03-11_08-47-27.141;;-4.534;-0.599;11.913;
3453;2017-03-11_08-47-27.400;;-4.534;-0.599;11.913;
3466;2017-03-11_08-47-27.656;;-4.534;-0.599;11.913;
3479;2017-03-11_08-47-27.914;;-4.534;-0.599;11.913;
3492;2017-03-11_08-47-28.173;;-4.534;-0.599;11.913;
3505;2017-03-11_08-47-28.431;;-4.534;-0.599;11.913;
3518;2017-03-11_08-47-28.689;;-4.534;-0.599;11.913;
3531;2017-03-11_08-47-28.947;;-4.534;-0.599;11.913;
3544;2017-03-11_08-47-29.204;;-4.534;-0.599;11.913;
3557;2017-03-11_08-47-29.464;;-4.534;-0.599;11.913;
3570;2017-03-11_08-47-29.722;;-4.534;-0.599;11.913;
3583;2017-03-11_08-47-29.977;;-4.534;-0.599;11.913;
3596;2017-03-11_08-47-30.237;;-4.534;-0.599;11.913;
3609;2017-03-11_08-47-30.495;;-4.534;-0.599;11.913;
3622;2017-03-11_08-47-30.754;;-4.534;-0.599;11.913;
3635;2017-03-11_08-47-31.010;;-4.534;-0.599;11.913;
3648;2017-03-11_08-47-31.269;;-0.872;0.378;10.811;
3661;2017-03-11_08-47-31.530;;-0.872;0.378;10.811;
3674;2017-03-11_08-47-31.786;;-0.872;0.378;10.811;
3683;2017-03-11_08-47-32.145;;-0.872;0.378;10.811;
3706;2017-03-11_08-47-32.422;;-0.872;0.378;10.811;
3719;2017-03-11_08-47-32.679;;-0.872;0.378;10.811;
3732;2017-03-11_08-47-32.939;;-0.872;0.378;10.811;
3745;2017-03-11_08-47-33.197;;-0.872;0.378;10.811;
3758;2017-03-11_08-47-33.454;;-0.872;0.378;10.811;
3771;2017-03-11_08-47-33.710;;-0.872;0.378;10.811;
3784;2017-03-11_08-47-33.970;;-0.872;0.378;10.811;
3796;2017-03-11_08-47-34.280;;-0.872;0.378;10.811;
3810;2017-03-11_08-47-34.531;;-0.872;0.378;10.811;
3825;2017-03-11_08-47-34.819;;-0.872;0.378;10.811;
3840;2017-03-11_08-47-35.118;;-0.872;0.378;10.811;
3852;2017-03-11_08-47-35.407;;-1.583;-1.348;10.677;
3855;2017-03-11_08-47-35.744;;-1.583;-1.348;10.677;
3885;2017-03-11_08-47-36.010;;-1.583;-1.348;10.677;
3900;2017-03-11_08-47-36.307;;-1.583;-1.348;10.677;
3915;2017-03-11_08-47-36.605;;-1.583;-1.348;10.677;
3930;2017-03-11_08-47-36.902;;-1.583;-1.348;10.677;
3945;2017-03-11_08-47-37.200;;-1.583;-1.348;10.677;
3960;2017-03-11_08-47-37.497;;-1.583;-1.348;10.677;
3975;2017-03-11_08-47-37.795;;-1.583;-1.348;10.677;
3990;2017-03-11_08-47-38.093;;-1.583;-1.348;10.677;
4005;2017-03-11_08-47-38.391;;-1.583;-1.348;10.677;
4020;2017-03-11_08-47-38.692;;-1.583;-1.348;10.677;
4035;2017-03-11_08-47-38.989;;-1.583;-1.348;10.677;
4050;2017-03-11_08-47-39.285;;0.041;0.177;9.992;
4065;2017-03-11_08-47-39.581;;0.041;0.177;9.992;
4080;2017-03-11_08-47-39.879;;0.041;0.177;9.992;
4095;2017-03-11_08-47-40.176;;0.041;0.177;9.992;
4110;2017-03-11_08-47-40.474;;0.041;0.177;9.992;
4125;2017-03-11_08-47-40.772;;0.041;0.177;9.992;
4138;2017-03-11_08-47-41.026;;0.041;0.177;9.992;
4152;2017-03-11_08-47-41.307;;0.041;0.177;9.992;
4167;2017-03-11_08-47-41.604;;0.041;0.177;9.992;
4182;2017-03-11_08-47-41.901;;0.041;0.177;9.992;
4197;2017-03-11_08-47-42.200;;0.041;0.177;9.992;
4212;2017-03-11_08-47-42.498;;0.041;0.177;9.992;
4226;2017-03-11_08-47-42.756;;0.041;0.177;9.992;
4239;2017-03-11_08-47-43.032;;0.041;0.177;9.992;
