--- LOG START  --- 
222;2017-03-08_14-06-30.782;;-27.12;-25.315;-50.218;
286;2017-03-08_14-06-33.328;;-34.933;-34.627;-51.406;
397;2017-03-08_14-06-37.727;;-30.87;-30.127;-51.343;
403;2017-03-08_14-06-37.961;;-30.87;-30.127;-51.343;
408;2017-03-08_14-06-38.141;;-30.87;-30.127;-51.343;
412;2017-03-08_14-06-38.317;;-30.87;-30.127;-51.343;
420;2017-03-08_14-06-38.625;;-30.87;-30.127;-51.343;
427;2017-03-08_14-06-38.910;;-24.87;-36.44;-52.093;
435;2017-03-08_14-06-39.207;;-24.87;-36.44;-52.093;
442;2017-03-08_14-06-39.515;;-24.87;-36.44;-52.093;
450;2017-03-08_14-06-39.801;;-24.87;-36.44;-52.093;
457;2017-03-08_14-06-40.106;;-24.87;-36.44;-52.093;
465;2017-03-08_14-06-40.397;;-24.87;-36.44;-52.093;
472;2017-03-08_14-06-40.712;;-24.87;-36.44;-52.093;
480;2017-03-08_14-06-40.988;;-24.87;-36.44;-52.093;
487;2017-03-08_14-06-41.285;;-24.87;-36.44;-52.093;
495;2017-03-08_14-06-41.582;;-24.87;-36.44;-52.093;
501;2017-03-08_14-06-41.867;;-24.87;-36.44;-52.093;
509;2017-03-08_14-06-42.137;;-24.87;-36.44;-52.093;
516;2017-03-08_14-06-42.434;;-24.87;-36.44;-52.093;
524;2017-03-08_14-06-42.731;;-24.87;-36.44;-52.093;
