--- LOG START  --- 
257;2017-03-13_22-02-34.709;;0.026;3.372;9.82;
509;2017-03-13_22-02-39.725;;-0.754;1.461;5.353;
765;2017-03-13_22-02-44.747;;-0.115;0.211;9.901;
1018;2017-03-13_22-02-49.793;;-0.101;0.211;9.913;
1270;2017-03-13_22-02-54.796;;-0.108;0.23;9.896;
1525;2017-03-13_22-02-59.845;;-0.132;0.228;9.899;
1780;2017-03-13_22-03-04.901;;-0.115;0.201;9.896;
2035;2017-03-13_22-03-09.951;;-0.117;0.235;9.882;
2287;2017-03-13_22-03-14.952;;-0.139;0.232;9.879;
2542;2017-03-13_22-03-20.009;;-0.129;0.216;9.887;
2796;2017-03-13_22-03-25.010;;-0.113;0.223;9.906;
3049;2017-03-13_22-03-30.058;;-0.127;0.213;9.867;
3304;2017-03-13_22-03-35.120;;-0.122;0.216;9.901;
3559;2017-03-13_22-03-40.174;;-0.137;0.232;9.887;
3814;2017-03-13_22-03-45.230;;-0.146;0.237;9.875;
4068;2017-03-13_22-03-50.230;;-0.12;0.218;9.879;
4321;2017-03-13_22-03-55.285;;-0.129;0.206;9.87;
4574;2017-03-13_22-04-00.287;;-0.122;0.206;9.879;
4828;2017-03-13_22-04-05.340;;-0.122;0.213;9.887;
5080;2017-03-13_22-04-10.340;;-0.134;0.213;9.879;
5335;2017-03-13_22-04-15.393;;-0.139;0.23;9.875;
5589;2017-03-13_22-04-20.394;;-0.125;0.218;9.877;
5842;2017-03-13_22-04-25.453;;-0.139;0.204;9.875;
6097;2017-03-13_22-04-30.503;;-0.134;0.218;9.887;
6349;2017-03-13_22-04-35.505;;-0.16;0.204;9.867;
6603;2017-03-13_22-04-40.507;;-0.158;0.199;9.867;
6856;2017-03-13_22-04-45.563;;-0.115;0.22;9.889;
7109;2017-03-13_22-04-50.563;;-0.132;0.194;9.896;
7363;2017-03-13_22-04-55.618;;-0.139;0.213;9.889;
7616;2017-03-13_22-05-00.619;;-0.132;0.199;9.877;
7870;2017-03-13_22-05-05.681;;-0.129;0.204;9.87;
8125;2017-03-13_22-05-10.737;;-0.129;0.211;9.879;
8380;2017-03-13_22-05-15.799;;-0.163;0.194;9.882;
8635;2017-03-13_22-05-20.853;;-0.16;0.218;9.853;
8887;2017-03-13_22-05-25.856;;-0.148;0.204;9.875;
9142;2017-03-13_22-05-30.912;;-0.148;0.204;9.872;
9394;2017-03-13_22-05-35.917;;-0.141;0.204;9.875;
9649;2017-03-13_22-05-40.968;;-0.153;0.201;9.867;
9903;2017-03-13_22-05-45.969;;-0.137;0.199;9.875;
10156;2017-03-13_22-05-51.033;;-0.139;0.211;9.882;
10410;2017-03-13_22-05-56.035;;-0.137;0.199;9.872;
10663;2017-03-13_22-06-01.092;;-0.141;0.208;9.86;
10916;2017-03-13_22-06-06.093;;-0.17;0.192;9.872;
11170;2017-03-13_22-06-11.155;;-0.125;0.184;9.884;
11423;2017-03-13_22-06-16.156;;-0.125;0.187;9.875;
11675;2017-03-13_22-06-21.157;;-0.137;0.199;9.87;
11927;2017-03-13_22-06-26.159;;-0.151;0.208;9.872;
12181;2017-03-13_22-06-31.213;;-0.141;0.208;9.867;
12433;2017-03-13_22-06-36.214;;-0.151;0.194;9.882;
12685;2017-03-13_22-06-41.218;;-0.129;0.22;9.879;
12937;2017-03-13_22-06-46.219;;-0.156;0.17;9.889;
13189;2017-03-13_22-06-51.220;;-0.134;0.204;9.867;
13441;2017-03-13_22-06-56.221;;-0.144;0.199;9.887;
13693;2017-03-13_22-07-01.223;;-0.141;0.206;9.877;
13946;2017-03-13_22-07-06.224;;-0.144;0.192;9.887;
14199;2017-03-13_22-07-11.225;;-0.108;0.218;9.891;
14449;2017-03-13_22-07-16.231;;-0.144;0.194;9.867;
14704;2017-03-13_22-07-21.286;;-0.148;0.194;9.877;
14956;2017-03-13_22-07-26.291;;-0.137;0.196;9.889;
15211;2017-03-13_22-07-31.351;;-0.158;0.194;9.87;
15463;2017-03-13_22-07-36.354;;-0.158;0.194;9.86;
15717;2017-03-13_22-07-41.356;;-0.151;0.204;9.884;
15970;2017-03-13_22-07-46.416;;-0.165;0.189;9.856;
16222;2017-03-13_22-07-51.418;;-0.148;0.184;9.86;
16475;2017-03-13_22-07-56.419;;-0.148;0.204;9.867;
16728;2017-03-13_22-08-01.420;;-0.201;0.17;9.827;
16981;2017-03-13_22-08-06.478;;-0.163;0.196;9.872;
17235;2017-03-13_22-08-11.480;;-0.081;0.249;9.901;
17485;2017-03-13_22-08-16.480;;-0.232;0.151;9.82;
17737;2017-03-13_22-08-21.482;;-0.165;0.151;9.851;
17989;2017-03-13_22-08-26.486;;-0.148;0.201;9.86;
18241;2017-03-13_22-08-31.487;;-0.127;0.194;9.872;
18493;2017-03-13_22-08-36.489;;-0.146;0.184;9.863;
18745;2017-03-13_22-08-41.492;;-0.137;0.206;9.872;
18997;2017-03-13_22-08-46.490;;-0.158;0.199;9.877;
19251;2017-03-13_22-08-51.495;;-0.148;0.192;9.86;
19503;2017-03-13_22-08-56.496;;-0.144;0.187;9.87;
19753;2017-03-13_22-09-01.497;;-0.046;0.225;9.932;
20005;2017-03-13_22-09-06.502;;0.019;0.287;9.951;
20260;2017-03-13_22-09-11.564;;-0.086;0.192;9.906;
20515;2017-03-13_22-09-16.620;;-0.125;0.23;9.894;
20767;2017-03-13_22-09-21.625;;-0.182;0.093;9.856;
21020;2017-03-13_22-09-26.639;;-0.232;0.115;9.906;
21272;2017-03-13_22-09-31.643;;-0.192;0.05;9.87;
21524;2017-03-13_22-09-36.646;;-0.268;0.12;9.937;
21777;2017-03-13_22-09-41.648;;-0.192;0.081;9.918;
22028;2017-03-13_22-09-46.652;;-0.189;0.072;9.918;
22283;2017-03-13_22-09-51.707;;-0.199;0.101;9.911;
22538;2017-03-13_22-09-56.767;;-0.18;0.081;9.891;
22790;2017-03-13_22-10-01.768;;-0.196;0.103;9.896;
23044;2017-03-13_22-10-06.769;;-0.196;0.108;9.903;
23297;2017-03-13_22-10-11.825;;-0.208;0.096;9.877;
23552;2017-03-13_22-10-16.877;;-0.206;0.084;9.867;
23804;2017-03-13_22-10-21.883;;-0.204;0.108;9.901;
24059;2017-03-13_22-10-26.936;;-0.204;0.084;9.875;
24312;2017-03-13_22-10-31.939;;-0.208;0.098;9.882;
24566;2017-03-13_22-10-36.997;;-0.201;0.084;9.889;
24818;2017-03-13_22-10-41.999;;-0.199;0.084;9.865;
25073;2017-03-13_22-10-47.060;;-0.22;0.081;9.875;
25325;2017-03-13_22-10-52.060;;-0.201;0.091;9.882;
25580;2017-03-13_22-10-57.114;;-0.199;0.081;9.867;
25832;2017-03-13_22-11-02.121;;-0.199;0.089;9.865;
26084;2017-03-13_22-11-07.124;;-0.208;0.093;9.879;
26337;2017-03-13_22-11-12.124;;-0.206;0.101;9.877;
26590;2017-03-13_22-11-17.128;;-0.211;0.081;9.875;
26843;2017-03-13_22-11-22.182;;-0.204;0.084;9.882;
27095;2017-03-13_22-11-27.185;;-0.218;0.079;9.865;
27349;2017-03-13_22-11-32.187;;-0.225;0.093;9.863;
27602;2017-03-13_22-11-37.243;;-0.216;0.081;9.889;
27857;2017-03-13_22-11-42.301;;-0.204;0.103;9.901;
28103;2017-03-13_22-11-48.175;;-0.204;0.103;9.901;
28358;2017-03-13_22-11-53.177;;-0.223;0.069;9.887;
28658;2017-03-13_22-11-58.202;;-0.204;0.081;9.863;
28913;2017-03-13_22-12-03.260;;-0.196;0.096;9.877;
29165;2017-03-13_22-12-09.117;;-0.208;0.093;9.867;
29417;2017-03-13_22-12-14.128;;-0.216;0.074;9.889;
29714;2017-03-13_22-12-19.158;;-0.199;0.072;9.889;
29921;2017-03-13_22-12-24.166;;-0.189;0.089;9.879;
30170;2017-03-13_22-12-29.171;;-0.189;0.089;9.879;
30422;2017-03-13_22-12-34.185;;-0.196;0.096;9.882;
30725;2017-03-13_22-12-39.219;;-0.232;0.086;9.889;
30977;2017-03-13_22-12-45.133;;-0.206;0.086;9.891;
31274;2017-03-13_22-12-51.154;;-0.208;0.077;9.872;
31580;2017-03-13_22-12-56.188;;-0.211;0.091;9.889;
31823;2017-03-13_22-13-02.165;;-0.201;0.089;9.887;
32087;2017-03-13_22-13-07.175;;-0.199;0.084;9.867;
32387;2017-03-13_22-13-12.204;;-0.199;0.072;9.875;
32639;2017-03-13_22-13-17.205;;-0.156;0.139;9.867;
32894;2017-03-13_22-13-23.117;;-0.206;0.062;9.867;
33143;2017-03-13_22-13-28.201;;-0.211;0.084;9.884;
33446;2017-03-13_22-13-33.217;;-0.211;0.084;9.884;
33698;2017-03-13_22-13-38.219;;-0.311;0.065;9.925;
33950;2017-03-13_22-13-43.485;;-0.206;0.115;9.863;
34202;2017-03-13_22-13-49.128;;-0.206;0.115;9.863;
34492;2017-03-13_22-13-54.129;;-0.184;0.091;9.884;
34754;2017-03-13_22-13-59.179;;-0.223;0.05;9.865;
34969;2017-03-13_22-14-04.189;;-0.201;0.072;9.867;
35261;2017-03-13_22-14-09.241;;-0.146;0.103;9.863;
35516;2017-03-13_22-14-14.303;;-0.213;0.098;9.884;
35768;2017-03-13_22-14-19.307;;-0.218;0.077;9.867;
36020;2017-03-13_22-14-25.123;;-0.192;0.081;9.87;
36269;2017-03-13_22-14-30.151;;-0.199;0.086;9.86;
36569;2017-03-13_22-14-35.207;;-0.211;0.098;9.863;
36823;2017-03-13_22-14-40.209;;-0.211;0.098;9.863;
37076;2017-03-13_22-14-45.272;;-0.213;0.084;9.872;
37331;2017-03-13_22-14-50.329;;-0.201;0.081;9.879;
37583;2017-03-13_22-14-55.332;;-0.208;0.089;9.875;
37835;2017-03-13_22-15-00.334;;-0.216;0.069;9.889;
38084;2017-03-13_22-15-06.144;;-0.204;0.093;9.867;
38379;2017-03-13_22-15-11.145;;-0.218;0.079;9.865;
38603;2017-03-13_22-15-16.147;;-0.194;0.062;9.882;
38885;2017-03-13_22-15-21.175;;-0.206;0.091;9.877;
39140;2017-03-13_22-15-26.231;;-0.204;0.077;9.858;
39392;2017-03-13_22-15-31.233;;-0.206;0.086;9.867;
39644;2017-03-13_22-15-36.251;;-0.206;0.086;9.867;
39899;2017-03-13_22-15-41.297;;-0.201;0.062;9.856;
40150;2017-03-13_22-15-46.241;;-0.225;0.079;9.887;
40400;2017-03-13_22-15-52.187;;-0.225;0.079;9.887;
40700;2017-03-13_22-15-58.203;;-0.206;0.084;9.877;
41003;2017-03-13_22-16-03.214;;-0.204;0.079;9.863;
41255;2017-03-13_22-16-08.216;;-0.204;0.079;9.863;
41504;2017-03-13_22-16-13.432;;-0.206;0.098;9.87;
41771;2017-03-13_22-16-18.460;;-0.208;0.084;9.872;
42026;2017-03-13_22-16-23.515;;-0.199;0.069;9.867;
42278;2017-03-13_22-16-28.524;;-0.201;0.089;9.879;
42518;2017-03-13_22-16-34.155;;-0.228;0.069;9.887;
42815;2017-03-13_22-16-39.177;;-0.228;0.069;9.887;
43067;2017-03-13_22-16-44.185;;-0.189;0.081;9.867;
43322;2017-03-13_22-16-50.120;;-0.206;0.072;9.884;
43571;2017-03-13_22-16-55.226;;-0.206;0.072;9.884;
43877;2017-03-13_22-17-00.257;;-0.192;0.086;9.863;
44129;2017-03-13_22-17-05.264;;-0.225;0.113;9.882;
44381;2017-03-13_22-17-11.126;;-0.204;0.113;9.877;
44627;2017-03-13_22-17-16.164;;-0.196;0.089;9.865;
44930;2017-03-13_22-17-21.412;;-0.196;0.108;9.891;
45176;2017-03-13_22-17-27.143;;-0.218;0.026;9.834;
45485;2017-03-13_22-17-32.173;;-0.208;0.079;9.867;
45689;2017-03-13_22-17-37.174;;-0.208;0.079;9.867;
45990;2017-03-13_22-17-42.204;;-0.213;0.007;9.846;
46245;2017-03-13_22-17-48.106;;-0.146;0.062;9.841;
46497;2017-03-13_22-17-53.125;;-0.146;0.062;9.841;
46779;2017-03-13_22-17-58.125;;-0.287;0;9.903;
47046;2017-03-13_22-18-03.161;;-0.206;0.093;9.865;
47298;2017-03-13_22-18-08.164;;-0.208;0.053;9.875;
47550;2017-03-13_22-18-13.169;;-0.204;0.041;9.877;
47805;2017-03-13_22-18-19.111;;-0.196;0.014;9.863;
48102;2017-03-13_22-18-24.125;;-0.192;0.014;9.853;
48318;2017-03-13_22-18-29.145;;-0.211;0.079;9.887;
48609;2017-03-13_22-18-34.184;;-0.211;0.079;9.887;
48861;2017-03-13_22-18-39.186;;-0.187;0.026;9.879;
49113;2017-03-13_22-18-44.192;;-0.204;0.043;9.882;
49317;2017-03-13_22-18-49.200;;-0.213;0.022;9.887;
49620;2017-03-13_22-18-54.254;;-0.11;0.031;9.798;
49872;2017-03-13_22-19-00.101;;-0.182;0.062;9.86;
50169;2017-03-13_22-19-05.152;;-0.189;0.038;9.884;
50423;2017-03-13_22-19-10.153;;-0.22;0.024;9.882;
50626;2017-03-13_22-19-15.173;;-0.22;0.024;9.882;
50928;2017-03-13_22-19-20.214;;-0.213;0.093;9.891;
51180;2017-03-13_22-19-25.215;;-0.122;0.031;9.817;
51434;2017-03-13_22-19-30.256;;-0.18;-0.067;9.848;
51686;2017-03-13_22-19-35.258;;-0.223;0.069;9.908;
51938;2017-03-13_22-19-41.108;;-0.216;0.038;9.884;
52193;2017-03-13_22-19-46.229;;-0.177;0.034;9.867;
52493;2017-03-13_22-19-51.279;;-0.208;0.05;9.872;
52742;2017-03-13_22-19-57.186;;-0.196;0.041;9.896;
53045;2017-03-13_22-20-02.229;;-0.199;0.041;9.856;
53297;2017-03-13_22-20-08.148;;-0.22;0.038;9.879;
53597;2017-03-13_22-20-13.187;;-0.201;0.041;9.891;
53849;2017-03-13_22-20-18.187;;-0.213;0.019;9.865;
54104;2017-03-13_22-20-23.248;;-0.201;0.031;9.86;
54356;2017-03-13_22-20-28.250;;-0.201;0.031;9.86;
54608;2017-03-13_22-20-33.254;;-0.251;0.038;9.887;
54860;2017-03-13_22-20-39.141;;-0.216;0.057;9.887;
55157;2017-03-13_22-20-44.151;;-0.194;0.034;9.879;
55397;2017-03-13_22-20-49.153;;-0.208;0.029;9.879;
55664;2017-03-13_22-20-54.210;;-0.206;0.029;9.896;
55919;2017-03-13_22-20-59.270;;-0.204;0.026;9.887;
56171;2017-03-13_22-21-05.129;;-0.201;0.05;9.872;
56468;2017-03-13_22-21-10.169;;-0.189;0.026;9.877;
56669;2017-03-13_22-21-15.199;;-0.194;0.046;9.867;
56966;2017-03-13_22-21-21.172;;-0.196;0.029;9.86;
57275;2017-03-13_22-21-27.185;;-0.201;0.041;9.865;
57578;2017-03-13_22-21-32.202;;-0.228;0.041;9.884;
57833;2017-03-13_22-21-37.258;;-0.199;0.019;9.863;
58088;2017-03-13_22-21-42.318;;-0.199;0.019;9.863;
58337;2017-03-13_22-21-48.117;;-0.201;0.031;9.86;
58634;2017-03-13_22-21-53.161;;-0.206;0.029;9.853;
58889;2017-03-13_22-21-59.111;;-0.201;0.017;9.887;
59145;2017-03-13_22-22-04.193;;-3.331;3.212;15.52;
59444;2017-03-13_22-22-09.229;;-1.923;4.939;8.1;
59696;2017-03-13_22-22-14.233;;-1.25;4.831;8.433;
59948;2017-03-13_22-22-19.261;;-0.184;0.048;9.901;
60203;2017-03-13_22-22-24.290;;-0.06;0.055;9.798;
60455;2017-03-13_22-22-29.292;;-0.218;0.034;9.901;
60709;2017-03-13_22-22-34.293;;-0.194;0.048;9.908;
60959;2017-03-13_22-22-39.295;;-0.192;0.041;9.894;
61212;2017-03-13_22-22-44.293;;-0.196;0.038;9.877;
61466;2017-03-13_22-22-49.356;;-0.18;0.031;9.894;
61721;2017-03-13_22-22-54.406;;-0.189;0.043;9.879;
61976;2017-03-13_22-22-59.468;;-0.206;0.034;9.884;
62229;2017-03-13_22-23-04.470;;-0.196;0.038;9.875;
62482;2017-03-13_22-23-09.472;;-0.189;0.05;9.889;
62735;2017-03-13_22-23-14.522;;-0.213;-0.074;9.865;
62987;2017-03-13_22-23-19.526;;-0.192;0.05;9.889;
63242;2017-03-13_22-23-24.588;;-0.199;0.046;9.882;
63494;2017-03-13_22-23-29.589;;-0.182;0.043;9.901;
63748;2017-03-13_22-23-34.590;;-0.213;0.036;9.887;
64001;2017-03-13_22-23-39.646;;-0.189;0.024;9.86;
64255;2017-03-13_22-23-44.647;;-0.206;0.031;9.882;
64506;2017-03-13_22-23-49.647;;-0.206;0.031;9.875;
64760;2017-03-13_22-23-54.705;;-0.184;0.034;9.889;
65014;2017-03-13_22-23-59.706;;-0.206;0.024;9.872;
65264;2017-03-13_22-24-04.707;;-0.201;0.029;9.877;
65516;2017-03-13_22-24-09.709;;-0.206;0.034;9.884;
65771;2017-03-13_22-24-14.766;;-0.201;0.034;9.889;
66023;2017-03-13_22-24-19.771;;-0.196;0.038;9.882;
66278;2017-03-13_22-24-24.830;;-0.201;0.034;9.879;
66500;2017-03-13_22-24-30.128;;-0.206;0.041;9.882;
66800;2017-03-13_22-24-35.187;;-0.175;0.036;9.879;
67055;2017-03-13_22-24-40.202;;-0.23;0.06;9.923;
67307;2017-03-13_22-24-46.113;;-0.184;0.031;9.882;
67580;2017-03-13_22-24-51.113;;-0.187;0.026;9.867;
67838;2017-03-13_22-24-56.206;;-0.196;0.022;9.879;
68097;2017-03-13_22-25-01.207;;-0.225;0.055;9.903;
68366;2017-03-13_22-25-06.258;;-0.196;0.043;9.889;
68618;2017-03-13_22-25-11.258;;-0.196;0.043;9.889;
68870;2017-03-13_22-25-16.263;;-0.192;0.055;9.872;
69121;2017-03-13_22-25-21.205;;-0.192;0.055;9.872;
69419;2017-03-13_22-25-27.165;;-0.189;0.048;9.884;
69674;2017-03-13_22-25-32.221;;-0.184;0.041;9.877;
69929;2017-03-13_22-25-38.131;;-0.196;0.034;9.879;
70226;2017-03-13_22-25-43.172;;-0.196;0.034;9.879;
70481;2017-03-13_22-25-49.089;;-0.192;0.043;9.863;
70778;2017-03-13_22-25-54.127;;-0.187;0.029;9.889;
70982;2017-03-13_22-25-59.150;;-0.204;0.036;9.889;
71237;2017-03-13_22-26-04.172;;-0.194;0.034;9.872;
71537;2017-03-13_22-26-09.184;;-0.196;0.029;9.875;
71789;2017-03-13_22-26-14.189;;-0.192;0.022;9.875;
72044;2017-03-13_22-26-20.106;;-0.194;0.031;9.877;
72296;2017-03-13_22-26-25.133;;-0.194;0.031;9.877;
72593;2017-03-13_22-26-30.140;;-0.182;0.086;9.906;
72845;2017-03-13_22-26-35.144;;-0.194;-0.007;9.863;
73049;2017-03-13_22-26-40.158;;-0.24;0.014;9.887;
73352;2017-03-13_22-26-45.203;;-0.151;0.019;9.875;
73604;2017-03-13_22-26-50.209;;-0.208;0.074;9.882;
73856;2017-03-13_22-26-56.099;;-0.141;0.103;9.865;
74154;2017-03-13_22-27-01.118;;-0.194;0.053;9.867;
74406;2017-03-13_22-27-06.121;;-0.199;0.029;9.86;
74661;2017-03-13_22-27-11.179;;-0.156;0.05;9.879;
74914;2017-03-13_22-27-16.203;;-0.184;0.007;9.875;
75166;2017-03-13_22-27-21.204;;-0.177;0.007;9.87;
75418;2017-03-13_22-27-26.222;;-0.177;-0.012;9.879;
75670;2017-03-13_22-27-31.472;;-0.172;0.022;9.87;
75925;2017-03-13_22-27-37.120;;-0.216;0.084;9.906;
76223;2017-03-13_22-27-42.139;;-0.177;0.074;9.901;
76474;2017-03-13_22-27-47.160;;-0.187;0.065;9.86;
76726;2017-03-13_22-27-52.439;;-0.192;0.069;9.884;
76993;2017-03-13_22-27-57.457;;-0.182;0.065;9.884;
77233;2017-03-13_22-28-03.101;;-1.083;4.172;8.601;
77530;2017-03-13_22-28-08.110;;-0.635;5.032;8.375;
77782;2017-03-13_22-28-13.114;;-0.953;4.833;8.493;
78034;2017-03-13_22-28-18.126;;-0.932;3.899;9.329;
78289;2017-03-13_22-28-23.174;;-1.339;4.433;8.701;
78544;2017-03-13_22-28-28.230;;0.005;3.605;9.046;
78799;2017-03-13_22-28-33.285;;-2.06;3.777;8.802;
79052;2017-03-13_22-28-38.286;;-1.756;3.65;9.008;
79303;2017-03-13_22-28-43.284;;-2.984;4.857;8.105;
79558;2017-03-13_22-28-48.341;;-2.975;4.792;8.107;
79812;2017-03-13_22-28-53.343;;-2.539;4.857;8.112;
80065;2017-03-13_22-28-58.390;;-3.264;4.797;7.942;
80317;2017-03-13_22-29-03.394;;-6.646;7.072;-2.357;
80569;2017-03-13_22-29-08.398;;-0.177;0.101;9.867;
80824;2017-03-13_22-29-13.410;;-0.189;0.108;9.896;
81075;2017-03-13_22-29-18.425;;-0.201;0.108;9.899;
81328;2017-03-13_22-29-23.426;;-0.187;0.115;9.891;
81582;2017-03-13_22-29-28.483;;-0.204;0.113;9.901;
81835;2017-03-13_22-29-33.485;;-0.184;0.06;9.86;
82089;2017-03-13_22-29-38.537;;-0.225;0.091;9.982;
82344;2017-03-13_22-29-43.610;;-0.17;0.072;9.887;
82596;2017-03-13_22-29-48.619;;-0.175;0.074;9.903;
82851;2017-03-13_22-29-53.651;;-0.172;0.089;9.884;
83106;2017-03-13_22-29-58.709;;-0.201;0.012;9.918;
83358;2017-03-13_22-30-03.710;;-0.177;0.046;9.894;
83613;2017-03-13_22-30-08.763;;-0.201;0.129;9.947;
83868;2017-03-13_22-30-13.817;;-0.184;0.067;9.987;
84122;2017-03-13_22-30-18.817;;-0.18;0.151;9.935;
