--- LOG START  --- 
125;2017-03-13_22-02-34.709;;29.542;8.1;-44.678;
251;2017-03-13_22-02-39.724;;46.667;-1.525;-31.678;
379;2017-03-13_22-02-44.757;;44.042;4.412;-36.053;
505;2017-03-13_22-02-49.792;;44.792;4.037;-34.866;
631;2017-03-13_22-02-54.792;;44.792;5.162;-34.428;
759;2017-03-13_22-02-59.843;;44.417;4.412;-34.928;
886;2017-03-13_22-03-04.898;;45.167;4.787;-34.553;
1014;2017-03-13_22-03-09.950;;44.417;4.037;-34.178;
1141;2017-03-13_22-03-15.009;;44.417;4.412;-35.803;
1269;2017-03-13_22-03-20.066;;44.417;4.037;-35.866;
1396;2017-03-13_22-03-25.121;;44.729;3.287;-35.116;
1524;2017-03-13_22-03-30.178;;44.729;5.162;-35.116;
1651;2017-03-13_22-03-35.234;;45.104;3.287;-33.928;
1779;2017-03-13_22-03-40.289;;44.729;4.412;-35.178;
1906;2017-03-13_22-03-45.346;;44.354;4.037;-33.616;
2033;2017-03-13_22-03-50.348;;41.792;3.287;-35.616;
2160;2017-03-13_22-03-55.402;;44.354;4.037;-35.241;
2287;2017-03-13_22-04-00.463;;43.979;4.412;-36.053;
2415;2017-03-13_22-04-05.516;;44.354;4.787;-33.241;
2542;2017-03-13_22-04-10.573;;44.729;4.412;-33.678;
2670;2017-03-13_22-04-15.630;;44.354;4.787;-34.928;
2797;2017-03-13_22-04-20.688;;44.729;4.037;-34.491;
2925;2017-03-13_22-04-25.744;;43.979;4.037;-34.491;
3052;2017-03-13_22-04-30.799;;45.104;3.662;-35.741;
3178;2017-03-13_22-04-35.799;;45.104;4.037;-35.303;
3305;2017-03-13_22-04-40.801;;44.729;4.787;-35.366;
3432;2017-03-13_22-04-45.857;;44.354;5.162;-34.928;
3559;2017-03-13_22-04-50.915;;44.354;3.662;-34.928;
3687;2017-03-13_22-04-55.971;;44.354;4.412;-34.178;
3814;2017-03-13_22-05-01.031;;44.354;4.787;-34.178;
3940;2017-03-13_22-05-06.031;;44.729;3.662;-33.428;
4068;2017-03-13_22-05-11.088;;43.979;4.037;-34.616;
4194;2017-03-13_22-05-16.089;;44.354;4.412;-34.178;
4321;2017-03-13_22-05-21.148;;44.354;4.412;-34.616;
4448;2017-03-13_22-05-26.149;;44.354;4.037;-35.053;
4575;2017-03-13_22-05-31.208;;44.354;4.412;-35.053;
4701;2017-03-13_22-05-36.209;;44.354;4.412;-34.678;
4828;2017-03-13_22-05-41.269;;44.354;4.787;-34.303;
4956;2017-03-13_22-05-46.325;;44.354;4.412;-34.303;
5082;2017-03-13_22-05-51.328;;44.354;4.412;-35.116;
5209;2017-03-13_22-05-56.388;;44.667;4.412;-34.678;
5335;2017-03-13_22-06-01.389;;44.667;4.787;-34.303;
5463;2017-03-13_22-06-06.448;;43.979;4.787;-33.928;
5590;2017-03-13_22-06-11.509;;44.292;4.787;-33.928;
5718;2017-03-13_22-06-16.567;;44.292;4.787;-33.116;
5844;2017-03-13_22-06-21.569;;43.917;3.662;-33.991;
5971;2017-03-13_22-06-26.630;;44.292;4.037;-35.553;
6098;2017-03-13_22-06-31.632;;44.667;4.412;-35.178;
6223;2017-03-13_22-06-36.634;;43.917;3.662;-35.178;
6351;2017-03-13_22-06-41.690;;44.667;5.537;-35.178;
6477;2017-03-13_22-06-46.693;;44.667;4.412;-34.366;
6603;2017-03-13_22-06-51.694;;43.917;4.037;-33.991;
6729;2017-03-13_22-06-56.696;;44.667;4.412;-33.178;
6856;2017-03-13_22-07-01.757;;44.667;4.412;-33.991;
6984;2017-03-13_22-07-06.817;;44.292;5.162;-33.991;
7110;2017-03-13_22-07-11.818;;44.292;4.787;-34.803;
7236;2017-03-13_22-07-16.820;;44.667;4.412;-36.803;
7362;2017-03-13_22-07-21.821;;44.292;5.162;-34.428;
7488;2017-03-13_22-07-26.825;;44.292;5.162;-33.616;
7615;2017-03-13_22-07-31.883;;44.667;4.037;-34.053;
7741;2017-03-13_22-07-36.884;;44.292;4.787;-34.866;
7867;2017-03-13_22-07-41.888;;44.667;4.787;-34.053;
7994;2017-03-13_22-07-46.888;;45.042;4.412;-34.866;
8119;2017-03-13_22-07-51.893;;44.667;4.787;-35.241;
8247;2017-03-13_22-07-56.944;;44.667;4.037;-34.866;
8373;2017-03-13_22-08-01.948;;44.667;4.412;-34.428;
8500;2017-03-13_22-08-07.010;;44.292;4.787;-34.491;
8627;2017-03-13_22-08-12.011;;44.667;4.412;-33.678;
8752;2017-03-13_22-08-17.012;;44.292;3.662;-35.303;
8879;2017-03-13_22-08-22.013;;43.917;3.287;-35.303;
9004;2017-03-13_22-08-27.015;;44.292;5.162;-34.866;
9130;2017-03-13_22-08-32.017;;45.042;3.662;-34.116;
9256;2017-03-13_22-08-37.018;;44.292;4.037;-34.491;
9382;2017-03-13_22-08-42.023;;45.042;5.162;-34.116;
9508;2017-03-13_22-08-47.023;;45.042;4.787;-34.116;
9636;2017-03-13_22-08-52.082;;44.667;4.412;-33.741;
9762;2017-03-13_22-08-57.087;;43.167;4.412;-34.553;
9888;2017-03-13_22-09-02.089;;45.417;4.037;-34.928;
10014;2017-03-13_22-09-07.090;;44.292;4.412;-34.928;
10140;2017-03-13_22-09-12.092;;44.292;4.412;-33.741;
10266;2017-03-13_22-09-17.096;;44.292;4.787;-34.991;
10393;2017-03-13_22-09-22.155;;42.417;5.912;-36.928;
10520;2017-03-13_22-09-27.178;;22.042;25.537;-40.491;
10646;2017-03-13_22-09-32.183;;24.292;26.287;-39.616;
10773;2017-03-13_22-09-37.239;;23.542;25.912;-38.616;
10900;2017-03-13_22-09-42.240;;25.042;25.912;-38.178;
11027;2017-03-13_22-09-47.299;;25.417;26.287;-38.491;
11153;2017-03-13_22-09-52.301;;24.667;26.662;-38.866;
11280;2017-03-13_22-09-57.358;;25.042;26.287;-38.116;
11406;2017-03-13_22-10-02.361;;25.417;26.662;-38.178;
11534;2017-03-13_22-10-07.417;;25.417;26.287;-38.616;
11661;2017-03-13_22-10-12.478;;25.042;26.287;-38.241;
11788;2017-03-13_22-10-17.481;;25.042;26.287;-37.116;
11915;2017-03-13_22-10-22.536;;25.042;25.912;-37.866;
12042;2017-03-13_22-10-27.591;;25.417;26.662;-36.741;
12168;2017-03-13_22-10-32.593;;25.042;25.537;-38.741;
12294;2017-03-13_22-10-37.594;;25.042;26.662;-37.928;
12421;2017-03-13_22-10-42.596;;25.792;26.287;-38.366;
12548;2017-03-13_22-10-47.655;;25.042;25.537;-37.553;
12675;2017-03-13_22-10-52.712;;25.042;25.912;-37.991;
12803;2017-03-13_22-10-57.769;;25.417;25.537;-37.553;
12929;2017-03-13_22-11-02.773;;24.667;25.912;-37.553;
13055;2017-03-13_22-11-07.774;;25.042;26.287;-37.616;
13182;2017-03-13_22-11-12.834;;25.792;27.037;-37.616;
13308;2017-03-13_22-11-17.836;;25.417;27.037;-37.991;
13435;2017-03-13_22-11-22.839;;24.667;26.287;-37.991;
13561;2017-03-13_22-11-27.840;;25.417;26.287;-37.616;
13688;2017-03-13_22-11-32.892;;25.417;26.662;-36.803;
13814;2017-03-13_22-11-37.892;;25.417;27.037;-38.053;
13941;2017-03-13_22-11-42.952;;23.917;26.287;-39.241;
14048;2017-03-13_22-11-48.149;;23.917;26.287;-39.241;
14175;2017-03-13_22-11-53.168;;25.417;26.287;-38.803;
14325;2017-03-13_22-11-58.200;;25.042;26.287;-37.991;
14453;2017-03-13_22-12-03.258;;25.417;26.662;-38.428;
14579;2017-03-13_22-12-09.095;;25.042;27.412;-38.428;
14705;2017-03-13_22-12-14.117;;25.417;25.537;-37.616;
14853;2017-03-13_22-12-19.154;;24.667;25.537;-38.428;
14971;2017-03-13_22-12-24.156;;23.542;25.912;-39.241;
15081;2017-03-13_22-12-29.160;;23.542;25.912;-39.241;
15210;2017-03-13_22-12-34.161;;25.417;25.912;-38.053;
15358;2017-03-13_22-12-39.162;;24.667;26.662;-37.616;
15485;2017-03-13_22-12-45.115;;23.542;25.537;-39.616;
15633;2017-03-13_22-12-51.134;;24.667;25.912;-37.241;
15786;2017-03-13_22-12-56.185;;25.042;26.287;-37.616;
15908;2017-03-13_22-13-02.132;;25.042;26.287;-37.616;
16040;2017-03-13_22-13-07.148;;25.417;25.912;-37.616;
16188;2017-03-13_22-13-12.162;;26.167;27.412;-38.428;
16316;2017-03-13_22-13-17.203;;25.042;26.287;-37.616;
16443;2017-03-13_22-13-23.098;;25.042;26.662;-37.678;
16568;2017-03-13_22-13-28.172;;25.792;26.662;-37.616;
16719;2017-03-13_22-13-33.215;;25.792;26.662;-37.616;
16845;2017-03-13_22-13-38.216;;25.042;25.912;-38.428;
16971;2017-03-13_22-13-43.483;;25.417;25.912;-39.241;
17097;2017-03-13_22-13-49.119;;25.417;25.912;-39.241;
17247;2017-03-13_22-13-54.173;;25.042;26.662;-37.241;
17373;2017-03-13_22-13-59.177;;25.417;25.912;-40.053;
17499;2017-03-13_22-14-04.210;;25.042;26.287;-38.053;
17627;2017-03-13_22-14-09.241;;24.667;26.287;-37.678;
17754;2017-03-13_22-14-14.300;;25.417;26.287;-37.678;
17880;2017-03-13_22-14-19.304;;25.417;26.662;-36.491;
18006;2017-03-13_22-14-25.106;;25.792;25.912;-38.491;
18131;2017-03-13_22-14-30.130;;25.417;26.287;-38.866;
18279;2017-03-13_22-14-35.141;;24.667;26.662;-37.678;
18407;2017-03-13_22-14-40.204;;24.667;26.662;-37.678;
18534;2017-03-13_22-14-45.269;;25.042;26.287;-37.678;
18662;2017-03-13_22-14-50.326;;25.042;25.537;-36.116;
18788;2017-03-13_22-14-55.330;;25.042;26.287;-37.678;
18914;2017-03-13_22-15-00.331;;25.417;26.662;-38.053;
19038;2017-03-13_22-15-06.126;;25.042;26.287;-37.303;
19182;2017-03-13_22-15-11.126;;25.042;25.912;-37.741;
19305;2017-03-13_22-15-16.128;;24.667;26.287;-39.241;
19439;2017-03-13_22-15-21.173;;25.042;25.912;-37.303;
19565;2017-03-13_22-15-26.177;;25.042;25.912;-36.866;
19668;2017-03-13_22-15-31.178;;25.042;25.912;-36.866;
19817;2017-03-13_22-15-36.179;;25.792;26.287;-38.866;
19944;2017-03-13_22-15-41.235;;23.917;25.912;-38.428;
20070;2017-03-13_22-15-46.236;;24.667;25.912;-38.053;
20196;2017-03-13_22-15-52.149;;24.667;25.912;-38.053;
20346;2017-03-13_22-15-58.163;;25.042;27.037;-36.491;
20498;2017-03-13_22-16-03.211;;25.417;25.537;-38.116;
20624;2017-03-13_22-16-08.214;;25.417;25.537;-38.116;
20748;2017-03-13_22-16-13.419;;25.042;26.287;-38.053;
20882;2017-03-13_22-16-18.458;;25.417;26.287;-38.116;
21009;2017-03-13_22-16-23.513;;23.917;26.287;-39.303;
21135;2017-03-13_22-16-28.521;;23.542;25.912;-38.428;
21255;2017-03-13_22-16-34.138;;25.792;27.037;-38.428;
21404;2017-03-13_22-16-39.177;;25.792;27.037;-38.428;
21530;2017-03-13_22-16-44.182;;25.417;25.912;-37.678;
21657;2017-03-13_22-16-50.104;;25.417;26.287;-37.678;
21782;2017-03-13_22-16-55.192;;25.417;26.287;-37.678;
21935;2017-03-13_22-17-00.257;;25.792;26.662;-37.303;
22061;2017-03-13_22-17-05.261;;24.667;25.912;-38.866;
22187;2017-03-13_22-17-11.115;;22.792;25.537;-38.116;
22310;2017-03-13_22-17-16.133;;25.417;25.537;-37.678;
22461;2017-03-13_22-17-21.402;;24.667;27.037;-38.866;
22584;2017-03-13_22-17-27.120;;23.167;26.287;-38.491;
22739;2017-03-13_22-17-32.172;;25.417;26.287;-38.116;
22864;2017-03-13_22-17-37.173;;25.417;26.287;-38.116;
22991;2017-03-13_22-17-42.201;;22.417;27.037;-37.303;
23119;2017-03-13_22-17-48.081;;22.042;26.662;-38.053;
23245;2017-03-13_22-17-53.113;;22.042;26.662;-38.053;
23393;2017-03-13_22-17-58.161;;22.042;26.662;-38.491;
23521;2017-03-13_22-18-03.218;;22.792;26.662;-37.303;
23647;2017-03-13_22-18-08.221;;22.417;27.037;-38.116;
23774;2017-03-13_22-18-13.281;;20.979;26.662;-37.678;
23899;2017-03-13_22-18-19.099;;22.417;27.412;-38.053;
24047;2017-03-13_22-18-24.121;;22.792;27.037;-36.866;
24157;2017-03-13_22-18-29.123;;21.354;26.662;-37.741;
24299;2017-03-13_22-18-34.138;;21.354;26.662;-37.741;
24427;2017-03-13_22-18-39.184;;22.417;26.287;-37.303;
24553;2017-03-13_22-18-44.190;;22.417;27.037;-38.491;
24671;2017-03-13_22-18-49.192;;21.354;25.912;-38.116;
24806;2017-03-13_22-18-54.253;;21.667;26.287;-38.866;
24932;2017-03-13_22-19-00.084;;22.792;26.287;-38.491;
25079;2017-03-13_22-19-05.089;;21.667;26.287;-38.491;
25184;2017-03-13_22-19-10.102;;22.042;26.287;-38.866;
25310;2017-03-13_22-19-15.222;;22.042;26.287;-38.866;
25462;2017-03-13_22-19-20.275;;22.417;27.037;-38.491;
25589;2017-03-13_22-19-25.332;;23.542;27.412;-38.491;
25716;2017-03-13_22-19-30.375;;22.417;26.287;-38.866;
25841;2017-03-13_22-19-36.109;;21.729;26.287;-37.678;
25988;2017-03-13_22-19-41.155;;21.729;26.287;-37.678;
26093;2017-03-13_22-19-46.213;;23.167;26.287;-38.428;
26241;2017-03-13_22-19-51.216;;22.792;26.662;-37.678;
26367;2017-03-13_22-19-57.142;;20.604;27.037;-38.053;
26517;2017-03-13_22-20-02.168;;22.792;26.287;-38.428;
26643;2017-03-13_22-20-07.170;;22.417;25.537;-37.303;
26769;2017-03-13_22-20-12.173;;22.792;26.287;-36.866;
26897;2017-03-13_22-20-18.103;;22.042;26.287;-38.053;
27023;2017-03-13_22-20-23.118;;22.042;26.287;-38.053;
27149;2017-03-13_22-20-28.129;;21.667;26.287;-37.303;
27297;2017-03-13_22-20-33.130;;22.417;27.037;-37.678;
27408;2017-03-13_22-20-38.187;;22.792;27.412;-38.053;
27551;2017-03-13_22-20-43.194;;21.354;25.537;-37.678;
27677;2017-03-13_22-20-48.195;;22.417;27.037;-38.803;
27804;2017-03-13_22-20-53.255;;22.792;26.662;-36.428;
27930;2017-03-13_22-20-59.133;;21.729;25.912;-38.428;
28079;2017-03-13_22-21-04.151;;22.792;26.662;-37.678;
28206;2017-03-13_22-21-09.209;;23.542;27.037;-38.053;
28331;2017-03-13_22-21-15.160;;22.792;26.662;-37.303;
28479;2017-03-13_22-21-21.152;;22.792;27.037;-38.053;
28634;2017-03-13_22-21-27.143;;22.042;26.287;-37.678;
28785;2017-03-13_22-21-32.196;;21.667;26.662;-36.866;
28913;2017-03-13_22-21-37.257;;22.792;26.662;-38.116;
29040;2017-03-13_22-21-42.317;;22.792;26.662;-38.116;
29165;2017-03-13_22-21-48.099;;22.417;27.412;-38.116;
29313;2017-03-13_22-21-53.159;;22.417;26.662;-37.303;
29441;2017-03-13_22-21-59.088;;22.792;27.037;-38.116;
29569;2017-03-13_22-22-04.115;;33.917;4.787;-37.303;
29717;2017-03-13_22-22-09.168;;34.292;0.725;-32.928;
29844;2017-03-13_22-22-14.232;;32.104;2.225;-37.116;
29971;2017-03-13_22-22-19.258;;2.177;14.604;-8.545;
30098;2017-03-13_22-22-24.289;;1.802;14.229;-8.483;
30224;2017-03-13_22-22-29.290;;1.802;13.854;-8.858;
30351;2017-03-13_22-22-34.349;;3.302;14.604;-8.42;
30479;2017-03-13_22-22-39.411;;2.927;14.604;-10.045;
30606;2017-03-13_22-22-44.470;;2.927;14.229;-8.858;
30733;2017-03-13_22-22-49.472;;2.927;14.229;-7.295;
30860;2017-03-13_22-22-54.525;;3.24;14.979;-8.545;
30987;2017-03-13_22-22-59.586;;1.802;14.604;-9.358;
31114;2017-03-13_22-23-04.588;;2.927;14.229;-8.17;
31239;2017-03-13_22-23-09.588;;3.24;14.979;-7.733;
31367;2017-03-13_22-23-14.640;;3.24;13.854;-8.545;
31493;2017-03-13_22-23-19.645;;2.865;14.979;-8.17;
31620;2017-03-13_22-23-24.705;;2.865;14.979;-8.17;
31747;2017-03-13_22-23-29.709;;2.552;14.604;-8.17;
31874;2017-03-13_22-23-34.759;;2.552;14.604;-8.608;
32000;2017-03-13_22-23-39.762;;1.802;14.979;-8.983;
32126;2017-03-13_22-23-44.765;;2.552;15.354;-7.795;
32253;2017-03-13_22-23-49.821;;2.552;14.604;-8.608;
32379;2017-03-13_22-23-54.823;;2.865;14.979;-8.983;
32506;2017-03-13_22-23-59.825;;2.177;14.604;-9.795;
32633;2017-03-13_22-24-04.882;;2.177;14.604;-8.233;
32759;2017-03-13_22-24-09.883;;2.177;14.604;-8.233;
32886;2017-03-13_22-24-14.942;;2.177;14.604;-8.608;
33013;2017-03-13_22-24-19.943;;2.865;14.604;-7.42;
33138;2017-03-13_22-24-24.946;;2.177;14.604;-7.858;
33246;2017-03-13_22-24-30.118;;1.802;14.604;-8.233;
33395;2017-03-13_22-24-35.122;;2.865;14.979;-7.858;
33498;2017-03-13_22-24-40.136;;1.427;14.979;-9.045;
33648;2017-03-13_22-24-45.182;;2.552;14.604;-8.608;
33774;2017-03-13_22-24-50.203;;2.865;14.604;-9.42;
33902;2017-03-13_22-24-55.245;;2.49;14.604;-8.233;
34028;2017-03-13_22-25-01.159;;2.865;14.979;-8.233;
34178;2017-03-13_22-25-06.197;;2.865;14.979;-8.608;
34304;2017-03-13_22-25-11.198;;2.865;14.979;-8.608;
34426;2017-03-13_22-25-16.199;;1.802;15.354;-9.045;
34556;2017-03-13_22-25-21.199;;1.802;15.354;-9.045;
34682;2017-03-13_22-25-26.203;;1.427;14.229;-9.42;
34809;2017-03-13_22-25-31.538;;2.177;14.604;-8.233;
34931;2017-03-13_22-25-37.144;;2.177;14.604;-8.67;
35084;2017-03-13_22-25-42.162;;2.177;14.604;-9.045;
35186;2017-03-13_22-25-47.161;;2.865;14.979;-8.233;
35337;2017-03-13_22-25-52.219;;2.865;14.604;-9.42;
35465;2017-03-13_22-25-57.278;;1.052;13.479;-9.858;
35592;2017-03-13_22-26-02.338;;2.865;15.354;-7.858;
35717;2017-03-13_22-26-08.090;;2.865;15.354;-7.858;
35864;2017-03-13_22-26-13.115;;2.49;14.979;-8.67;
35991;2017-03-13_22-26-18.175;;0.302;14.229;-8.67;
36119;2017-03-13_22-26-24.089;;2.865;14.604;-8.67;
36245;2017-03-13_22-26-29.094;;2.115;14.604;-8.295;
36393;2017-03-13_22-26-34.130;;2.49;14.604;-9.483;
36520;2017-03-13_22-26-39.132;;1.802;14.979;-9.483;
36645;2017-03-13_22-26-44.133;;2.115;13.854;-9.108;
36749;2017-03-13_22-26-49.142;;2.115;13.854;-9.108;
36885;2017-03-13_22-26-54.155;;3.24;13.854;-9.483;
37025;2017-03-13_22-26-59.212;;3.24;13.479;-8.295;
37151;2017-03-13_22-27-04.213;;3.99;14.604;-9.045;
37274;2017-03-13_22-27-10.129;;4.365;14.604;-8.608;
37428;2017-03-13_22-27-15.186;;1.427;6.479;-11.42;
37554;2017-03-13_22-27-20.189;;1.427;13.854;-8.983;
37680;2017-03-13_22-27-25.195;;1.802;14.604;-9.358;
37807;2017-03-13_22-27-31.091;;1.802;14.979;-7.733;
37933;2017-03-13_22-27-36.098;;6.99;13.104;-8.92;
38082;2017-03-13_22-27-41.124;;5.49;12.417;-7.733;
38182;2017-03-13_22-27-46.126;;6.615;12.729;-9.358;
38334;2017-03-13_22-27-51.143;;6.615;12.729;-9.358;
38460;2017-03-13_22-27-56.145;;6.615;13.479;-8.17;
38587;2017-03-13_22-28-02.103;;14.74;-7.271;-7.045;
38735;2017-03-13_22-28-07.083;;11.052;-14.271;-8.983;
38863;2017-03-13_22-28-12.161;;14.427;-10.208;-7.608;
38991;2017-03-13_22-28-17.218;;14.802;-5.021;-6.733;
39117;2017-03-13_22-28-22.224;;16.302;-7.271;-5.42;
39244;2017-03-13_22-28-27.274;;12.927;-3.208;-7.733;
39370;2017-03-13_22-28-32.274;;17.427;-4.646;-7.295;
39498;2017-03-13_22-28-37.332;;15.552;-0.958;-6.983;
39624;2017-03-13_22-28-42.333;;13.302;-10.208;-8.983;
39751;2017-03-13_22-28-47.386;;12.927;-9.521;-10.295;
39879;2017-03-13_22-28-52.442;;11.052;-9.458;-9.92;
40006;2017-03-13_22-28-57.496;;12.552;-9.833;-9.92;
40133;2017-03-13_22-29-02.498;;-10.448;-11.708;-7.92;
40258;2017-03-13_22-29-07.497;;4.052;11.667;-9.983;
40386;2017-03-13_22-29-12.532;;6.24;13.167;-7.545;
40511;2017-03-13_22-29-17.534;;6.615;12.417;-8.733;
40639;2017-03-13_22-29-22.591;;6.24;12.792;-8.733;
40766;2017-03-13_22-29-27.647;;5.865;12.792;-8.795;
40894;2017-03-13_22-29-32.704;;2.927;14.979;-10.795;
41020;2017-03-13_22-29-37.702;;2.927;14.229;-11.983;
41147;2017-03-13_22-29-42.760;;3.302;14.604;-10.358;
41275;2017-03-13_22-29-47.817;;2.177;13.917;-11.545;
41402;2017-03-13_22-29-52.876;;2.927;14.604;-11.483;
41529;2017-03-13_22-29-57.878;;3.302;14.667;-11.42;
41656;2017-03-13_22-30-02.931;;1.802;14.292;-11.42;
41782;2017-03-13_22-30-07.942;;2.552;14.292;-12.17;
41909;2017-03-13_22-30-12.982;;2.927;14.292;-11.295;
42037;2017-03-13_22-30-18.037;;2.177;13.917;-11.67;
42164;2017-03-13_22-30-23.092;;3.677;14.292;-9.17;
