--- LOG START  --- 
577;2017-03-08_21-54-27.387;;-1.55;3.842;8.907;
592;2017-03-08_21-54-27.689;;-1.447;3.801;8.886;
607;2017-03-08_21-54-27.982;;-1.447;3.801;8.886;
622;2017-03-08_21-54-28.284;;-1.447;3.801;8.886;
637;2017-03-08_21-54-28.578;;-1.447;3.801;8.886;
652;2017-03-08_21-54-28.876;;-1.427;3.791;8.883;
667;2017-03-08_21-54-29.173;;-1.427;3.791;8.883;
682;2017-03-08_21-54-29.470;;-1.427;3.791;8.883;
697;2017-03-08_21-54-29.777;;-1.427;3.789;8.933;
712;2017-03-08_21-54-30.070;;-1.566;3.789;8.933;
727;2017-03-08_21-54-30.361;;-1.566;3.789;8.933;
742;2017-03-08_21-54-30.660;;-1.566;3.789;8.933;
757;2017-03-08_21-54-30.956;;-1.566;3.789;8.933;
772;2017-03-08_21-54-31.272;;-1.566;3.789;8.933;
787;2017-03-08_21-54-31.551;;-1.93;4.105;8.766;
802;2017-03-08_21-54-31.848;;-1.93;4.105;8.766;
817;2017-03-08_21-54-32.158;;-1.93;4.105;8.766;
832;2017-03-08_21-54-32.445;;-1.93;4.105;8.766;
847;2017-03-08_21-54-32.739;;-1.93;4.105;8.766;
859;2017-03-08_21-54-33.004;;-1.93;4.105;8.766;
874;2017-03-08_21-54-33.277;;-1.93;4.105;8.766;
889;2017-03-08_21-54-33.580;;-1.93;4.105;8.766;
904;2017-03-08_21-54-33.877;;-1.93;4.105;8.766;
919;2017-03-08_21-54-34.168;;-1.93;4.105;8.766;
934;2017-03-08_21-54-34.464;;-1.93;4.105;8.766;
949;2017-03-08_21-54-34.770;;-1.93;4.105;8.766;
964;2017-03-08_21-54-35.081;;-1.93;4.105;8.766;
979;2017-03-08_21-54-35.371;;-1.93;4.105;8.766;
994;2017-03-08_21-54-35.655;;-0.002;3.257;8.902;
1009;2017-03-08_21-54-35.951;;-0.002;3.257;8.902;
1024;2017-03-08_21-54-36.249;;-0.002;3.257;8.902;
1039;2017-03-08_21-54-36.579;;-0.002;3.257;8.902;
1054;2017-03-08_21-54-36.843;;-0.002;3.257;8.902;
1069;2017-03-08_21-54-37.143;;-0.002;3.257;8.902;
1084;2017-03-08_21-54-37.437;;-0.002;3.257;8.902;
1099;2017-03-08_21-54-37.741;;-0.002;3.257;8.902;
1114;2017-03-08_21-54-38.032;;-0.002;3.257;8.902;
1129;2017-03-08_21-54-38.329;;-0.002;3.257;8.902;
1144;2017-03-08_21-54-38.627;;-0.002;3.257;8.902;
1159;2017-03-08_21-54-38.925;;-0.002;3.257;8.902;
1174;2017-03-08_21-54-39.222;;-0.002;3.257;8.902;
1189;2017-03-08_21-54-39.518;;-0.534;3.755;8.909;
1204;2017-03-08_21-54-39.815;;-0.534;3.755;8.909;
1219;2017-03-08_21-54-40.121;;-0.534;3.755;8.909;
1234;2017-03-08_21-54-40.420;;-0.534;3.755;8.909;
1249;2017-03-08_21-54-40.707;;-0.534;3.755;8.909;
1264;2017-03-08_21-54-41.012;;-0.534;3.755;8.909;
1279;2017-03-08_21-54-41.300;;-0.534;3.755;8.909;
1294;2017-03-08_21-54-41.599;;-0.534;3.755;8.909;
1309;2017-03-08_21-54-41.896;;-0.534;3.755;8.909;
1324;2017-03-08_21-54-42.210;;-0.534;3.755;8.909;
1339;2017-03-08_21-54-42.490;;-0.534;3.755;8.909;
1354;2017-03-08_21-54-42.792;;-0.534;3.755;8.909;
1369;2017-03-08_21-54-43.091;;-0.534;3.755;8.909;
1384;2017-03-08_21-54-43.383;;-0.534;3.755;8.909;
