--- LOG START  --- 
698;2017-03-08_21-54-43.680;;5.661;-6.356;-26.918;
705;2017-03-08_21-54-43.976;;5.661;-6.356;-26.918;
972;2017-03-08_21-54-54.555;;6.348;-5.981;-27.73;
980;2017-03-08_21-54-54.855;;6.348;-5.981;-27.73;
987;2017-03-08_21-54-55.148;;6.348;-5.981;-27.73;
995;2017-03-08_21-54-55.444;;6.348;-5.981;-27.73;
1001;2017-03-08_21-54-55.702;;6.348;-5.981;-27.73;
1008;2017-03-08_21-54-55.993;;6.348;-5.981;-27.73;
1016;2017-03-08_21-54-56.278;;6.348;-5.981;-27.73;
1023;2017-03-08_21-54-56.588;;6.348;-5.981;-27.73;
1031;2017-03-08_21-54-56.871;;6.348;-5.981;-27.73;
1038;2017-03-08_21-54-57.169;;6.348;-5.981;-27.73;
1046;2017-03-08_21-54-57.466;;6.348;-5.981;-27.73;
1053;2017-03-08_21-54-57.764;;6.348;-5.981;-27.73;
1061;2017-03-08_21-54-58.060;;6.348;-5.981;-27.73;
1068;2017-03-08_21-54-58.377;;6.348;-5.981;-27.73;
1076;2017-03-08_21-54-58.675;;1.536;-13.793;-34.73;
1083;2017-03-08_21-54-58.956;;1.536;-13.793;-34.73;
1091;2017-03-08_21-54-59.247;;1.536;-13.793;-34.73;
1094;2017-03-08_21-54-59.381;;1.536;-13.793;-34.73;
1095;2017-03-08_21-54-59.426;;1.536;-13.793;-34.73;
1097;2017-03-08_21-54-59.486;;1.536;-13.793;-34.73;
1098;2017-03-08_21-54-59.550;;1.536;-13.793;-34.73;
1100;2017-03-08_21-54-59.613;;1.536;-13.793;-34.73;
1101;2017-03-08_21-54-59.670;;1.536;-13.793;-34.73;
1103;2017-03-08_21-54-59.724;;1.536;-13.793;-34.73;
1104;2017-03-08_21-54-59.793;;1.536;-13.793;-34.73;
1106;2017-03-08_21-54-59.842;;1.536;-13.793;-34.73;
1107;2017-03-08_21-54-59.913;;1.536;-13.793;-34.73;
1109;2017-03-08_21-54-59.960;;1.536;-13.793;-34.73;
1110;2017-03-08_21-55-00.031;;1.536;-13.793;-34.73;
1112;2017-03-08_21-55-00.085;;1.536;-13.793;-34.73;
1113;2017-03-08_21-55-00.139;;1.536;-13.793;-34.73;
1115;2017-03-08_21-55-00.198;;1.536;-13.793;-34.73;
1116;2017-03-08_21-55-00.271;;1.536;-13.793;-34.73;
1118;2017-03-08_21-55-00.317;;1.536;-13.793;-34.73;
1119;2017-03-08_21-55-00.376;;1.536;-13.793;-34.73;
1121;2017-03-08_21-55-00.445;;1.536;-13.793;-34.73;
1122;2017-03-08_21-55-00.495;;1.536;-13.793;-34.73;
1124;2017-03-08_21-55-00.566;;1.536;-13.793;-34.73;
1125;2017-03-08_21-55-00.614;;1.536;-13.793;-34.73;
1127;2017-03-08_21-55-00.677;;1.536;-13.793;-34.73;
1128;2017-03-08_21-55-00.733;;1.536;-13.793;-34.73;
1130;2017-03-08_21-55-00.793;;1.536;-13.793;-34.73;
1131;2017-03-08_21-55-00.852;;1.536;-13.793;-34.73;
1133;2017-03-08_21-55-00.912;;1.536;-13.793;-34.73;
1134;2017-03-08_21-55-00.972;;1.536;-13.793;-34.73;
1136;2017-03-08_21-55-01.036;;1.536;-13.793;-34.73;
1137;2017-03-08_21-55-01.092;;1.536;-13.793;-34.73;
1139;2017-03-08_21-55-01.149;;1.536;-13.793;-34.73;
1140;2017-03-08_21-55-01.225;;1.536;-13.793;-34.73;
1142;2017-03-08_21-55-01.268;;1.536;-13.793;-34.73;
1143;2017-03-08_21-55-01.341;;1.536;-13.793;-34.73;
1145;2017-03-08_21-55-01.394;;1.536;-13.793;-34.73;
1146;2017-03-08_21-55-01.447;;1.536;-13.793;-34.73;
1148;2017-03-08_21-55-01.506;;1.536;-13.793;-34.73;
1149;2017-03-08_21-55-01.567;;1.536;-13.793;-34.73;
1151;2017-03-08_21-55-01.626;;1.536;-13.793;-34.73;
1152;2017-03-08_21-55-01.685;;1.536;-13.793;-34.73;
1154;2017-03-08_21-55-01.752;;1.536;-13.793;-34.73;
1155;2017-03-08_21-55-01.803;;1.536;-13.793;-34.73;
1157;2017-03-08_21-55-01.862;;1.536;-13.793;-34.73;
1158;2017-03-08_21-55-01.922;;1.536;-13.793;-34.73;
1160;2017-03-08_21-55-01.995;;1.536;-13.793;-34.73;
1161;2017-03-08_21-55-02.044;;1.536;-13.793;-34.73;
1163;2017-03-08_21-55-02.104;;1.536;-13.793;-34.73;
1164;2017-03-08_21-55-02.165;;1.536;-13.793;-34.73;
1166;2017-03-08_21-55-02.230;;1.536;-13.793;-34.73;
1167;2017-03-08_21-55-02.278;;1.536;-13.793;-34.73;
1169;2017-03-08_21-55-02.338;;1.536;-13.793;-34.73;
1170;2017-03-08_21-55-02.408;;1.536;-13.793;-34.73;
1172;2017-03-08_21-55-02.456;;1.536;-13.793;-34.73;
1173;2017-03-08_21-55-02.523;;1.536;-13.793;-34.73;
1175;2017-03-08_21-55-02.575;;11.223;-2.981;-37.168;
1176;2017-03-08_21-55-02.635;;11.223;-2.981;-37.168;
1178;2017-03-08_21-55-02.695;;11.223;-2.981;-37.168;
1179;2017-03-08_21-55-02.754;;11.223;-2.981;-37.168;
1181;2017-03-08_21-55-02.813;;11.223;-2.981;-37.168;
1182;2017-03-08_21-55-02.905;;11.223;-2.981;-37.168;
1184;2017-03-08_21-55-02.944;;11.223;-2.981;-37.168;
1185;2017-03-08_21-55-02.991;;11.223;-2.981;-37.168;
1187;2017-03-08_21-55-03.051;;11.223;-2.981;-37.168;
1188;2017-03-08_21-55-03.127;;11.223;-2.981;-37.168;
1190;2017-03-08_21-55-03.178;;11.223;-2.981;-37.168;
1191;2017-03-08_21-55-03.229;;11.223;-2.981;-37.168;
1193;2017-03-08_21-55-03.315;;11.223;-2.981;-37.168;
1194;2017-03-08_21-55-03.365;;11.223;-2.981;-37.168;
1196;2017-03-08_21-55-03.407;;11.223;-2.981;-37.168;
1197;2017-03-08_21-55-03.466;;11.223;-2.981;-37.168;
1199;2017-03-08_21-55-03.527;;11.223;-2.981;-37.168;
1200;2017-03-08_21-55-03.585;;11.223;-2.981;-37.168;
1202;2017-03-08_21-55-03.659;;11.223;-2.981;-37.168;
1203;2017-03-08_21-55-03.705;;11.223;-2.981;-37.168;
1205;2017-03-08_21-55-03.766;;11.223;-2.981;-37.168;
1206;2017-03-08_21-55-03.822;;11.223;-2.981;-37.168;
1208;2017-03-08_21-55-03.883;;11.223;-2.981;-37.168;
1209;2017-03-08_21-55-03.972;;11.223;-2.981;-37.168;
1211;2017-03-08_21-55-04.007;;11.223;-2.981;-37.168;
1212;2017-03-08_21-55-04.063;;11.223;-2.981;-37.168;
1214;2017-03-08_21-55-04.139;;11.223;-2.981;-37.168;
1215;2017-03-08_21-55-04.180;;11.223;-2.981;-37.168;
1217;2017-03-08_21-55-04.239;;11.223;-2.981;-37.168;
1218;2017-03-08_21-55-04.313;;11.223;-2.981;-37.168;
1220;2017-03-08_21-55-04.359;;11.223;-2.981;-37.168;
1221;2017-03-08_21-55-04.436;;11.223;-2.981;-37.168;
1223;2017-03-08_21-55-04.477;;11.223;-2.981;-37.168;
1224;2017-03-08_21-55-04.539;;11.223;-2.981;-37.168;
1226;2017-03-08_21-55-04.601;;11.223;-2.981;-37.168;
1227;2017-03-08_21-55-04.657;;11.223;-2.981;-37.168;
1229;2017-03-08_21-55-04.715;;11.223;-2.981;-37.168;
1230;2017-03-08_21-55-04.784;;11.223;-2.981;-37.168;
1232;2017-03-08_21-55-04.833;;11.223;-2.981;-37.168;
1233;2017-03-08_21-55-04.894;;11.223;-2.981;-37.168;
1235;2017-03-08_21-55-04.971;;11.223;-2.981;-37.168;
1236;2017-03-08_21-55-05.025;;11.223;-2.981;-37.168;
1238;2017-03-08_21-55-05.071;;11.223;-2.981;-37.168;
1239;2017-03-08_21-55-05.130;;11.223;-2.981;-37.168;
1241;2017-03-08_21-55-05.206;;11.223;-2.981;-37.168;
1242;2017-03-08_21-55-05.255;;11.223;-2.981;-37.168;
1244;2017-03-08_21-55-05.309;;11.223;-2.981;-37.168;
1245;2017-03-08_21-55-05.379;;11.223;-2.981;-37.168;
1247;2017-03-08_21-55-05.468;;11.223;-2.981;-37.168;
1248;2017-03-08_21-55-05.525;;11.223;-2.981;-37.168;
1250;2017-03-08_21-55-05.566;;11.223;-2.981;-37.168;
1251;2017-03-08_21-55-05.605;;11.223;-2.981;-37.168;
1253;2017-03-08_21-55-05.678;;11.223;-2.981;-37.168;
1254;2017-03-08_21-55-05.725;;11.223;-2.981;-37.168;
1256;2017-03-08_21-55-05.786;;11.223;-2.981;-37.168;
1257;2017-03-08_21-55-05.866;;11.223;-2.981;-37.168;
1259;2017-03-08_21-55-05.912;;11.223;-2.981;-37.168;
1260;2017-03-08_21-55-05.987;;11.223;-2.981;-37.168;
1262;2017-03-08_21-55-06.035;;11.223;-2.981;-37.168;
1263;2017-03-08_21-55-06.086;;11.223;-2.981;-37.168;
1265;2017-03-08_21-55-06.158;;11.223;-2.981;-37.168;
1266;2017-03-08_21-55-06.204;;11.223;-2.981;-37.168;
1268;2017-03-08_21-55-06.259;;11.223;-2.981;-37.168;
1269;2017-03-08_21-55-06.338;;11.223;-2.981;-37.168;
1271;2017-03-08_21-55-06.377;;11.223;-2.981;-37.168;
1272;2017-03-08_21-55-06.440;;11.223;-2.981;-37.168;
1274;2017-03-08_21-55-06.502;;11.223;-2.981;-37.168;
1275;2017-03-08_21-55-06.556;;8.973;1.894;-37.168;
1277;2017-03-08_21-55-06.615;;8.973;1.894;-37.168;
1278;2017-03-08_21-55-06.676;;8.973;1.894;-37.168;
1280;2017-03-08_21-55-06.743;;8.973;1.894;-37.168;
1281;2017-03-08_21-55-06.794;;8.973;1.894;-37.168;
1283;2017-03-08_21-55-06.857;;8.973;1.894;-37.168;
1284;2017-03-08_21-55-06.915;;8.973;1.894;-37.168;
1286;2017-03-08_21-55-06.972;;8.973;1.894;-37.168;
1287;2017-03-08_21-55-07.032;;8.973;1.894;-37.168;
1289;2017-03-08_21-55-07.091;;8.973;1.894;-37.168;
1290;2017-03-08_21-55-07.163;;8.973;1.894;-37.168;
1292;2017-03-08_21-55-07.216;;8.973;1.894;-37.168;
1293;2017-03-08_21-55-07.270;;8.973;1.894;-37.168;
1295;2017-03-08_21-55-07.328;;8.973;1.894;-37.168;
1296;2017-03-08_21-55-07.390;;8.973;1.894;-37.168;
1298;2017-03-08_21-55-07.447;;8.973;1.894;-37.168;
1299;2017-03-08_21-55-07.507;;8.973;1.894;-37.168;
1301;2017-03-08_21-55-07.566;;8.973;1.894;-37.168;
1302;2017-03-08_21-55-07.625;;8.973;1.894;-37.168;
1304;2017-03-08_21-55-07.687;;8.973;1.894;-37.168;
1305;2017-03-08_21-55-07.744;;8.973;1.894;-37.168;
1307;2017-03-08_21-55-07.804;;8.973;1.894;-37.168;
1308;2017-03-08_21-55-07.864;;8.973;1.894;-37.168;
1310;2017-03-08_21-55-07.922;;8.973;1.894;-37.168;
1311;2017-03-08_21-55-07.988;;8.973;1.894;-37.168;
1313;2017-03-08_21-55-08.043;;8.973;1.894;-37.168;
1314;2017-03-08_21-55-08.107;;8.973;1.894;-37.168;
1316;2017-03-08_21-55-08.160;;8.973;1.894;-37.168;
1317;2017-03-08_21-55-08.219;;8.973;1.894;-37.168;
1319;2017-03-08_21-55-08.279;;8.973;1.894;-37.168;
1320;2017-03-08_21-55-08.339;;8.973;1.894;-37.168;
1322;2017-03-08_21-55-08.417;;8.973;1.894;-37.168;
1323;2017-03-08_21-55-08.458;;8.973;1.894;-37.168;
1325;2017-03-08_21-55-08.520;;8.973;1.894;-37.168;
1326;2017-03-08_21-55-08.576;;8.973;1.894;-37.168;
1328;2017-03-08_21-55-08.637;;8.973;1.894;-37.168;
1329;2017-03-08_21-55-08.700;;8.973;1.894;-37.168;
1331;2017-03-08_21-55-08.754;;8.973;1.894;-37.168;
1332;2017-03-08_21-55-08.814;;8.973;1.894;-37.168;
1334;2017-03-08_21-55-08.872;;8.973;1.894;-37.168;
1335;2017-03-08_21-55-08.933;;8.973;1.894;-37.168;
1337;2017-03-08_21-55-08.992;;8.973;1.894;-37.168;
1338;2017-03-08_21-55-09.051;;8.973;1.894;-37.168;
1340;2017-03-08_21-55-09.115;;8.973;1.894;-37.168;
1341;2017-03-08_21-55-09.169;;8.973;1.894;-37.168;
1343;2017-03-08_21-55-09.232;;8.973;1.894;-37.168;
1344;2017-03-08_21-55-09.289;;8.973;1.894;-37.168;
1346;2017-03-08_21-55-09.349;;8.973;1.894;-37.168;
1347;2017-03-08_21-55-09.417;;8.973;1.894;-37.168;
1349;2017-03-08_21-55-09.485;;8.973;1.894;-37.168;
1350;2017-03-08_21-55-09.542;;8.973;1.894;-37.168;
1352;2017-03-08_21-55-09.586;;8.973;1.894;-37.168;
1353;2017-03-08_21-55-09.646;;8.973;1.894;-37.168;
1355;2017-03-08_21-55-09.707;;8.973;1.894;-37.168;
1356;2017-03-08_21-55-09.765;;8.973;1.894;-37.168;
1358;2017-03-08_21-55-09.824;;8.973;1.894;-37.168;
1359;2017-03-08_21-55-09.882;;8.973;1.894;-37.168;
1361;2017-03-08_21-55-09.948;;8.973;1.894;-37.168;
1362;2017-03-08_21-55-10.007;;8.973;1.894;-37.168;
1364;2017-03-08_21-55-10.063;;8.973;1.894;-37.168;
1365;2017-03-08_21-55-10.129;;8.973;1.894;-37.168;
1367;2017-03-08_21-55-10.180;;8.973;1.894;-37.168;
1368;2017-03-08_21-55-10.253;;8.973;1.894;-37.168;
1370;2017-03-08_21-55-10.313;;8.973;1.894;-37.168;
1371;2017-03-08_21-55-10.367;;8.973;1.894;-37.168;
1373;2017-03-08_21-55-10.417;;8.973;1.894;-37.168;
1374;2017-03-08_21-55-10.482;;8.973;1.894;-37.168;
1376;2017-03-08_21-55-10.537;;8.973;1.894;-37.168;
1377;2017-03-08_21-55-10.600;;11.223;1.144;-36.293;
1379;2017-03-08_21-55-10.655;;11.223;1.144;-36.293;
1380;2017-03-08_21-55-10.715;;11.223;1.144;-36.293;
1382;2017-03-08_21-55-10.773;;11.223;1.144;-36.293;
1383;2017-03-08_21-55-10.833;;11.223;1.144;-36.293;
1385;2017-03-08_21-55-10.893;;11.223;1.144;-36.293;
1386;2017-03-08_21-55-10.952;;11.223;1.144;-36.293;
1388;2017-03-08_21-55-11.011;;11.223;1.144;-36.293;
1389;2017-03-08_21-55-11.071;;11.223;1.144;-36.293;
1391;2017-03-08_21-55-11.131;;11.223;1.144;-36.293;
1392;2017-03-08_21-55-11.191;;11.223;1.144;-36.293;
1394;2017-03-08_21-55-11.249;;11.223;1.144;-36.293;
1395;2017-03-08_21-55-11.310;;11.223;1.144;-36.293;
1397;2017-03-08_21-55-11.368;;11.223;1.144;-36.293;
1398;2017-03-08_21-55-11.428;;11.223;1.144;-36.293;
1400;2017-03-08_21-55-11.488;;11.223;1.144;-36.293;
1401;2017-03-08_21-55-11.547;;11.223;1.144;-36.293;
1403;2017-03-08_21-55-11.607;;11.223;1.144;-36.293;
1404;2017-03-08_21-55-11.666;;11.223;1.144;-36.293;
1406;2017-03-08_21-55-11.726;;11.223;1.144;-36.293;
1407;2017-03-08_21-55-11.785;;11.223;1.144;-36.293;
1409;2017-03-08_21-55-11.849;;11.223;1.144;-36.293;
1410;2017-03-08_21-55-11.924;;11.223;1.144;-36.293;
1412;2017-03-08_21-55-11.967;;11.223;1.144;-36.293;
1413;2017-03-08_21-55-12.022;;11.223;1.144;-36.293;
1415;2017-03-08_21-55-12.082;;11.223;1.144;-36.293;
1416;2017-03-08_21-55-12.142;;11.223;1.144;-36.293;
1418;2017-03-08_21-55-12.214;;11.223;1.144;-36.293;
1419;2017-03-08_21-55-12.260;;11.223;1.144;-36.293;
1421;2017-03-08_21-55-12.320;;11.223;1.144;-36.293;
1422;2017-03-08_21-55-12.378;;11.223;1.144;-36.293;
1424;2017-03-08_21-55-12.437;;11.223;1.144;-36.293;
1425;2017-03-08_21-55-12.509;;11.223;1.144;-36.293;
1427;2017-03-08_21-55-12.556;;11.223;1.144;-36.293;
1428;2017-03-08_21-55-12.618;;11.223;1.144;-36.293;
1430;2017-03-08_21-55-12.679;;11.223;1.144;-36.293;
1431;2017-03-08_21-55-12.736;;11.223;1.144;-36.293;
1433;2017-03-08_21-55-12.795;;11.223;1.144;-36.293;
1434;2017-03-08_21-55-12.854;;11.223;1.144;-36.293;
1436;2017-03-08_21-55-12.924;;11.223;1.144;-36.293;
1437;2017-03-08_21-55-12.973;;11.223;1.144;-36.293;
1439;2017-03-08_21-55-13.033;;11.223;1.144;-36.293;
1440;2017-03-08_21-55-13.093;;11.223;1.144;-36.293;
1442;2017-03-08_21-55-13.155;;11.223;1.144;-36.293;
1443;2017-03-08_21-55-13.217;;11.223;1.144;-36.293;
1445;2017-03-08_21-55-13.271;;11.223;1.144;-36.293;
1446;2017-03-08_21-55-13.345;;11.223;1.144;-36.293;
1448;2017-03-08_21-55-13.389;;11.223;1.144;-36.293;
1449;2017-03-08_21-55-13.460;;11.223;1.144;-36.293;
1451;2017-03-08_21-55-13.528;;11.223;1.144;-36.293;
1452;2017-03-08_21-55-13.567;;11.223;1.144;-36.293;
1454;2017-03-08_21-55-13.636;;11.223;1.144;-36.293;
1455;2017-03-08_21-55-13.685;;11.223;1.144;-36.293;
1457;2017-03-08_21-55-13.756;;11.223;1.144;-36.293;
1458;2017-03-08_21-55-13.804;;11.223;1.144;-36.293;
1460;2017-03-08_21-55-13.863;;11.223;1.144;-36.293;
1461;2017-03-08_21-55-13.923;;11.223;1.144;-36.293;
1463;2017-03-08_21-55-13.982;;11.223;1.144;-36.293;
1464;2017-03-08_21-55-14.055;;11.223;1.144;-36.293;
1466;2017-03-08_21-55-14.101;;11.223;1.144;-36.293;
1467;2017-03-08_21-55-14.168;;11.223;1.144;-36.293;
1469;2017-03-08_21-55-14.224;;11.223;1.144;-36.293;
1470;2017-03-08_21-55-14.280;;11.223;1.144;-36.293;
1472;2017-03-08_21-55-14.346;;11.223;1.144;-36.293;
1473;2017-03-08_21-55-14.399;;11.223;1.144;-36.293;
1475;2017-03-08_21-55-14.471;;11.223;1.144;-36.293;
1476;2017-03-08_21-55-14.521;;11.223;1.144;-36.293;
1478;2017-03-08_21-55-14.585;;11.223;1.144;-36.293;
