--- LOG START  --- 
252;2017-03-13_20-49-27.069;;-3.312;1.6;9.841;
506;2017-03-13_20-49-32.069;;-2.031;7.511;6.22;
759;2017-03-13_20-49-37.129;;-4.256;-2.805;7.178;
1014;2017-03-13_20-49-42.179;;1.964;5.741;7.609;
1268;2017-03-13_20-49-47.179;;1.631;5.808;7.995;
1521;2017-03-13_20-49-52.226;;-0.946;3.777;5.123;
1776;2017-03-13_20-49-57.280;;-0.651;5.985;7.149;
2031;2017-03-13_20-50-02.294;;2.673;8.61;4.606;
2283;2017-03-13_20-50-07.334;;-0.472;8.965;5.595;
2536;2017-03-13_20-50-12.327;;-1.032;9.381;2.22;
2790;2017-03-13_20-50-17.381;;-1.847;10.083;1.619;
3045;2017-03-13_20-50-22.430;;-2.352;8.957;3.415;
3300;2017-03-13_20-50-27.483;;-1.011;9.113;3.717;
3555;2017-03-13_20-50-32.529;;-1.15;9.259;2.785;
3810;2017-03-13_20-50-37.583;;-1.011;9.362;2.124;
4065;2017-03-13_20-50-42.634;;-0.251;9.276;2.936;
4320;2017-03-13_20-50-47.680;;-0.331;9.317;3.173;
4575;2017-03-13_20-50-52.732;;0.134;9.23;3.825;
4830;2017-03-13_20-50-57.776;;-2.165;9.166;2.594;
5085;2017-03-13_20-51-02.826;;-0.639;6.785;4.256;
5340;2017-03-13_20-51-07.884;;-7.59;5.762;6.44;
5591;2017-03-13_20-51-12.809;;-0.302;0.165;9.911;
5844;2017-03-13_20-51-18.123;;-0.292;0.18;9.896;
6110;2017-03-13_20-51-24.108;;-0.319;0.189;9.915;
6413;2017-03-13_20-51-29.123;;-0.328;0.184;9.908;
6656;2017-03-13_20-51-34.125;;-0.328;0.184;9.908;
6920;2017-03-13_20-51-39.158;;-0.316;0.172;9.894;
7175;2017-03-13_20-51-45.107;;-0.326;0.187;9.879;
7475;2017-03-13_20-51-50.153;;-0.309;0.189;9.903;
7730;2017-03-13_20-51-55.198;;-0.331;0.189;9.889;
7985;2017-03-13_20-52-01.116;;-0.331;0.189;9.889;
8282;2017-03-13_20-52-06.128;;2.62;4.201;9.362;
8537;2017-03-13_20-52-11.180;;2.067;0.038;4.941;
8792;2017-03-13_20-52-16.188;;0.256;0.11;9.872;
9023;2017-03-13_20-52-21.189;;0.194;0.086;9.899;
9295;2017-03-13_20-52-26.191;;0.194;0.086;9.899;
9550;2017-03-13_20-52-31.245;;0.218;0.103;9.882;
9802;2017-03-13_20-52-37.096;;0.199;0.096;9.882;
10048;2017-03-13_20-52-42.105;;0.204;0.096;9.899;
10306;2017-03-13_20-52-47.132;;0.204;0.096;9.899;
10576;2017-03-13_20-52-52.158;;0.208;0.086;9.896;
10834;2017-03-13_20-52-57.159;;0.199;0.091;9.884;
11065;2017-03-13_20-53-02.175;;0.199;0.096;9.887;
11355;2017-03-13_20-53-07.175;;0.199;0.096;9.887;
11584;2017-03-13_20-53-12.246;;0.201;0.086;9.903;
11875;2017-03-13_20-53-17.300;;0.211;0.077;9.903;
12124;2017-03-13_20-53-22.773;;0.192;0.091;9.908;
12406;2017-03-13_20-53-27.822;;0.201;0.074;9.901;
12634;2017-03-13_20-53-33.154;;0.208;0.093;9.899;
12928;2017-03-13_20-53-38.155;;0.194;0.101;9.891;
13156;2017-03-13_20-53-43.151;;0.194;0.101;9.891;
13435;2017-03-13_20-53-48.200;;0.206;0.086;9.882;
13690;2017-03-13_20-53-54.186;;0.184;0.077;9.891;
13990;2017-03-13_20-53-59.190;;0.206;0.093;9.884;
14245;2017-03-13_20-54-05.176;;0.196;0.084;9.896;
14545;2017-03-13_20-54-10.191;;0.192;0.081;9.891;
14800;2017-03-13_20-54-15.609;;0.199;0.079;9.865;
15052;2017-03-13_20-54-21.099;;0.199;0.079;9.865;
15304;2017-03-13_20-54-26.140;;0.211;0.081;9.894;
15604;2017-03-13_20-54-31.169;;0.201;0.089;9.875;
15811;2017-03-13_20-54-36.199;;0.189;0.081;9.889;
16102;2017-03-13_20-54-42.149;;0.208;0.072;9.877;
16387;2017-03-13_20-54-47.150;;0.189;0.079;9.877;
16639;2017-03-13_20-54-52.194;;0.18;0.091;9.896;
16918;2017-03-13_20-54-57.202;;0.18;0.091;9.896;
17173;2017-03-13_20-55-03.155;;0.18;0.077;9.867;
17473;2017-03-13_20-55-08.453;;0.192;0.079;9.894;
17731;2017-03-13_20-55-14.132;;0.194;0.077;9.875;
17980;2017-03-13_20-55-19.141;;0.196;0.077;9.894;
18232;2017-03-13_20-55-24.172;;0.196;0.077;9.894;
18532;2017-03-13_20-55-29.189;;0.184;0.077;9.872;
18787;2017-03-13_20-55-35.126;;0.184;0.069;9.887;
19084;2017-03-13_20-55-40.128;;0.192;0.074;9.875;
19291;2017-03-13_20-55-45.136;;0.196;0.081;9.872;
19591;2017-03-13_20-55-50.174;;0.196;0.081;9.872;
19846;2017-03-13_20-55-56.122;;0.199;0.077;9.882;
20132;2017-03-13_20-56-01.121;;0.199;0.077;9.882;
20353;2017-03-13_20-56-06.131;;0.194;0.074;9.877;
20650;2017-03-13_20-56-11.158;;0.189;0.084;9.882;
20893;2017-03-13_20-56-17.170;;0.196;0.072;9.882;
21208;2017-03-13_20-56-22.211;;0.196;0.072;9.882;
21463;2017-03-13_20-56-28.128;;0.201;0.057;9.889;
21757;2017-03-13_20-56-34.211;;0.184;0.081;9.899;
22066;2017-03-13_20-56-39.219;;0.192;0.072;9.867;
22321;2017-03-13_20-56-45.116;;0.187;0.077;9.884;
22618;2017-03-13_20-56-50.160;;0.189;0.069;9.889;
22873;2017-03-13_20-56-56.133;;0.189;0.072;9.882;
23173;2017-03-13_20-57-01.158;;0.189;0.072;9.882;
23428;2017-03-13_20-57-06.207;;0.196;0.074;9.875;
23683;2017-03-13_20-57-11.263;;0.201;0.062;9.882;
23926;2017-03-13_20-57-17.124;;0.175;0.05;9.887;
24187;2017-03-13_20-57-22.139;;0.175;0.05;9.887;
24484;2017-03-13_20-57-27.140;;0.192;0.072;9.877;
24739;2017-03-13_20-57-32.198;;0.194;0.067;9.877;
24994;2017-03-13_20-57-38.134;;0.199;0.062;9.894;
25249;2017-03-13_20-57-43.138;;0.184;0.067;9.889;
25501;2017-03-13_20-57-48.147;;0.184;0.067;9.889;
25798;2017-03-13_20-57-53.186;;0.189;0.067;9.867;
26053;2017-03-13_20-57-58.235;;0.194;0.065;9.875;
26305;2017-03-13_20-58-04.151;;0.187;0.077;9.877;
26605;2017-03-13_20-58-09.176;;0.187;0.077;9.877;
26857;2017-03-13_20-58-14.177;;0.182;0.072;9.858;
27112;2017-03-13_20-58-20.127;;0.189;0.065;9.879;
27372;2017-03-13_20-58-25.128;;0.184;0.067;9.872;
27664;2017-03-13_20-58-30.169;;0.194;0.067;9.889;
27917;2017-03-13_20-58-35.170;;0.187;0.067;9.877;
28171;2017-03-13_20-58-40.219;;0.187;0.067;9.877;
28426;2017-03-13_20-58-46.120;;0.177;0.065;9.875;
28723;2017-03-13_20-58-51.168;;0.201;0.029;9.889;
28978;2017-03-13_20-58-56.220;;0.196;0.043;9.882;
29233;2017-03-13_20-59-02.148;;0.228;0.029;9.882;
29527;2017-03-13_20-59-07.145;;0.228;0.029;9.882;
29782;2017-03-13_20-59-12.156;;0.163;0.069;9.872;
30037;2017-03-13_20-59-17.214;;0.199;0.069;9.884;
30292;2017-03-13_20-59-23.143;;0.211;0.091;9.891;
30544;2017-03-13_20-59-28.168;;0.177;0.06;9.875;
30844;2017-03-13_20-59-33.213;;0.196;0.081;9.875;
31099;2017-03-13_20-59-39.169;;0.187;0.069;9.882;
31391;2017-03-13_20-59-44.169;;0.187;0.069;9.882;
31650;2017-03-13_20-59-49.170;;0.192;0.06;9.87;
31903;2017-03-13_20-59-54.208;;0.194;0.069;9.877;
32158;2017-03-13_21-00-00.122;;0.182;0.069;9.867;
32410;2017-03-13_21-00-05.152;;0.196;0.065;9.867;
32710;2017-03-13_21-00-10.196;;0.196;0.065;9.867;
32963;2017-03-13_21-00-15.198;;0.18;0.062;9.887;
33217;2017-03-13_21-00-21.127;;0.18;0.062;9.887;
33472;2017-03-13_21-00-26.198;;0.146;0.053;9.875;
33772;2017-03-13_21-00-31.255;;0.175;0.079;9.889;
34027;2017-03-13_21-00-37.131;;0.127;0.242;9.841;
34321;2017-03-13_21-00-42.136;;0.237;-0.007;9.884;
34535;2017-03-13_21-00-47.137;;0.237;-0.007;9.884;
34828;2017-03-13_21-00-52.191;;0.204;0.036;9.877;
35083;2017-03-13_21-00-57.243;;0.24;-0.093;9.908;
35335;2017-03-13_21-01-02.243;;2;-0.216;10.198;
35590;2017-03-13_21-01-07.297;;0.273;-0.103;9.439;
35845;2017-03-13_21-01-12.348;;-2.943;7.084;4.895;
