--- LOG START  --- 
206;2017-03-10_18-34-01.520;;-2.936;8.241;4.074;
221;2017-03-10_18-34-01.802;;-1.791;1.25;9.8;
236;2017-03-10_18-34-02.099;;-1.791;1.25;9.8;
251;2017-03-10_18-34-02.395;;-1.791;1.25;9.8;
266;2017-03-10_18-34-02.709;;-1.791;1.25;9.8;
281;2017-03-10_18-34-02.990;;-1.791;1.25;9.8;
293;2017-03-10_18-34-03.244;;-1.791;1.25;9.8;
308;2017-03-10_18-34-03.524;;-1.791;1.25;9.8;
323;2017-03-10_18-34-03.821;;-1.791;1.25;9.8;
338;2017-03-10_18-34-04.124;;-1.791;1.25;9.8;
353;2017-03-10_18-34-04.415;;-1.791;1.25;9.8;
368;2017-03-10_18-34-04.712;;-1.791;1.25;9.8;
383;2017-03-10_18-34-05.008;;-1.791;1.25;9.8;
398;2017-03-10_18-34-05.308;;-1.791;1.25;9.8;
413;2017-03-10_18-34-05.607;;0.56;1.255;9.784;
428;2017-03-10_18-34-05.905;;0.56;1.255;9.784;
443;2017-03-10_18-34-06.199;;0.56;1.255;9.784;
458;2017-03-10_18-34-06.500;;0.56;1.255;9.784;
473;2017-03-10_18-34-06.797;;0.56;1.255;9.784;
488;2017-03-10_18-34-07.094;;0.56;1.255;9.784;
503;2017-03-10_18-34-07.385;;0.56;1.255;9.784;
518;2017-03-10_18-34-07.683;;0.56;1.255;9.784;
533;2017-03-10_18-34-07.979;;0.56;1.255;9.784;
548;2017-03-10_18-34-08.280;;0.56;1.255;9.784;
563;2017-03-10_18-34-08.580;;0.56;1.255;9.784;
578;2017-03-10_18-34-08.876;;0.56;1.255;9.784;
593;2017-03-10_18-34-09.214;;0.56;1.255;9.784;
608;2017-03-10_18-34-09.470;;0.56;1.255;9.784;
623;2017-03-10_18-34-09.767;;0.57;1.351;9.836;
638;2017-03-10_18-34-10.062;;0.57;1.351;9.836;
653;2017-03-10_18-34-10.357;;0.57;1.351;9.836;
668;2017-03-10_18-34-10.657;;0.57;1.351;9.836;
683;2017-03-10_18-34-10.951;;0.57;1.351;9.836;
698;2017-03-10_18-34-11.246;;0.57;1.351;9.836;
713;2017-03-10_18-34-11.543;;0.57;1.351;9.836;
728;2017-03-10_18-34-11.845;;0.57;1.351;9.836;
743;2017-03-10_18-34-12.137;;0.57;1.351;9.836;
758;2017-03-10_18-34-12.434;;0.57;1.351;9.836;
773;2017-03-10_18-34-12.732;;0.57;1.351;9.836;
788;2017-03-10_18-34-13.032;;0.57;1.351;9.836;
803;2017-03-10_18-34-13.329;;0.57;1.351;9.836;
818;2017-03-10_18-34-13.626;;-0.445;9.297;3.015;
833;2017-03-10_18-34-13.923;;-0.445;9.297;3.015;
848;2017-03-10_18-34-14.219;;-0.445;9.297;3.015;
863;2017-03-10_18-34-14.515;;-0.445;9.297;3.015;
878;2017-03-10_18-34-14.815;;-0.445;9.297;3.015;
893;2017-03-10_18-34-15.114;;-0.445;9.297;3.015;
908;2017-03-10_18-34-15.404;;-0.445;9.297;3.015;
923;2017-03-10_18-34-15.701;;-0.445;9.297;3.015;
938;2017-03-10_18-34-16.001;;-0.445;9.297;3.015;
953;2017-03-10_18-34-16.299;;-0.445;9.297;3.015;
968;2017-03-10_18-34-16.595;;-0.445;9.297;3.015;
983;2017-03-10_18-34-16.895;;-0.445;9.297;3.015;
998;2017-03-10_18-34-17.186;;-0.445;9.297;3.015;
1013;2017-03-10_18-34-17.487;;-0.445;9.297;3.015;
1028;2017-03-10_18-34-17.785;;-0.022;0.292;9.927;
1043;2017-03-10_18-34-18.076;;-0.022;0.292;9.927;
1058;2017-03-10_18-34-18.376;;-0.022;0.292;9.927;
1073;2017-03-10_18-34-18.673;;-0.022;0.292;9.927;
1088;2017-03-10_18-34-18.971;;-0.022;0.292;9.927;
1103;2017-03-10_18-34-19.264;;-0.022;0.292;9.927;
1118;2017-03-10_18-34-19.561;;-0.022;0.292;9.927;
1133;2017-03-10_18-34-19.860;;-0.022;0.292;9.927;
1148;2017-03-10_18-34-20.142;;-0.022;0.292;9.927;
1162;2017-03-10_18-34-20.394;;-0.022;0.292;9.927;
1175;2017-03-10_18-34-20.649;;-0.022;0.292;9.927;
1180;2017-03-10_18-34-21.779;;-0.022;0.292;9.927;
1238;2017-03-10_18-34-22.712;;-0.022;0.292;9.927;
1289;2017-03-10_18-34-23.716;;-0.036;0.273;9.927;
1337;2017-03-10_18-34-24.740;;-0.036;0.273;9.927;
1388;2017-03-10_18-34-25.712;;-0.036;0.273;9.927;
1436;2017-03-10_18-34-26.718;;-0.036;0.273;9.927;
1490;2017-03-10_18-34-27.741;;-0.036;0.273;9.927;
1538;2017-03-10_18-34-28.711;;-0.036;0.273;9.927;
1586;2017-03-10_18-34-29.761;;-0.036;0.273;9.927;
1640;2017-03-10_18-34-30.111;;-0.036;0.273;9.927;
1664;2017-03-10_18-34-30.367;;-0.036;0.273;9.927;
1679;2017-03-10_18-34-30.673;;-0.017;0.259;9.92;
1694;2017-03-10_18-34-30.966;;-0.017;0.259;9.92;
1709;2017-03-10_18-34-31.263;;-0.017;0.259;9.92;
1724;2017-03-10_18-34-31.559;;-0.017;0.259;9.92;
1739;2017-03-10_18-34-31.856;;-0.017;0.259;9.92;
1754;2017-03-10_18-34-32.771;;-0.017;0.259;9.92;
1793;2017-03-10_18-34-33.716;;-0.017;0.259;9.92;
1841;2017-03-10_18-34-34.708;;-0.017;0.259;9.92;
1892;2017-03-10_18-34-35.741;;-0.017;0.259;9.92;
1943;2017-03-10_18-34-36.722;;-0.014;0.273;9.913;
1991;2017-03-10_18-34-37.106;;-0.014;0.273;9.913;
2018;2017-03-10_18-34-37.375;;-0.014;0.273;9.913;
2033;2017-03-10_18-34-37.676;;-0.014;0.273;9.913;
2048;2017-03-10_18-34-37.975;;-0.014;0.273;9.913;
2063;2017-03-10_18-34-38.267;;-0.014;0.273;9.913;
2078;2017-03-10_18-34-38.564;;-0.014;0.273;9.913;
2093;2017-03-10_18-34-38.861;;-0.014;0.273;9.913;
2108;2017-03-10_18-34-39.161;;-0.014;0.273;9.913;
2123;2017-03-10_18-34-39.458;;-0.014;0.273;9.913;
2138;2017-03-10_18-34-39.754;;-0.014;0.273;9.913;
2153;2017-03-10_18-34-40.053;;-0.014;0.273;9.913;
2168;2017-03-10_18-34-40.345;;-0.014;0.273;9.913;
2183;2017-03-10_18-34-40.645;;-0.014;0.273;9.913;
2198;2017-03-10_18-34-40.945;;-0.019;0.273;9.932;
2213;2017-03-10_18-34-41.241;;-0.019;0.273;9.932;
2216;2017-03-10_18-34-41.699;;-0.019;0.273;9.932;
2243;2017-03-10_18-34-42.771;;-0.019;0.273;9.932;
2297;2017-03-10_18-34-43.741;;-0.019;0.273;9.932;
2348;2017-03-10_18-34-44.735;;-0.019;0.273;9.932;
2396;2017-03-10_18-34-45.758;;-0.019;0.273;9.932;
2450;2017-03-10_18-34-46.752;;-0.019;0.273;9.932;
2498;2017-03-10_18-34-47.742;;-0.019;0.273;9.932;
2549;2017-03-10_18-34-48.751;;-0.029;0.29;9.923;
2600;2017-03-10_18-34-49.773;;-0.029;0.29;9.923;
2651;2017-03-10_18-34-50.184;;-0.029;0.29;9.923;
2672;2017-03-10_18-34-50.722;;-0.029;0.29;9.923;
2699;2017-03-10_18-34-51.736;;-0.029;0.29;9.923;
2750;2017-03-10_18-34-52.723;;-0.029;0.29;9.923;
2801;2017-03-10_18-34-53.762;;-0.029;0.29;9.923;
2852;2017-03-10_18-34-54.756;;-0.029;0.29;9.923;
2903;2017-03-10_18-34-55.753;;-0.026;0.273;9.939;
2954;2017-03-10_18-34-56.709;;-0.026;0.273;9.939;
3002;2017-03-10_18-34-57.099;;-0.026;0.273;9.939;
3029;2017-03-10_18-34-57.396;;-0.026;0.273;9.939;
3044;2017-03-10_18-34-57.693;;-0.026;0.273;9.939;
3059;2017-03-10_18-34-57.990;;-0.026;0.273;9.939;
3074;2017-03-10_18-34-58.284;;-0.026;0.273;9.939;
3089;2017-03-10_18-34-58.578;;-0.026;0.273;9.939;
3104;2017-03-10_18-34-58.878;;-0.026;0.273;9.939;
3119;2017-03-10_18-34-59.178;;-0.026;0.273;9.939;
3134;2017-03-10_18-34-59.476;;-0.026;0.273;9.939;
3149;2017-03-10_18-34-59.770;;-0.026;0.273;9.939;
3164;2017-03-10_18-35-00.066;;-0.026;0.273;9.939;
3176;2017-03-10_18-35-00.349;;-0.036;0.268;9.925;
3191;2017-03-10_18-35-00.604;;-0.036;0.268;9.925;
3206;2017-03-10_18-35-00.899;;-0.036;0.268;9.925;
3221;2017-03-10_18-35-01.204;;-0.036;0.268;9.925;
3230;2017-03-10_18-35-01.779;;-0.036;0.268;9.925;
3257;2017-03-10_18-35-02.718;;-0.036;0.268;9.925;
3305;2017-03-10_18-35-03.718;;-0.036;0.268;9.925;
3356;2017-03-10_18-35-04.713;;-0.036;0.268;9.925;
3407;2017-03-10_18-35-05.707;;-0.036;0.268;9.925;
3458;2017-03-10_18-35-06.711;;-0.036;0.268;9.925;
3506;2017-03-10_18-35-07.703;;-0.014;0.266;9.923;
3557;2017-03-10_18-35-08.710;;-0.014;0.266;9.923;
3608;2017-03-10_18-35-09.730;;-0.014;0.266;9.923;
3659;2017-03-10_18-35-10.719;;-0.014;0.266;9.923;
3710;2017-03-10_18-35-11.743;;-0.014;0.266;9.923;
3761;2017-03-10_18-35-12.742;;-0.014;0.266;9.923;
3812;2017-03-10_18-35-13.729;;-0.014;0.266;9.923;
3863;2017-03-10_18-35-14.747;;-0.014;0.266;9.923;
3911;2017-03-10_18-35-15.747;;-0.014;0.266;9.923;
3962;2017-03-10_18-35-16.722;;-0.031;0.271;9.92;
4013;2017-03-10_18-35-17.143;;-0.031;0.271;9.92;
4040;2017-03-10_18-35-17.411;;-0.031;0.271;9.92;
4055;2017-03-10_18-35-17.709;;-0.031;0.271;9.92;
4070;2017-03-10_18-35-18.006;;-0.031;0.271;9.92;
4085;2017-03-10_18-35-18.319;;-0.031;0.271;9.92;
4100;2017-03-10_18-35-18.598;;-0.031;0.271;9.92;
4115;2017-03-10_18-35-18.895;;-0.031;0.271;9.92;
4130;2017-03-10_18-35-19.193;;-0.031;0.271;9.92;
4145;2017-03-10_18-35-19.490;;-0.031;0.271;9.92;
4160;2017-03-10_18-35-19.784;;-0.031;0.271;9.92;
4175;2017-03-10_18-35-20.083;;-0.031;0.271;9.92;
4190;2017-03-10_18-35-20.380;;-0.046;0.266;9.913;
4205;2017-03-10_18-35-20.678;;-0.046;0.266;9.913;
4220;2017-03-10_18-35-20.976;;-0.046;0.266;9.913;
4235;2017-03-10_18-35-21.272;;-0.046;0.266;9.913;
4241;2017-03-10_18-35-21.769;;-0.046;0.266;9.913;
4265;2017-03-10_18-35-22.756;;-0.046;0.266;9.913;
4316;2017-03-10_18-35-23.711;;-0.046;0.266;9.913;
4367;2017-03-10_18-35-24.721;;-0.046;0.266;9.913;
4418;2017-03-10_18-35-25.751;;-0.046;0.266;9.913;
4469;2017-03-10_18-35-26.734;;-0.046;0.266;9.913;
4517;2017-03-10_18-35-27.716;;-0.046;0.273;9.915;
4568;2017-03-10_18-35-28.721;;-0.046;0.273;9.915;
4619;2017-03-10_18-35-29.723;;-0.046;0.273;9.915;
4670;2017-03-10_18-35-30.727;;-0.046;0.273;9.915;
4721;2017-03-10_18-35-31.754;;-0.046;0.273;9.915;
4769;2017-03-10_18-35-32.731;;-0.046;0.273;9.915;
4820;2017-03-10_18-35-33.729;;-0.046;0.273;9.915;
4871;2017-03-10_18-35-34.710;;-0.046;0.273;9.915;
4922;2017-03-10_18-35-35.722;;-0.046;0.273;9.915;
4973;2017-03-10_18-35-36.724;;-0.029;0.275;9.911;
5024;2017-03-10_18-35-37.100;;-0.029;0.275;9.911;
5048;2017-03-10_18-35-37.368;;-0.029;0.275;9.911;
5063;2017-03-10_18-35-37.665;;-0.029;0.275;9.911;
5078;2017-03-10_18-35-37.965;;-0.029;0.275;9.911;
5093;2017-03-10_18-35-38.259;;-0.029;0.275;9.911;
5108;2017-03-10_18-35-38.554;;-0.029;0.275;9.911;
5123;2017-03-10_18-35-38.853;;-0.029;0.275;9.911;
5138;2017-03-10_18-35-39.150;;-0.029;0.275;9.911;
5153;2017-03-10_18-35-39.447;;-0.029;0.275;9.911;
5168;2017-03-10_18-35-39.745;;-0.029;0.275;9.911;
5183;2017-03-10_18-35-40.043;;-0.029;0.275;9.911;
5198;2017-03-10_18-35-40.338;;-0.029;0.275;9.911;
5213;2017-03-10_18-35-40.634;;-0.029;0.275;9.911;
5228;2017-03-10_18-35-40.934;;-0.038;0.259;9.908;
5243;2017-03-10_18-35-41.230;;-0.038;0.259;9.908;
5252;2017-03-10_18-35-41.697;;-0.038;0.259;9.908;
5273;2017-03-10_18-35-42.722;;-0.038;0.259;9.908;
5327;2017-03-10_18-35-43.714;;-0.038;0.259;9.908;
5375;2017-03-10_18-35-44.728;;-0.038;0.259;9.908;
5426;2017-03-10_18-35-45.733;;-0.038;0.259;9.908;
5477;2017-03-10_18-35-46.706;;-0.038;0.259;9.908;
5528;2017-03-10_18-35-47.707;;-0.038;0.259;9.908;
5576;2017-03-10_18-35-48.733;;0.05;0.196;9.906;
5630;2017-03-10_18-35-49.752;;0.05;0.196;9.906;
5681;2017-03-10_18-35-50.743;;0.05;0.196;9.906;
5738;2017-03-10_18-35-51.031;;0.05;0.196;9.906;
5753;2017-03-10_18-35-51.328;;0.05;0.144;9.932;
5768;2017-03-10_18-35-51.620;;-0.024;0.144;9.932;
5783;2017-03-10_18-35-51.918;;-0.024;0.144;9.932;
5798;2017-03-10_18-35-52.221;;-0.024;0.144;9.932;
5813;2017-03-10_18-35-52.518;;-0.024;0.144;9.932;
5828;2017-03-10_18-35-52.815;;-0.024;0.144;9.932;
5843;2017-03-10_18-35-53.111;;-0.024;0.144;9.932;
5857;2017-03-10_18-35-53.362;;-0.024;0.144;9.932;
5858;2017-03-10_18-35-53.774;;-0.031;0.256;9.92;
5885;2017-03-10_18-35-54.739;;-0.031;0.256;9.92;
5933;2017-03-10_18-35-55.726;;-0.031;0.256;9.92;
5981;2017-03-10_18-35-56.738;;-0.031;0.256;9.92;
6032;2017-03-10_18-35-57.725;;-0.031;0.256;9.92;
6083;2017-03-10_18-35-58.760;;-0.031;0.256;9.92;
6134;2017-03-10_18-35-59.149;;-0.031;0.256;9.92;
6161;2017-03-10_18-35-59.405;;-0.031;0.256;9.92;
6176;2017-03-10_18-35-59.703;;-0.031;0.256;9.92;
6191;2017-03-10_18-36-00.001;;-0.031;0.256;9.92;
6206;2017-03-10_18-36-00.292;;-0.031;0.256;9.92;
6221;2017-03-10_18-36-00.590;;-0.029;0.273;9.92;
6236;2017-03-10_18-36-00.891;;-0.029;0.273;9.92;
6251;2017-03-10_18-36-01.185;;-0.029;0.273;9.92;
6266;2017-03-10_18-36-01.484;;-0.029;0.273;9.92;
6281;2017-03-10_18-36-01.780;;-0.029;0.273;9.92;
6296;2017-03-10_18-36-02.076;;-0.029;0.273;9.92;
6311;2017-03-10_18-36-02.375;;-0.029;0.273;9.92;
6326;2017-03-10_18-36-02.672;;-0.029;0.273;9.92;
6341;2017-03-10_18-36-02.968;;-0.029;0.273;9.92;
6356;2017-03-10_18-36-03.268;;-0.029;0.273;9.92;
6371;2017-03-10_18-36-03.559;;-0.029;0.273;9.92;
6381;2017-03-10_18-36-03.746;;-0.029;0.273;9.92;
6440;2017-03-10_18-36-05.757;;-0.041;0.266;9.911;
6488;2017-03-10_18-36-06.738;;-0.041;0.266;9.911;
6539;2017-03-10_18-36-07.724;;-0.041;0.266;9.911;
6590;2017-03-10_18-36-08.740;;-0.041;0.266;9.911;
6641;2017-03-10_18-36-09.757;;-0.041;0.266;9.911;
6692;2017-03-10_18-36-10.747;;-0.041;0.266;9.911;
6740;2017-03-10_18-36-11.740;;-0.041;0.266;9.911;
6791;2017-03-10_18-36-12.728;;-0.041;0.266;9.911;
6842;2017-03-10_18-36-13.746;;-0.029;0.263;9.918;
6893;2017-03-10_18-36-14.769;;-0.029;0.263;9.918;
6944;2017-03-10_18-36-15.718;;-0.029;0.263;9.918;
6992;2017-03-10_18-36-16.751;;-0.029;0.263;9.918;
7043;2017-03-10_18-36-17.760;;-0.029;0.263;9.918;
7094;2017-03-10_18-36-18.752;;-0.029;0.263;9.918;
7145;2017-03-10_18-36-19.134;;-0.029;0.263;9.918;
7172;2017-03-10_18-36-19.423;;-0.029;0.263;9.918;
7187;2017-03-10_18-36-19.721;;-0.029;0.263;9.918;
7202;2017-03-10_18-36-20.018;;-0.029;0.263;9.918;
7215;2017-03-10_18-36-20.268;;-0.034;0.28;9.923;
7229;2017-03-10_18-36-20.548;;-0.034;0.28;9.923;
7244;2017-03-10_18-36-20.850;;-0.034;0.28;9.923;
7259;2017-03-10_18-36-21.146;;-0.034;0.28;9.923;
7274;2017-03-10_18-36-21.445;;-0.034;0.28;9.923;
7289;2017-03-10_18-36-21.739;;-0.034;0.28;9.923;
7304;2017-03-10_18-36-22.037;;-0.034;0.28;9.923;
7319;2017-03-10_18-36-22.335;;-0.034;0.28;9.923;
7334;2017-03-10_18-36-22.630;;-0.034;0.28;9.923;
7349;2017-03-10_18-36-22.928;;-0.034;0.28;9.923;
7364;2017-03-10_18-36-23.227;;-0.034;0.28;9.923;
7376;2017-03-10_18-36-23.463;;-0.034;0.28;9.923;
7391;2017-03-10_18-36-24.774;;-0.034;0.28;9.923;
7448;2017-03-10_18-36-25.740;;-0.012;0.304;9.915;
7499;2017-03-10_18-36-26.791;;-0.012;0.304;9.915;
7550;2017-03-10_18-36-27.744;;-0.012;0.304;9.915;
7598;2017-03-10_18-36-28.751;;-0.012;0.304;9.915;
7649;2017-03-10_18-36-29.755;;-0.012;0.304;9.915;
7703;2017-03-10_18-36-30.730;;-0.012;0.304;9.915;
7751;2017-03-10_18-36-31.727;;-0.012;0.304;9.915;
7799;2017-03-10_18-36-32.745;;-0.012;0.304;9.915;
7853;2017-03-10_18-36-33.781;;-0.012;0.304;9.915;
7904;2017-03-10_18-36-34.731;;-0.031;0.271;9.906;
7952;2017-03-10_18-36-35.725;;-0.031;0.271;9.906;
8003;2017-03-10_18-36-36.719;;-0.031;0.271;9.906;
8053;2017-03-10_18-36-36.826;;-0.031;0.271;9.906;
8102;2017-03-10_18-36-38.707;;-0.031;0.271;9.906;
8153;2017-03-10_18-36-39.089;;-0.031;0.271;9.906;
8180;2017-03-10_18-36-39.382;;-0.031;0.271;9.906;
8195;2017-03-10_18-36-39.679;;-0.031;0.271;9.906;
8210;2017-03-10_18-36-39.976;;-0.031;0.271;9.906;
8225;2017-03-10_18-36-40.272;;-0.031;0.271;9.906;
8240;2017-03-10_18-36-40.566;;-0.029;0.275;9.92;
8255;2017-03-10_18-36-40.865;;-0.029;0.275;9.92;
8270;2017-03-10_18-36-41.164;;-0.029;0.275;9.92;
8285;2017-03-10_18-36-41.460;;-0.029;0.275;9.92;
8300;2017-03-10_18-36-41.757;;-0.029;0.275;9.92;
8315;2017-03-10_18-36-42.057;;-0.029;0.275;9.92;
8330;2017-03-10_18-36-42.353;;-0.029;0.275;9.92;
8345;2017-03-10_18-36-42.647;;-0.029;0.275;9.92;
8360;2017-03-10_18-36-42.949;;-0.029;0.275;9.92;
8375;2017-03-10_18-36-43.244;;-0.029;0.275;9.92;
8387;2017-03-10_18-36-43.756;;-0.029;0.275;9.92;
8408;2017-03-10_18-36-44.761;;-0.029;0.275;9.92;
8459;2017-03-10_18-36-45.740;;1.147;-1.018;12.828;
8507;2017-03-10_18-36-46.707;;1.147;-1.018;12.828;
8558;2017-03-10_18-36-47.707;;1.147;-1.018;12.828;
8609;2017-03-10_18-36-48.743;;1.147;-1.018;12.828;
8660;2017-03-10_18-36-49.753;;1.147;-1.018;12.828;
8711;2017-03-10_18-36-50.719;;1.147;-1.018;12.828;
8759;2017-03-10_18-36-51.713;;1.147;-1.018;12.828;
8810;2017-03-10_18-36-52.728;;1.147;-1.018;12.828;
8863;2017-03-10_18-36-53.746;;1.147;-1.018;12.828;
8913;2017-03-10_18-36-54.218;;-2.62;4.962;6.586;
8945;2017-03-10_18-36-54.487;;-2.62;4.962;6.586;
8958;2017-03-10_18-36-54.785;;-2.62;4.962;6.586;
8973;2017-03-10_18-36-55.081;;-2.62;4.962;6.586;
8987;2017-03-10_18-36-55.319;;-2.62;4.962;6.586;
9000;2017-03-10_18-36-55.615;;-2.62;4.962;6.586;
9015;2017-03-10_18-36-55.912;;-2.62;4.962;6.586;
9030;2017-03-10_18-36-56.215;;-2.62;4.962;6.586;
9045;2017-03-10_18-36-56.507;;-2.62;4.962;6.586;
9060;2017-03-10_18-36-56.805;;-2.62;4.962;6.586;
9072;2017-03-10_18-36-57.057;;-2.62;4.962;6.586;
9087;2017-03-10_18-36-57.342;;-2.62;4.962;6.586;
9102;2017-03-10_18-36-57.638;;-2.62;4.962;6.586;
9117;2017-03-10_18-36-57.937;;-2.62;4.962;6.586;
9132;2017-03-10_18-36-58.234;;-2.62;4.962;6.586;
9147;2017-03-10_18-36-58.531;;-1.609;5.614;8.186;
9162;2017-03-10_18-36-58.830;;-1.609;5.614;8.186;
9177;2017-03-10_18-36-59.126;;-1.609;5.614;8.186;
9192;2017-03-10_18-36-59.420;;-1.609;5.614;8.186;
9207;2017-03-10_18-36-59.715;;-1.609;5.614;8.186;
9219;2017-03-10_18-36-59.960;;-1.609;5.614;8.186;
9234;2017-03-10_18-37-00.249;;-1.609;5.614;8.186;
9249;2017-03-10_18-37-00.545;;-1.609;5.614;8.186;
9264;2017-03-10_18-37-00.843;;-1.609;5.614;8.186;
9279;2017-03-10_18-37-01.141;;-1.609;5.614;8.186;
9294;2017-03-10_18-37-01.443;;-1.609;5.614;8.186;
9309;2017-03-10_18-37-01.736;;-1.609;5.614;8.186;
9324;2017-03-10_18-37-02.031;;-1.609;5.614;8.186;
9339;2017-03-10_18-37-02.329;;-1.741;7.372;6.435;
9354;2017-03-10_18-37-02.631;;-1.741;7.372;6.435;
9369;2017-03-10_18-37-02.922;;-1.741;7.372;6.435;
9384;2017-03-10_18-37-03.221;;-1.741;7.372;6.435;
9399;2017-03-10_18-37-03.520;;-1.741;7.372;6.435;
9414;2017-03-10_18-37-03.813;;-1.741;7.372;6.435;
9429;2017-03-10_18-37-04.111;;-1.741;7.372;6.435;
9444;2017-03-10_18-37-04.413;;-1.741;7.372;6.435;
9459;2017-03-10_18-37-04.705;;-1.741;7.372;6.435;
9474;2017-03-10_18-37-05.001;;-1.741;7.372;6.435;
9489;2017-03-10_18-37-05.299;;-1.741;7.372;6.435;
9504;2017-03-10_18-37-05.596;;-1.741;7.372;6.435;
9519;2017-03-10_18-37-05.893;;-1.741;7.372;6.435;
9533;2017-03-10_18-37-06.144;;-1.741;7.372;6.435;
9543;2017-03-10_18-37-06.383;;-0.539;6.361;7.535;
9558;2017-03-10_18-37-06.664;;-0.539;6.361;7.535;
9573;2017-03-10_18-37-06.961;;-0.539;6.361;7.535;
9588;2017-03-10_18-37-07.264;;-0.539;6.361;7.535;
9603;2017-03-10_18-37-07.557;;-0.539;6.361;7.535;
9618;2017-03-10_18-37-07.852;;-0.539;6.361;7.535;
9633;2017-03-10_18-37-08.150;;-0.539;6.361;7.535;
9648;2017-03-10_18-37-08.447;;-0.539;6.361;7.535;
9663;2017-03-10_18-37-08.744;;-0.539;6.361;7.535;
9678;2017-03-10_18-37-09.040;;-0.539;6.361;7.535;
9693;2017-03-10_18-37-09.337;;-0.539;6.361;7.535;
9708;2017-03-10_18-37-09.634;;-0.539;6.361;7.535;
9723;2017-03-10_18-37-09.934;;-0.539;6.361;7.535;
9738;2017-03-10_18-37-10.228;;-0.539;6.361;7.535;
9753;2017-03-10_18-37-10.527;;-0.23;6.337;7.475;
9768;2017-03-10_18-37-10.825;;-0.23;6.337;7.475;
9783;2017-03-10_18-37-11.121;;-0.23;6.337;7.475;
9798;2017-03-10_18-37-11.421;;-0.23;6.337;7.475;
9813;2017-03-10_18-37-11.715;;-0.23;6.337;7.475;
9827;2017-03-10_18-37-11.960;;-0.23;6.337;7.475;
9840;2017-03-10_18-37-12.248;;-0.23;6.337;7.475;
9855;2017-03-10_18-37-12.545;;-0.23;6.337;7.475;
9870;2017-03-10_18-37-12.845;;-0.23;6.337;7.475;
9885;2017-03-10_18-37-13.142;;-0.23;6.337;7.475;
9900;2017-03-10_18-37-13.440;;-0.23;6.337;7.475;
9915;2017-03-10_18-37-13.733;;-0.23;6.337;7.475;
9930;2017-03-10_18-37-14.033;;-0.23;6.337;7.475;
9945;2017-03-10_18-37-14.329;;-0.23;6.337;7.475;
9960;2017-03-10_18-37-14.633;;-2.378;6.68;6.131;
9975;2017-03-10_18-37-14.924;;-2.378;6.68;6.131;
9990;2017-03-10_18-37-15.223;;-2.378;6.68;6.131;
10005;2017-03-10_18-37-15.517;;-2.378;6.68;6.131;
10020;2017-03-10_18-37-15.815;;-2.378;6.68;6.131;
10035;2017-03-10_18-37-16.113;;-2.378;6.68;6.131;
10050;2017-03-10_18-37-16.411;;-2.378;6.68;6.131;
10065;2017-03-10_18-37-16.706;;-2.378;6.68;6.131;
10079;2017-03-10_18-37-16.958;;-2.378;6.68;6.131;
10092;2017-03-10_18-37-17.239;;-2.378;6.68;6.131;
10107;2017-03-10_18-37-17.534;;-2.378;6.68;6.131;
10122;2017-03-10_18-37-17.833;;-2.378;6.68;6.131;
10137;2017-03-10_18-37-18.126;;-2.378;6.68;6.131;
10152;2017-03-10_18-37-18.424;;-2.378;6.68;6.131;
10167;2017-03-10_18-37-18.721;;-0.845;6.555;7.211;
10182;2017-03-10_18-37-19.018;;-0.845;6.555;7.211;
10197;2017-03-10_18-37-19.318;;-0.845;6.555;7.211;
10212;2017-03-10_18-37-19.615;;-0.845;6.555;7.211;
10227;2017-03-10_18-37-19.910;;-0.845;6.555;7.211;
10242;2017-03-10_18-37-20.205;;-0.845;6.555;7.211;
10257;2017-03-10_18-37-20.501;;-0.845;6.555;7.211;
10272;2017-03-10_18-37-20.798;;-0.845;6.555;7.211;
10287;2017-03-10_18-37-21.095;;-0.845;6.555;7.211;
10302;2017-03-10_18-37-21.392;;-0.845;6.555;7.211;
10317;2017-03-10_18-37-21.689;;-0.845;6.555;7.211;
10332;2017-03-10_18-37-21.993;;-0.845;6.555;7.211;
10347;2017-03-10_18-37-22.286;;-0.845;6.555;7.211;
