--- LOG START  --- 
261;2017-03-13_16-29-33.594;;-0.17;0.285;9.879;
513;2017-03-13_16-29-38.600;;-0.17;0.228;9.87;
768;2017-03-13_16-29-43.612;;-0.127;0.254;9.867;
1023;2017-03-13_16-29-48.652;;-0.127;0.218;9.856;
1278;2017-03-13_16-29-53.706;;-0.11;0.204;9.872;
1533;2017-03-13_16-29-58.732;;-0.163;0.235;9.858;
1788;2017-03-13_16-30-03.771;;-0.17;0.01;9.872;
2043;2017-03-13_16-30-08.839;;-0.204;0.266;9.848;
2298;2017-03-13_16-30-13.850;;-0.144;0.28;9.867;
2553;2017-03-13_16-30-18.902;;-0.168;0.242;9.841;
2808;2017-03-13_16-30-23.928;;-0.153;0.237;9.832;
3063;2017-03-13_16-30-28.968;;-0.16;0.218;9.867;
3318;2017-03-13_16-30-34.009;;-0.17;0.251;9.865;
3573;2017-03-13_16-30-39.046;;-0.137;0.249;9.858;
3828;2017-03-13_16-30-44.091;;-0.156;0.232;9.853;
4083;2017-03-13_16-30-49.124;;-0.168;0.28;9.839;
4335;2017-03-13_16-30-54.125;;-0.232;0.314;9.824;
4590;2017-03-13_16-30-59.145;;-0.125;0.254;9.841;
4842;2017-03-13_16-31-04.155;;-0.146;0.223;9.865;
5097;2017-03-13_16-31-09.187;;-0.17;0.235;9.865;
5352;2017-03-13_16-31-14.208;;-0.165;0.251;9.872;
5607;2017-03-13_16-31-19.250;;-0.144;0.235;9.867;
5862;2017-03-13_16-31-24.282;;-0.172;0.232;9.856;
6117;2017-03-13_16-31-29.324;;-0.062;0.297;9.961;
6372;2017-03-13_16-31-34.358;;-0.158;0.232;9.858;
6627;2017-03-13_16-31-39.395;;-0.151;0.273;9.853;
6882;2017-03-13_16-31-44.432;;-0.163;0.242;9.863;
7110;2017-03-13_16-31-49.739;;-0.117;0.261;9.851;
7404;2017-03-13_16-31-54.753;;-0.156;0.285;9.836;
7659;2017-03-13_16-31-59.789;;-0.153;0.268;9.839;
7914;2017-03-13_16-32-04.825;;-0.163;0.266;9.853;
8169;2017-03-13_16-32-09.867;;-0.16;0.278;9.844;
8424;2017-03-13_16-32-14.907;;-0.139;0.263;9.822;
8679;2017-03-13_16-32-19.946;;-0.144;0.28;9.829;
8934;2017-03-13_16-32-24.988;;-0.16;0.254;9.841;
9183;2017-03-13_16-32-30.169;;-0.168;0.268;9.827;
9450;2017-03-13_16-32-35.184;;-0.158;0.271;9.824;
9687;2017-03-13_16-32-40.755;;-0.151;0.254;9.822;
9987;2017-03-13_16-32-45.802;;-0.175;0.263;9.824;
10242;2017-03-13_16-32-50.841;;-0.146;0.273;9.841;
10497;2017-03-13_16-32-55.881;;-0.146;0.268;9.824;
10752;2017-03-13_16-33-01.747;;-0.194;0.251;9.82;
11049;2017-03-13_16-33-06.799;;-0.184;0.204;9.834;
11304;2017-03-13_16-33-11.837;;-0.163;0.218;9.815;
11559;2017-03-13_16-33-17.750;;-0.213;0.388;9.803;
11856;2017-03-13_16-33-22.755;;-0.213;0.388;9.803;
12111;2017-03-13_16-33-27.803;;-0.141;0.244;9.82;
12366;2017-03-13_16-33-32.836;;-0.175;0.268;9.839;
12621;2017-03-13_16-33-38.750;;-0.17;0.223;9.817;
12918;2017-03-13_16-33-43.754;;-0.151;0.213;9.812;
13173;2017-03-13_16-33-49.802;;-0.182;0.232;9.815;
13479;2017-03-13_16-33-55.754;;-0.182;0.362;9.832;
13774;2017-03-13_16-34-00.754;;-0.182;0.362;9.832;
14031;2017-03-13_16-34-05.764;;-0.146;0.172;9.8;
14268;2017-03-13_16-34-10.764;;-0.211;0.223;9.82;
14538;2017-03-13_16-34-15.793;;-0.184;0.218;9.817;
14793;2017-03-13_16-34-20.834;;-0.194;0.213;9.8;
15048;2017-03-13_16-34-25.887;;-0.194;0.213;9.8;
15303;2017-03-13_16-34-31.748;;-0.172;0.22;9.829;
15558;2017-03-13_16-34-36.790;;-0.172;0.22;9.829;
15855;2017-03-13_16-34-41.841;;-0.192;0.228;9.82;
16110;2017-03-13_16-34-46.851;;-0.194;0.225;9.822;
16363;2017-03-13_16-34-51.906;;-0.16;0.22;9.829;
16615;2017-03-13_16-34-57.775;;-0.184;0.213;9.803;
16911;2017-03-13_16-35-02.776;;-0.194;0.235;9.824;
17167;2017-03-13_16-35-07.796;;-0.165;0.213;9.827;
17422;2017-03-13_16-35-12.834;;-0.189;0.261;9.815;
17677;2017-03-13_16-35-17.878;;-0.184;0.242;9.815;
17932;2017-03-13_16-35-23.756;;-0.184;0.242;9.815;
18229;2017-03-13_16-35-28.797;;-0.165;0.208;9.82;
18484;2017-03-13_16-35-33.838;;-0.22;0.201;9.815;
18739;2017-03-13_16-35-38.881;;-0.182;0.237;9.81;
18994;2017-03-13_16-35-43.932;;-0.182;0.196;9.815;
19249;2017-03-13_16-35-48.970;;-0.175;0.232;9.82;
19498;2017-03-13_16-35-54.720;;-0.175;0.22;9.824;
19750;2017-03-13_16-35-59.749;;-0.194;0.232;9.822;
20047;2017-03-13_16-36-04.759;;-0.194;0.232;9.822;
20302;2017-03-13_16-36-09.807;;-0.16;0.184;9.803;
20557;2017-03-13_16-36-15.730;;-0.182;0.213;9.822;
20797;2017-03-13_16-36-20.759;;-0.153;0.129;9.815;
21064;2017-03-13_16-36-25.796;;-0.177;0.24;9.817;
21364;2017-03-13_16-36-30.816;;-0.189;0.24;9.808;
21619;2017-03-13_16-36-35.853;;-0.187;0.266;9.815;
21874;2017-03-13_16-36-41.775;;-0.187;0.266;9.815;
22174;2017-03-13_16-36-47.741;;-0.163;0.225;9.805;
22438;2017-03-13_16-36-52.807;;-0.175;0.235;9.808;
22729;2017-03-13_16-36-57.813;;-0.165;0.192;9.812;
22984;2017-03-13_16-37-03.724;;-0.177;0.232;9.805;
23281;2017-03-13_16-37-08.735;;-0.177;0.232;9.805;
23517;2017-03-13_16-37-13.737;;-0.165;0.213;9.82;
23743;2017-03-13_16-37-18.738;;-0.213;0.208;9.808;
24024;2017-03-13_16-37-23.738;;-0.213;0.208;9.808;
24293;2017-03-13_16-37-28.739;;-0.177;0.199;9.817;
24523;2017-03-13_16-37-33.740;;-0.18;0.204;9.812;
24764;2017-03-13_16-37-38.742;;-0.204;0.165;9.808;
25009;2017-03-13_16-37-43.760;;-0.139;0.129;9.786;
25305;2017-03-13_16-37-48.780;;-0.11;0.137;9.796;
25560;2017-03-13_16-37-53.822;;-0.101;0.089;9.796;
25815;2017-03-13_16-37-58.865;;-0.103;0.115;9.839;
26070;2017-03-13_16-38-03.912;;-0.093;0.177;9.836;
26325;2017-03-13_16-38-08.957;;-0.139;0.125;9.824;
26580;2017-03-13_16-38-14.005;;-0.156;0.17;9.836;
26835;2017-03-13_16-38-19.040;;-0.139;0.23;9.853;
27089;2017-03-13_16-38-24.046;;-0.134;0.153;9.827;
27341;2017-03-13_16-38-29.051;;-0.108;0.175;9.87;
27593;2017-03-13_16-38-34.054;;-0.117;0.17;9.879;
27845;2017-03-13_16-38-39.058;;-0.079;0.139;9.858;
28097;2017-03-13_16-38-44.062;;-0.103;0.172;9.863;
28349;2017-03-13_16-38-49.069;;-0.103;0.12;9.853;
28601;2017-03-13_16-38-54.078;;-0.089;0.206;9.877;
28855;2017-03-13_16-38-59.128;;-0.168;0.208;9.896;
29109;2017-03-13_16-39-04.129;;-0.117;0.223;9.858;
29362;2017-03-13_16-39-09.151;;-0.105;0.206;9.865;
29614;2017-03-13_16-39-14.156;;-0.091;0.201;9.856;
29866;2017-03-13_16-39-19.157;;-0.115;0.182;9.863;
30118;2017-03-13_16-39-24.164;;-0.113;0.208;9.848;
30370;2017-03-13_16-39-29.169;;6.304;-0.51;9.705;
30623;2017-03-13_16-39-34.203;;-0.134;0.256;9.86;
30872;2017-03-13_16-39-39.819;;-0.163;0.244;9.844;
31133;2017-03-13_16-39-50.123;;-0.153;0.297;9.851;
31673;2017-03-13_16-39-55.761;;-0.18;0.259;9.832;
31968;2017-03-13_16-40-00.775;;-0.18;0.259;9.832;
32223;2017-03-13_16-40-05.814;;-0.206;0.259;9.834;
32478;2017-03-13_16-40-10.859;;-0.189;0.22;9.824;
32733;2017-03-13_16-40-16.755;;-0.182;0.244;9.829;
33027;2017-03-13_16-40-22.728;;-0.17;0.251;9.822;
33288;2017-03-13_16-40-27.747;;-0.17;0.251;9.822;
33588;2017-03-13_16-40-32.792;;-0.177;0.251;9.832;
33843;2017-03-13_16-40-38.754;;-0.192;0.266;9.812;
34098;2017-03-13_16-40-43.801;;-0.16;0.254;9.827;
34400;2017-03-13_16-40-48.805;;-0.16;0.254;9.827;
34651;2017-03-13_16-40-54.823;;-0.177;0.242;9.815;
34957;2017-03-13_16-40-59.857;;-0.177;0.242;9.815;
35212;2017-03-13_16-41-05.749;;-0.184;0.237;9.812;
35509;2017-03-13_16-41-10.773;;-0.156;0.223;9.822;
35743;2017-03-13_16-41-15.773;;-0.189;0.251;9.812;
36016;2017-03-13_16-41-20.796;;-0.168;0.261;9.82;
36271;2017-03-13_16-41-25.838;;-0.168;0.261;9.82;
36526;2017-03-13_16-41-30.842;;-0.194;0.211;9.815;
36778;2017-03-13_16-41-35.864;;-0.189;0.254;9.839;
37030;2017-03-13_16-41-41.745;;-0.16;0.235;9.824;
37293;2017-03-13_16-41-46.747;;-0.16;0.235;9.824;
37582;2017-03-13_16-41-51.766;;-0.189;0.23;9.803;
37837;2017-03-13_16-41-56.806;;-0.206;0.23;9.827;
38092;2017-03-13_16-42-02.750;;-0.194;0.223;9.829;
38365;2017-03-13_16-42-07.750;;-0.194;0.213;9.793;
38646;2017-03-13_16-42-12.771;;-0.182;0.23;9.808;
38900;2017-03-13_16-42-17.791;;-0.192;0.218;9.8;
39153;2017-03-13_16-42-22.794;;-0.192;0.218;9.8;
39406;2017-03-13_16-42-27.799;;-0.172;0.175;9.805;
39659;2017-03-13_16-42-32.805;;-0.16;0.216;9.812;
39913;2017-03-13_16-42-37.824;;-0.201;0.256;9.815;
40166;2017-03-13_16-42-42.830;;-0.201;0.256;9.815;
40419;2017-03-13_16-42-47.834;;-0.22;0.208;9.829;
40672;2017-03-13_16-42-52.838;;-0.199;0.22;9.82;
40925;2017-03-13_16-42-57.842;;-0.18;0.23;9.815;
41178;2017-03-13_16-43-03.743;;-0.18;0.23;9.817;
41433;2017-03-13_16-43-08.744;;-0.192;0.225;9.815;
41729;2017-03-13_16-43-14.752;;-0.192;0.22;9.81;
42033;2017-03-13_16-43-19.758;;-0.17;0.201;9.822;
42284;2017-03-13_16-43-24.758;;-0.194;0.201;9.81;
42539;2017-03-13_16-43-29.767;;-0.194;0.201;9.81;
42783;2017-03-13_16-43-35.745;;-0.201;0.223;9.815;
43094;2017-03-13_16-43-40.747;;-0.199;0.206;9.815;
43317;2017-03-13_16-43-45.747;;-0.199;0.225;9.815;
43600;2017-03-13_16-43-50.761;;-0.081;0.366;9.8;
43798;2017-03-13_16-43-55.806;;-0.187;0.225;9.808;
44108;2017-03-13_16-44-00.808;;-0.187;0.225;9.808;
44361;2017-03-13_16-44-05.812;;-0.189;0.232;9.803;
44614;2017-03-13_16-44-10.818;;-0.213;0.24;9.815;
44847;2017-03-13_16-44-15.819;;-0.213;0.223;9.805;
45120;2017-03-13_16-44-20.828;;-0.213;0.223;9.805;
45373;2017-03-13_16-44-25.830;;-0.208;0.216;9.812;
45625;2017-03-13_16-44-30.861;;-0.208;0.213;9.815;
45880;2017-03-13_16-44-35.907;;-0.189;0.204;9.791;
46129;2017-03-13_16-44-41.726;;-0.189;0.232;9.803;
46384;2017-03-13_16-44-46.732;;-0.189;0.232;9.803;
46681;2017-03-13_16-44-51.751;;-0.192;0.216;9.805;
46936;2017-03-13_16-44-56.796;;-0.187;0.225;9.817;
47191;2017-03-13_16-45-01.839;;-0.194;0.213;9.8;
47446;2017-03-13_16-45-07.725;;-0.194;0.213;9.8;
47743;2017-03-13_16-45-12.765;;-0.194;0.216;9.832;
47998;2017-03-13_16-45-17.808;;-0.206;0.206;9.829;
48253;2017-03-13_16-45-22.853;;-0.208;0.206;9.82;
48508;2017-03-13_16-45-28.758;;-0.115;0.319;9.781;
48805;2017-03-13_16-45-33.775;;-0.225;0.204;9.822;
49060;2017-03-13_16-45-38.819;;-0.211;0.129;9.824;
49315;2017-03-13_16-45-44.727;;-0.211;0.129;9.824;
49570;2017-03-13_16-45-49.733;;-0.18;0.275;9.803;
49861;2017-03-13_16-45-55.775;;-0.201;0.295;9.815;
50170;2017-03-13_16-46-00.783;;-0.18;0.23;9.81;
50425;2017-03-13_16-46-05.828;;-0.18;0.23;9.81;
50680;2017-03-13_16-46-10.877;;-0.199;0.208;9.82;
50935;2017-03-13_16-46-16.729;;-0.22;0.228;9.817;
51184;2017-03-13_16-46-21.741;;-0.216;0.196;9.815;
51484;2017-03-13_16-46-26.782;;-0.216;0.196;9.815;
51739;2017-03-13_16-46-31.832;;-0.199;0.225;9.81;
51994;2017-03-13_16-46-37.745;;-0.199;0.208;9.808;
52246;2017-03-13_16-46-42.767;;-0.201;0.228;9.798;
52523;2017-03-13_16-46-47.768;;-0.201;0.228;9.798;
52798;2017-03-13_16-46-52.786;;-0.247;0.165;9.822;
53053;2017-03-13_16-46-57.829;;-0.256;0.17;9.808;
53308;2017-03-13_16-47-03.791;;-0.206;0.249;9.812;
53608;2017-03-13_16-47-08.812;;-0.194;0.216;9.8;
53863;2017-03-13_16-47-13.860;;-0.213;0.192;9.796;
54115;2017-03-13_16-47-19.724;;-0.177;0.237;9.8;
54404;2017-03-13_16-47-24.725;;-0.177;0.237;9.8;
54630;2017-03-13_16-47-29.726;;-0.213;0.223;9.815;
54916;2017-03-13_16-47-35.772;;-0.194;0.206;9.812;
55225;2017-03-13_16-47-41.731;;-0.184;0.216;9.81;
55483;2017-03-13_16-47-46.735;;-0.184;0.216;9.81;
55777;2017-03-13_16-47-51.735;;-0.175;0.206;9.798;
56001;2017-03-13_16-47-56.736;;-0.201;0.218;9.805;
56284;2017-03-13_16-48-01.772;;-0.204;0.249;9.805;
56501;2017-03-13_16-48-06.773;;-0.201;0.194;9.8;
56791;2017-03-13_16-48-11.800;;-0.199;0.206;9.796;
57046;2017-03-13_16-48-16.847;;-0.201;0.314;9.817;
57301;2017-03-13_16-48-22.762;;-0.201;0.314;9.817;
57560;2017-03-13_16-48-27.763;;-0.22;0.225;9.817;
57850;2017-03-13_16-48-32.764;;-0.158;0.172;9.798;
58060;2017-03-13_16-48-37.774;;-0.16;0.228;9.808;
58351;2017-03-13_16-48-43.743;;-0.194;0.213;9.808;
58628;2017-03-13_16-48-48.745;;-0.235;0.287;9.812;
58912;2017-03-13_16-48-53.779;;-0.223;0.228;9.805;
59167;2017-03-13_16-48-58.822;;-0.223;0.228;9.805;
59422;2017-03-13_16-49-04.731;;-0.213;0.168;9.805;
59674;2017-03-13_16-49-09.748;;-0.182;0.196;9.803;
59974;2017-03-13_16-49-14.802;;-0.182;0.211;9.796;
60229;2017-03-13_16-49-20.729;;-0.225;0.194;9.81;
60484;2017-03-13_16-49-25.736;;-0.225;0.194;9.81;
60781;2017-03-13_16-49-30.764;;-0.213;0.251;9.81;
61034;2017-03-13_16-49-35.769;;-0.211;0.228;9.8;
61289;2017-03-13_16-49-40.820;;-0.187;0.213;9.822;
61544;2017-03-13_16-49-45.863;;-0.187;0.213;9.822;
61799;2017-03-13_16-49-51.806;;-0.165;0.153;9.841;
62099;2017-03-13_16-49-56.845;;-0.211;0.201;9.812;
62354;2017-03-13_16-50-01.892;;-0.192;0.189;9.822;
62609;2017-03-13_16-50-06.945;;-0.184;0.089;9.834;
62858;2017-03-13_16-50-12.749;;-0.208;0.208;9.836;
63158;2017-03-13_16-50-17.801;;-0.18;0.137;9.846;
63413;2017-03-13_16-50-22.845;;-0.213;0.218;9.822;
63665;2017-03-13_16-50-28.722;;-0.172;0.196;9.815;
63920;2017-03-13_16-50-33.724;;-0.172;0.196;9.815;
64172;2017-03-13_16-50-38.742;;-0.204;0.141;9.815;
64466;2017-03-13_16-50-44.817;;-0.216;0.201;9.824;
64778;2017-03-13_16-50-49.855;;-0.225;0.204;9.817;
65033;2017-03-13_16-50-55.758;;-0.225;0.204;9.817;
65330;2017-03-13_16-51-00.782;;-0.216;0.29;9.788;
65585;2017-03-13_16-51-05.823;;-0.196;0.23;9.808;
65840;2017-03-13_16-51-11.751;;-0.194;0.141;9.81;
66095;2017-03-13_16-51-16.761;;-0.184;0.204;9.822;
66392;2017-03-13_16-51-21.795;;-0.228;0.199;9.805;
66647;2017-03-13_16-51-26.839;;-0.228;0.199;9.805;
66902;2017-03-13_16-51-32.733;;-0.192;0.206;9.803;
67158;2017-03-13_16-51-37.734;;-0.204;0.182;9.812;
67451;2017-03-13_16-51-42.752;;-0.208;0.194;9.779;
67702;2017-03-13_16-51-47.752;;-0.201;0.192;9.82;
67958;2017-03-13_16-51-52.782;;-0.201;0.192;9.82;
68213;2017-03-13_16-51-57.827;;-0.199;0.228;9.815;
68468;2017-03-13_16-52-02.879;;-0.216;0.216;9.817;
68720;2017-03-13_16-52-08.743;;-0.208;0.228;9.8;
68974;2017-03-13_16-52-13.750;;-0.208;0.228;9.8;
69236;2017-03-13_16-52-18.751;;-0.232;0.218;9.796;
69524;2017-03-13_16-52-23.776;;-0.208;0.201;9.803;
69731;2017-03-13_16-52-28.779;;-0.194;0.175;9.808;
70017;2017-03-13_16-52-33.780;;-0.194;0.175;9.808;
70283;2017-03-13_16-52-38.792;;-0.151;0.165;9.817;
70532;2017-03-13_16-52-44.768;;-0.194;0.216;9.81;
70815;2017-03-13_16-52-49.768;;-0.192;0.192;9.808;
71093;2017-03-13_16-52-54.822;;-0.182;0.204;9.822;
71348;2017-03-13_16-52-59.873;;-0.182;0.204;9.822;
71600;2017-03-13_16-53-05.733;;-0.218;0.192;9.817;
71893;2017-03-13_16-53-10.733;;-0.237;0.208;9.798;
72132;2017-03-13_16-53-15.751;;-0.218;0.223;9.798;
72405;2017-03-13_16-53-20.790;;-0.24;0.046;9.815;
72660;2017-03-13_16-53-25.834;;-0.196;0.261;9.808;
72915;2017-03-13_16-53-31.720;;-0.196;0.261;9.808;
73212;2017-03-13_16-53-36.760;;-0.254;0.218;9.8;
73467;2017-03-13_16-53-41.807;;-0.331;0.206;9.812;
73722;2017-03-13_16-53-47.731;;-0.206;0.18;9.798;
73981;2017-03-13_16-53-52.732;;-0.206;0.18;9.798;
74229;2017-03-13_16-53-57.745;;-0.213;0.22;9.788;
74526;2017-03-13_16-54-02.771;;-0.251;0.24;9.81;
74781;2017-03-13_16-54-07.813;;-0.244;0.175;9.815;
75036;2017-03-13_16-54-13.742;;-0.022;0.163;9.331;
75291;2017-03-13_16-54-18.749;;-0.022;0.163;9.331;
75588;2017-03-13_16-54-23.750;;-0.218;0.213;9.808;
75838;2017-03-13_16-54-28.751;;-0.216;0.213;9.82;
76047;2017-03-13_16-54-33.774;;-0.189;0.163;9.808;
76302;2017-03-13_16-54-38.792;;-0.204;0.218;9.82;
76599;2017-03-13_16-54-43.796;;-0.208;0.23;9.815;
76854;2017-03-13_16-54-48.843;;-0.208;0.23;9.815;
77109;2017-03-13_16-54-54.756;;-0.218;0.237;9.815;
77406;2017-03-13_16-54-59.771;;-0.204;0.24;9.827;
77601;2017-03-13_16-55-04.775;;-0.189;0.199;9.82;
77889;2017-03-13_16-55-09.775;;-0.199;0.22;9.81;
78165;2017-03-13_16-55-14.791;;-0.199;0.22;9.81;
78420;2017-03-13_16-55-19.804;;-0.16;0.242;9.812;
78674;2017-03-13_16-55-24.826;;-0.247;0.211;9.829;
78927;2017-03-13_16-55-29.831;;-0.199;0.249;9.815;
79180;2017-03-13_16-55-34.839;;-0.199;0.249;9.815;
79433;2017-03-13_16-55-39.848;;-0.218;0.225;9.82;
79644;2017-03-13_16-55-44.850;;-0.22;0.223;9.803;
79939;2017-03-13_16-55-50.735;;-0.28;0.218;9.812;
80192;2017-03-13_16-55-55.736;;-0.28;0.218;9.812;
80489;2017-03-13_16-56-00.748;;-0.211;0.218;9.812;
80697;2017-03-13_16-56-05.772;;-0.22;0.172;9.812;
80996;2017-03-13_16-56-10.784;;-0.199;0.211;9.815;
81249;2017-03-13_16-56-15.791;;-0.199;0.211;9.815;
81502;2017-03-13_16-56-20.801;;-0.225;0.254;9.815;
81755;2017-03-13_16-56-25.806;;-0.172;0.23;9.8;
82008;2017-03-13_16-56-30.816;;-0.216;0.228;9.822;
82261;2017-03-13_16-56-35.820;;-0.196;0.218;9.815;
82514;2017-03-13_16-56-40.832;;-0.199;0.228;9.82;
82767;2017-03-13_16-56-46.755;;-0.213;0.244;9.812;
83067;2017-03-13_16-56-51.774;;-0.213;0.244;9.812;
83320;2017-03-13_16-56-56.782;;-0.201;0.192;9.827;
83573;2017-03-13_16-57-01.791;;-0.206;0.22;9.796;
83826;2017-03-13_16-57-06.837;;-0.218;0.196;9.805;
84081;2017-03-13_16-57-12.743;;-0.218;0.196;9.805;
84349;2017-03-13_16-57-17.743;;-0.225;0.115;9.798;
84630;2017-03-13_16-57-22.755;;-0.158;0.208;9.822;
84840;2017-03-13_16-57-27.757;;-0.208;0.196;9.812;
85100;2017-03-13_16-57-32.758;;-0.208;0.196;9.812;
85345;2017-03-13_16-57-37.759;;-0.204;0.194;9.808;
85641;2017-03-13_16-57-42.765;;-0.216;0.196;9.81;
85863;2017-03-13_16-57-47.766;;-0.199;0.189;9.805;
86148;2017-03-13_16-57-52.798;;-0.199;0.189;9.805;
86403;2017-03-13_16-57-58.748;;-0.182;0.204;9.779;
86703;2017-03-13_16-58-03.789;;-0.23;0.225;9.822;
86958;2017-03-13_16-58-08.830;;-0.208;0.194;9.8;
87213;2017-03-13_16-58-14.735;;-0.228;0.182;9.815;
87510;2017-03-13_16-58-19.764;;-0.228;0.182;9.815;
87726;2017-03-13_16-58-24.831;;-0.199;0.18;9.817;
88020;2017-03-13_16-58-30.732;;-0.199;0.18;9.817;
88272;2017-03-13_16-58-35.743;;-0.196;0.225;9.827;
88572;2017-03-13_16-58-40.783;;-0.223;0.218;9.805;
88827;2017-03-13_16-58-45.831;;-0.218;0.218;9.82;
89082;2017-03-13_16-58-50.876;;-0.201;0.182;9.822;
89337;2017-03-13_16-58-55.924;;-0.189;0.225;9.82;
89592;2017-03-13_16-59-00.977;;-0.182;0.23;9.841;
89847;2017-03-13_16-59-06.020;;-0.237;0.16;9.827;
90099;2017-03-13_16-59-11.021;;-0.194;0.201;9.848;
90354;2017-03-13_16-59-16.048;;-0.194;0.232;9.827;
90609;2017-03-13_16-59-21.098;;-0.196;0.165;9.846;
90864;2017-03-13_16-59-26.140;;-0.189;0.22;9.841;
91119;2017-03-13_16-59-31.194;;-0.172;0.237;9.848;
91374;2017-03-13_16-59-36.240;;-0.204;0.244;9.822;
91629;2017-03-13_16-59-41.272;;-0.189;0.22;9.829;
91883;2017-03-13_16-59-46.272;;-0.177;0.165;9.841;
92136;2017-03-13_16-59-51.302;;-0.189;0.192;9.832;
92391;2017-03-13_16-59-56.348;;-0.218;0.34;9.836;
92646;2017-03-13_17-00-01.389;;-0.175;0.225;9.827;
92901;2017-03-13_17-00-06.433;;-0.177;0.194;9.836;
93153;2017-03-13_17-00-11.441;;-0.194;0.206;9.851;
93408;2017-03-13_17-00-16.461;;-0.182;0.182;9.846;
93663;2017-03-13_17-00-21.502;;-0.187;0.254;9.844;
93918;2017-03-13_17-00-26.549;;-0.168;0.235;9.856;
94173;2017-03-13_17-00-31.588;;-0.153;0.237;9.844;
94428;2017-03-13_17-00-36.637;;-0.187;0.168;9.832;
94683;2017-03-13_17-00-41.677;;-0.146;0.211;9.841;
94938;2017-03-13_17-00-46.718;;-0.172;0.196;9.841;
95193;2017-03-13_17-00-51.759;;-0.18;0.189;9.858;
95448;2017-03-13_17-00-57.762;;-0.194;0.268;9.841;
95751;2017-03-13_17-01-02.796;;-0.165;0.182;9.846;
96006;2017-03-13_17-01-07.838;;-0.22;0.153;9.832;
96261;2017-03-13_17-01-13.740;;-0.189;0.23;9.808;
96558;2017-03-13_17-01-18.758;;-0.189;0.23;9.808;
96813;2017-03-13_17-01-23.759;;-0.223;0.261;9.824;
97065;2017-03-13_17-01-28.783;;-0.158;0.232;9.812;
97320;2017-03-13_17-01-33.827;;-2.201;4.433;7.451;
97574;2017-03-13_17-01-38.851;;-3.056;4.119;8.828;
97829;2017-03-13_17-01-43.896;;-0.144;0.247;9.844;
98084;2017-03-13_17-01-48.939;;-0.16;0.263;9.824;
98339;2017-03-13_17-01-54.003;;-0.17;0.225;9.827;
98594;2017-03-13_17-01-59.032;;-0.16;0.278;9.803;
98849;2017-03-13_17-02-04.071;;-0.201;0.249;9.858;
99104;2017-03-13_17-02-09.113;;-0.158;0.259;9.844;
99359;2017-03-13_17-02-14.156;;-0.156;0.263;9.834;
99614;2017-03-13_17-02-19.210;;-0.168;0.208;9.856;
99866;2017-03-13_17-02-24.214;;-0.156;0.251;9.844;
100121;2017-03-13_17-02-29.225;;-0.151;0.251;9.832;
100373;2017-03-13_17-02-34.248;;-0.151;0.235;9.822;
100628;2017-03-13_17-02-39.250;;-0.146;0.235;9.839;
100880;2017-03-13_17-02-44.261;;-0.148;0.292;9.848;
101135;2017-03-13_17-02-49.275;;-0.132;0.237;9.858;
101390;2017-03-13_17-02-54.327;;-0.105;0.266;9.834;
101645;2017-03-13_17-02-59.354;;-0.196;0.12;9.858;
101900;2017-03-13_17-03-04.398;;-0.194;0.156;9.844;
102155;2017-03-13_17-03-09.416;;-0.68;-0.307;9.312;
102409;2017-03-13_17-03-14.425;;0.184;0.292;9.805;
102638;2017-03-13_17-03-19.733;;0.129;0.278;9.848;
102890;2017-03-13_17-03-24.774;;0.192;0.278;9.798;
103184;2017-03-13_17-03-29.778;;0.134;0.271;9.848;
103439;2017-03-13_17-03-34.816;;0.148;0.259;9.839;
103657;2017-03-13_17-03-39.818;;0.148;0.259;9.839;
103946;2017-03-13_17-03-44.847;;0.101;0.347;9.865;
104202;2017-03-13_17-03-49.864;;9.451;-1.693;0.474;
104454;2017-03-13_17-03-54.890;;0.448;-9.697;0.201;
104709;2017-03-13_17-03-59.942;;-1.03;-9.547;-1.586;
104961;2017-03-13_17-04-05.751;;-0.951;-9.726;-0.534;
105259;2017-03-13_17-04-10.764;;-0.06;-9.829;-0.608;
105512;2017-03-13_17-04-15.807;;0.249;-9.824;-0.999;
105767;2017-03-13_17-04-20.807;;0.249;-9.824;-0.999;
106016;2017-03-13_17-04-26.756;;0.445;-9.956;-1.602;
106321;2017-03-13_17-04-31.762;;0.445;-9.956;-1.602;
106534;2017-03-13_17-04-36.782;;4.709;-4.414;-2.098;
106803;2017-03-13_17-04-41.783;;1.784;-9.618;-0.721;
107079;2017-03-13_17-04-46.795;;1.59;-9.635;-0.625;
107334;2017-03-13_17-04-51.841;;1.322;-9.717;-0.168;
107590;2017-03-13_17-04-57.760;;1.65;-9.503;-0.302;
107886;2017-03-13_17-05-02.762;;1.65;-9.503;-0.302;
108111;2017-03-13_17-05-07.782;;1.835;-9.503;-0.469;
108396;2017-03-13_17-05-12.800;;1.835;-9.503;-0.469;
108649;2017-03-13_17-05-17.804;;0.127;-9.97;-0.182;
108902;2017-03-13_17-05-22.809;;0.127;-9.97;-0.182;
109155;2017-03-13_17-05-27.854;;2.579;-9.697;0.939;
109408;2017-03-13_17-05-32.857;;2.579;-9.697;0.939;
109662;2017-03-13_17-05-38.737;;-0.635;-5.152;-0.517;
109961;2017-03-13_17-05-43.755;;6.119;-5.544;-1.2;
110213;2017-03-13_17-05-48.760;;0.558;-9.029;-1.308;
110465;2017-03-13_17-05-53.764;;8.821;-12.322;-3.679;
110717;2017-03-13_17-05-58.768;;17.254;-21.989;-17.544;
110969;2017-03-13_17-06-03.770;;2.807;-10.888;-2.867;
111221;2017-03-13_17-06-08.777;;1.815;-9.374;-1.988;
111473;2017-03-13_17-06-13.778;;2.218;-9.319;-2.39;
111725;2017-03-13_17-06-18.780;;7.221;-11.748;-9.997;
111977;2017-03-13_17-06-23.783;;6.074;-7.654;4.888;
112229;2017-03-13_17-06-28.788;;4.541;-9.764;0.426;
112482;2017-03-13_17-06-33.807;;3.31;-9.63;-0.889;
112734;2017-03-13_17-06-38.812;;3.492;-9.274;-0.505;
112986;2017-03-13_17-06-43.816;;3.844;-8.454;-0.865;
113238;2017-03-13_17-06-48.818;;3.834;-8.998;-1.253;
113490;2017-03-13_17-06-53.822;;3.351;-9.987;0.795;
113742;2017-03-13_17-06-58.824;;2.498;-9.623;-0.098;
113994;2017-03-13_17-07-03.827;;2.388;-9.451;-0.156;
114246;2017-03-13_17-07-08.830;;2.318;-9.147;-0.194;
114498;2017-03-13_17-07-13.833;;2.596;-9.836;-0.108;
114750;2017-03-13_17-07-18.836;;2.453;-9.563;-0.129;
115002;2017-03-13_17-07-23.840;;2.282;-9.525;-0.22;
115254;2017-03-13_17-07-28.841;;2.369;-9.518;-0.211;
115506;2017-03-13_17-07-33.843;;2.28;-9.082;-0.115;
115758;2017-03-13_17-07-38.846;;2.455;-9.501;-0.172;
116010;2017-03-13_17-07-43.852;;2.529;-9.678;-0.23;
116262;2017-03-13_17-07-48.854;;2.464;-9.503;-0.647;
116541;2017-03-13_17-07-53.871;;5.53;-11.199;-3.513;
116793;2017-03-13_17-07-58.876;;3.092;-9.513;-2.009;
117046;2017-03-13_17-08-03.896;;1.643;-3.248;-0.52;
117298;2017-03-13_17-08-08.901;;7.077;-9.731;1.353;
117551;2017-03-13_17-08-13.921;;2.584;-10.289;-4.261;
117803;2017-03-13_17-08-18.928;;6.071;-5.829;1.186;
118204;2017-03-13_17-08-23.937;;10.828;1.147;1.015;
118708;2017-03-13_17-08-28.940;;2.273;-16.274;3.502;
119212;2017-03-13_17-08-33.944;;4.917;-5.832;-3.276;
119716;2017-03-13_17-08-38.948;;2.694;-9.429;-0.438;
120220;2017-03-13_17-08-43.951;;5.08;-8.96;6.419;
120724;2017-03-13_17-08-48.953;;0.412;-2.678;-0.117;
121228;2017-03-13_17-08-53.959;;5.772;-10.409;-1.418;
121733;2017-03-13_17-08-58.971;;2.409;-7.825;2.06;
122237;2017-03-13_17-09-03.976;;3.293;-8.524;0.953;
122741;2017-03-13_17-09-08.978;;3.269;-5.149;-0.601;
123245;2017-03-13_17-09-13.983;;0.311;-15.625;3.2;
123749;2017-03-13_17-09-18.985;;0.462;-10.979;2.11;
124254;2017-03-13_17-09-23.995;;3.042;-12.181;1.952;
124758;2017-03-13_17-09-28.999;;3.47;-7.892;-1.08;
125262;2017-03-13_17-09-34.001;;-0.896;-3.267;1.004;
125766;2017-03-13_17-09-39.007;;24.527;-12.272;-10.461;
126270;2017-03-13_17-09-44.009;;9.417;-11.113;-4.012;
126774;2017-03-13_17-09-49.013;;5.13;-8.167;-0.913;
127278;2017-03-13_17-09-54.018;;3.827;-8.991;-0.374;
127783;2017-03-13_17-09-59.030;;3.758;-9.075;-0.333;
128288;2017-03-13_17-10-04.038;;3.703;-9.084;-0.402;
128792;2017-03-13_17-10-09.042;;3.07;-9.06;-0.414;
129296;2017-03-13_17-10-14.047;;-1.617;-10.37;-2.072;
129800;2017-03-13_17-10-19.049;;3.686;-7.619;-2.017;
130304;2017-03-13_17-10-24.053;;8.165;-0.237;2.146;
130808;2017-03-13_17-10-29.055;;3.59;-12.876;-0.798;
131312;2017-03-13_17-10-34.057;;3.684;-7.551;0.51;
131816;2017-03-13_17-10-39.062;;-0.738;-4.151;2.326;
132320;2017-03-13_17-10-44.064;;10.323;-11.776;0.098;
132757;2017-03-13_17-10-49.234;;2.112;-11.187;2.009;
133345;2017-03-13_17-10-54.238;;1.219;-3.377;0.941;
133775;2017-03-13_17-10-59.279;;1.219;-3.377;0.941;
134357;2017-03-13_17-11-04.285;;8.586;-10.148;0.596;
134861;2017-03-13_17-11-09.287;;3.535;-7.722;2.005;
135365;2017-03-13_17-11-14.290;;1.344;-14.49;-1.662;
135869;2017-03-13_17-11-19.293;;-1.885;-2.091;2.16;
136351;2017-03-13_17-11-25.222;;-1.885;-2.091;2.16;
136963;2017-03-13_17-11-30.507;;8.21;-12.284;-2.467;
137488;2017-03-13_17-11-35.631;;6.002;-19.232;0.862;
138019;2017-03-13_17-11-40.633;;17.405;-14.852;-10.883;
138523;2017-03-13_17-11-45.635;;-4.122;-19.656;-3.983;
139000;2017-03-13_17-11-51.218;;-1.564;-4.04;0.865;
139575;2017-03-13_17-11-56.218;;3.681;-8.409;-0.278;
139795;2017-03-13_17-12-01.249;;7.36;-8.735;1.423;
140092;2017-03-13_17-12-06.254;;7.36;-8.735;1.423;
140345;2017-03-13_17-12-11.260;;8.021;-12.303;-4.045;
140563;2017-03-13_17-12-16.297;;2.424;-8.265;-2.977;
140853;2017-03-13_17-12-22.199;;2.424;-8.265;-2.977;
141151;2017-03-13_17-12-27.215;;0.714;-11.841;0.616;
141404;2017-03-13_17-12-32.222;;3.662;-8.016;-1.099;
141618;2017-03-13_17-12-37.223;;8.11;-8.67;2.627;
141902;2017-03-13_17-12-42.224;;2.508;-6.268;6.447;
142163;2017-03-13_17-12-47.246;;13.944;-13.122;1.075;
142416;2017-03-13_17-12-52.253;;3.736;-9.032;-2.407;
142669;2017-03-13_17-12-57.259;;8.646;-12.334;4.589;
142922;2017-03-13_17-13-02.267;;8.646;-12.334;4.589;
143175;2017-03-13_17-13-07.277;;1.65;-7.87;2.096;
143428;2017-03-13_17-13-12.284;;5.149;-23.51;15.944;
143671;2017-03-13_17-13-17.286;;0.829;-9.053;-1.542;
143934;2017-03-13_17-13-22.297;;28.448;-21.081;-15.041;
144185;2017-03-13_17-13-27.307;;14.262;-10.414;1.435;
144440;2017-03-13_17-13-32.353;;1.806;-11.3;2.773;
144689;2017-03-13_17-13-38.247;;25.392;-17.953;-14.722;
144993;2017-03-13_17-13-43.259;;7.525;-10.653;0.491;
145246;2017-03-13_17-13-48.265;;1.849;-14.207;-1.15;
145499;2017-03-13_17-13-53.275;;4.764;-7.334;-0.266;
145752;2017-03-13_17-13-58.278;;1.928;-7.298;1.229;
145966;2017-03-13_17-14-03.279;;-0.606;-3.731;1.289;
146258;2017-03-13_17-14-08.292;;6.158;-9.089;0.649;
146511;2017-03-13_17-14-13.301;;4.206;-8.727;-1.327;
146764;2017-03-13_17-14-18.307;;-0.433;-18.837;-3.674;
147017;2017-03-13_17-14-23.315;;2.441;-13.206;-1.677;
147270;2017-03-13_17-14-28.320;;4.804;-8.816;-0.165;
147523;2017-03-13_17-14-33.329;;2.603;-7.343;-0.853;
147776;2017-03-13_17-14-39.247;;3.763;-13.8;-2.486;
148059;2017-03-13_17-14-44.247;;3.707;-8.124;-0.81;
148328;2017-03-13_17-14-49.255;;28.005;-18.039;-18.533;
148581;2017-03-13_17-14-54.263;;4.596;-8.689;-0.285;
148834;2017-03-13_17-14-59.270;;2.012;-9.003;-3.327;
149087;2017-03-13_17-15-04.288;;2.261;-10.09;-3.296;
149341;2017-03-13_17-15-09.307;;0.438;-4.577;0.398;
149594;2017-03-13_17-15-14.311;;3.813;-9.733;1.475;
149847;2017-03-13_17-15-19.322;;6.344;-9.484;-0.024;
150100;2017-03-13_17-15-24.323;;-3.473;-4.685;-0.16;
150353;2017-03-13_17-15-29.331;;31.873;-25.883;-18.331;
150605;2017-03-13_17-15-35.220;;2.431;-9.156;0.23;
150904;2017-03-13_17-15-40.235;;5.264;-12.797;7.001;
151111;2017-03-13_17-15-45.254;;-0.084;-14.044;2.987;
151364;2017-03-13_17-15-50.256;;2.306;-9.515;-0.558;
151631;2017-03-13_17-15-55.256;;0.98;-6.273;-1.03;
151916;2017-03-13_17-16-00.259;;0.98;-6.273;-1.03;
152153;2017-03-13_17-16-05.261;;1.538;-0.307;-0.594;
152422;2017-03-13_17-16-10.269;;1.574;-1.861;-1.851;
152675;2017-03-13_17-16-15.277;;4.56;-12.191;-0.934;
152928;2017-03-13_17-16-20.283;;4.56;-12.191;-0.934;
153181;2017-03-13_17-16-25.292;;1.047;-10.588;0.101;
153434;2017-03-13_17-16-30.294;;3.044;-8.246;-1.868;
153687;2017-03-13_17-16-35.302;;2.39;-9.753;-1.066;
153940;2017-03-13_17-16-40.308;;2.393;-9.523;-0.014;
154179;2017-03-13_17-16-45.310;;2.244;-9.544;0.721;
154446;2017-03-13_17-16-50.319;;7.106;-7.369;-5.259;
154698;2017-03-13_17-16-56.187;;4;-10.603;-1.289;
154996;2017-03-13_17-17-01.205;;4;-10.603;-1.289;
155249;2017-03-13_17-17-06.210;;4.615;-14.061;-5.257;
155477;2017-03-13_17-17-11.220;;11.87;-11.898;1.739;
155755;2017-03-13_17-17-16.221;;4.371;-11.534;-1.128;
156008;2017-03-13_17-17-21.230;;2.361;-11.736;1.849;
156261;2017-03-13_17-17-26.238;;2.453;-8.555;3.09;
156514;2017-03-13_17-17-31.244;;3.746;-10.299;-0.656;
156723;2017-03-13_17-17-36.246;;3.042;-8.205;-1.02;
157020;2017-03-13_17-17-41.255;;3.025;-8.864;1.166;
157273;2017-03-13_17-17-46.262;;3.327;-9.329;-1.004;
157526;2017-03-13_17-17-51.265;;2.766;-9.393;-0.745;
157779;2017-03-13_17-17-56.270;;4.45;-9.867;8.596;
158032;2017-03-13_17-18-01.279;;4.45;-9.867;8.596;
158285;2017-03-13_17-18-06.284;;3.197;-9.084;-0.163;
158538;2017-03-13_17-18-11.287;;3.981;-9.106;-1.674;
158790;2017-03-13_17-18-16.289;;3.918;-9.671;1.583;
159044;2017-03-13_17-18-21.569;;2.852;-9.542;-0.551;
159311;2017-03-13_17-18-26.628;;2.879;-9.532;-0.62;
159566;2017-03-13_17-18-31.672;;2.721;-9.309;-0.606;
159821;2017-03-13_17-18-36.719;;3.973;-9.393;-0.57;
160034;2017-03-13_17-18-41.761;;2.955;-9.635;-0.431;
160289;2017-03-13_17-18-46.767;;2.321;-9.872;-0.22;
160542;2017-03-13_17-18-51.770;;3.092;-9.099;-0.917;
160793;2017-03-13_17-18-56.783;;3.102;-9.525;-1.253;
161048;2017-03-13_17-19-01.818;;2.699;-9.872;-0.728;
161288;2017-03-13_17-19-07.077;;4.148;-8.792;0.146;
161569;2017-03-13_17-19-12.083;;4.608;-8.821;-0.089;
161822;2017-03-13_17-19-17.087;;3.686;-9.341;-1.691;
162044;2017-03-13_17-19-22.089;;3.686;-9.341;-1.691;
162328;2017-03-13_17-19-27.095;;4.04;-8.933;0.06;
162581;2017-03-13_17-19-32.101;;2.785;-8.936;-2.093;
162834;2017-03-13_17-19-37.108;;2.855;-9.532;0.208;
163087;2017-03-13_17-19-42.112;;2.771;-9.321;-0.115;
163338;2017-03-13_17-19-47.125;;2.565;-9.475;0.187;
163593;2017-03-13_17-19-52.163;;4.055;-9.355;-0.113;
163849;2017-03-13_17-19-57.186;;3.221;-9.369;-0.407;
164102;2017-03-13_17-20-02.187;;0.541;-9.657;1.351;
164353;2017-03-13_17-20-07.190;;-0.455;2.084;10.057;
164606;2017-03-13_17-20-12.193;;2.565;-1.557;9.776;
164860;2017-03-13_17-20-17.196;;-0.098;1.667;9.204;
165112;2017-03-13_17-20-22.238;;-0.177;2.488;9.07;
165367;2017-03-13_17-20-27.274;;0.747;2.886;8.941;
165622;2017-03-13_17-20-32.317;;-0.034;1.535;9.3;
165877;2017-03-13_17-20-37.354;;1.3;2.024;9.384;
166132;2017-03-13_17-20-42.394;;0.141;0.661;9.841;
166387;2017-03-13_17-20-47.428;;-0.28;0.972;9.216;
166642;2017-03-13_17-20-52.483;;1.384;1.38;9.59;
166897;2017-03-13_17-20-57.510;;1.981;1.451;11.477;
167152;2017-03-13_17-21-02.546;;2.457;2.589;10.919;
167407;2017-03-13_17-21-07.590;;-0.39;1.545;10.44;
167662;2017-03-13_17-21-12.634;;1.083;1.518;8.969;
167917;2017-03-13_17-21-17.672;;-1.42;0.189;9.99;
168172;2017-03-13_17-21-22.716;;-0.05;1.447;9.331;
168427;2017-03-13_17-21-27.758;;-1.408;1.085;7.266;
168682;2017-03-13_17-21-32.805;;-0.891;-1.087;8.268;
168937;2017-03-13_17-21-37.839;;-0.742;1.672;9.501;
