--- LOG START  --- 
452;2017-03-08_14-06-30.782;;0.714;2.781;10.188;
581;2017-03-08_14-06-33.328;;3.339;5.475;8.505;
803;2017-03-08_14-06-37.728;;1.42;4.179;9.178;
815;2017-03-08_14-06-37.962;;1.42;4.179;9.178;
824;2017-03-08_14-06-38.141;;1.42;4.179;9.178;
833;2017-03-08_14-06-38.317;;1.42;4.179;9.178;
848;2017-03-08_14-06-38.626;;1.42;4.179;9.178;
863;2017-03-08_14-06-38.911;;1.791;5.018;8.627;
878;2017-03-08_14-06-39.207;;1.791;5.018;8.627;
893;2017-03-08_14-06-39.516;;1.791;5.018;8.627;
908;2017-03-08_14-06-39.801;;1.791;5.018;8.627;
923;2017-03-08_14-06-40.106;;1.791;5.018;8.627;
938;2017-03-08_14-06-40.399;;1.791;5.018;8.627;
953;2017-03-08_14-06-40.713;;1.791;5.018;8.627;
968;2017-03-08_14-06-40.988;;1.791;5.018;8.627;
983;2017-03-08_14-06-41.286;;1.791;5.018;8.627;
998;2017-03-08_14-06-41.583;;1.791;5.018;8.627;
1011;2017-03-08_14-06-41.868;;1.791;5.018;8.627;
1026;2017-03-08_14-06-42.138;;1.791;5.018;8.627;
1041;2017-03-08_14-06-42.436;;1.791;5.018;8.627;
1056;2017-03-08_14-06-42.732;;1.791;5.018;8.627;
