--- LOG START  --- 
1399;2017-03-08_21-54-43.681;;-0.953;1.854;9.92;
1414;2017-03-08_21-54-43.977;;-0.953;1.854;9.92;
1948;2017-03-08_21-54-54.555;;-1.717;2.247;9.594;
1963;2017-03-08_21-54-54.855;;-1.717;2.247;9.594;
1978;2017-03-08_21-54-55.149;;-1.717;2.247;9.594;
1993;2017-03-08_21-54-55.445;;-1.717;2.247;9.594;
2005;2017-03-08_21-54-55.702;;-1.717;2.247;9.594;
2020;2017-03-08_21-54-55.993;;-1.717;2.247;9.594;
2035;2017-03-08_21-54-56.278;;-1.717;2.247;9.594;
2050;2017-03-08_21-54-56.589;;-1.717;2.247;9.594;
2065;2017-03-08_21-54-56.871;;-1.717;2.247;9.594;
2080;2017-03-08_21-54-57.170;;-1.717;2.247;9.594;
2095;2017-03-08_21-54-57.466;;-1.717;2.247;9.594;
2110;2017-03-08_21-54-57.765;;-1.717;2.247;9.594;
2125;2017-03-08_21-54-58.061;;-1.717;2.247;9.594;
2140;2017-03-08_21-54-58.379;;-1.717;2.247;9.594;
2155;2017-03-08_21-54-58.676;;-0.917;4.79;9.384;
2170;2017-03-08_21-54-58.956;;-0.917;4.79;9.384;
2185;2017-03-08_21-54-59.248;;-0.917;4.79;9.384;
2191;2017-03-08_21-54-59.382;;-0.917;4.79;9.384;
2194;2017-03-08_21-54-59.426;;-0.917;4.79;9.384;
2197;2017-03-08_21-54-59.487;;-0.917;4.79;9.384;
2200;2017-03-08_21-54-59.550;;-0.917;4.79;9.384;
2203;2017-03-08_21-54-59.614;;-0.917;4.79;9.384;
2206;2017-03-08_21-54-59.671;;-0.917;4.79;9.384;
2209;2017-03-08_21-54-59.724;;-0.917;4.79;9.384;
2212;2017-03-08_21-54-59.794;;-0.917;4.79;9.384;
2215;2017-03-08_21-54-59.842;;-0.917;4.79;9.384;
2218;2017-03-08_21-54-59.913;;-0.917;4.79;9.384;
2221;2017-03-08_21-54-59.961;;-0.917;4.79;9.384;
2224;2017-03-08_21-55-00.032;;-0.917;4.79;9.384;
2227;2017-03-08_21-55-00.085;;-0.917;4.79;9.384;
2230;2017-03-08_21-55-00.140;;-0.917;4.79;9.384;
2233;2017-03-08_21-55-00.198;;-0.917;4.79;9.384;
2236;2017-03-08_21-55-00.272;;-0.917;4.79;9.384;
2239;2017-03-08_21-55-00.317;;-0.917;4.79;9.384;
2242;2017-03-08_21-55-00.377;;-0.917;4.79;9.384;
2245;2017-03-08_21-55-00.446;;-0.917;4.79;9.384;
2248;2017-03-08_21-55-00.495;;-0.917;4.79;9.384;
2251;2017-03-08_21-55-00.567;;-0.917;4.79;9.384;
2254;2017-03-08_21-55-00.615;;-0.917;4.79;9.384;
2257;2017-03-08_21-55-00.678;;-0.917;4.79;9.384;
2260;2017-03-08_21-55-00.734;;-0.917;4.79;9.384;
2263;2017-03-08_21-55-00.793;;-0.917;4.79;9.384;
2266;2017-03-08_21-55-00.853;;-0.917;4.79;9.384;
2269;2017-03-08_21-55-00.912;;-0.917;4.79;9.384;
2272;2017-03-08_21-55-00.973;;-0.917;4.79;9.384;
2275;2017-03-08_21-55-01.037;;-0.917;4.79;9.384;
2278;2017-03-08_21-55-01.093;;-0.917;4.79;9.384;
2281;2017-03-08_21-55-01.149;;-0.917;4.79;9.384;
2284;2017-03-08_21-55-01.227;;-0.917;4.79;9.384;
2287;2017-03-08_21-55-01.269;;-0.917;4.79;9.384;
2290;2017-03-08_21-55-01.342;;-0.917;4.79;9.384;
2293;2017-03-08_21-55-01.395;;-0.917;4.79;9.384;
2296;2017-03-08_21-55-01.448;;-0.917;4.79;9.384;
2299;2017-03-08_21-55-01.507;;-0.917;4.79;9.384;
2302;2017-03-08_21-55-01.568;;-0.917;4.79;9.384;
2305;2017-03-08_21-55-01.627;;-0.917;4.79;9.384;
2308;2017-03-08_21-55-01.686;;-0.917;4.79;9.384;
2311;2017-03-08_21-55-01.752;;-0.917;4.79;9.384;
2314;2017-03-08_21-55-01.804;;-0.917;4.79;9.384;
2317;2017-03-08_21-55-01.863;;-0.917;4.79;9.384;
2320;2017-03-08_21-55-01.923;;-0.917;4.79;9.384;
2323;2017-03-08_21-55-01.995;;-0.917;4.79;9.384;
2326;2017-03-08_21-55-02.045;;-0.917;4.79;9.384;
2329;2017-03-08_21-55-02.105;;-0.917;4.79;9.384;
2332;2017-03-08_21-55-02.167;;-0.917;4.79;9.384;
2335;2017-03-08_21-55-02.231;;-0.917;4.79;9.384;
2338;2017-03-08_21-55-02.280;;-0.917;4.79;9.384;
2341;2017-03-08_21-55-02.339;;-0.917;4.79;9.384;
2344;2017-03-08_21-55-02.409;;-0.917;4.79;9.384;
2347;2017-03-08_21-55-02.457;;-0.917;4.79;9.384;
2350;2017-03-08_21-55-02.524;;-0.917;4.79;9.384;
2353;2017-03-08_21-55-02.575;;-2.206;2.414;9.204;
2356;2017-03-08_21-55-02.635;;-2.206;2.414;9.204;
2359;2017-03-08_21-55-02.695;;-2.206;2.414;9.204;
2362;2017-03-08_21-55-02.755;;-2.206;2.414;9.204;
2365;2017-03-08_21-55-02.814;;-2.206;2.414;9.204;
2368;2017-03-08_21-55-02.907;;-2.206;2.414;9.204;
2371;2017-03-08_21-55-02.945;;-2.206;2.414;9.204;
2374;2017-03-08_21-55-02.993;;-2.206;2.414;9.204;
2377;2017-03-08_21-55-03.053;;-2.206;2.414;9.204;
2380;2017-03-08_21-55-03.128;;-2.206;2.414;9.204;
2383;2017-03-08_21-55-03.179;;-2.206;2.414;9.204;
2386;2017-03-08_21-55-03.232;;-2.206;2.414;9.204;
2389;2017-03-08_21-55-03.315;;-2.206;2.414;9.204;
2392;2017-03-08_21-55-03.366;;-2.206;2.414;9.204;
2395;2017-03-08_21-55-03.408;;-2.206;2.414;9.204;
2398;2017-03-08_21-55-03.467;;-2.206;2.414;9.204;
2401;2017-03-08_21-55-03.527;;-2.206;2.414;9.204;
2404;2017-03-08_21-55-03.586;;-2.206;2.414;9.204;
2407;2017-03-08_21-55-03.659;;-2.206;2.414;9.204;
2410;2017-03-08_21-55-03.706;;-2.206;2.414;9.204;
2413;2017-03-08_21-55-03.766;;-2.206;2.414;9.204;
2416;2017-03-08_21-55-03.823;;-2.206;2.414;9.204;
2419;2017-03-08_21-55-03.883;;-2.206;2.414;9.204;
2422;2017-03-08_21-55-03.973;;-2.206;2.414;9.204;
2425;2017-03-08_21-55-04.007;;-2.206;2.414;9.204;
2428;2017-03-08_21-55-04.064;;-2.206;2.414;9.204;
2431;2017-03-08_21-55-04.139;;-2.206;2.414;9.204;
2434;2017-03-08_21-55-04.181;;-2.206;2.414;9.204;
2437;2017-03-08_21-55-04.240;;-2.206;2.414;9.204;
2440;2017-03-08_21-55-04.315;;-2.206;2.414;9.204;
2443;2017-03-08_21-55-04.359;;-2.206;2.414;9.204;
2446;2017-03-08_21-55-04.437;;-2.206;2.414;9.204;
2449;2017-03-08_21-55-04.478;;-2.206;2.414;9.204;
2452;2017-03-08_21-55-04.540;;-2.206;2.414;9.204;
2455;2017-03-08_21-55-04.602;;-2.206;2.414;9.204;
2458;2017-03-08_21-55-04.658;;-2.206;2.414;9.204;
2461;2017-03-08_21-55-04.716;;-2.206;2.414;9.204;
2464;2017-03-08_21-55-04.785;;-2.206;2.414;9.204;
2467;2017-03-08_21-55-04.834;;-2.206;2.414;9.204;
2470;2017-03-08_21-55-04.896;;-2.206;2.414;9.204;
2473;2017-03-08_21-55-04.972;;-2.206;2.414;9.204;
2476;2017-03-08_21-55-05.026;;-2.206;2.414;9.204;
2479;2017-03-08_21-55-05.071;;-2.206;2.414;9.204;
2482;2017-03-08_21-55-05.132;;-2.206;2.414;9.204;
2485;2017-03-08_21-55-05.207;;-2.206;2.414;9.204;
2488;2017-03-08_21-55-05.256;;-2.206;2.414;9.204;
2491;2017-03-08_21-55-05.309;;-2.206;2.414;9.204;
2494;2017-03-08_21-55-05.380;;-2.206;2.414;9.204;
2497;2017-03-08_21-55-05.469;;-2.206;2.414;9.204;
2500;2017-03-08_21-55-05.526;;-2.206;2.414;9.204;
2503;2017-03-08_21-55-05.566;;-2.206;2.414;9.204;
2506;2017-03-08_21-55-05.606;;-2.206;2.414;9.204;
2509;2017-03-08_21-55-05.679;;-2.206;2.414;9.204;
2512;2017-03-08_21-55-05.726;;-2.206;2.414;9.204;
2515;2017-03-08_21-55-05.786;;-2.206;2.414;9.204;
2518;2017-03-08_21-55-05.867;;-2.206;2.414;9.204;
2521;2017-03-08_21-55-05.912;;-2.206;2.414;9.204;
2524;2017-03-08_21-55-05.988;;-2.206;2.414;9.204;
2527;2017-03-08_21-55-06.035;;-2.206;2.414;9.204;
2530;2017-03-08_21-55-06.087;;-2.206;2.414;9.204;
2533;2017-03-08_21-55-06.159;;-2.206;2.414;9.204;
2536;2017-03-08_21-55-06.205;;-2.206;2.414;9.204;
2539;2017-03-08_21-55-06.260;;-2.206;2.414;9.204;
2542;2017-03-08_21-55-06.339;;-2.206;2.414;9.204;
2545;2017-03-08_21-55-06.377;;-2.206;2.414;9.204;
2548;2017-03-08_21-55-06.441;;-2.206;2.414;9.204;
2551;2017-03-08_21-55-06.503;;-2.206;2.414;9.204;
2554;2017-03-08_21-55-06.557;;-1.315;1.708;9.463;
2557;2017-03-08_21-55-06.616;;-1.315;1.708;9.463;
2560;2017-03-08_21-55-06.676;;-1.315;1.708;9.463;
2563;2017-03-08_21-55-06.744;;-1.315;1.708;9.463;
2566;2017-03-08_21-55-06.795;;-1.315;1.708;9.463;
2569;2017-03-08_21-55-06.858;;-1.315;1.708;9.463;
2572;2017-03-08_21-55-06.915;;-1.315;1.708;9.463;
2575;2017-03-08_21-55-06.972;;-1.315;1.708;9.463;
2578;2017-03-08_21-55-07.033;;-1.315;1.708;9.463;
2581;2017-03-08_21-55-07.091;;-1.315;1.708;9.463;
2584;2017-03-08_21-55-07.164;;-1.315;1.708;9.463;
2587;2017-03-08_21-55-07.216;;-1.315;1.708;9.463;
2590;2017-03-08_21-55-07.271;;-1.315;1.708;9.463;
2593;2017-03-08_21-55-07.328;;-1.315;1.708;9.463;
2596;2017-03-08_21-55-07.391;;-1.315;1.708;9.463;
2599;2017-03-08_21-55-07.448;;-1.315;1.708;9.463;
2602;2017-03-08_21-55-07.508;;-1.315;1.708;9.463;
2605;2017-03-08_21-55-07.566;;-1.315;1.708;9.463;
2608;2017-03-08_21-55-07.626;;-1.315;1.708;9.463;
2611;2017-03-08_21-55-07.687;;-1.315;1.708;9.463;
2614;2017-03-08_21-55-07.745;;-1.315;1.708;9.463;
2617;2017-03-08_21-55-07.805;;-1.315;1.708;9.463;
2620;2017-03-08_21-55-07.865;;-1.315;1.708;9.463;
2623;2017-03-08_21-55-07.923;;-1.315;1.708;9.463;
2626;2017-03-08_21-55-07.989;;-1.315;1.708;9.463;
2629;2017-03-08_21-55-08.043;;-1.315;1.708;9.463;
2632;2017-03-08_21-55-08.108;;-1.315;1.708;9.463;
2635;2017-03-08_21-55-08.161;;-1.315;1.708;9.463;
2638;2017-03-08_21-55-08.220;;-1.315;1.708;9.463;
2641;2017-03-08_21-55-08.279;;-1.315;1.708;9.463;
2644;2017-03-08_21-55-08.339;;-1.315;1.708;9.463;
2647;2017-03-08_21-55-08.417;;-1.315;1.708;9.463;
2650;2017-03-08_21-55-08.459;;-1.315;1.708;9.463;
2653;2017-03-08_21-55-08.520;;-1.315;1.708;9.463;
2656;2017-03-08_21-55-08.577;;-1.315;1.708;9.463;
2659;2017-03-08_21-55-08.637;;-1.315;1.708;9.463;
2662;2017-03-08_21-55-08.700;;-1.315;1.708;9.463;
2665;2017-03-08_21-55-08.754;;-1.315;1.708;9.463;
2668;2017-03-08_21-55-08.815;;-1.315;1.708;9.463;
2671;2017-03-08_21-55-08.873;;-1.315;1.708;9.463;
2674;2017-03-08_21-55-08.934;;-1.315;1.708;9.463;
2677;2017-03-08_21-55-08.992;;-1.315;1.708;9.463;
2680;2017-03-08_21-55-09.052;;-1.315;1.708;9.463;
2683;2017-03-08_21-55-09.115;;-1.315;1.708;9.463;
2686;2017-03-08_21-55-09.170;;-1.315;1.708;9.463;
2689;2017-03-08_21-55-09.232;;-1.315;1.708;9.463;
2692;2017-03-08_21-55-09.290;;-1.315;1.708;9.463;
2695;2017-03-08_21-55-09.349;;-1.315;1.708;9.463;
2698;2017-03-08_21-55-09.418;;-1.315;1.708;9.463;
2701;2017-03-08_21-55-09.486;;-1.315;1.708;9.463;
2704;2017-03-08_21-55-09.543;;-1.315;1.708;9.463;
2707;2017-03-08_21-55-09.587;;-1.315;1.708;9.463;
2710;2017-03-08_21-55-09.648;;-1.315;1.708;9.463;
2713;2017-03-08_21-55-09.708;;-1.315;1.708;9.463;
2716;2017-03-08_21-55-09.766;;-1.315;1.708;9.463;
2719;2017-03-08_21-55-09.825;;-1.315;1.708;9.463;
2722;2017-03-08_21-55-09.884;;-1.315;1.708;9.463;
2725;2017-03-08_21-55-09.948;;-1.315;1.708;9.463;
2728;2017-03-08_21-55-10.008;;-1.315;1.708;9.463;
2731;2017-03-08_21-55-10.064;;-1.315;1.708;9.463;
2734;2017-03-08_21-55-10.132;;-1.315;1.708;9.463;
2737;2017-03-08_21-55-10.181;;-1.315;1.708;9.463;
2740;2017-03-08_21-55-10.254;;-1.315;1.708;9.463;
2743;2017-03-08_21-55-10.314;;-1.315;1.708;9.463;
2746;2017-03-08_21-55-10.369;;-1.315;1.708;9.463;
2749;2017-03-08_21-55-10.417;;-1.315;1.708;9.463;
2752;2017-03-08_21-55-10.483;;-1.315;1.708;9.463;
2755;2017-03-08_21-55-10.537;;-1.315;1.708;9.463;
2758;2017-03-08_21-55-10.602;;-1.722;1.866;9.518;
2761;2017-03-08_21-55-10.655;;-1.722;1.866;9.518;
2764;2017-03-08_21-55-10.716;;-1.722;1.866;9.518;
2767;2017-03-08_21-55-10.774;;-1.722;1.866;9.518;
2770;2017-03-08_21-55-10.838;;-1.722;1.866;9.518;
2773;2017-03-08_21-55-10.893;;-1.722;1.866;9.518;
2776;2017-03-08_21-55-10.954;;-1.722;1.866;9.518;
2779;2017-03-08_21-55-11.012;;-1.722;1.866;9.518;
2782;2017-03-08_21-55-11.072;;-1.722;1.866;9.518;
2785;2017-03-08_21-55-11.132;;-1.722;1.866;9.518;
2788;2017-03-08_21-55-11.194;;-1.722;1.866;9.518;
2791;2017-03-08_21-55-11.250;;-1.722;1.866;9.518;
2794;2017-03-08_21-55-11.311;;-1.722;1.866;9.518;
2797;2017-03-08_21-55-11.369;;-1.722;1.866;9.518;
2800;2017-03-08_21-55-11.430;;-1.722;1.866;9.518;
2803;2017-03-08_21-55-11.489;;-1.722;1.866;9.518;
2806;2017-03-08_21-55-11.548;;-1.722;1.866;9.518;
2809;2017-03-08_21-55-11.607;;-1.722;1.866;9.518;
2812;2017-03-08_21-55-11.668;;-1.722;1.866;9.518;
2815;2017-03-08_21-55-11.727;;-1.722;1.866;9.518;
2818;2017-03-08_21-55-11.786;;-1.722;1.866;9.518;
2821;2017-03-08_21-55-11.850;;-1.722;1.866;9.518;
2824;2017-03-08_21-55-11.925;;-1.722;1.866;9.518;
2827;2017-03-08_21-55-11.967;;-1.722;1.866;9.518;
2830;2017-03-08_21-55-12.023;;-1.722;1.866;9.518;
2833;2017-03-08_21-55-12.082;;-1.722;1.866;9.518;
2836;2017-03-08_21-55-12.143;;-1.722;1.866;9.518;
2839;2017-03-08_21-55-12.215;;-1.722;1.866;9.518;
2842;2017-03-08_21-55-12.261;;-1.722;1.866;9.518;
2845;2017-03-08_21-55-12.320;;-1.722;1.866;9.518;
2848;2017-03-08_21-55-12.379;;-1.722;1.866;9.518;
2851;2017-03-08_21-55-12.438;;-1.722;1.866;9.518;
2854;2017-03-08_21-55-12.510;;-1.722;1.866;9.518;
2857;2017-03-08_21-55-12.557;;-1.722;1.866;9.518;
2860;2017-03-08_21-55-12.619;;-1.722;1.866;9.518;
2863;2017-03-08_21-55-12.679;;-1.722;1.866;9.518;
2866;2017-03-08_21-55-12.737;;-1.722;1.866;9.518;
2869;2017-03-08_21-55-12.795;;-1.722;1.866;9.518;
2872;2017-03-08_21-55-12.854;;-1.722;1.866;9.518;
2875;2017-03-08_21-55-12.924;;-1.722;1.866;9.518;
2878;2017-03-08_21-55-12.974;;-1.722;1.866;9.518;
2881;2017-03-08_21-55-13.034;;-1.722;1.866;9.518;
2884;2017-03-08_21-55-13.094;;-1.722;1.866;9.518;
2887;2017-03-08_21-55-13.155;;-1.722;1.866;9.518;
2890;2017-03-08_21-55-13.217;;-1.722;1.866;9.518;
2893;2017-03-08_21-55-13.271;;-1.722;1.866;9.518;
2896;2017-03-08_21-55-13.346;;-1.722;1.866;9.518;
2899;2017-03-08_21-55-13.390;;-1.722;1.866;9.518;
2902;2017-03-08_21-55-13.461;;-1.722;1.866;9.518;
2905;2017-03-08_21-55-13.529;;-1.722;1.866;9.518;
2908;2017-03-08_21-55-13.568;;-1.722;1.866;9.518;
2911;2017-03-08_21-55-13.637;;-1.722;1.866;9.518;
2914;2017-03-08_21-55-13.686;;-1.722;1.866;9.518;
2917;2017-03-08_21-55-13.756;;-1.722;1.866;9.518;
2920;2017-03-08_21-55-13.805;;-1.722;1.866;9.518;
2923;2017-03-08_21-55-13.863;;-1.722;1.866;9.518;
2926;2017-03-08_21-55-13.923;;-1.722;1.866;9.518;
2929;2017-03-08_21-55-13.983;;-1.722;1.866;9.518;
2932;2017-03-08_21-55-14.057;;-1.722;1.866;9.518;
2935;2017-03-08_21-55-14.101;;-1.722;1.866;9.518;
2938;2017-03-08_21-55-14.169;;-1.722;1.866;9.518;
2941;2017-03-08_21-55-14.225;;-1.722;1.866;9.518;
2944;2017-03-08_21-55-14.281;;-1.722;1.866;9.518;
2947;2017-03-08_21-55-14.347;;-1.722;1.866;9.518;
2950;2017-03-08_21-55-14.400;;-1.722;1.866;9.518;
2953;2017-03-08_21-55-14.472;;-1.722;1.866;9.518;
2956;2017-03-08_21-55-14.522;;-1.722;1.866;9.518;
2959;2017-03-08_21-55-14.586;;-1.722;1.866;9.518;
