--- LOG START  --- 
125;2017-03-13_20-49-27.068;;14.711;-25.272;-13.126;
252;2017-03-13_20-49-32.085;;5.836;-59.459;8.311;
378;2017-03-13_20-49-37.123;;21.023;-9.709;-10.501;
506;2017-03-13_20-49-42.178;;5.086;-64.709;5.874;
633;2017-03-13_20-49-47.232;;5.461;-67.272;8.686;
761;2017-03-13_20-49-52.292;;21.773;-52.084;-19.751;
888;2017-03-13_20-49-57.339;;15.086;-57.647;-21.376;
1016;2017-03-13_20-50-02.373;;-35.787;18.011;9.34;
1142;2017-03-13_20-50-07.392;;-24.975;14.636;8.215;
1269;2017-03-13_20-50-12.446;;-21.287;5.699;14.402;
1397;2017-03-13_20-50-17.501;;-18.287;6.074;16.152;
1524;2017-03-13_20-50-22.547;;-16.037;11.261;10.465;
1652;2017-03-13_20-50-27.598;;-23.1;11.261;10.527;
1779;2017-03-13_20-50-32.646;;-26.85;12.386;7.277;
1907;2017-03-13_20-50-37.701;;-24.6;10.511;10.152;
2034;2017-03-13_20-50-42.751;;-25.725;8.324;12.59;
2162;2017-03-13_20-50-47.796;;-25.35;9.386;12.965;
2289;2017-03-13_20-50-52.848;;-27.225;11.261;11.777;
2417;2017-03-13_20-50-57.894;;-16.412;6.824;14.215;
2544;2017-03-13_20-51-02.945;;-25.35;29.511;-1.285;
2672;2017-03-13_20-51-07.998;;-27.225;21.324;2.402;
2795;2017-03-13_20-51-13.164;;-12.287;-9.989;202.777;
2929;2017-03-13_20-51-19.089;;-12.662;-10.739;202.59;
3054;2017-03-13_20-51-24.094;;-12.287;-10.676;204.715;
3205;2017-03-13_20-51-29.121;;-13.412;-11.051;203.652;
3333;2017-03-13_20-51-34.168;;-13.412;-11.051;203.652;
3460;2017-03-13_20-51-40.084;;-11.6;-10.301;203.34;
3597;2017-03-13_20-51-45.086;;-11.6;-9.551;204.715;
3736;2017-03-13_20-51-50.150;;-12.725;-10.676;204.027;
3864;2017-03-13_20-51-55.196;;-13.787;-10.676;203.027;
3991;2017-03-13_20-52-01.084;;-13.787;-10.676;203.027;
4140;2017-03-13_20-52-06.127;;-3.521;-24.588;-32.116;
4267;2017-03-13_20-52-11.178;;-3.896;-13.838;-41.866;
4395;2017-03-13_20-52-17.083;;7.292;-14.213;-45.928;
4520;2017-03-13_20-52-22.138;;7.667;-15.338;-45.928;
4670;2017-03-13_20-52-27.146;;7.667;-15.338;-45.928;
4798;2017-03-13_20-52-32.190;;7.292;-14.588;-45.553;
4925;2017-03-13_20-52-38.091;;8.417;-15.275;-45.178;
5051;2017-03-13_20-52-43.116;;7.667;-15.275;-44.803;
5200;2017-03-13_20-52-48.130;;7.667;-15.275;-44.803;
5305;2017-03-13_20-52-53.133;;6.917;-14.9;-46.053;
5453;2017-03-13_20-52-58.157;;6.917;-14.9;-46.053;
5581;2017-03-13_20-53-04.134;;6.917;-14.9;-45.616;
5731;2017-03-13_20-53-09.150;;6.917;-14.9;-46.491;
5842;2017-03-13_20-53-14.150;;6.542;-16.025;-44.803;
5956;2017-03-13_20-53-19.150;;6.917;-16.025;-45.678;
6110;2017-03-13_20-53-24.184;;6.917;-16.025;-45.678;
6238;2017-03-13_20-53-29.238;;8.042;-15.65;-46.491;
6365;2017-03-13_20-53-35.130;;6.917;-15.275;-47.303;
6491;2017-03-13_20-53-40.133;;6.542;-15.275;-46.928;
6630;2017-03-13_20-53-45.128;;7.667;-15.65;-45.678;
6766;2017-03-13_20-53-50.155;;5.417;-16.775;-45.678;
6893;2017-03-13_20-53-55.205;;5.417;-16.775;-45.678;
7021;2017-03-13_20-54-01.100;;6.167;-15.275;-45.678;
7148;2017-03-13_20-54-06.119;;7.667;-16.025;-46.116;
7295;2017-03-13_20-54-11.137;;7.667;-14.9;-46.116;
7423;2017-03-13_20-54-16.187;;5.042;-16.4;-46.116;
7550;2017-03-13_20-54-22.088;;7.292;-14.525;-44.553;
7678;2017-03-13_20-54-27.140;;7.292;-14.525;-44.553;
7826;2017-03-13_20-54-32.182;;7.667;-15.65;-46.178;
7954;2017-03-13_20-54-38.123;;6.917;-15.275;-46.178;
8081;2017-03-13_20-54-43.142;;7.292;-15.65;-45.366;
8230;2017-03-13_20-54-48.168;;7.292;-16.025;-45.366;
8346;2017-03-13_20-54-53.169;;7.667;-15.65;-46.616;
8483;2017-03-13_20-54-58.214;;7.667;-15.275;-46.178;
8611;2017-03-13_20-55-04.175;;7.667;-15.275;-46.178;
8761;2017-03-13_20-55-09.211;;7.292;-14.525;-45.803;
8888;2017-03-13_20-55-15.122;;6.917;-14.9;-45.803;
9037;2017-03-13_20-55-20.149;;6.917;-15.65;-45.428;
9164;2017-03-13_20-55-25.198;;6.917;-15.65;-45.428;
9292;2017-03-13_20-55-30.255;;6.167;-15.65;-45.803;
9418;2017-03-13_20-55-36.090;;6.167;-16.4;-46.616;
9566;2017-03-13_20-55-41.133;;6.917;-15.65;-44.991;
9670;2017-03-13_20-55-46.137;;7.667;-15.275;-46.241;
9820;2017-03-13_20-55-51.181;;5.792;-16.025;-46.241;
9947;2017-03-13_20-55-57.092;;5.417;-15.275;-46.241;
10081;2017-03-13_20-56-02.093;;5.417;-15.275;-46.241;
10201;2017-03-13_20-56-07.136;;6.917;-15.275;-46.616;
10349;2017-03-13_20-56-12.167;;7.667;-16.025;-45.866;
10475;2017-03-13_20-56-17.169;;8.354;-15.65;-45.428;
10603;2017-03-13_20-56-22.210;;8.354;-15.65;-45.428;
10730;2017-03-13_20-56-28.104;;7.292;-16.025;-45.428;
10877;2017-03-13_20-56-34.186;;7.667;-15.275;-45.053;
11032;2017-03-13_20-56-39.218;;6.542;-15.65;-45.428;
11159;2017-03-13_20-56-45.095;;7.979;-15.275;-46.241;
11306;2017-03-13_20-56-50.096;;6.542;-15.65;-46.241;
11414;2017-03-13_20-56-55.098;;6.542;-16.025;-45.491;
11549;2017-03-13_20-57-00.098;;6.542;-16.025;-45.491;
11663;2017-03-13_20-57-05.100;;7.667;-15.275;-46.303;
11812;2017-03-13_20-57-10.134;;7.667;-15.275;-46.303;
11920;2017-03-13_20-57-15.141;;6.542;-15.65;-45.053;
12064;2017-03-13_20-57-21.134;;6.542;-14.525;-46.303;
12193;2017-03-13_20-57-26.136;;7.667;-15.65;-45.866;
12343;2017-03-13_20-57-31.181;;7.667;-15.275;-45.866;
12470;2017-03-13_20-57-36.233;;7.292;-15.275;-45.866;
12598;2017-03-13_20-57-42.151;;7.292;-16.4;-44.678;
12728;2017-03-13_20-57-47.150;;7.292;-16.4;-44.678;
12872;2017-03-13_20-57-52.173;;7.292;-15.275;-45.866;
13000;2017-03-13_20-57-57.222;;6.917;-15.275;-46.303;
13127;2017-03-13_20-58-03.119;;6.917;-14.9;-45.928;
13254;2017-03-13_20-58-08.119;;6.917;-14.9;-45.928;
13402;2017-03-13_20-58-13.161;;6.917;-14.9;-44.678;
13529;2017-03-13_20-58-19.087;;5.792;-15.65;-46.303;
13657;2017-03-13_20-58-24.121;;6.917;-15.275;-45.116;
13805;2017-03-13_20-58-29.157;;6.917;-15.275;-45.116;
13932;2017-03-13_20-58-34.158;;7.292;-14.525;-44.303;
14057;2017-03-13_20-58-39.164;;7.292;-14.525;-44.303;
14185;2017-03-13_20-58-44.200;;7.292;-15.65;-46.303;
14312;2017-03-13_20-58-50.118;;7.292;-15.65;-46.303;
14461;2017-03-13_20-58-55.149;;6.167;-16.025;-45.553;
14564;2017-03-13_20-59-00.168;;8.354;-14.9;-45.553;
14714;2017-03-13_20-59-05.199;;8.354;-14.9;-45.553;
14842;2017-03-13_20-59-10.509;;7.292;-15.65;-45.928;
14971;2017-03-13_20-59-16.217;;6.542;-14.9;-45.928;
15119;2017-03-13_20-59-22.127;;8.354;-15.275;-43.928;
15241;2017-03-13_20-59-27.137;;7.979;-16.025;-45.116;
15394;2017-03-13_20-59-32.143;;7.979;-16.025;-45.116;
15521;2017-03-13_20-59-37.195;;6.167;-16.025;-45.116;
15649;2017-03-13_20-59-43.112;;7.979;-14.525;-45.553;
15777;2017-03-13_20-59-48.113;;6.542;-14.9;-45.178;
15923;2017-03-13_20-59-53.131;;7.292;-15.275;-45.553;
16028;2017-03-13_20-59-58.139;;7.292;-15.275;-43.928;
16156;2017-03-13_21-00-03.142;;6.917;-15.275;-44.741;
16303;2017-03-13_21-00-08.175;;6.917;-15.275;-44.741;
16429;2017-03-13_21-00-13.174;;6.917;-15.65;-44.741;
16556;2017-03-13_21-00-18.224;;7.604;-14.525;-45.991;
16684;2017-03-13_21-00-24.151;;6.542;-16.4;-45.178;
16832;2017-03-13_21-00-29.170;;6.542;-16.4;-45.178;
16958;2017-03-13_21-00-34.169;;7.292;-15.275;-45.553;
17084;2017-03-13_21-00-39.187;;7.292;-15.275;-45.553;
17212;2017-03-13_21-00-44.213;;4.667;-16.025;-45.178;
17338;2017-03-13_21-00-50.133;;7.604;-14.9;-45.616;
17488;2017-03-13_21-00-55.159;;6.542;-14.9;-46.366;
17615;2017-03-13_21-01-00.174;;18.792;22.6;-44.366;
17741;2017-03-13_21-01-05.211;;6.542;-12.65;-44.741;
17869;2017-03-13_21-01-10.265;;22.479;-44.963;-12.428;
17996;2017-03-13_21-01-15.319;;12.854;-45.713;-16.053;
