--- LOG START  --- 
150;2017-03-11_16-33-18.199;;-0.251;3.674;8.929;
164;2017-03-11_16-33-18.450;;-0.251;3.674;8.929;
177;2017-03-11_16-33-18.743;;-0.251;3.674;8.929;
192;2017-03-11_16-33-19.032;;-0.251;3.674;8.929;
207;2017-03-11_16-33-19.343;;-0.251;3.674;8.929;
222;2017-03-11_16-33-19.627;;-0.251;3.674;8.929;
237;2017-03-11_16-33-19.925;;-0.251;3.674;8.929;
252;2017-03-11_16-33-20.223;;-0.251;3.674;8.929;
267;2017-03-11_16-33-20.524;;-0.251;3.674;8.929;
282;2017-03-11_16-33-20.815;;-0.251;3.674;8.929;
297;2017-03-11_16-33-21.113;;-0.251;3.674;8.929;
312;2017-03-11_16-33-21.411;;-0.251;3.674;8.929;
327;2017-03-11_16-33-21.713;;-0.251;3.674;8.929;
342;2017-03-11_16-33-22.009;;-0.251;3.674;8.929;
357;2017-03-11_16-33-22.304;;-6.716;-5.446;0.896;
369;2017-03-11_16-33-22.542;;-6.716;-5.446;0.896;
384;2017-03-11_16-33-22.843;;-6.716;-5.446;0.896;
399;2017-03-11_16-33-23.147;;-6.716;-5.446;0.896;
414;2017-03-11_16-33-23.437;;-6.716;-5.446;0.896;
429;2017-03-11_16-33-23.732;;-6.716;-5.446;0.896;
444;2017-03-11_16-33-24.029;;-6.716;-5.446;0.896;
459;2017-03-11_16-33-24.333;;-6.716;-5.446;0.896;
474;2017-03-11_16-33-24.624;;-6.716;-5.446;0.896;
489;2017-03-11_16-33-24.921;;-6.716;-5.446;0.896;
504;2017-03-11_16-33-25.223;;-6.716;-5.446;0.896;
519;2017-03-11_16-33-25.520;;-6.716;-5.446;0.896;
534;2017-03-11_16-33-25.818;;-6.716;-5.446;0.896;
548;2017-03-11_16-33-26.062;;-6.716;-5.446;0.896;
561;2017-03-11_16-33-26.355;;-5.54;2.738;-5.214;
576;2017-03-11_16-33-26.651;;-5.54;2.738;-5.214;
591;2017-03-11_16-33-26.949;;-5.54;2.738;-5.214;
606;2017-03-11_16-33-27.247;;-5.54;2.738;-5.214;
621;2017-03-11_16-33-27.545;;-5.54;2.738;-5.214;
636;2017-03-11_16-33-27.839;;-5.54;2.738;-5.214;
651;2017-03-11_16-33-28.138;;-5.54;2.738;-5.214;
666;2017-03-11_16-33-28.435;;-5.54;2.738;-5.214;
681;2017-03-11_16-33-28.738;;-5.54;2.738;-5.214;
696;2017-03-11_16-33-29.033;;-5.54;2.738;-5.214;
711;2017-03-11_16-33-29.330;;-5.54;2.738;-5.214;
726;2017-03-11_16-33-29.641;;-5.54;2.738;-5.214;
741;2017-03-11_16-33-29.927;;-5.54;2.738;-5.214;
756;2017-03-11_16-33-30.222;;-8.61;4.191;1.31;
771;2017-03-11_16-33-30.520;;-8.61;4.191;1.31;
786;2017-03-11_16-33-30.817;;-8.61;4.191;1.31;
801;2017-03-11_16-33-31.114;;-8.61;4.191;1.31;
816;2017-03-11_16-33-31.413;;-8.61;4.191;1.31;
831;2017-03-11_16-33-31.716;;-8.61;4.191;1.31;
846;2017-03-11_16-33-32.003;;-8.61;4.191;1.31;
861;2017-03-11_16-33-32.302;;-8.61;4.191;1.31;
876;2017-03-11_16-33-32.601;;-8.61;4.191;1.31;
891;2017-03-11_16-33-32.900;;-8.61;4.191;1.31;
906;2017-03-11_16-33-33.203;;-8.61;4.191;1.31;
921;2017-03-11_16-33-33.494;;-8.61;4.191;1.31;
936;2017-03-11_16-33-33.793;;-8.61;4.191;1.31;
951;2017-03-11_16-33-34.088;;-8.61;4.191;1.31;
966;2017-03-11_16-33-34.386;;-8.792;1.334;3.808;
981;2017-03-11_16-33-34.685;;-8.792;1.334;3.808;
996;2017-03-11_16-33-34.982;;-8.792;1.334;3.808;
1011;2017-03-11_16-33-35.276;;-8.792;1.334;3.808;
1026;2017-03-11_16-33-35.579;;-8.792;1.334;3.808;
1041;2017-03-11_16-33-35.873;;-8.792;1.334;3.808;
1056;2017-03-11_16-33-36.169;;-8.792;1.334;3.808;
1071;2017-03-11_16-33-36.469;;-8.792;1.334;3.808;
1086;2017-03-11_16-33-36.767;;-8.792;1.334;3.808;
1101;2017-03-11_16-33-37.064;;-8.792;1.334;3.808;
1116;2017-03-11_16-33-37.359;;-8.792;1.334;3.808;
1131;2017-03-11_16-33-37.659;;-8.792;1.334;3.808;
1146;2017-03-11_16-33-37.961;;-8.792;1.334;3.808;
1161;2017-03-11_16-33-38.257;;-8.792;1.334;3.808;
1176;2017-03-11_16-33-38.550;;-9.221;-0.299;2.682;
1191;2017-03-11_16-33-38.848;;-9.221;-0.299;2.682;
1206;2017-03-11_16-33-39.146;;-9.221;-0.299;2.682;
1221;2017-03-11_16-33-39.445;;-9.221;-0.299;2.682;
1236;2017-03-11_16-33-39.739;;-9.221;-0.299;2.682;
1251;2017-03-11_16-33-40.039;;-9.221;-0.299;2.682;
1266;2017-03-11_16-33-40.337;;-9.221;-0.299;2.682;
1281;2017-03-11_16-33-40.635;;-9.221;-0.299;2.682;
1296;2017-03-11_16-33-40.931;;-9.221;-0.299;2.682;
1311;2017-03-11_16-33-41.227;;-9.221;-0.299;2.682;
1326;2017-03-11_16-33-41.527;;-9.221;-0.299;2.682;
1341;2017-03-11_16-33-41.825;;-9.221;-0.299;2.682;
1356;2017-03-11_16-33-42.121;;-9.221;-0.299;2.682;
1371;2017-03-11_16-33-42.419;;0.359;2.247;10.059;
1386;2017-03-11_16-33-42.716;;0.359;2.247;10.059;
1401;2017-03-11_16-33-43.011;;0.359;2.247;10.059;
1416;2017-03-11_16-33-43.312;;0.359;2.247;10.059;
1431;2017-03-11_16-33-43.610;;0.359;2.247;10.059;
1446;2017-03-11_16-33-43.903;;0.359;2.247;10.059;
1461;2017-03-11_16-33-44.201;;0.359;2.247;10.059;
1476;2017-03-11_16-33-44.501;;0.359;2.247;10.059;
1491;2017-03-11_16-33-44.794;;0.359;2.247;10.059;
1506;2017-03-11_16-33-45.093;;0.359;2.247;10.059;
1521;2017-03-11_16-33-45.391;;0.359;2.247;10.059;
1536;2017-03-11_16-33-45.689;;0.359;2.247;10.059;
1551;2017-03-11_16-33-45.990;;0.359;2.247;10.059;
1566;2017-03-11_16-33-46.286;;0.359;2.247;10.059;
1581;2017-03-11_16-33-46.582;;1.494;2.045;9.499;
1596;2017-03-11_16-33-46.882;;1.494;2.045;9.499;
1611;2017-03-11_16-33-47.178;;1.494;2.045;9.499;
1626;2017-03-11_16-33-47.474;;1.494;2.045;9.499;
1641;2017-03-11_16-33-47.773;;1.494;2.045;9.499;
1656;2017-03-11_16-33-48.068;;1.494;2.045;9.499;
1671;2017-03-11_16-33-48.369;;1.494;2.045;9.499;
1686;2017-03-11_16-33-48.665;;1.494;2.045;9.499;
1701;2017-03-11_16-33-48.963;;1.494;2.045;9.499;
1716;2017-03-11_16-33-49.261;;1.494;2.045;9.499;
1731;2017-03-11_16-33-49.559;;1.494;2.045;9.499;
1746;2017-03-11_16-33-49.855;;1.494;2.045;9.499;
1761;2017-03-11_16-33-50.158;;1.494;2.045;9.499;
1776;2017-03-11_16-33-50.452;;0.448;1.334;9.724;
1791;2017-03-11_16-33-50.744;;0.448;1.334;9.724;
1806;2017-03-11_16-33-51.041;;0.448;1.334;9.724;
1821;2017-03-11_16-33-51.339;;0.448;1.334;9.724;
1836;2017-03-11_16-33-51.637;;0.448;1.334;9.724;
1851;2017-03-11_16-33-51.935;;0.448;1.334;9.724;
1866;2017-03-11_16-33-52.236;;0.448;1.334;9.724;
1881;2017-03-11_16-33-52.533;;0.448;1.334;9.724;
1896;2017-03-11_16-33-52.832;;0.448;1.334;9.724;
1911;2017-03-11_16-33-53.124;;0.448;1.334;9.724;
1926;2017-03-11_16-33-53.421;;0.448;1.334;9.724;
1941;2017-03-11_16-33-53.720;;0.448;1.334;9.724;
1956;2017-03-11_16-33-54.019;;0.448;1.334;9.724;
1971;2017-03-11_16-33-54.318;;0.448;1.334;9.724;
1986;2017-03-11_16-33-54.613;;-0.623;1.37;11.556;
2001;2017-03-11_16-33-54.909;;-0.623;1.37;11.556;
2016;2017-03-11_16-33-55.214;;-0.623;1.37;11.556;
2031;2017-03-11_16-33-55.506;;-0.623;1.37;11.556;
2046;2017-03-11_16-33-55.802;;-0.623;1.37;11.556;
2061;2017-03-11_16-33-56.101;;-0.623;1.37;11.556;
2076;2017-03-11_16-33-56.396;;-0.623;1.37;11.556;
2091;2017-03-11_16-33-56.693;;-0.623;1.37;11.556;
2106;2017-03-11_16-33-56.990;;-0.623;1.37;11.556;
2119;2017-03-11_16-33-57.250;;-0.623;1.37;11.556;
2134;2017-03-11_16-33-57.546;;-0.623;1.37;11.556;
2149;2017-03-11_16-33-57.844;;-0.623;1.37;11.556;
2164;2017-03-11_16-33-58.150;;-0.623;1.37;11.556;
2179;2017-03-11_16-33-58.439;;-0.623;1.37;11.556;
