--- LOG START  --- 
102;2017-03-10_18-34-01.521;;-10.142;-26.747;-6.01;
110;2017-03-10_18-34-01.803;;-20.205;8.253;-33.073;
117;2017-03-10_18-34-02.100;;-20.205;8.253;-33.073;
125;2017-03-10_18-34-02.396;;-20.205;8.253;-33.073;
132;2017-03-10_18-34-02.710;;-20.205;8.253;-33.073;
140;2017-03-10_18-34-02.992;;-20.205;8.253;-33.073;
146;2017-03-10_18-34-03.246;;-20.205;8.253;-33.073;
153;2017-03-10_18-34-03.526;;-20.205;8.253;-33.073;
161;2017-03-10_18-34-03.822;;-20.205;8.253;-33.073;
168;2017-03-10_18-34-04.127;;-20.205;8.253;-33.073;
176;2017-03-10_18-34-04.417;;-20.205;8.253;-33.073;
183;2017-03-10_18-34-04.715;;-20.205;8.253;-33.073;
191;2017-03-10_18-34-05.010;;-20.205;8.253;-33.073;
198;2017-03-10_18-34-05.311;;-20.205;8.253;-33.073;
206;2017-03-10_18-34-05.614;;-24.267;12.315;-30.573;
213;2017-03-10_18-34-05.909;;-24.267;12.315;-30.573;
221;2017-03-10_18-34-06.200;;-24.267;12.315;-30.573;
228;2017-03-10_18-34-06.505;;-24.267;12.315;-30.573;
236;2017-03-10_18-34-06.801;;-24.267;12.315;-30.573;
243;2017-03-10_18-34-07.098;;-24.267;12.315;-30.573;
251;2017-03-10_18-34-07.387;;-24.267;12.315;-30.573;
258;2017-03-10_18-34-07.685;;-24.267;12.315;-30.573;
266;2017-03-10_18-34-07.981;;-24.267;12.315;-30.573;
273;2017-03-10_18-34-08.284;;-24.267;12.315;-30.573;
281;2017-03-10_18-34-08.582;;-24.267;12.315;-30.573;
288;2017-03-10_18-34-08.881;;-24.267;12.315;-30.573;
296;2017-03-10_18-34-09.216;;-24.267;12.315;-30.573;
303;2017-03-10_18-34-09.475;;-24.267;12.315;-30.573;
311;2017-03-10_18-34-09.770;;-24.267;11.565;-30.573;
318;2017-03-10_18-34-10.069;;-24.267;11.565;-30.573;
326;2017-03-10_18-34-10.361;;-24.267;11.565;-30.573;
333;2017-03-10_18-34-10.662;;-24.267;11.565;-30.573;
341;2017-03-10_18-34-10.955;;-24.267;11.565;-30.573;
348;2017-03-10_18-34-11.248;;-24.267;11.565;-30.573;
356;2017-03-10_18-34-11.545;;-24.267;11.565;-30.573;
363;2017-03-10_18-34-11.847;;-24.267;11.565;-30.573;
371;2017-03-10_18-34-12.138;;-24.267;11.565;-30.573;
378;2017-03-10_18-34-12.435;;-24.267;11.565;-30.573;
386;2017-03-10_18-34-12.735;;-24.267;11.565;-30.573;
393;2017-03-10_18-34-13.037;;-24.267;11.565;-30.573;
401;2017-03-10_18-34-13.335;;-24.267;11.565;-30.573;
408;2017-03-10_18-34-13.636;;-21.705;-25.31;2.052;
416;2017-03-10_18-34-13.927;;-21.705;-25.31;2.052;
423;2017-03-10_18-34-14.222;;-21.705;-25.31;2.052;
431;2017-03-10_18-34-14.522;;-21.705;-25.31;2.052;
438;2017-03-10_18-34-14.820;;-21.705;-25.31;2.052;
446;2017-03-10_18-34-15.118;;-21.705;-25.31;2.052;
453;2017-03-10_18-34-15.407;;-21.705;-25.31;2.052;
461;2017-03-10_18-34-15.705;;-21.705;-25.31;2.052;
468;2017-03-10_18-34-16.006;;-21.705;-25.31;2.052;
476;2017-03-10_18-34-16.303;;-21.705;-25.31;2.052;
483;2017-03-10_18-34-16.600;;-21.705;-25.31;2.052;
491;2017-03-10_18-34-16.900;;-21.705;-25.31;2.052;
498;2017-03-10_18-34-17.189;;-21.705;-25.31;2.052;
506;2017-03-10_18-34-17.490;;-21.705;-25.31;2.052;
513;2017-03-10_18-34-17.790;;-19.455;6.003;-39.26;
521;2017-03-10_18-34-18.088;;-19.455;6.003;-39.26;
528;2017-03-10_18-34-18.380;;-19.455;6.003;-39.26;
536;2017-03-10_18-34-18.676;;-19.455;6.003;-39.26;
543;2017-03-10_18-34-18.975;;-19.455;6.003;-39.26;
551;2017-03-10_18-34-19.267;;-19.455;6.003;-39.26;
558;2017-03-10_18-34-19.564;;-19.455;6.003;-39.26;
566;2017-03-10_18-34-19.866;;-19.455;6.003;-39.26;
573;2017-03-10_18-34-20.144;;-19.455;6.003;-39.26;
580;2017-03-10_18-34-20.395;;-19.455;6.003;-39.26;
587;2017-03-10_18-34-20.671;;-19.455;6.003;-39.26;
589;2017-03-10_18-34-21.823;;-19.455;6.003;-39.26;
618;2017-03-10_18-34-22.736;;-19.455;6.003;-39.26;
644;2017-03-10_18-34-23.772;;-20.205;5.628;-39.635;
668;2017-03-10_18-34-24.775;;-20.205;5.628;-39.635;
693;2017-03-10_18-34-25.753;;-20.205;5.628;-39.635;
717;2017-03-10_18-34-26.749;;-20.205;5.628;-39.635;
744;2017-03-10_18-34-27.766;;-20.205;5.628;-39.635;
768;2017-03-10_18-34-28.738;;-20.205;5.628;-39.635;
792;2017-03-10_18-34-29.793;;-20.205;5.628;-39.635;
819;2017-03-10_18-34-30.120;;-20.205;5.628;-39.635;
833;2017-03-10_18-34-30.428;;-19.08;6.753;-38.823;
839;2017-03-10_18-34-30.678;;-19.08;6.753;-38.823;
846;2017-03-10_18-34-30.971;;-19.08;6.753;-38.823;
854;2017-03-10_18-34-31.269;;-19.08;6.753;-38.823;
861;2017-03-10_18-34-31.569;;-19.08;6.753;-38.823;
868;2017-03-10_18-34-31.812;;-19.08;6.753;-38.823;
876;2017-03-10_18-34-32.793;;-19.08;6.753;-38.823;
896;2017-03-10_18-34-33.749;;-19.08;6.753;-38.823;
920;2017-03-10_18-34-34.746;;-19.08;6.753;-38.823;
945;2017-03-10_18-34-35.765;;-19.08;6.753;-38.823;
971;2017-03-10_18-34-36.756;;-19.455;6.753;-38.448;
995;2017-03-10_18-34-37.124;;-19.455;6.753;-38.448;
1008;2017-03-10_18-34-37.378;;-19.455;6.753;-38.448;
1016;2017-03-10_18-34-37.680;;-19.455;6.753;-38.448;
1023;2017-03-10_18-34-37.980;;-19.455;6.753;-38.448;
1031;2017-03-10_18-34-38.269;;-19.455;6.753;-38.448;
1038;2017-03-10_18-34-38.566;;-19.455;6.753;-38.448;
1046;2017-03-10_18-34-38.862;;-19.455;6.753;-38.448;
1053;2017-03-10_18-34-39.169;;-19.455;6.753;-38.448;
1061;2017-03-10_18-34-39.474;;-19.455;6.753;-38.448;
1068;2017-03-10_18-34-39.759;;-19.455;6.753;-38.448;
1076;2017-03-10_18-34-40.058;;-19.455;6.753;-38.448;
1083;2017-03-10_18-34-40.348;;-19.455;6.753;-38.448;
1091;2017-03-10_18-34-40.649;;-19.455;6.753;-38.448;
1098;2017-03-10_18-34-40.949;;-19.455;6.378;-39.26;
1106;2017-03-10_18-34-41.255;;-19.455;6.378;-39.26;
1107;2017-03-10_18-34-41.723;;-19.455;6.378;-39.26;
1121;2017-03-10_18-34-42.798;;-19.455;6.378;-39.26;
1148;2017-03-10_18-34-43.779;;-19.455;6.378;-39.26;
1173;2017-03-10_18-34-44.765;;-19.455;6.378;-39.26;
1197;2017-03-10_18-34-45.787;;-19.455;6.378;-39.26;
1224;2017-03-10_18-34-46.785;;-19.455;6.378;-39.26;
1248;2017-03-10_18-34-47.776;;-19.455;6.378;-39.26;
1274;2017-03-10_18-34-48.789;;-19.08;5.628;-39.26;
1299;2017-03-10_18-34-49.814;;-19.08;5.628;-39.26;
1325;2017-03-10_18-34-50.191;;-19.08;5.628;-39.26;
1335;2017-03-10_18-34-50.741;;-19.08;5.628;-39.26;
1349;2017-03-10_18-34-51.777;;-19.08;5.628;-39.26;
1374;2017-03-10_18-34-52.753;;-19.08;5.628;-39.26;
1400;2017-03-10_18-34-53.797;;-19.08;5.628;-39.26;
1425;2017-03-10_18-34-54.784;;-19.08;5.628;-39.26;
1451;2017-03-10_18-34-55.766;;-19.08;6.753;-38.885;
1476;2017-03-10_18-34-56.745;;-19.08;6.753;-38.885;
1500;2017-03-10_18-34-57.110;;-19.08;6.753;-38.885;
1514;2017-03-10_18-34-57.400;;-19.08;6.753;-38.885;
1521;2017-03-10_18-34-57.699;;-19.08;6.753;-38.885;
1529;2017-03-10_18-34-57.994;;-19.08;6.753;-38.885;
1536;2017-03-10_18-34-58.286;;-19.08;6.753;-38.885;
1544;2017-03-10_18-34-58.581;;-19.08;6.753;-38.885;
1551;2017-03-10_18-34-58.883;;-19.08;6.753;-38.885;
1559;2017-03-10_18-34-59.184;;-19.08;6.753;-38.885;
1566;2017-03-10_18-34-59.483;;-19.08;6.753;-38.885;
1574;2017-03-10_18-34-59.780;;-19.08;6.753;-38.885;
1581;2017-03-10_18-35-00.070;;-19.08;6.753;-38.885;
1587;2017-03-10_18-35-00.352;;-22.08;6.003;-41.323;
1595;2017-03-10_18-35-00.608;;-22.08;6.003;-41.323;
1602;2017-03-10_18-35-00.905;;-22.08;6.003;-41.323;
1610;2017-03-10_18-35-01.209;;-22.08;6.003;-41.323;
1614;2017-03-10_18-35-01.807;;-22.08;6.003;-41.323;
1628;2017-03-10_18-35-02.760;;-22.08;6.003;-41.323;
1652;2017-03-10_18-35-03.753;;-22.08;6.003;-41.323;
1677;2017-03-10_18-35-04.759;;-22.08;6.003;-41.323;
1703;2017-03-10_18-35-05.736;;-22.08;6.003;-41.323;
1728;2017-03-10_18-35-06.736;;-22.08;6.003;-41.323;
1752;2017-03-10_18-35-07.737;;-20.955;5.253;-39.698;
1778;2017-03-10_18-35-08.739;;-20.955;5.253;-39.698;
1803;2017-03-10_18-35-09.776;;-20.955;5.253;-39.698;
1829;2017-03-10_18-35-10.750;;-20.955;5.253;-39.698;
1854;2017-03-10_18-35-11.768;;-20.955;5.253;-39.698;
1880;2017-03-10_18-35-12.791;;-20.955;5.253;-39.698;
1905;2017-03-10_18-35-13.762;;-20.955;5.253;-39.698;
1931;2017-03-10_18-35-14.772;;-20.955;5.253;-39.698;
1955;2017-03-10_18-35-15.778;;-20.955;5.253;-39.698;
1980;2017-03-10_18-35-16.760;;-18.705;6.753;-38.448;
2006;2017-03-10_18-35-17.150;;-18.705;6.753;-38.448;
2019;2017-03-10_18-35-17.415;;-18.705;6.753;-38.448;
2027;2017-03-10_18-35-17.713;;-18.705;6.753;-38.448;
2034;2017-03-10_18-35-18.010;;-18.705;6.753;-38.448;
2042;2017-03-10_18-35-18.322;;-18.705;6.753;-38.448;
2049;2017-03-10_18-35-18.600;;-18.705;6.753;-38.448;
2056;2017-03-10_18-35-18.850;;-18.705;6.753;-38.448;
2063;2017-03-10_18-35-19.140;;-18.705;6.753;-38.448;
2070;2017-03-10_18-35-19.437;;-18.705;6.753;-38.448;
2078;2017-03-10_18-35-19.729;;-18.705;6.753;-38.448;
2085;2017-03-10_18-35-20.031;;-18.705;6.753;-38.448;
2093;2017-03-10_18-35-20.322;;-18.705;6.753;-38.448;
2100;2017-03-10_18-35-20.617;;-20.58;6.003;-38.885;
2108;2017-03-10_18-35-20.919;;-20.58;6.003;-38.885;
2115;2017-03-10_18-35-21.219;;-20.58;6.003;-38.885;
2119;2017-03-10_18-35-21.337;;-20.58;6.003;-38.885;
2132;2017-03-10_18-35-22.785;;-20.58;6.003;-38.885;
2157;2017-03-10_18-35-23.745;;-20.58;6.003;-38.885;
2183;2017-03-10_18-35-24.765;;-20.58;6.003;-38.885;
2208;2017-03-10_18-35-25.796;;-20.58;6.003;-38.885;
2234;2017-03-10_18-35-26.771;;-20.58;6.003;-38.885;
2258;2017-03-10_18-35-27.740;;-19.08;6.378;-38.885;
2283;2017-03-10_18-35-28.759;;-19.08;6.378;-38.885;
2309;2017-03-10_18-35-29.756;;-19.08;6.378;-38.885;
2334;2017-03-10_18-35-30.747;;-19.08;6.378;-38.885;
2359;2017-03-10_18-35-30.835;;-19.08;6.378;-38.885;
2384;2017-03-10_18-35-32.763;;-19.08;6.378;-38.885;
2409;2017-03-10_18-35-33.755;;-19.08;6.378;-38.885;
2435;2017-03-10_18-35-34.739;;-19.08;6.378;-38.885;
2460;2017-03-10_18-35-35.751;;-19.08;6.378;-38.885;
2486;2017-03-10_18-35-36.771;;-19.455;6.753;-38.073;
2511;2017-03-10_18-35-37.108;;-19.455;6.753;-38.073;
2523;2017-03-10_18-35-37.374;;-19.455;6.753;-38.073;
2531;2017-03-10_18-35-37.670;;-19.455;6.753;-38.073;
2538;2017-03-10_18-35-37.969;;-19.455;6.753;-38.073;
2546;2017-03-10_18-35-38.263;;-19.455;6.753;-38.073;
2553;2017-03-10_18-35-38.562;;-19.455;6.753;-38.073;
2561;2017-03-10_18-35-38.857;;-19.455;6.753;-38.073;
2568;2017-03-10_18-35-39.154;;-19.455;6.753;-38.073;
2576;2017-03-10_18-35-39.450;;-19.455;6.753;-38.073;
2583;2017-03-10_18-35-39.750;;-19.455;6.753;-38.073;
2591;2017-03-10_18-35-40.048;;-19.455;6.753;-38.073;
2598;2017-03-10_18-35-40.354;;-19.455;6.753;-38.073;
2606;2017-03-10_18-35-40.638;;-19.455;6.753;-38.073;
2613;2017-03-10_18-35-40.938;;-20.205;6.003;-40.135;
2621;2017-03-10_18-35-41.234;;-20.205;6.003;-40.135;
2625;2017-03-10_18-35-41.730;;-20.205;6.003;-40.135;
2636;2017-03-10_18-35-42.757;;-20.205;6.003;-40.135;
2663;2017-03-10_18-35-43.754;;-20.205;6.003;-40.135;
2687;2017-03-10_18-35-44.753;;-20.205;6.003;-40.135;
2712;2017-03-10_18-35-45.754;;-20.205;6.003;-40.135;
2738;2017-03-10_18-35-46.737;;-20.205;6.003;-40.135;
2763;2017-03-10_18-35-47.739;;-20.205;6.003;-40.135;
2787;2017-03-10_18-35-48.770;;-19.08;6.753;-39.76;
2814;2017-03-10_18-35-49.779;;-19.08;6.753;-39.76;
2840;2017-03-10_18-35-50.789;;-19.08;6.753;-39.76;
2870;2017-03-10_18-35-51.091;;-19.08;6.753;-39.76;
2877;2017-03-10_18-35-51.392;;-19.08;6.753;-39.76;
2885;2017-03-10_18-35-51.688;;-19.08;6.753;-39.76;
2892;2017-03-10_18-35-51.988;;-19.08;6.753;-39.76;
2900;2017-03-10_18-35-52.285;;-19.08;6.753;-39.76;
2906;2017-03-10_18-35-52.538;;-19.08;6.753;-39.76;
2913;2017-03-10_18-35-52.820;;-19.08;6.753;-39.76;
2921;2017-03-10_18-35-53.117;;-19.08;6.753;-39.76;
2928;2017-03-10_18-35-53.807;;-19.83;6.378;-39.323;
2942;2017-03-10_18-35-54.773;;-19.83;6.378;-39.323;
2966;2017-03-10_18-35-55.757;;-19.83;6.378;-39.323;
2990;2017-03-10_18-35-56.769;;-19.83;6.378;-39.323;
3015;2017-03-10_18-35-57.750;;-19.83;6.378;-39.323;
3041;2017-03-10_18-35-58.788;;-19.83;6.378;-39.323;
3066;2017-03-10_18-35-59.156;;-19.83;6.378;-39.323;
3080;2017-03-10_18-35-59.410;;-19.83;6.378;-39.323;
3087;2017-03-10_18-35-59.706;;-19.83;6.378;-39.323;
3095;2017-03-10_18-36-00.007;;-19.83;6.378;-39.323;
3102;2017-03-10_18-36-00.293;;-19.83;6.378;-39.323;
3110;2017-03-10_18-36-00.593;;-19.455;6.753;-39.76;
3117;2017-03-10_18-36-00.895;;-19.455;6.753;-39.76;
3125;2017-03-10_18-36-01.187;;-19.455;6.753;-39.76;
3132;2017-03-10_18-36-01.487;;-19.455;6.753;-39.76;
3140;2017-03-10_18-36-01.787;;-19.455;6.753;-39.76;
3147;2017-03-10_18-36-02.081;;-19.455;6.753;-39.76;
3155;2017-03-10_18-36-02.379;;-19.455;6.753;-39.76;
3162;2017-03-10_18-36-02.675;;-19.455;6.753;-39.76;
3170;2017-03-10_18-36-02.971;;-19.455;6.753;-39.76;
3177;2017-03-10_18-36-03.273;;-19.455;6.753;-39.76;
3185;2017-03-10_18-36-03.562;;-19.455;6.753;-39.76;
3189;2017-03-10_18-36-04.833;;-19.455;6.753;-39.76;
3219;2017-03-10_18-36-05.789;;-19.455;6.003;-38.885;
3243;2017-03-10_18-36-06.764;;-19.455;6.003;-38.885;
3269;2017-03-10_18-36-07.765;;-19.455;6.003;-38.885;
3294;2017-03-10_18-36-08.770;;-19.455;6.003;-38.885;
3320;2017-03-10_18-36-09.788;;-19.455;6.003;-38.885;
3345;2017-03-10_18-36-10.770;;-19.455;6.003;-38.885;
3369;2017-03-10_18-36-11.772;;-19.455;6.003;-38.885;
3395;2017-03-10_18-36-12.754;;-19.455;6.003;-38.885;
3420;2017-03-10_18-36-13.781;;-18.705;6.753;-39.323;
3446;2017-03-10_18-36-14.800;;-18.705;6.753;-39.323;
3471;2017-03-10_18-36-15.745;;-18.705;6.753;-39.323;
3495;2017-03-10_18-36-16.773;;-18.705;6.753;-39.323;
3521;2017-03-10_18-36-17.796;;-18.705;6.753;-39.323;
3546;2017-03-10_18-36-18.779;;-18.705;6.753;-39.323;
3572;2017-03-10_18-36-19.142;;-18.705;6.753;-39.323;
3585;2017-03-10_18-36-19.426;;-18.705;6.753;-39.323;
3593;2017-03-10_18-36-19.725;;-18.705;6.753;-39.323;
3600;2017-03-10_18-36-20.022;;-18.705;6.753;-39.323;
3606;2017-03-10_18-36-20.279;;-20.58;6.003;-39.76;
3614;2017-03-10_18-36-20.554;;-20.58;6.003;-39.76;
3621;2017-03-10_18-36-20.856;;-20.58;6.003;-39.76;
3629;2017-03-10_18-36-21.151;;-20.58;6.003;-39.76;
3636;2017-03-10_18-36-21.449;;-20.58;6.003;-39.76;
3644;2017-03-10_18-36-21.743;;-20.58;6.003;-39.76;
3651;2017-03-10_18-36-22.041;;-20.58;6.003;-39.76;
3659;2017-03-10_18-36-22.340;;-20.58;6.003;-39.76;
3666;2017-03-10_18-36-22.632;;-20.58;6.003;-39.76;
3674;2017-03-10_18-36-22.935;;-20.58;6.003;-39.76;
3681;2017-03-10_18-36-23.232;;-20.58;6.003;-39.76;
3687;2017-03-10_18-36-23.612;;-20.58;6.003;-39.76;
3695;2017-03-10_18-36-24.812;;-20.58;6.003;-39.76;
3723;2017-03-10_18-36-25.768;;-19.83;6.753;-39.323;
3749;2017-03-10_18-36-26.820;;-19.83;6.753;-39.323;
3774;2017-03-10_18-36-27.773;;-19.83;6.753;-39.323;
3798;2017-03-10_18-36-28.781;;-19.83;6.753;-39.323;
3824;2017-03-10_18-36-29.787;;-19.83;6.753;-39.323;
3851;2017-03-10_18-36-30.760;;-19.83;6.753;-39.323;
3875;2017-03-10_18-36-31.751;;-19.83;6.753;-39.323;
3899;2017-03-10_18-36-32.776;;-19.83;6.753;-39.323;
3926;2017-03-10_18-36-33.804;;-18.705;6.378;-39.76;
3951;2017-03-10_18-36-34.754;;-18.705;6.378;-39.76;
3975;2017-03-10_18-36-35.758;;-18.705;6.378;-39.76;
4001;2017-03-10_18-36-36.742;;-18.705;6.378;-39.76;
4025;2017-03-10_18-36-37.743;;-18.705;6.378;-39.76;
4050;2017-03-10_18-36-38.749;;-18.705;6.378;-39.76;
4076;2017-03-10_18-36-39.101;;-18.705;6.378;-39.76;
4089;2017-03-10_18-36-39.386;;-18.705;6.378;-39.76;
4097;2017-03-10_18-36-39.682;;-18.705;6.378;-39.76;
4104;2017-03-10_18-36-39.979;;-18.705;6.378;-39.76;
4112;2017-03-10_18-36-40.277;;-18.705;6.378;-39.76;
4119;2017-03-10_18-36-40.569;;-19.08;7.128;-39.76;
4127;2017-03-10_18-36-40.870;;-19.08;7.128;-39.76;
4134;2017-03-10_18-36-41.168;;-19.08;7.128;-39.76;
4142;2017-03-10_18-36-41.462;;-19.08;7.128;-39.76;
4149;2017-03-10_18-36-41.762;;-19.08;7.128;-39.76;
4157;2017-03-10_18-36-42.061;;-19.08;7.128;-39.76;
4164;2017-03-10_18-36-42.358;;-19.08;7.128;-39.76;
4172;2017-03-10_18-36-42.653;;-19.08;7.128;-39.76;
4179;2017-03-10_18-36-42.955;;-19.08;7.128;-39.76;
4187;2017-03-10_18-36-43.249;;-19.08;7.128;-39.76;
4192;2017-03-10_18-36-43.430;;-19.08;7.128;-39.76;
4203;2017-03-10_18-36-44.802;;-19.08;7.128;-39.76;
4229;2017-03-10_18-36-45.757;;-25.767;14.19;-35.26;
4253;2017-03-10_18-36-46.731;;-25.767;14.19;-35.26;
4278;2017-03-10_18-36-47.734;;-25.767;14.19;-35.26;
4302;2017-03-10_18-36-47.815;;-25.767;14.19;-35.26;
4329;2017-03-10_18-36-49.783;;-25.767;14.19;-35.26;
4355;2017-03-10_18-36-50.754;;-25.767;14.19;-35.26;
4379;2017-03-10_18-36-51.756;;-25.767;14.19;-35.26;
4404;2017-03-10_18-36-52.756;;-25.767;14.19;-35.26;
4431;2017-03-10_18-36-53.770;;-25.767;14.19;-35.26;
4456;2017-03-10_18-36-54.225;;-1.58;-0.685;-31.135;
4472;2017-03-10_18-36-54.513;;-1.58;-0.685;-31.135;
4478;2017-03-10_18-36-54.793;;-1.58;-0.685;-31.135;
4486;2017-03-10_18-36-55.085;;-1.58;-0.685;-31.135;
4493;2017-03-10_18-36-55.381;;-1.58;-0.685;-31.135;
4501;2017-03-10_18-36-55.677;;-1.58;-0.685;-31.135;
4508;2017-03-10_18-36-55.979;;-1.58;-0.685;-31.135;
4516;2017-03-10_18-36-56.271;;-1.58;-0.685;-31.135;
4523;2017-03-10_18-36-56.568;;-1.58;-0.685;-31.135;
4531;2017-03-10_18-36-56.868;;-1.58;-0.685;-31.135;
4538;2017-03-10_18-36-57.168;;-1.58;-0.685;-31.135;
4546;2017-03-10_18-36-57.471;;-1.58;-0.685;-31.135;
4553;2017-03-10_18-36-57.765;;-1.58;-0.685;-31.135;
4561;2017-03-10_18-36-58.058;;-1.58;-0.685;-31.135;
4568;2017-03-10_18-36-58.357;;-17.955;-11.497;-28.198;
4576;2017-03-10_18-36-58.655;;-17.955;-11.497;-28.198;
4583;2017-03-10_18-36-58.950;;-17.955;-11.497;-28.198;
4591;2017-03-10_18-36-59.249;;-17.955;-11.497;-28.198;
4597;2017-03-10_18-36-59.492;;-17.955;-11.497;-28.198;
4604;2017-03-10_18-36-59.778;;-17.955;-11.497;-28.198;
4611;2017-03-10_18-37-00.041;;-17.955;-11.497;-28.198;
4618;2017-03-10_18-37-00.311;;-17.955;-11.497;-28.198;
4625;2017-03-10_18-37-00.609;;-17.955;-11.497;-28.198;
4633;2017-03-10_18-37-00.905;;-17.955;-11.497;-28.198;
4639;2017-03-10_18-37-01.149;;-17.955;-11.497;-28.198;
4646;2017-03-10_18-37-01.448;;-17.955;-11.497;-28.198;
4654;2017-03-10_18-37-01.738;;-17.955;-11.497;-28.198;
4661;2017-03-10_18-37-02.033;;-17.955;-11.497;-28.198;
4669;2017-03-10_18-37-02.333;;-20.205;-19.31;-16.198;
4676;2017-03-10_18-37-02.635;;-20.205;-19.31;-16.198;
4684;2017-03-10_18-37-02.924;;-20.205;-19.31;-16.198;
4691;2017-03-10_18-37-03.223;;-20.205;-19.31;-16.198;
4699;2017-03-10_18-37-03.525;;-20.205;-19.31;-16.198;
4706;2017-03-10_18-37-03.814;;-20.205;-19.31;-16.198;
4714;2017-03-10_18-37-04.112;;-20.205;-19.31;-16.198;
4721;2017-03-10_18-37-04.415;;-20.205;-19.31;-16.198;
4729;2017-03-10_18-37-04.706;;-20.205;-19.31;-16.198;
4736;2017-03-10_18-37-05.004;;-20.205;-19.31;-16.198;
4744;2017-03-10_18-37-05.301;;-20.205;-19.31;-16.198;
4751;2017-03-10_18-37-05.597;;-20.205;-19.31;-16.198;
4759;2017-03-10_18-37-05.894;;-20.205;-19.31;-16.198;
4765;2017-03-10_18-37-06.145;;-20.205;-19.31;-16.198;
4769;2017-03-10_18-37-06.411;;-22.08;-17.497;-16.51;
4778;2017-03-10_18-37-06.669;;-22.08;-17.497;-16.51;
4784;2017-03-10_18-37-06.924;;-22.08;-17.497;-16.51;
4792;2017-03-10_18-37-07.203;;-22.08;-17.497;-16.51;
4799;2017-03-10_18-37-07.500;;-22.08;-17.497;-16.51;
4807;2017-03-10_18-37-07.795;;-22.08;-17.497;-16.51;
4814;2017-03-10_18-37-08.096;;-22.08;-17.497;-16.51;
4822;2017-03-10_18-37-08.388;;-22.08;-17.497;-16.51;
4829;2017-03-10_18-37-08.685;;-22.08;-17.497;-16.51;
4835;2017-03-10_18-37-08.988;;-22.08;-17.497;-16.51;
4844;2017-03-10_18-37-09.280;;-22.08;-17.497;-16.51;
4852;2017-03-10_18-37-09.577;;-22.08;-17.497;-16.51;
4859;2017-03-10_18-37-09.874;;-22.08;-17.497;-16.51;
4867;2017-03-10_18-37-10.170;;-22.08;-17.497;-16.51;
4874;2017-03-10_18-37-10.471;;-23.892;-15.247;-17.26;
4882;2017-03-10_18-37-10.769;;-23.892;-15.247;-17.26;
4889;2017-03-10_18-37-11.073;;-23.892;-15.247;-17.26;
4897;2017-03-10_18-37-11.360;;-23.892;-15.247;-17.26;
4904;2017-03-10_18-37-11.659;;-23.892;-15.247;-17.26;
4912;2017-03-10_18-37-11.971;;-23.892;-15.247;-17.26;
4919;2017-03-10_18-37-12.249;;-23.892;-15.247;-17.26;
4927;2017-03-10_18-37-12.549;;-23.892;-15.247;-17.26;
4934;2017-03-10_18-37-12.850;;-23.892;-15.247;-17.26;
4942;2017-03-10_18-37-13.148;;-23.892;-15.247;-17.26;
4949;2017-03-10_18-37-13.444;;-23.892;-15.247;-17.26;
4957;2017-03-10_18-37-13.735;;-23.892;-15.247;-17.26;
4964;2017-03-10_18-37-14.039;;-23.892;-15.247;-17.26;
4972;2017-03-10_18-37-14.335;;-23.892;-15.247;-17.26;
4979;2017-03-10_18-37-14.635;;-20.58;-16.747;-21.385;
4987;2017-03-10_18-37-14.929;;-20.58;-16.747;-21.385;
4994;2017-03-10_18-37-15.226;;-20.58;-16.747;-21.385;
5002;2017-03-10_18-37-15.530;;-20.58;-16.747;-21.385;
5009;2017-03-10_18-37-15.820;;-20.58;-16.747;-21.385;
5017;2017-03-10_18-37-16.118;;-20.58;-16.747;-21.385;
5024;2017-03-10_18-37-16.416;;-20.58;-16.747;-21.385;
5032;2017-03-10_18-37-16.711;;-20.58;-16.747;-21.385;
5039;2017-03-10_18-37-17.006;;-20.58;-16.747;-21.385;
5047;2017-03-10_18-37-17.296;;-20.58;-16.747;-21.385;
5054;2017-03-10_18-37-17.595;;-20.58;-16.747;-21.385;
5062;2017-03-10_18-37-17.897;;-20.58;-16.747;-21.385;
5069;2017-03-10_18-37-18.191;;-20.58;-16.747;-21.385;
5077;2017-03-10_18-37-18.487;;-26.517;-17.122;-19.323;
5084;2017-03-10_18-37-18.783;;-26.517;-17.122;-19.323;
5092;2017-03-10_18-37-19.079;;-26.517;-17.122;-19.323;
5099;2017-03-10_18-37-19.381;;-26.517;-17.122;-19.323;
5107;2017-03-10_18-37-19.673;;-26.517;-17.122;-19.323;
5114;2017-03-10_18-37-19.971;;-26.517;-17.122;-19.323;
5122;2017-03-10_18-37-20.266;;-26.517;-17.122;-19.323;
5129;2017-03-10_18-37-20.563;;-26.517;-17.122;-19.323;
5137;2017-03-10_18-37-20.859;;-26.517;-17.122;-19.323;
5144;2017-03-10_18-37-21.158;;-26.517;-17.122;-19.323;
5152;2017-03-10_18-37-21.452;;-26.517;-17.122;-19.323;
5159;2017-03-10_18-37-21.750;;-26.517;-17.122;-19.323;
5167;2017-03-10_18-37-22.049;;-26.517;-17.122;-19.323;
5174;2017-03-10_18-37-22.345;;-26.517;-17.122;-19.323;
