--- LOG START  --- 
4116;2017-03-12_12-43-23.076;;29.138;34.287;-12.56;
4243;2017-03-12_12-43-28.124;;28.013;34.287;-9.997;
4371;2017-03-12_12-43-33.162;;29.888;33.912;-12.122;
4498;2017-03-12_12-43-38.223;;29.888;35.412;-12.497;
4626;2017-03-12_12-43-43.246;;28.388;35.037;-11.685;
4752;2017-03-12_12-43-48.249;;28.388;35.412;-12.935;
4879;2017-03-12_12-43-53.273;;28.763;35.037;-11.622;
5007;2017-03-12_12-43-58.313;;29.138;34.662;-11.622;
5134;2017-03-12_12-44-03.359;;28.763;33.912;-13.685;
5262;2017-03-12_12-44-08.399;;29.513;34.662;-13.685;
5389;2017-03-12_12-44-13.440;;29.138;33.912;-15.372;
5517;2017-03-12_12-44-18.485;;29.513;34.662;-13.247;
5644;2017-03-12_12-44-23.524;;28.763;34.662;-13.685;
5770;2017-03-12_12-44-28.526;;29.888;33.912;-15.747;
5898;2017-03-12_12-44-33.571;;28.388;33.537;-14.06;
6025;2017-03-12_12-44-38.610;;29.138;33.537;-14.06;
6153;2017-03-12_12-44-43.630;;29.888;34.287;-14.497;
6280;2017-03-12_12-44-48.673;;28.013;34.662;-13.997;
6408;2017-03-12_12-44-53.722;;28.388;34.287;-13.997;
6535;2017-03-12_12-44-58.755;;29.138;34.662;-14.435;
6663;2017-03-12_12-45-03.797;;30.263;34.662;-11.06;
6790;2017-03-12_12-45-08.853;;29.138;35.037;-13.997;
6918;2017-03-12_12-45-13.880;;28.763;33.537;-14.435;
7045;2017-03-12_12-45-18.919;;27.638;33.537;-15.685;
7173;2017-03-12_12-45-23.961;;31.013;33.537;-15.247;
7300;2017-03-12_12-45-29.001;;30.263;34.287;-13.122;
7428;2017-03-12_12-45-34.043;;30.638;34.287;-14.435;
7555;2017-03-12_12-45-39.085;;30.263;34.287;-14.122;
7683;2017-03-12_12-45-44.126;;30.263;34.662;-12.872;
7810;2017-03-12_12-45-49.166;;29.888;35.037;-12.935;
7938;2017-03-12_12-45-54.208;;30.263;34.287;-11.31;
8065;2017-03-12_12-45-59.251;;29.888;34.662;-11.872;
8193;2017-03-12_12-46-04.300;;30.263;34.662;-14.81;
8320;2017-03-12_12-46-09.340;;30.263;35.037;-13.685;
8448;2017-03-12_12-46-14.381;;30.263;34.662;-13.685;
8575;2017-03-12_12-46-19.425;;28.763;35.037;-13.31;
8703;2017-03-12_12-46-24.467;;29.825;35.037;-12.935;
8830;2017-03-12_12-46-29.515;;29.138;35.412;-13.747;
8958;2017-03-12_12-46-34.557;;30.2;35.412;-12.56;
9085;2017-03-12_12-46-39.602;;29.45;35.412;-13.872;
9213;2017-03-12_12-46-44.648;;29.45;34.662;-14.685;
9340;2017-03-12_12-46-49.693;;30.575;33.912;-13.872;
9468;2017-03-12_12-46-54.737;;29.45;33.537;-13.935;
9595;2017-03-12_12-46-59.781;;30.2;35.037;-11.497;
9723;2017-03-12_12-47-04.833;;29.45;34.662;-11.497;
9850;2017-03-12_12-47-09.877;;29.825;34.287;-13.185;
9978;2017-03-12_12-47-14.916;;29.825;34.662;-13.185;
10105;2017-03-12_12-47-19.963;;30.575;33.162;-10.747;
10233;2017-03-12_12-47-25.015;;30.575;34.662;-12.435;
10360;2017-03-12_12-47-30.055;;29.825;34.975;-10.372;
10488;2017-03-12_12-47-35.103;;29.075;34.662;-12.06;
10615;2017-03-12_12-47-40.148;;27.95;32.787;-13.747;
10743;2017-03-12_12-47-45.191;;29.825;35.35;-12.497;
10870;2017-03-12_12-47-50.239;;28.7;35.35;-12.497;
10998;2017-03-12_12-47-55.288;;28.7;37.225;-11.685;
11125;2017-03-12_12-48-00.334;;28.7;37.975;-11.31;
11253;2017-03-12_12-48-05.381;;29.075;38.35;-11.31;
11380;2017-03-12_12-48-10.430;;28.7;36.475;-11.31;
11508;2017-03-12_12-48-15.473;;29.075;37.225;-11.747;
11635;2017-03-12_12-48-20.521;;29.45;34.6;-14.685;
11763;2017-03-12_12-48-25.569;;29.825;35.725;-15.497;
11890;2017-03-12_12-48-30.615;;29.45;36.1;-13.872;
12018;2017-03-12_12-48-35.662;;30.2;34.225;-13.06;
12145;2017-03-12_12-48-40.710;;29.825;34.6;-13.497;
12273;2017-03-12_12-48-45.762;;29.45;35.725;-14.31;
12400;2017-03-12_12-48-50.805;;29.825;37.6;-13.497;
12528;2017-03-12_12-48-55.853;;29.825;35.35;-11.497;
12655;2017-03-12_12-49-00.900;;29.825;35.725;-10.685;
12783;2017-03-12_12-49-05.947;;30.888;34.6;-11.935;
12910;2017-03-12_12-49-10.998;;30.575;33.1;-12.747;
13038;2017-03-12_12-49-16.045;;30.2;34.975;-12.372;
13165;2017-03-12_12-49-21.093;;30.2;34.225;-13.185;
13293;2017-03-12_12-49-26.151;;29.825;34.6;-11.997;
13420;2017-03-12_12-49-31.187;;29.825;36.475;-11.997;
13548;2017-03-12_12-49-36.239;;29.45;36.475;-12.372;
13675;2017-03-12_12-49-41.285;;30.138;37.225;-11.185;
13803;2017-03-12_12-49-46.335;;30.138;35.35;-11.185;
13930;2017-03-12_12-49-51.385;;29.763;35.725;-14.497;
14058;2017-03-12_12-49-56.431;;29.075;35.725;-13.31;
14185;2017-03-12_12-50-01.479;;29.45;35.725;-14.122;
14313;2017-03-12_12-50-06.529;;29.388;36.85;-14.122;
14440;2017-03-12_12-50-11.578;;29.013;36.475;-14.185;
14568;2017-03-12_12-50-16.625;;29.388;35.35;-13.747;
14695;2017-03-12_12-50-21.678;;29.388;35.35;-11.247;
14823;2017-03-12_12-50-26.726;;29.013;34.975;-12.122;
14950;2017-03-12_12-50-31.773;;29.763;33.85;-14.185;
15078;2017-03-12_12-50-36.825;;29.763;35.725;-12.122;
15205;2017-03-12_12-50-41.872;;29.013;35.725;-12.56;
15333;2017-03-12_12-50-46.921;;29.013;37.975;-11.31;
15460;2017-03-12_12-50-51.971;;29.763;34.225;-14.247;
15588;2017-03-12_12-50-57.020;;31.263;31.6;-15.872;
15715;2017-03-12_12-51-02.068;;30.138;34.975;-14.247;
15843;2017-03-12_12-51-07.119;;30.513;35.35;-11.81;
15970;2017-03-12_12-51-12.165;;29.013;36.475;-11.435;
16098;2017-03-12_12-51-17.215;;30.138;34.225;-13.06;
16225;2017-03-12_12-51-22.263;;30.513;34.225;-13.435;
16353;2017-03-12_12-51-27.314;;30.513;33.1;-14.622;
16480;2017-03-12_12-51-32.365;;30.888;33.1;-13.81;
16608;2017-03-12_12-51-37.417;;30.888;32.725;-13.872;
16735;2017-03-12_12-51-42.465;;29.763;34.6;-13.435;
16863;2017-03-12_12-51-47.515;;29.013;37.225;-13.872;
16990;2017-03-12_12-51-52.566;;29.013;35.725;-12.685;
17118;2017-03-12_12-51-57.594;;-25.407;11.27;-14.452;
17244;2017-03-12_12-52-02.626;;-27.282;8.708;-14.452;
17370;2017-03-12_12-52-07.631;;-3.077;-0.115;-27.257;
17498;2017-03-12_12-52-12.643;;19.235;17.385;-7.944;
17625;2017-03-12_12-52-17.675;;22.235;15.135;-3.382;
17752;2017-03-12_12-52-22.701;;24.485;9.572;-1.694;
17879;2017-03-12_12-52-27.748;;24.11;12.885;-2.632;
18006;2017-03-12_12-52-32.759;;11.798;22.197;-12.569;
18133;2017-03-12_12-52-37.790;;2.11;23.697;-13.444;
18260;2017-03-12_12-52-42.819;;18.11;18.822;-6.507;
18387;2017-03-12_12-52-47.868;;22.923;15.885;-4.944;
18514;2017-03-12_12-52-52.919;;24.423;13.635;1.993;
18642;2017-03-12_12-52-57.950;;9.923;23.322;-5.819;
18769;2017-03-12_12-53-02.977;;-3.077;28.51;10.118;
18896;2017-03-12_12-53-08.009;;-17.202;23.322;7.181;
19023;2017-03-12_12-53-13.041;;-13.515;20.697;7.556;
19150;2017-03-12_12-53-18.068;;-21.327;20.322;5.118;
19277;2017-03-12_12-53-23.100;;11.798;30.01;-5.569;
19404;2017-03-12_12-53-28.133;;0.235;30.385;11.993;
19531;2017-03-12_12-53-33.161;;-20.952;15.51;6.243;
19658;2017-03-12_12-53-38.192;;-21.327;16.947;8.681;
19785;2017-03-12_12-53-43.225;;-1.64;24.385;15.618;
19912;2017-03-12_12-53-48.257;;-4.577;19.947;20.056;
20039;2017-03-12_12-53-53.287;;2.86;24.76;16.368;
20166;2017-03-12_12-53-58.319;;-23.202;13.635;5.368;
20293;2017-03-12_12-54-03.350;;-6.827;24.01;15.931;
20420;2017-03-12_12-54-08.382;;-12.39;19.197;15.118;
20547;2017-03-12_12-54-13.412;;-16.515;21.072;10.618;
20674;2017-03-12_12-54-19.370;;-14.64;22.197;7.743;
20824;2017-03-12_12-54-24.389;;-3.452;24.385;15.556;
20951;2017-03-12_12-54-29.418;;-3.452;24.385;15.556;
21077;2017-03-12_12-54-34.433;;1.36;24.385;17.931;
21204;2017-03-12_12-54-40.354;;-1.64;26.26;17.556;
21342;2017-03-12_12-54-45.357;;-12.39;27.01;0.431;
21480;2017-03-12_12-54-50.378;;5.423;25.885;17.493;
21607;2017-03-12_12-54-55.412;;2.485;24.385;16.743;
21733;2017-03-12_12-55-01.323;;2.86;24.385;15.931;
21867;2017-03-12_12-55-06.366;;2.86;24.385;15.931;
22010;2017-03-12_12-55-11.377;;2.485;20.322;-18.757;
22137;2017-03-12_12-55-16.413;;-19.827;9.51;-2.007;
22263;2017-03-12_12-55-21.416;;-18.327;6.197;-9.319;
22390;2017-03-12_12-55-26.433;;7.298;26.635;1.243;
22517;2017-03-12_12-55-31.464;;7.298;26.635;1.243;
22644;2017-03-12_12-55-36.498;;-0.14;26.635;10.243;
22769;2017-03-12_12-55-42.321;;0.235;18.822;22.431;
22896;2017-03-12_12-55-47.322;;13.235;22.197;0.868;
23030;2017-03-12_12-55-52.323;;13.235;21.822;1.243;
23170;2017-03-12_12-55-57.339;;20.673;-10.553;19.181;
23286;2017-03-12_12-56-02.341;;3.985;26.635;15.931;
23413;2017-03-12_12-56-07.383;;6.173;22.197;18.368;
23532;2017-03-12_12-56-12.413;;0.083;24.943;8.606;
23677;2017-03-12_12-56-17.428;;1.208;23.068;12.231;
23804;2017-03-12_12-56-22.458;;1.583;21.943;-3.207;
23931;2017-03-12_12-56-28.320;;1.208;21.943;-3.207;
24055;2017-03-12_12-56-33.324;;-0.667;21.255;-4.832;
24204;2017-03-12_12-56-38.328;;-1.417;20.505;-4.394;
24326;2017-03-12_12-56-43.330;;-1.417;19.38;-8.519;
24435;2017-03-12_12-56-48.330;;-1.417;19.38;-8.519;
24560;2017-03-12_12-56-53.333;;-0.667;19.755;-8.144;
24709;2017-03-12_12-56-58.338;;-0.292;20.13;-10.144;
24812;2017-03-12_12-57-03.346;;-2.167;19.005;-10.582;
24962;2017-03-12_12-57-08.382;;-2.167;19.005;-10.582;
25090;2017-03-12_12-57-13.433;;-2.917;19.38;-10.144;
25217;2017-03-12_12-57-18.486;;-0.292;20.13;-8.519;
25343;2017-03-12_12-57-24.326;;0.458;21.255;-7.207;
25469;2017-03-12_12-57-29.339;;-0.292;20.505;-7.644;
25618;2017-03-12_12-57-34.356;;-0.292;20.505;-7.644;
25745;2017-03-12_12-57-39.406;;1.208;20.88;-8.019;
25873;2017-03-12_12-57-45.055;;-0.667;20.88;-8.019;
25999;2017-03-12_12-57-50.322;;-1.792;20.88;-9.644;
26147;2017-03-12_12-57-55.336;;-1.792;20.88;-9.644;
26262;2017-03-12_12-58-00.337;;-1.042;20.88;-10.457;
26378;2017-03-12_12-58-05.349;;-2.917;20.88;-11.707;
26527;2017-03-12_12-58-10.369;;-2.917;20.88;-11.707;
26654;2017-03-12_12-58-15.422;;-1.792;19.755;-10.457;
26782;2017-03-12_12-58-20.472;;0.833;19.38;-8.019;
26908;2017-03-12_12-58-26.328;;1.958;19.755;-8.832;
27035;2017-03-12_12-58-31.368;;2.333;20.505;-8.832;
27184;2017-03-12_12-58-36.399;;2.333;20.505;-8.832;
27311;2017-03-12_12-58-41.449;;1.583;19.755;-9.644;
27437;2017-03-12_12-58-47.314;;3.083;19.755;-7.644;
27565;2017-03-12_12-58-52.319;;2.333;20.88;-8.832;
27713;2017-03-12_12-58-57.374;;2.333;20.88;-8.832;
27840;2017-03-12_12-59-02.375;;-1.417;19.38;-10.019;
27966;2017-03-12_12-59-07.381;;0.083;20.505;-8.769;
28092;2017-03-12_12-59-12.385;;-0.667;20.88;-10.394;
28218;2017-03-12_12-59-17.399;;-0.667;20.13;-9.207;
28333;2017-03-12_12-59-22.402;;-2.167;19.38;-10.832;
28471;2017-03-12_12-59-27.439;;-1.792;19.38;-10.082;
28599;2017-03-12_12-59-33.322;;-1.792;19.38;-10.082;
28747;2017-03-12_12-59-38.376;;-2.167;19.005;-10.457;
28875;2017-03-12_12-59-43.426;;-2.917;18.255;-11.269;
29002;2017-03-12_12-59-49.328;;4.52;9.693;-16.582;
29129;2017-03-12_12-59-54.330;;3.458;9.693;-17.394;
29277;2017-03-12_12-59-59.333;;3.458;9.693;-17.394;
29383;2017-03-12_13-00-04.357;;16.083;-15.557;-10.457;
29531;2017-03-12_13-00-09.394;;14.583;4.88;-13.707;
29658;2017-03-12_13-00-14.424;;13.833;8.193;13.231;
29785;2017-03-12_13-00-19.458;;13.833;8.193;13.231;
29911;2017-03-12_13-00-25.321;;16.083;14.505;14.418;
30052;2017-03-12_13-00-30.321;;16.083;14.505;14.418;
30166;2017-03-12_13-00-35.322;;16.458;14.505;14.856;
30312;2017-03-12_13-00-40.333;;16.458;14.88;15.231;
30438;2017-03-12_13-00-45.346;;15.708;11.943;17.293;
30565;2017-03-12_13-00-50.396;;15.708;11.943;17.293;
30693;2017-03-12_13-00-55.425;;27.958;19.38;7.918;
30820;2017-03-12_13-01-00.460;;26.52;12.318;13.231;
30946;2017-03-12_13-01-06.340;;6.395;12.318;26.668;
31095;2017-03-12_13-01-11.350;;6.395;12.318;26.668;
31221;2017-03-12_13-01-16.386;;6.02;17.13;27.918;
31349;2017-03-12_13-01-21.439;;2.708;13.443;27.168;
31476;2017-03-12_13-01-27.374;;-1.042;14.193;28.793;
31624;2017-03-12_13-01-32.382;;-1.042;14.193;28.793;
31753;2017-03-12_13-01-37.416;;-12.542;-31.932;28.418;
31880;2017-03-12_13-01-42.447;;-11.792;-33.057;25.918;
32006;2017-03-12_13-01-48.314;;-18.105;-32.307;22.231;
32132;2017-03-12_13-01-53.333;;-18.855;-29.745;23.981;
32275;2017-03-12_13-01-58.335;;-18.855;-29.745;23.981;
32408;2017-03-12_13-02-03.358;;-17.042;-25.245;30.106;
32534;2017-03-12_13-02-08.368;;-17.042;-25.245;30.106;
32642;2017-03-12_13-02-13.368;;-17.417;-31.932;24.856;
32776;2017-03-12_13-02-18.370;;-17.417;-31.932;24.856;
32914;2017-03-12_13-02-23.400;;4.958;15.255;-17.269;
33041;2017-03-12_13-02-28.430;;4.958;15.255;-17.269;
33168;2017-03-12_13-02-34.333;;-17.792;-24.87;-11.144;
33317;2017-03-12_13-02-39.359;;16.833;12.318;-22.144;
33443;2017-03-12_13-02-44.370;;20.958;6.005;-26.269;
33570;2017-03-12_13-02-49.404;;27.27;9.318;-23.707;
33697;2017-03-12_13-02-54.448;;26.145;9.318;-23.582;
33823;2017-03-12_13-02-59.450;;26.208;8.255;-23.457;
33951;2017-03-12_13-03-04.503;;-2.105;-35.37;-17.582;
34078;2017-03-12_13-03-09.540;;-2.105;-36.495;-18.394;
34206;2017-03-12_13-03-14.579;;-3.605;-36.87;-19.082;
34333;2017-03-12_13-03-19.624;;-1.73;-34.995;-18.207;
34461;2017-03-12_13-03-24.669;;0.145;-35.745;-17.644;
34588;2017-03-12_13-03-29.718;;-0.98;-35.745;-16.832;
34716;2017-03-12_13-03-34.761;;0.52;-37.995;-15.644;
34843;2017-03-12_13-03-39.806;;0.145;-36.87;-15.332;
34971;2017-03-12_13-03-44.851;;0.145;-37.995;-16.582;
35098;2017-03-12_13-03-49.896;;0.145;-36.87;-17.019;
35226;2017-03-12_13-03-54.945;;-0.605;-36.495;-17.519;
35353;2017-03-12_13-03-59.991;;-5.48;-34.245;-17.144;
35481;2017-03-12_13-04-05.035;;-5.855;-34.62;-20.457;
