--- LOG START  --- 
287;2017-03-08_21-54-27.387;;14.911;-17.106;-37.605;
294;2017-03-08_21-54-27.688;;14.911;-17.106;-37.605;
302;2017-03-08_21-54-27.982;;14.911;-17.106;-37.605;
309;2017-03-08_21-54-28.283;;14.911;-17.106;-37.605;
317;2017-03-08_21-54-28.577;;14.911;-17.106;-37.605;
324;2017-03-08_21-54-28.875;;14.911;-17.106;-37.605;
332;2017-03-08_21-54-29.172;;14.911;-17.106;-37.605;
339;2017-03-08_21-54-29.469;;14.911;-17.106;-37.605;
347;2017-03-08_21-54-29.776;;14.911;-17.106;-37.605;
354;2017-03-08_21-54-30.069;;14.911;-17.106;-37.605;
362;2017-03-08_21-54-30.361;;14.911;-17.106;-37.605;
369;2017-03-08_21-54-30.659;;14.911;-17.106;-37.605;
377;2017-03-08_21-54-30.955;;14.911;-17.106;-37.605;
384;2017-03-08_21-54-31.271;;14.911;-17.106;-37.605;
392;2017-03-08_21-54-31.550;;14.911;-17.856;-37.543;
399;2017-03-08_21-54-31.847;;14.911;-17.856;-37.543;
407;2017-03-08_21-54-32.157;;14.911;-17.856;-37.543;
414;2017-03-08_21-54-32.444;;14.911;-17.856;-37.543;
422;2017-03-08_21-54-32.739;;14.911;-17.856;-37.543;
428;2017-03-08_21-54-33.003;;14.911;-17.856;-37.543;
435;2017-03-08_21-54-33.277;;14.911;-17.856;-37.543;
443;2017-03-08_21-54-33.579;;14.911;-17.856;-37.543;
450;2017-03-08_21-54-33.876;;14.911;-17.856;-37.543;
458;2017-03-08_21-54-34.167;;14.911;-17.856;-37.543;
465;2017-03-08_21-54-34.463;;14.911;-17.856;-37.543;
473;2017-03-08_21-54-34.770;;14.911;-17.856;-37.543;
480;2017-03-08_21-54-35.080;;14.911;-17.856;-37.543;
488;2017-03-08_21-54-35.371;;14.911;-17.856;-37.543;
495;2017-03-08_21-54-35.654;;-1.089;-10.043;-33.293;
503;2017-03-08_21-54-35.951;;-1.089;-10.043;-33.293;
510;2017-03-08_21-54-36.248;;-1.089;-10.043;-33.293;
518;2017-03-08_21-54-36.579;;-1.089;-10.043;-33.293;
525;2017-03-08_21-54-36.843;;-1.089;-10.043;-33.293;
533;2017-03-08_21-54-37.143;;-1.089;-10.043;-33.293;
540;2017-03-08_21-54-37.436;;-1.089;-10.043;-33.293;
548;2017-03-08_21-54-37.733;;-1.089;-10.043;-33.293;
555;2017-03-08_21-54-38.032;;-1.089;-10.043;-33.293;
563;2017-03-08_21-54-38.328;;-1.089;-10.043;-33.293;
570;2017-03-08_21-54-38.626;;-1.089;-10.043;-33.293;
578;2017-03-08_21-54-38.924;;-1.089;-10.043;-33.293;
585;2017-03-08_21-54-39.221;;-1.089;-10.043;-33.293;
593;2017-03-08_21-54-39.518;;1.911;-11.543;-31.98;
600;2017-03-08_21-54-39.814;;1.911;-11.543;-31.98;
608;2017-03-08_21-54-40.120;;1.911;-11.543;-31.98;
615;2017-03-08_21-54-40.419;;1.911;-11.543;-31.98;
623;2017-03-08_21-54-40.706;;1.911;-11.543;-31.98;
630;2017-03-08_21-54-41.009;;1.911;-11.543;-31.98;
638;2017-03-08_21-54-41.300;;1.911;-11.543;-31.98;
645;2017-03-08_21-54-41.598;;1.911;-11.543;-31.98;
653;2017-03-08_21-54-41.895;;1.911;-11.543;-31.98;
660;2017-03-08_21-54-42.208;;1.911;-11.543;-31.98;
668;2017-03-08_21-54-42.490;;1.911;-11.543;-31.98;
675;2017-03-08_21-54-42.791;;1.911;-11.543;-31.98;
683;2017-03-08_21-54-43.091;;1.911;-11.543;-31.98;
690;2017-03-08_21-54-43.382;;1.911;-11.543;-31.98;
