--- LOG START  --- 
8242;2017-03-12_12-43-23.076;;0.256;0.254;9.901;
8497;2017-03-12_12-43-28.125;;0.275;0.256;9.901;
8752;2017-03-12_12-43-33.163;;0.261;0.263;9.915;
9007;2017-03-12_12-43-38.224;;0.273;0.271;9.903;
9262;2017-03-12_12-43-43.247;;0.263;0.249;9.889;
9514;2017-03-12_12-43-48.250;;0.275;0.259;9.906;
9769;2017-03-12_12-43-53.274;;0.273;0.256;9.913;
10024;2017-03-12_12-43-58.314;;0.283;0.259;9.891;
10279;2017-03-12_12-44-03.359;;0.256;0.259;9.899;
10534;2017-03-12_12-44-08.400;;0.29;0.263;9.889;
10789;2017-03-12_12-44-13.441;;0.275;0.263;9.913;
11044;2017-03-12_12-44-18.485;;0.278;0.263;9.906;
11299;2017-03-12_12-44-23.525;;0.268;0.268;9.891;
11551;2017-03-12_12-44-28.526;;0.28;0.249;9.884;
11806;2017-03-12_12-44-33.571;;0.285;0.268;9.913;
12061;2017-03-12_12-44-38.612;;0.29;0.259;9.899;
12316;2017-03-12_12-44-43.631;;0.28;0.259;9.906;
12571;2017-03-12_12-44-48.674;;0.275;0.275;9.901;
12826;2017-03-12_12-44-53.723;;0.287;0.271;9.927;
13081;2017-03-12_12-44-58.756;;0.275;0.259;9.889;
13336;2017-03-12_12-45-03.797;;0.29;0.271;9.911;
13591;2017-03-12_12-45-08.854;;0.29;0.256;9.899;
13846;2017-03-12_12-45-13.881;;0.28;0.263;9.891;
14101;2017-03-12_12-45-18.920;;0.287;0.266;9.889;
14356;2017-03-12_12-45-23.962;;0.302;0.266;9.903;
14611;2017-03-12_12-45-29.002;;0.278;0.266;9.896;
14866;2017-03-12_12-45-34.045;;0.275;0.261;9.896;
15121;2017-03-12_12-45-39.087;;0.283;0.285;9.879;
15376;2017-03-12_12-45-44.128;;0.299;0.254;9.894;
15631;2017-03-12_12-45-49.168;;0.275;0.29;9.889;
15886;2017-03-12_12-45-54.209;;0.271;0.28;9.863;
16141;2017-03-12_12-45-59.253;;0.278;0.256;9.884;
16396;2017-03-12_12-46-04.301;;0.283;0.254;9.875;
16651;2017-03-12_12-46-09.343;;0.268;0.275;9.872;
16906;2017-03-12_12-46-14.383;;0.268;0.273;9.884;
17161;2017-03-12_12-46-19.428;;0.268;0.266;9.865;
17416;2017-03-12_12-46-24.468;;0.266;0.275;9.875;
17671;2017-03-12_12-46-29.520;;0.256;0.256;9.884;
17926;2017-03-12_12-46-34.559;;0.259;0.259;9.879;
18181;2017-03-12_12-46-39.605;;0.242;0.283;9.856;
18436;2017-03-12_12-46-44.650;;0.268;0.263;9.863;
18691;2017-03-12_12-46-49.697;;0.278;0.247;9.865;
18946;2017-03-12_12-46-54.739;;0.268;0.261;9.87;
19201;2017-03-12_12-46-59.783;;0.271;0.256;9.877;
19456;2017-03-12_12-47-04.836;;0.256;0.249;9.865;
19711;2017-03-12_12-47-09.889;;0.268;0.259;9.851;
19966;2017-03-12_12-47-14.918;;0.263;0.244;9.865;
20221;2017-03-12_12-47-19.966;;0.249;0.249;9.856;
20476;2017-03-12_12-47-25.017;;0.266;0.259;9.86;
20731;2017-03-12_12-47-30.060;;0.244;0.273;9.872;
20986;2017-03-12_12-47-35.107;;0.244;0.251;9.87;
21241;2017-03-12_12-47-40.151;;0.247;0.244;9.853;
21496;2017-03-12_12-47-45.192;;0.259;0.256;9.865;
21751;2017-03-12_12-47-50.240;;0.266;0.247;9.865;
22006;2017-03-12_12-47-55.290;;0.271;0.251;9.86;
22261;2017-03-12_12-48-00.337;;0.254;0.244;9.856;
22516;2017-03-12_12-48-05.383;;0.249;0.244;9.882;
22771;2017-03-12_12-48-10.433;;0.275;0.24;9.844;
23026;2017-03-12_12-48-15.475;;0.268;0.251;9.872;
23281;2017-03-12_12-48-20.523;;0.247;0.256;9.856;
23536;2017-03-12_12-48-25.571;;0.244;0.247;9.856;
23791;2017-03-12_12-48-30.618;;0.256;0.232;9.872;
24046;2017-03-12_12-48-35.663;;0.256;0.237;9.865;
24301;2017-03-12_12-48-40.714;;0.254;0.237;9.853;
24556;2017-03-12_12-48-45.763;;0.254;0.254;9.858;
24811;2017-03-12_12-48-50.807;;0.259;0.228;9.863;
25066;2017-03-12_12-48-55.854;;0.235;0.235;9.858;
25321;2017-03-12_12-49-00.908;;0.244;0.247;9.875;
25576;2017-03-12_12-49-05.948;;0.256;0.249;9.863;
25831;2017-03-12_12-49-11.001;;0.251;0.249;9.848;
26086;2017-03-12_12-49-16.047;;0.237;0.242;9.879;
26341;2017-03-12_12-49-21.096;;0.242;0.237;9.858;
26596;2017-03-12_12-49-26.151;;0.256;0.232;9.853;
26851;2017-03-12_12-49-31.188;;0.256;0.247;9.865;
27106;2017-03-12_12-49-36.239;;0.266;0.254;9.863;
27361;2017-03-12_12-49-41.287;;0.249;0.263;9.867;
27616;2017-03-12_12-49-46.336;;0.249;0.235;9.853;
27871;2017-03-12_12-49-51.388;;0.268;0.244;9.86;
28126;2017-03-12_12-49-56.433;;0.249;0.244;9.865;
28381;2017-03-12_12-50-01.483;;0.247;0.237;9.891;
28636;2017-03-12_12-50-06.530;;0.249;0.237;9.858;
28891;2017-03-12_12-50-11.581;;0.237;0.24;9.858;
29146;2017-03-12_12-50-16.627;;0.23;0.242;9.836;
29401;2017-03-12_12-50-21.683;;0.247;0.235;9.846;
29656;2017-03-12_12-50-26.729;;0.242;0.247;9.879;
29911;2017-03-12_12-50-31.781;;0.254;0.232;9.865;
30166;2017-03-12_12-50-36.829;;0.24;0.235;9.867;
30421;2017-03-12_12-50-41.874;;0.237;0.23;9.966;
30676;2017-03-12_12-50-46.923;;0.235;0.254;9.853;
30931;2017-03-12_12-50-51.977;;0.244;0.225;9.858;
31186;2017-03-12_12-50-57.021;;0.242;0.242;9.858;
31441;2017-03-12_12-51-02.071;;0.242;0.247;9.863;
31696;2017-03-12_12-51-07.123;;0.251;0.228;9.841;
31951;2017-03-12_12-51-12.168;;0.247;0.237;9.853;
32206;2017-03-12_12-51-17.216;;0.242;0.235;9.844;
32461;2017-03-12_12-51-22.264;;0.244;0.237;9.867;
32716;2017-03-12_12-51-27.316;;0.244;0.237;9.863;
32971;2017-03-12_12-51-32.368;;0.24;0.23;9.86;
33226;2017-03-12_12-51-37.419;;0.237;0.244;9.872;
33481;2017-03-12_12-51-42.468;;0.237;0.244;9.851;
33736;2017-03-12_12-51-47.517;;0.235;0.235;9.848;
33991;2017-03-12_12-51-52.570;;0.268;0.23;9.851;
34246;2017-03-12_12-51-57.573;;0.704;0.134;9.796;
34499;2017-03-12_12-52-02.627;;0.719;0.292;9.841;
34751;2017-03-12_12-52-07.632;;6.704;-0.117;7.089;
35007;2017-03-12_12-52-12.646;;-4.79;-8.28;-1.782;
35260;2017-03-12_12-52-17.653;;-5.08;-8.04;-1.808;
35513;2017-03-12_12-52-22.662;;-5.796;-7.731;-1.914;
35765;2017-03-12_12-52-27.698;;-4.871;-8.107;-2.141;
36020;2017-03-12_12-52-32.698;;-2.23;-9.312;-1.71;
36273;2017-03-12_12-52-37.710;;2.055;-9.669;-0.067;
36526;2017-03-12_12-52-42.720;;-3.94;-8.682;-1.866;
36778;2017-03-12_12-52-47.751;;-4.481;-8.68;-1.794;
37033;2017-03-12_12-52-52.805;;-4.531;-9;-1.14;
37288;2017-03-12_12-52-57.811;;1.724;-9.712;-0.695;
37541;2017-03-12_12-53-02.826;;2.191;-6.445;1.267;
37794;2017-03-12_12-53-07.830;;1.442;-9.223;1.42;
38047;2017-03-12_12-53-12.841;;1.715;-9.683;2.929;
38300;2017-03-12_12-53-17.853;;3.245;-8.586;1.815;
38553;2017-03-12_12-53-22.865;;7.942;-12.77;4.915;
38806;2017-03-12_12-53-27.873;;-0.175;-10.121;0.189;
39059;2017-03-12_12-53-32.887;;3.3;-9.776;0.821;
39312;2017-03-12_12-53-37.897;;3.154;-9.194;0.244;
39565;2017-03-12_12-53-42.911;;3.729;-8.294;-1.123;
39818;2017-03-12_12-53-47.920;;1.648;-9.839;1.181;
40071;2017-03-12_12-53-52.932;;3.705;-9.973;2.122;
40324;2017-03-12_12-53-57.943;;3.549;-9.046;0.235;
40577;2017-03-12_12-54-02.957;;3.296;-9.209;-0.319;
40830;2017-03-12_12-54-07.966;;1.54;-9.705;0.175;
41056;2017-03-12_12-54-13.338;;1.674;-9.721;0.845;
41337;2017-03-12_12-54-18.338;;-1.688;-9.654;-0.946;
41562;2017-03-12_12-54-23.345;;-1.688;-9.654;-0.946;
41821;2017-03-12_12-54-28.345;;-4.048;-8.488;-1.88;
42094;2017-03-12_12-54-33.346;;-2.8;-8.739;-1.063;
42340;2017-03-12_12-54-38.425;;-3.267;-9.044;-0.848;
42621;2017-03-12_12-54-43.446;;-1.88;-9.769;-0.026;
42874;2017-03-12_12-54-49.340;;-3.703;-10.054;-0.762;
43171;2017-03-12_12-54-54.348;;-3.703;-10.054;-0.762;
43372;2017-03-12_12-54-59.435;;-4.031;-9.068;-0.594;
43681;2017-03-12_12-55-04.486;;-4.191;-8.871;-0.304;
43933;2017-03-12_12-55-10.350;;2.692;-9.353;0.395;
44232;2017-03-12_12-55-15.359;;2.385;-7.966;0.965;
44431;2017-03-12_12-55-20.413;;3.849;-9.036;1.238;
44740;2017-03-12_12-55-25.422;;3.849;-9.036;1.238;
44993;2017-03-12_12-55-31.340;;2.84;-8.234;1.437;
45291;2017-03-12_12-55-36.340;;4.117;-8.778;0.901;
45500;2017-03-12_12-55-41.353;;-4.742;-7.456;-2.069;
45797;2017-03-12_12-55-46.362;;1.894;-8.972;-0.929;
46050;2017-03-12_12-55-51.373;;1.894;-8.972;-0.929;
46303;2017-03-12_12-55-56.389;;-14.523;-4.218;-1.605;
46500;2017-03-12_12-56-01.416;;-4.155;-8.521;0.371;
46810;2017-03-12_12-56-06.432;;-3.157;-9.422;1.09;
47063;2017-03-12_12-56-11.442;;8.292;-13.264;3.585;
47316;2017-03-12_12-56-16.456;;2.62;-7.777;-0.647;
47568;2017-03-12_12-56-22.340;;-8.371;-4.934;1.186;
47823;2017-03-12_12-56-27.382;;-8.371;-4.934;1.186;
48118;2017-03-12_12-56-32.383;;-8.411;-5.061;1.008;
48373;2017-03-12_12-56-37.440;;-8.387;-5.056;1.013;
48628;2017-03-12_12-56-43.332;;-8.332;-5.101;1.245;
48881;2017-03-12_12-56-48.338;;-8.332;-5.101;1.245;
49131;2017-03-12_12-56-53.348;;-8.256;-5.19;1.233;
49431;2017-03-12_12-56-58.400;;-8.301;-5.147;1.255;
49686;2017-03-12_12-57-03.449;;-8.342;-5.111;1.198;
49941;2017-03-12_12-57-09.331;;-8.363;-5.077;1.303;
50193;2017-03-12_12-57-14.357;;-8.363;-5.077;1.303;
50490;2017-03-12_12-57-19.381;;-8.368;-5.111;1.231;
50745;2017-03-12_12-57-24.431;;-8.375;-5.087;1.269;
51000;2017-03-12_12-57-30.333;;-8.359;-5.149;1.233;
51297;2017-03-12_12-57-35.366;;-8.359;-5.149;1.233;
51512;2017-03-12_12-57-40.366;;-8.351;-5.125;1.327;
51792;2017-03-12_12-57-46.338;;-8.351;-5.125;1.327;
52067;2017-03-12_12-57-51.339;;-8.395;-5.173;1.219;
52356;2017-03-12_12-57-56.344;;-8.217;-5.303;1.008;
52563;2017-03-12_12-58-01.353;;-8.217;-5.303;1.008;
52863;2017-03-12_12-58-06.389;;-8.275;-5.056;1.31;
53118;2017-03-12_12-58-11.440;;-8.275;-5.056;1.31;
53373;2017-03-12_12-58-16.492;;-8.402;-5.044;1.083;
53625;2017-03-12_12-58-22.343;;-8.43;-4.962;1.154;
53909;2017-03-12_12-58-27.343;;-8.505;-5.013;1.2;
54148;2017-03-12_12-58-32.344;;-8.423;-4.97;1.157;
54426;2017-03-12_12-58-37.353;;-8.45;-4.953;1.169;
54674;2017-03-12_12-58-42.354;;-8.442;-4.965;1.174;
54933;2017-03-12_12-58-47.393;;-8.442;-4.965;1.174;
55188;2017-03-12_12-58-53.342;;-8.347;-5.113;1.291;
55488;2017-03-12_12-58-58.387;;-8.318;-5.037;1.324;
55742;2017-03-12_12-59-03.390;;-8.445;-4.929;1.145;
55994;2017-03-12_12-59-08.392;;-8.454;-4.951;1.145;
56246;2017-03-12_12-59-13.394;;-8.445;-4.929;1.123;
56497;2017-03-12_12-59-18.412;;-8.44;-4.939;1.138;
56752;2017-03-12_12-59-24.370;;-8.45;-4.936;1.128;
57052;2017-03-12_12-59-29.402;;-8.45;-4.936;1.128;
57307;2017-03-12_12-59-35.331;;-8.45;-4.922;1.152;
57604;2017-03-12_12-59-40.338;;-8.471;-4.869;1.365;
57813;2017-03-12_12-59-45.362;;-8.929;-3.952;1.794;
58113;2017-03-12_12-59-50.379;;-8.929;-3.952;1.794;
58366;2017-03-12_12-59-55.391;;-8.883;-3.837;2.062;
58619;2017-03-12_13-00-00.405;;-8.883;-3.837;2.062;
58872;2017-03-12_13-00-05.412;;-12.102;-2.433;-0.901;
59125;2017-03-12_13-00-10.425;;-12.102;-2.433;-0.901;
59378;2017-03-12_13-00-16.345;;-3.243;-9.642;-0.065;
59677;2017-03-12_13-00-21.359;;-0.022;-12.49;0.005;
59886;2017-03-12_13-00-26.359;;-1.123;-9.633;-0.733;
60174;2017-03-12_13-00-31.361;;-1.123;-9.633;-0.733;
60402;2017-03-12_13-00-36.361;;-1.336;-9.63;-0.695;
60687;2017-03-12_13-00-41.366;;-1.135;-9.578;-0.922;
60940;2017-03-12_13-00-46.415;;-0.673;-9.76;-0.948;
61195;2017-03-12_13-00-52.336;;-0.673;-9.76;-0.948;
61449;2017-03-12_13-00-57.349;;-0.141;-9.278;-4.052;
61747;2017-03-12_13-01-02.361;;-0.96;-9.266;-2.599;
62000;2017-03-12_13-01-07.371;;-2.179;-9.233;-1.71;
62253;2017-03-12_13-01-12.383;;-3.226;-9.206;-0.275;
62498;2017-03-12_13-01-17.579;;-1.459;-9.64;-0.074;
62768;2017-03-12_13-01-22.625;;-3.075;-9.269;-1.159;
63016;2017-03-12_13-01-28.356;;0.086;-9.017;-2.46;
63313;2017-03-12_13-01-33.375;;3.293;-1.835;-9.147;
63566;2017-03-12_13-01-38.386;;3.293;-1.835;-9.147;
63819;2017-03-12_13-01-43.399;;2.975;-1.633;-9.331;
64072;2017-03-12_13-01-48.406;;3.961;-1.88;-9.024;
64323;2017-03-12_13-01-53.418;;3.564;-1.801;-9.077;
64578;2017-03-12_13-01-59.346;;3.509;-1.997;-9.851;
64877;2017-03-12_13-02-05.368;;2.699;-3.3;-8.663;
65181;2017-03-12_13-02-10.370;;2.699;-3.3;-8.663;
65396;2017-03-12_13-02-15.370;;3.166;-2;-9.307;
65686;2017-03-12_13-02-20.371;;1.226;-9.527;-4.038;
65909;2017-03-12_13-02-25.375;;-2.187;-9.214;-1.274;
66192;2017-03-12_13-02-30.393;;4.716;0.762;8.141;
66419;2017-03-12_13-02-35.393;;4.716;0.762;8.141;
66698;2017-03-12_13-02-40.408;;-2.872;2.967;9.537;
66950;2017-03-12_13-02-45.440;;-0.089;-0.163;9.863;
67204;2017-03-12_13-02-50.469;;-0.081;-0.129;9.896;
67456;2017-03-12_13-02-55.475;;-0.091;-0.122;9.896;
67711;2017-03-12_13-03-00.513;;-0.038;-0.153;9.915;
67963;2017-03-12_13-03-05.519;;-1.77;1.298;9.523;
68218;2017-03-12_13-03-10.555;;0.041;0.223;9.911;
68473;2017-03-12_13-03-15.589;;0.065;0.22;9.894;
68728;2017-03-12_13-03-20.634;;0.096;0.271;9.927;
68983;2017-03-12_13-03-25.685;;0.096;0.23;9.925;
69238;2017-03-12_13-03-30.729;;0.06;0.256;9.908;
69493;2017-03-12_13-03-35.772;;0.091;0.225;9.903;
69748;2017-03-12_13-03-40.816;;0.091;0.237;9.872;
70003;2017-03-12_13-03-45.863;;0.081;0.302;9.899;
70258;2017-03-12_13-03-50.908;;0.074;0.228;9.899;
70513;2017-03-12_13-03-55.958;;0.108;0.23;9.889;
70768;2017-03-12_13-04-01.001;;0.493;0.24;9.501;
71013;2017-03-12_13-04-05.932;;0.077;0.247;9.887;
