--- LOG START  --- 
74;2017-03-11_16-33-18.200;;1.967;-31.029;-27.855;
81;2017-03-11_16-33-18.507;;1.967;-31.029;-27.855;
89;2017-03-11_16-33-18.794;;1.967;-31.029;-27.855;
96;2017-03-11_16-33-19.093;;1.967;-31.029;-27.855;
102;2017-03-11_16-33-19.344;;1.967;-31.029;-27.855;
110;2017-03-11_16-33-19.628;;1.967;-31.029;-27.855;
117;2017-03-11_16-33-19.925;;1.967;-31.029;-27.855;
125;2017-03-11_16-33-20.224;;1.967;-31.029;-27.855;
132;2017-03-11_16-33-20.525;;1.967;-31.029;-27.855;
140;2017-03-11_16-33-20.817;;1.967;-31.029;-27.855;
147;2017-03-11_16-33-21.115;;1.967;-31.029;-27.855;
155;2017-03-11_16-33-21.414;;1.967;-31.029;-27.855;
162;2017-03-11_16-33-21.715;;1.967;-31.029;-27.855;
170;2017-03-11_16-33-22.011;;1.967;-31.029;-27.855;
177;2017-03-11_16-33-22.308;;31.655;-2.092;17.208;
183;2017-03-11_16-33-22.562;;31.655;-2.092;17.208;
191;2017-03-11_16-33-22.847;;31.655;-2.092;17.208;
198;2017-03-11_16-33-23.152;;31.655;-2.092;17.208;
206;2017-03-11_16-33-23.440;;31.655;-2.092;17.208;
213;2017-03-11_16-33-23.734;;31.655;-2.092;17.208;
221;2017-03-11_16-33-24.031;;31.655;-2.092;17.208;
228;2017-03-11_16-33-24.335;;31.655;-2.092;17.208;
236;2017-03-11_16-33-24.626;;31.655;-2.092;17.208;
243;2017-03-11_16-33-24.923;;31.655;-2.092;17.208;
251;2017-03-11_16-33-25.226;;31.655;-2.092;17.208;
258;2017-03-11_16-33-25.522;;31.655;-2.092;17.208;
266;2017-03-11_16-33-25.822;;31.655;-2.092;17.208;
273;2017-03-11_16-33-26.116;;31.655;-2.092;17.208;
281;2017-03-11_16-33-26.428;;17.967;-10.217;28.083;
288;2017-03-11_16-33-26.718;;17.967;-10.217;28.083;
296;2017-03-11_16-33-27.013;;17.967;-10.217;28.083;
303;2017-03-11_16-33-27.312;;17.967;-10.217;28.083;
311;2017-03-11_16-33-27.603;;17.967;-10.217;28.083;
318;2017-03-11_16-33-27.909;;17.967;-10.217;28.083;
326;2017-03-11_16-33-28.202;;17.967;-10.217;28.083;
333;2017-03-11_16-33-28.513;;17.967;-10.217;28.083;
341;2017-03-11_16-33-28.798;;17.967;-10.217;28.083;
348;2017-03-11_16-33-29.095;;17.967;-10.217;28.083;
356;2017-03-11_16-33-29.391;;17.967;-10.217;28.083;
362;2017-03-11_16-33-29.644;;17.967;-10.217;28.083;
369;2017-03-11_16-33-29.930;;17.967;-10.217;28.083;
377;2017-03-11_16-33-30.226;;30.592;-15.029;9.27;
384;2017-03-11_16-33-30.524;;30.592;-15.029;9.27;
392;2017-03-11_16-33-30.821;;30.592;-15.029;9.27;
399;2017-03-11_16-33-31.119;;30.592;-15.029;9.27;
407;2017-03-11_16-33-31.417;;30.592;-15.029;9.27;
414;2017-03-11_16-33-31.721;;30.592;-15.029;9.27;
422;2017-03-11_16-33-32.005;;30.592;-15.029;9.27;
429;2017-03-11_16-33-32.306;;30.592;-15.029;9.27;
437;2017-03-11_16-33-32.607;;30.592;-15.029;9.27;
444;2017-03-11_16-33-32.904;;30.592;-15.029;9.27;
452;2017-03-11_16-33-33.206;;30.592;-15.029;9.27;
459;2017-03-11_16-33-33.498;;30.592;-15.029;9.27;
467;2017-03-11_16-33-33.796;;30.592;-15.029;9.27;
474;2017-03-11_16-33-34.092;;30.592;-15.029;9.27;
482;2017-03-11_16-33-34.390;;26.467;-22.842;-9.292;
489;2017-03-11_16-33-34.690;;26.467;-22.842;-9.292;
497;2017-03-11_16-33-34.987;;26.467;-22.842;-9.292;
504;2017-03-11_16-33-35.278;;26.467;-22.842;-9.292;
512;2017-03-11_16-33-35.583;;26.467;-22.842;-9.292;
519;2017-03-11_16-33-35.876;;26.467;-22.842;-9.292;
527;2017-03-11_16-33-36.173;;26.467;-22.842;-9.292;
534;2017-03-11_16-33-36.475;;26.467;-22.842;-9.292;
542;2017-03-11_16-33-36.771;;26.467;-22.842;-9.292;
549;2017-03-11_16-33-37.070;;26.467;-22.842;-9.292;
557;2017-03-11_16-33-37.364;;26.467;-22.842;-9.292;
564;2017-03-11_16-33-37.663;;26.467;-22.842;-9.292;
572;2017-03-11_16-33-37.965;;26.467;-22.842;-9.292;
579;2017-03-11_16-33-38.262;;26.467;-22.842;-9.292;
587;2017-03-11_16-33-38.553;;31.28;-15.404;-0.855;
594;2017-03-11_16-33-38.852;;31.28;-15.404;-0.855;
602;2017-03-11_16-33-39.149;;31.28;-15.404;-0.855;
609;2017-03-11_16-33-39.449;;31.28;-15.404;-0.855;
617;2017-03-11_16-33-39.743;;31.28;-15.404;-0.855;
624;2017-03-11_16-33-40.044;;31.28;-15.404;-0.855;
632;2017-03-11_16-33-40.340;;31.28;-15.404;-0.855;
639;2017-03-11_16-33-40.645;;31.28;-15.404;-0.855;
647;2017-03-11_16-33-40.935;;31.28;-15.404;-0.855;
654;2017-03-11_16-33-41.231;;31.28;-15.404;-0.855;
662;2017-03-11_16-33-41.530;;31.28;-15.404;-0.855;
669;2017-03-11_16-33-41.828;;31.28;-15.404;-0.855;
677;2017-03-11_16-33-42.125;;31.28;-15.404;-0.855;
684;2017-03-11_16-33-42.423;;1.217;-27.279;-30.98;
692;2017-03-11_16-33-42.720;;1.217;-27.279;-30.98;
699;2017-03-11_16-33-43.013;;1.217;-27.279;-30.98;
707;2017-03-11_16-33-43.316;;1.217;-27.279;-30.98;
714;2017-03-11_16-33-43.614;;1.217;-27.279;-30.98;
722;2017-03-11_16-33-43.905;;1.217;-27.279;-30.98;
729;2017-03-11_16-33-44.202;;1.217;-27.279;-30.98;
737;2017-03-11_16-33-44.502;;1.217;-27.279;-30.98;
744;2017-03-11_16-33-44.796;;1.217;-27.279;-30.98;
752;2017-03-11_16-33-45.097;;1.217;-27.279;-30.98;
759;2017-03-11_16-33-45.392;;1.217;-27.279;-30.98;
767;2017-03-11_16-33-45.693;;1.217;-27.279;-30.98;
774;2017-03-11_16-33-45.993;;1.217;-27.279;-30.98;
782;2017-03-11_16-33-46.290;;1.217;-27.279;-30.98;
789;2017-03-11_16-33-46.591;;-1.72;-27.279;-31.355;
797;2017-03-11_16-33-46.886;;-1.72;-27.279;-31.355;
804;2017-03-11_16-33-47.183;;-1.72;-27.279;-31.355;
812;2017-03-11_16-33-47.477;;-1.72;-27.279;-31.355;
819;2017-03-11_16-33-47.777;;-1.72;-27.279;-31.355;
827;2017-03-11_16-33-48.070;;-1.72;-27.279;-31.355;
834;2017-03-11_16-33-48.373;;-1.72;-27.279;-31.355;
842;2017-03-11_16-33-48.668;;-1.72;-27.279;-31.355;
849;2017-03-11_16-33-48.967;;-1.72;-27.279;-31.355;
857;2017-03-11_16-33-49.266;;-1.72;-27.279;-31.355;
864;2017-03-11_16-33-49.563;;-1.72;-27.279;-31.355;
872;2017-03-11_16-33-49.859;;-1.72;-27.279;-31.355;
879;2017-03-11_16-33-50.163;;-1.72;-27.279;-31.355;
887;2017-03-11_16-33-50.456;;3.842;-22.467;-32.98;
894;2017-03-11_16-33-50.749;;3.842;-22.467;-32.98;
902;2017-03-11_16-33-51.043;;3.842;-22.467;-32.98;
909;2017-03-11_16-33-51.342;;3.842;-22.467;-32.98;
917;2017-03-11_16-33-51.638;;3.842;-22.467;-32.98;
924;2017-03-11_16-33-51.937;;3.842;-22.467;-32.98;
932;2017-03-11_16-33-52.238;;3.842;-22.467;-32.98;
939;2017-03-11_16-33-52.535;;3.842;-22.467;-32.98;
947;2017-03-11_16-33-52.836;;3.842;-22.467;-32.98;
954;2017-03-11_16-33-53.129;;3.842;-22.467;-32.98;
962;2017-03-11_16-33-53.423;;3.842;-22.467;-32.98;
969;2017-03-11_16-33-53.721;;3.842;-22.467;-32.98;
977;2017-03-11_16-33-54.021;;3.842;-22.467;-32.98;
984;2017-03-11_16-33-54.320;;3.842;-22.467;-32.98;
992;2017-03-11_16-33-54.614;;9.405;-25.842;-31.355;
999;2017-03-11_16-33-54.911;;9.405;-25.842;-31.355;
1007;2017-03-11_16-33-55.217;;9.405;-25.842;-31.355;
1014;2017-03-11_16-33-55.507;;9.405;-25.842;-31.355;
1022;2017-03-11_16-33-55.804;;9.405;-25.842;-31.355;
1029;2017-03-11_16-33-56.102;;9.405;-25.842;-31.355;
1037;2017-03-11_16-33-56.405;;9.405;-25.842;-31.355;
1044;2017-03-11_16-33-56.695;;9.405;-25.842;-31.355;
1052;2017-03-11_16-33-56.992;;9.405;-25.842;-31.355;
1058;2017-03-11_16-33-57.251;;9.405;-25.842;-31.355;
1066;2017-03-11_16-33-57.549;;9.405;-25.842;-31.355;
1073;2017-03-11_16-33-57.845;;9.405;-25.842;-31.355;
1081;2017-03-11_16-33-58.154;;9.405;-25.842;-31.355;
1088;2017-03-11_16-33-58.442;;9.405;-25.842;-31.355;
