--- LOG START  --- 
254;2017-03-12_13-05-36.908;;0.134;0.24;9.975;
505;2017-03-12_13-05-41.953;;0.086;0.235;10.028;
764;2017-03-12_13-05-46.971;;0.11;0.283;9.956;
1018;2017-03-12_13-05-51.988;;0.11;0.28;9.949;
1269;2017-03-12_13-05-56.994;;0.122;0.251;9.949;
1524;2017-03-12_13-06-02.023;;0.139;0.287;9.963;
1779;2017-03-12_13-06-07.060;;0.115;0.259;9.951;
2034;2017-03-12_13-06-12.097;;0.115;0.275;9.947;
2289;2017-03-12_13-06-17.136;;0.139;0.271;9.92;
2544;2017-03-12_13-06-22.181;;0.105;0.275;9.908;
2799;2017-03-12_13-06-27.213;;0.132;0.271;9.913;
3054;2017-03-12_13-06-32.252;;0.117;0.287;9.899;
3309;2017-03-12_13-06-37.292;;0.086;0.266;9.908;
3564;2017-03-12_13-06-42.330;;0.084;0.244;9.903;
3819;2017-03-12_13-06-47.372;;0.091;0.285;9.891;
4074;2017-03-12_13-06-52.413;;0.098;0.244;9.894;
4329;2017-03-12_13-06-57.461;;0.105;0.271;9.891;
4584;2017-03-12_13-07-02.496;;0.096;0.28;9.889;
4839;2017-03-12_13-07-07.539;;0.077;0.256;9.894;
5094;2017-03-12_13-07-12.581;;0.089;0.268;9.867;
5349;2017-03-12_13-07-17.624;;0.065;0.254;9.896;
5604;2017-03-12_13-07-22.663;;0.046;0.285;9.887;
5859;2017-03-12_13-07-27.708;;0.043;0.28;9.887;
6114;2017-03-12_13-07-32.751;;0.098;0.283;9.887;
6369;2017-03-12_13-07-37.793;;0.108;0.309;9.901;
6624;2017-03-12_13-07-42.837;;0.086;0.268;9.908;
6879;2017-03-12_13-07-47.878;;0.101;0.259;9.896;
7134;2017-03-12_13-07-52.923;;0.101;0.249;9.913;
7389;2017-03-12_13-07-57.964;;0.12;0.256;9.896;
7644;2017-03-12_13-08-03.007;;0.326;0.644;9.879;
7899;2017-03-12_13-08-08.054;;0.105;0.295;9.882;
8154;2017-03-12_13-08-13.090;;0.089;0.24;9.906;
8409;2017-03-12_13-08-18.135;;0.072;0.259;9.911;
8664;2017-03-12_13-08-23.174;;0.11;0.271;9.911;
8919;2017-03-12_13-08-28.216;;0.122;0.259;9.915;
9171;2017-03-12_13-08-33.220;;0.125;0.297;9.915;
9426;2017-03-12_13-08-38.245;;0.098;0.254;9.92;
9681;2017-03-12_13-08-43.279;;0.175;0.259;9.923;
9936;2017-03-12_13-08-48.336;;0.158;0.261;9.92;
10191;2017-03-12_13-08-53.365;;0.122;0.259;9.908;
10446;2017-03-12_13-08-58.406;;0.029;0.275;9.932;
10701;2017-03-12_13-09-03.456;;0.089;0.273;9.906;
10956;2017-03-12_13-09-08.487;;0.216;0.263;9.906;
11211;2017-03-12_13-09-13.525;;0.077;0.242;9.908;
11463;2017-03-12_13-09-18.529;;0.115;0.309;9.899;
11718;2017-03-12_13-09-23.556;;0.105;0.24;9.899;
11973;2017-03-12_13-09-28.584;;0.117;0.273;9.913;
12228;2017-03-12_13-09-33.625;;0.105;0.302;9.901;
12483;2017-03-12_13-09-38.667;;0.098;0.319;9.908;
12738;2017-03-12_13-09-43.703;;0.153;0.287;9.903;
