--- LOG START  --- 
134;2017-03-12_12-40-42.681;;0.251;0.175;9.511;
149;2017-03-12_12-40-42.979;;0.211;0.232;9.887;
164;2017-03-12_12-40-43.294;;0.211;0.232;9.887;
179;2017-03-12_12-40-43.574;;0.211;0.232;9.887;
194;2017-03-12_12-40-43.870;;0.211;0.232;9.887;
208;2017-03-12_12-40-44.120;;0.211;0.232;9.887;
221;2017-03-12_12-40-44.411;;0.211;0.232;9.887;
236;2017-03-12_12-40-44.703;;0.211;0.232;9.887;
251;2017-03-12_12-40-45.000;;0.211;0.232;9.887;
266;2017-03-12_12-40-45.297;;0.211;0.232;9.887;
281;2017-03-12_12-40-45.593;;0.211;0.232;9.887;
296;2017-03-12_12-40-45.901;;0.211;0.232;9.887;
311;2017-03-12_12-40-46.208;;0.211;0.232;9.887;
326;2017-03-12_12-40-46.486;;0.211;0.232;9.887;
341;2017-03-12_12-40-46.783;;0.216;0.235;9.867;
356;2017-03-12_12-40-47.077;;0.216;0.235;9.867;
371;2017-03-12_12-40-47.375;;0.216;0.235;9.867;
386;2017-03-12_12-40-47.670;;0.216;0.235;9.867;
398;2017-03-12_12-40-47.928;;0.216;0.235;9.867;
413;2017-03-12_12-40-48.205;;0.216;0.235;9.867;
428;2017-03-12_12-40-48.518;;0.216;0.235;9.867;
443;2017-03-12_12-40-48.805;;0.216;0.235;9.867;
458;2017-03-12_12-40-49.127;;0.216;0.235;9.867;
473;2017-03-12_12-40-49.405;;0.216;0.235;9.867;
488;2017-03-12_12-40-49.690;;0.216;0.235;9.867;
500;2017-03-12_12-40-49.952;;0.216;0.235;9.867;
515;2017-03-12_12-40-50.244;;0.216;0.235;9.867;
530;2017-03-12_12-40-50.520;;0.216;0.235;9.867;
545;2017-03-12_12-40-50.817;;0.232;0.228;9.891;
560;2017-03-12_12-40-51.116;;0.232;0.228;9.891;
575;2017-03-12_12-40-51.412;;0.232;0.228;9.891;
590;2017-03-12_12-40-51.707;;0.232;0.228;9.891;
605;2017-03-12_12-40-52.004;;0.232;0.228;9.891;
620;2017-03-12_12-40-52.301;;0.232;0.228;9.891;
635;2017-03-12_12-40-52.619;;0.232;0.228;9.891;
650;2017-03-12_12-40-52.926;;0.232;0.228;9.891;
665;2017-03-12_12-40-53.191;;0.232;0.228;9.891;
680;2017-03-12_12-40-53.488;;0.232;0.228;9.891;
695;2017-03-12_12-40-53.794;;0.232;0.228;9.891;
710;2017-03-12_12-40-54.098;;0.232;0.228;9.891;
725;2017-03-12_12-40-54.380;;0.232;0.228;9.891;
740;2017-03-12_12-40-54.690;;0.232;0.228;9.891;
755;2017-03-12_12-40-54.985;;0.235;0.225;9.906;
770;2017-03-12_12-40-55.268;;0.235;0.225;9.906;
785;2017-03-12_12-40-55.567;;0.235;0.225;9.906;
800;2017-03-12_12-40-55.876;;0.235;0.225;9.906;
815;2017-03-12_12-40-56.174;;0.235;0.225;9.906;
830;2017-03-12_12-40-56.488;;0.235;0.225;9.906;
845;2017-03-12_12-40-56.768;;0.235;0.225;9.906;
860;2017-03-12_12-40-57.052;;0.235;0.225;9.906;
875;2017-03-12_12-40-57.349;;0.235;0.225;9.906;
890;2017-03-12_12-40-57.645;;0.235;0.225;9.906;
905;2017-03-12_12-40-57.955;;0.235;0.225;9.906;
920;2017-03-12_12-40-58.248;;0.235;0.225;9.906;
935;2017-03-12_12-40-58.544;;0.235;0.225;9.906;
950;2017-03-12_12-40-58.844;;0.237;0.225;9.896;
965;2017-03-12_12-40-59.130;;0.237;0.225;9.896;
977;2017-03-12_12-40-59.383;;0.237;0.225;9.896;
992;2017-03-12_12-40-59.666;;0.237;0.225;9.896;
1007;2017-03-12_12-40-59.960;;0.237;0.225;9.896;
1022;2017-03-12_12-41-00.256;;0.237;0.225;9.896;
1037;2017-03-12_12-41-00.556;;0.237;0.225;9.896;
1052;2017-03-12_12-41-00.853;;0.237;0.225;9.896;
1067;2017-03-12_12-41-01.159;;0.237;0.225;9.896;
1082;2017-03-12_12-41-01.443;;0.237;0.225;9.896;
1094;2017-03-12_12-41-01.711;;0.237;0.225;9.896;
1109;2017-03-12_12-41-01.981;;0.237;0.225;9.896;
1124;2017-03-12_12-41-02.293;;0.237;0.225;9.896;
1139;2017-03-12_12-41-02.596;;0.237;0.225;9.896;
1154;2017-03-12_12-41-02.869;;0.242;0.223;9.901;
1169;2017-03-12_12-41-03.166;;0.242;0.223;9.901;
1184;2017-03-12_12-41-03.461;;0.242;0.223;9.901;
1199;2017-03-12_12-41-03.758;;0.242;0.223;9.901;
1214;2017-03-12_12-41-04.056;;0.242;0.223;9.901;
1229;2017-03-12_12-41-04.367;;0.242;0.223;9.901;
1244;2017-03-12_12-41-04.661;;0.242;0.223;9.901;
1259;2017-03-12_12-41-04.947;;0.242;0.223;9.901;
1274;2017-03-12_12-41-05.243;;0.242;0.223;9.901;
1286;2017-03-12_12-41-05.493;;0.242;0.223;9.901;
1301;2017-03-12_12-41-05.776;;0.242;0.223;9.901;
1316;2017-03-12_12-41-06.074;;0.242;0.223;9.901;
1331;2017-03-12_12-41-06.380;;0.242;0.223;9.901;
1346;2017-03-12_12-41-06.669;;0.242;0.223;9.901;
1361;2017-03-12_12-41-06.965;;0.256;0.232;9.884;
1376;2017-03-12_12-41-07.262;;0.256;0.232;9.884;
1391;2017-03-12_12-41-07.576;;0.256;0.232;9.884;
1406;2017-03-12_12-41-07.857;;0.256;0.232;9.884;
1421;2017-03-12_12-41-08.160;;0.256;0.232;9.884;
1436;2017-03-12_12-41-08.450;;0.256;0.232;9.884;
1451;2017-03-12_12-41-08.746;;0.256;0.232;9.884;
1466;2017-03-12_12-41-09.042;;0.256;0.232;9.884;
1481;2017-03-12_12-41-09.340;;0.256;0.232;9.884;
1496;2017-03-12_12-41-09.666;;0.256;0.232;9.884;
1511;2017-03-12_12-41-09.938;;0.256;0.232;9.884;
1526;2017-03-12_12-41-10.243;;0.256;0.232;9.884;
1541;2017-03-12_12-41-10.532;;0.256;0.232;9.884;
1556;2017-03-12_12-41-10.833;;0.247;0.237;9.887;
1571;2017-03-12_12-41-11.128;;0.247;0.237;9.887;
1586;2017-03-12_12-41-11.433;;0.247;0.237;9.887;
1601;2017-03-12_12-41-11.734;;0.247;0.237;9.887;
1616;2017-03-12_12-41-12.010;;0.247;0.237;9.887;
1631;2017-03-12_12-41-12.306;;0.247;0.237;9.887;
1646;2017-03-12_12-41-12.605;;0.247;0.237;9.887;
1661;2017-03-12_12-41-12.900;;0.247;0.237;9.887;
1676;2017-03-12_12-41-13.197;;0.247;0.237;9.887;
1691;2017-03-12_12-41-13.498;;0.247;0.237;9.887;
1706;2017-03-12_12-41-13.816;;0.247;0.237;9.887;
1721;2017-03-12_12-41-14.096;;0.247;0.237;9.887;
1733;2017-03-12_12-41-14.355;;0.247;0.237;9.887;
1748;2017-03-12_12-41-14.659;;0.247;0.237;9.887;
1763;2017-03-12_12-41-14.927;;0.261;0.235;9.901;
1778;2017-03-12_12-41-15.219;;0.261;0.235;9.901;
1793;2017-03-12_12-41-15.540;;0.261;0.235;9.901;
1808;2017-03-12_12-41-15.810;;0.261;0.235;9.901;
1820;2017-03-12_12-41-16.082;;0.261;0.235;9.901;
1835;2017-03-12_12-41-16.346;;0.261;0.235;9.901;
1850;2017-03-12_12-41-16.643;;0.261;0.235;9.901;
1865;2017-03-12_12-41-16.948;;0.261;0.235;9.901;
1880;2017-03-12_12-41-17.234;;0.261;0.235;9.901;
1895;2017-03-12_12-41-17.539;;0.261;0.235;9.901;
1910;2017-03-12_12-41-17.848;;0.261;0.235;9.901;
1925;2017-03-12_12-41-18.134;;0.261;0.235;9.901;
1940;2017-03-12_12-41-18.430;;0.261;0.235;9.901;
1955;2017-03-12_12-41-18.732;;0.261;0.235;9.901;
1970;2017-03-12_12-41-19.022;;0.259;0.22;9.891;
1985;2017-03-12_12-41-19.314;;0.259;0.22;9.891;
2000;2017-03-12_12-41-19.620;;0.259;0.22;9.891;
2015;2017-03-12_12-41-19.904;;0.259;0.22;9.891;
2027;2017-03-12_12-41-20.157;;0.259;0.22;9.891;
2042;2017-03-12_12-41-20.440;;0.259;0.22;9.891;
2057;2017-03-12_12-41-20.735;;0.259;0.22;9.891;
2072;2017-03-12_12-41-21.034;;0.259;0.22;9.891;
2087;2017-03-12_12-41-21.334;;0.259;0.22;9.891;
2102;2017-03-12_12-41-21.638;;0.259;0.22;9.891;
2117;2017-03-12_12-41-21.929;;0.259;0.22;9.891;
2132;2017-03-12_12-41-22.232;;0.259;0.22;9.891;
2147;2017-03-12_12-41-22.529;;0.259;0.22;9.891;
2162;2017-03-12_12-41-22.850;;0.251;0.242;9.923;
2177;2017-03-12_12-41-23.109;;0.251;0.242;9.923;
2192;2017-03-12_12-41-23.406;;0.251;0.242;9.923;
2204;2017-03-12_12-41-23.670;;0.251;0.242;9.923;
2219;2017-03-12_12-41-23.941;;0.251;0.242;9.923;
2234;2017-03-12_12-41-24.237;;0.251;0.242;9.923;
2246;2017-03-12_12-41-24.489;;0.251;0.242;9.923;
2261;2017-03-12_12-41-24.770;;0.251;0.242;9.923;
2276;2017-03-12_12-41-25.068;;0.251;0.242;9.923;
2291;2017-03-12_12-41-25.384;;0.251;0.242;9.923;
2306;2017-03-12_12-41-25.661;;0.251;0.242;9.923;
2321;2017-03-12_12-41-25.958;;0.251;0.242;9.923;
2336;2017-03-12_12-41-26.255;;0.251;0.242;9.923;
2351;2017-03-12_12-41-26.553;;0.251;0.242;9.923;
2366;2017-03-12_12-41-26.848;;0.266;0.24;9.906;
2381;2017-03-12_12-41-27.147;;0.266;0.24;9.906;
2396;2017-03-12_12-41-27.453;;0.266;0.24;9.906;
2411;2017-03-12_12-41-27.739;;0.266;0.24;9.906;
2426;2017-03-12_12-41-28.040;;0.266;0.24;9.906;
2441;2017-03-12_12-41-28.340;;0.266;0.24;9.906;
2456;2017-03-12_12-41-28.660;;0.266;0.24;9.906;
2471;2017-03-12_12-41-28.925;;0.266;0.24;9.906;
2486;2017-03-12_12-41-29.223;;0.266;0.24;9.906;
2501;2017-03-12_12-41-29.520;;0.266;0.24;9.906;
2516;2017-03-12_12-41-29.815;;0.266;0.24;9.906;
2531;2017-03-12_12-41-30.122;;0.266;0.24;9.906;
2546;2017-03-12_12-41-30.411;;0.266;0.24;9.906;
2561;2017-03-12_12-41-30.731;;0.266;0.24;9.906;
2576;2017-03-12_12-41-31.014;;0.261;0.237;9.901;
2591;2017-03-12_12-41-31.300;;0.261;0.237;9.901;
2606;2017-03-12_12-41-31.601;;0.261;0.237;9.901;
2621;2017-03-12_12-41-31.895;;0.261;0.237;9.901;
2636;2017-03-12_12-41-32.193;;0.261;0.237;9.901;
2651;2017-03-12_12-41-32.489;;0.261;0.237;9.901;
2666;2017-03-12_12-41-32.784;;0.261;0.237;9.901;
2681;2017-03-12_12-41-33.094;;0.261;0.237;9.901;
2696;2017-03-12_12-41-33.380;;0.261;0.237;9.901;
2711;2017-03-12_12-41-33.675;;0.261;0.237;9.901;
2726;2017-03-12_12-41-33.995;;0.261;0.237;9.901;
2741;2017-03-12_12-41-34.280;;0.261;0.237;9.901;
2756;2017-03-12_12-41-34.576;;0.261;0.237;9.901;
2768;2017-03-12_12-41-34.827;;0.249;0.244;9.887;
2783;2017-03-12_12-41-35.099;;0.249;0.244;9.887;
2798;2017-03-12_12-41-35.445;;0.249;0.244;9.887;
2813;2017-03-12_12-41-35.705;;0.249;0.244;9.887;
2828;2017-03-12_12-41-35.988;;0.249;0.244;9.887;
2843;2017-03-12_12-41-36.287;;0.249;0.244;9.887;
2858;2017-03-12_12-41-36.580;;0.249;0.244;9.887;
2873;2017-03-12_12-41-36.881;;0.249;0.244;9.887;
2888;2017-03-12_12-41-37.190;;0.249;0.244;9.887;
2903;2017-03-12_12-41-37.478;;0.249;0.244;9.887;
2918;2017-03-12_12-41-37.773;;0.249;0.244;9.887;
2933;2017-03-12_12-41-38.064;;0.249;0.244;9.887;
2948;2017-03-12_12-41-38.366;;0.249;0.244;9.887;
2963;2017-03-12_12-41-38.659;;0.249;0.244;9.887;
2975;2017-03-12_12-41-38.911;;0.273;0.232;9.903;
2990;2017-03-12_12-41-39.195;;0.273;0.232;9.903;
3005;2017-03-12_12-41-39.517;;0.273;0.232;9.903;
3020;2017-03-12_12-41-39.809;;0.273;0.232;9.903;
3035;2017-03-12_12-41-40.083;;0.273;0.232;9.903;
3047;2017-03-12_12-41-40.342;;0.273;0.232;9.903;
3062;2017-03-12_12-41-40.626;;0.273;0.232;9.903;
3077;2017-03-12_12-41-40.926;;0.273;0.232;9.903;
3092;2017-03-12_12-41-41.211;;0.273;0.232;9.903;
3107;2017-03-12_12-41-41.510;;0.273;0.232;9.903;
3119;2017-03-12_12-41-41.763;;0.273;0.232;9.903;
3134;2017-03-12_12-41-42.055;;0.273;0.232;9.903;
3149;2017-03-12_12-41-42.339;;0.273;0.232;9.903;
3164;2017-03-12_12-41-42.638;;0.273;0.232;9.903;
3179;2017-03-12_12-41-42.933;;0.256;0.247;9.903;
3194;2017-03-12_12-41-43.227;;0.256;0.247;9.903;
3209;2017-03-12_12-41-43.530;;0.256;0.247;9.903;
3221;2017-03-12_12-41-43.782;;0.256;0.247;9.903;
3236;2017-03-12_12-41-44.061;;0.256;0.247;9.903;
3251;2017-03-12_12-41-44.356;;0.256;0.247;9.903;
3266;2017-03-12_12-41-44.653;;0.256;0.247;9.903;
3281;2017-03-12_12-41-44.958;;0.256;0.247;9.903;
3296;2017-03-12_12-41-45.244;;0.256;0.247;9.903;
3311;2017-03-12_12-41-45.554;;0.256;0.247;9.903;
3326;2017-03-12_12-41-45.839;;0.256;0.247;9.903;
3341;2017-03-12_12-41-46.142;;0.256;0.247;9.903;
3356;2017-03-12_12-41-46.434;;0.256;0.247;9.903;
3371;2017-03-12_12-41-46.734;;0.256;0.247;9.903;
3386;2017-03-12_12-41-47.026;;0.261;0.256;9.887;
3401;2017-03-12_12-41-47.324;;0.261;0.256;9.887;
3416;2017-03-12_12-41-47.622;;0.261;0.256;9.887;
3431;2017-03-12_12-41-47.917;;0.261;0.256;9.887;
3446;2017-03-12_12-41-48.214;;0.261;0.256;9.887;
3461;2017-03-12_12-41-48.512;;0.261;0.256;9.887;
3476;2017-03-12_12-41-48.806;;0.261;0.256;9.887;
3488;2017-03-12_12-41-49.068;;0.261;0.256;9.887;
3503;2017-03-12_12-41-49.356;;0.261;0.256;9.887;
3518;2017-03-12_12-41-49.657;;0.261;0.256;9.887;
3533;2017-03-12_12-41-49.933;;0.261;0.256;9.887;
3548;2017-03-12_12-41-50.231;;0.261;0.256;9.887;
3563;2017-03-12_12-41-50.530;;0.261;0.256;9.887;
3578;2017-03-12_12-41-50.827;;0.285;0.247;9.891;
3593;2017-03-12_12-41-51.120;;0.285;0.247;9.891;
3608;2017-03-12_12-41-51.431;;0.285;0.247;9.891;
3623;2017-03-12_12-41-51.715;;0.285;0.247;9.891;
3638;2017-03-12_12-41-52.056;;0.285;0.247;9.891;
3653;2017-03-12_12-41-52.309;;0.285;0.247;9.891;
3668;2017-03-12_12-41-52.605;;0.285;0.247;9.891;
3683;2017-03-12_12-41-52.902;;0.285;0.247;9.891;
3698;2017-03-12_12-41-53.199;;0.285;0.247;9.891;
3713;2017-03-12_12-41-53.542;;0.285;0.247;9.891;
3728;2017-03-12_12-41-53.810;;0.285;0.247;9.891;
3743;2017-03-12_12-41-54.109;;0.285;0.247;9.891;
3758;2017-03-12_12-41-54.396;;0.285;0.247;9.891;
3773;2017-03-12_12-41-54.684;;0.285;0.247;9.891;
3788;2017-03-12_12-41-54.978;;0.266;0.244;9.903;
3803;2017-03-12_12-41-55.281;;0.266;0.244;9.903;
3818;2017-03-12_12-41-55.590;;0.266;0.244;9.903;
3833;2017-03-12_12-41-55.869;;0.266;0.244;9.903;
3848;2017-03-12_12-41-56.177;;0.266;0.244;9.903;
3863;2017-03-12_12-41-56.463;;0.266;0.244;9.903;
3878;2017-03-12_12-41-56.759;;0.266;0.244;9.903;
3893;2017-03-12_12-41-57.058;;0.266;0.244;9.903;
3908;2017-03-12_12-41-57.363;;0.266;0.244;9.903;
3923;2017-03-12_12-41-57.649;;0.266;0.244;9.903;
3938;2017-03-12_12-41-57.947;;0.266;0.244;9.903;
3951;2017-03-12_12-41-58.197;;0.266;0.244;9.903;
3965;2017-03-12_12-41-58.492;;0.266;0.244;9.903;
3980;2017-03-12_12-41-58.776;;0.266;0.244;9.903;
3995;2017-03-12_12-41-59.081;;0.283;0.242;9.906;
4010;2017-03-12_12-41-59.385;;0.283;0.242;9.906;
4025;2017-03-12_12-41-59.669;;0.283;0.242;9.906;
4040;2017-03-12_12-41-59.966;;0.283;0.242;9.906;
4055;2017-03-12_12-42-00.262;;0.283;0.242;9.906;
4070;2017-03-12_12-42-00.557;;0.283;0.242;9.906;
4085;2017-03-12_12-42-00.861;;0.283;0.242;9.906;
4100;2017-03-12_12-42-01.154;;0.283;0.242;9.906;
4115;2017-03-12_12-42-01.447;;0.283;0.242;9.906;
4130;2017-03-12_12-42-01.784;;0.283;0.242;9.906;
4145;2017-03-12_12-42-02.064;;0.283;0.242;9.906;
4160;2017-03-12_12-42-02.336;;0.283;0.242;9.906;
4175;2017-03-12_12-42-02.661;;0.283;0.242;9.906;
4190;2017-03-12_12-42-02.949;;0.273;0.247;9.894;
4205;2017-03-12_12-42-03.245;;0.273;0.247;9.894;
4220;2017-03-12_12-42-03.526;;0.273;0.247;9.894;
4235;2017-03-12_12-42-03.820;;0.273;0.247;9.894;
4247;2017-03-12_12-42-04.074;;0.273;0.247;9.894;
4262;2017-03-12_12-42-04.354;;0.273;0.247;9.894;
4277;2017-03-12_12-42-04.660;;0.273;0.247;9.894;
4289;2017-03-12_12-42-04.919;;0.273;0.247;9.894;
4304;2017-03-12_12-42-05.198;;0.273;0.247;9.894;
4319;2017-03-12_12-42-05.483;;0.273;0.247;9.894;
4331;2017-03-12_12-42-05.739;;0.273;0.247;9.894;
4346;2017-03-12_12-42-06.016;;0.273;0.247;9.894;
4361;2017-03-12_12-42-06.313;;0.273;0.247;9.894;
4376;2017-03-12_12-42-06.609;;0.273;0.247;9.894;
4391;2017-03-12_12-42-06.908;;0.28;0.251;9.894;
4406;2017-03-12_12-42-07.219;;0.28;0.251;9.894;
4421;2017-03-12_12-42-07.518;;0.28;0.251;9.894;
4436;2017-03-12_12-42-07.816;;0.28;0.251;9.894;
4451;2017-03-12_12-42-08.100;;0.28;0.251;9.894;
4466;2017-03-12_12-42-08.389;;0.28;0.251;9.894;
4481;2017-03-12_12-42-08.706;;0.28;0.251;9.894;
4496;2017-03-12_12-42-08.984;;0.28;0.251;9.894;
4511;2017-03-12_12-42-09.280;;0.28;0.251;9.894;
4523;2017-03-12_12-42-09.538;;0.28;0.251;9.894;
4538;2017-03-12_12-42-09.825;;0.28;0.251;9.894;
4553;2017-03-12_12-42-10.113;;0.28;0.251;9.894;
4568;2017-03-12_12-42-10.407;;0.28;0.251;9.894;
4583;2017-03-12_12-42-10.716;;0.28;0.251;9.894;
4598;2017-03-12_12-42-11.002;;0.275;0.259;9.894;
4610;2017-03-12_12-42-11.261;;0.275;0.259;9.894;
4625;2017-03-12_12-42-11.535;;0.275;0.259;9.894;
4640;2017-03-12_12-42-11.830;;0.275;0.259;9.894;
4652;2017-03-12_12-42-12.092;;0.275;0.259;9.894;
4667;2017-03-12_12-42-12.383;;0.275;0.259;9.894;
4682;2017-03-12_12-42-12.663;;0.275;0.259;9.894;
4694;2017-03-12_12-42-12.914;;0.275;0.259;9.894;
4709;2017-03-12_12-42-13.196;;0.275;0.259;9.894;
4724;2017-03-12_12-42-13.494;;0.275;0.259;9.894;
4739;2017-03-12_12-42-13.794;;0.275;0.259;9.894;
4754;2017-03-12_12-42-14.087;;0.275;0.259;9.894;
4769;2017-03-12_12-42-14.384;;0.275;0.259;9.894;
4784;2017-03-12_12-42-14.689;;0.275;0.259;9.894;
4799;2017-03-12_12-42-14.990;;0.268;0.261;9.891;
4814;2017-03-12_12-42-15.273;;0.268;0.261;9.891;
4829;2017-03-12_12-42-15.570;;0.268;0.261;9.891;
4844;2017-03-12_12-42-15.866;;0.268;0.261;9.891;
4856;2017-03-12_12-42-16.137;;0.268;0.261;9.891;
4871;2017-03-12_12-42-16.415;;0.268;0.261;9.891;
4886;2017-03-12_12-42-16.700;;0.268;0.261;9.891;
4901;2017-03-12_12-42-17.000;;0.268;0.261;9.891;
4916;2017-03-12_12-42-17.298;;0.268;0.261;9.891;
4931;2017-03-12_12-42-17.618;;0.268;0.261;9.891;
4946;2017-03-12_12-42-17.903;;0.268;0.261;9.891;
4961;2017-03-12_12-42-18.181;;0.268;0.261;9.891;
4976;2017-03-12_12-42-18.477;;0.268;0.261;9.891;
4991;2017-03-12_12-42-18.781;;0.268;0.261;9.891;
5006;2017-03-12_12-42-19.079;;0.268;0.251;9.891;
5021;2017-03-12_12-42-19.367;;0.268;0.251;9.891;
5036;2017-03-12_12-42-19.665;;0.268;0.251;9.891;
5051;2017-03-12_12-42-19.963;;0.268;0.251;9.891;
5066;2017-03-12_12-42-20.257;;0.268;0.251;9.891;
5078;2017-03-12_12-42-20.510;;0.268;0.251;9.891;
5093;2017-03-12_12-42-20.806;;0.268;0.251;9.891;
5108;2017-03-12_12-42-21.088;;0.268;0.251;9.891;
5123;2017-03-12_12-42-21.390;;0.268;0.251;9.891;
5138;2017-03-12_12-42-21.681;;0.268;0.251;9.891;
5153;2017-03-12_12-42-21.977;;0.268;0.251;9.891;
5166;2017-03-12_12-42-22.228;;0.268;0.251;9.891;
5180;2017-03-12_12-42-22.514;;0.268;0.251;9.891;
5195;2017-03-12_12-42-22.809;;0.268;0.251;9.891;
5210;2017-03-12_12-42-23.112;;0.283;0.251;9.911;
5225;2017-03-12_12-42-23.413;;0.283;0.251;9.911;
5240;2017-03-12_12-42-23.698;;0.283;0.251;9.911;
5255;2017-03-12_12-42-23.995;;0.283;0.251;9.911;
5267;2017-03-12_12-42-24.251;;0.283;0.251;9.911;
5282;2017-03-12_12-42-24.533;;0.283;0.251;9.911;
5296;2017-03-12_12-42-24.784;;0.283;0.251;9.911;
5309;2017-03-12_12-42-25.064;;0.283;0.251;9.911;
5324;2017-03-12_12-42-25.373;;0.283;0.251;9.911;
5339;2017-03-12_12-42-25.663;;0.283;0.251;9.911;
5351;2017-03-12_12-42-25.923;;0.283;0.251;9.911;
5366;2017-03-12_12-42-26.194;;0.283;0.251;9.911;
5381;2017-03-12_12-42-26.492;;0.283;0.251;9.911;
5396;2017-03-12_12-42-26.784;;0.283;0.251;9.911;
5411;2017-03-12_12-42-27.100;;0.28;0.254;9.899;
5426;2017-03-12_12-42-27.378;;0.28;0.254;9.899;
5441;2017-03-12_12-42-27.691;;0.28;0.254;9.899;
5456;2017-03-12_12-42-27.970;;0.28;0.254;9.899;
5471;2017-03-12_12-42-28.267;;0.28;0.254;9.899;
5483;2017-03-12_12-42-28.522;;0.28;0.254;9.899;
5498;2017-03-12_12-42-28.801;;0.28;0.254;9.899;
5510;2017-03-12_12-42-29.054;;0.28;0.254;9.899;
5525;2017-03-12_12-42-29.336;;0.28;0.254;9.899;
5540;2017-03-12_12-42-29.631;;0.28;0.254;9.899;
5555;2017-03-12_12-42-29.929;;0.28;0.254;9.899;
5567;2017-03-12_12-42-30.203;;0.28;0.254;9.899;
5582;2017-03-12_12-42-30.464;;0.28;0.254;9.899;
5597;2017-03-12_12-42-30.765;;0.28;0.254;9.899;
5612;2017-03-12_12-42-31.055;;0.287;0.261;9.899;
5624;2017-03-12_12-42-31.310;;0.287;0.261;9.899;
5639;2017-03-12_12-42-31.597;;0.287;0.261;9.899;
5654;2017-03-12_12-42-31.886;;0.287;0.261;9.899;
5669;2017-03-12_12-42-32.187;;0.287;0.261;9.899;
5683;2017-03-12_12-42-32.437;;0.287;0.261;9.899;
5696;2017-03-12_12-42-32.727;;0.287;0.261;9.899;
5711;2017-03-12_12-42-33.014;;0.287;0.261;9.899;
5726;2017-03-12_12-42-33.317;;0.287;0.261;9.899;
5741;2017-03-12_12-42-33.613;;0.287;0.261;9.899;
5756;2017-03-12_12-42-33.915;;0.287;0.261;9.899;
5771;2017-03-12_12-42-34.217;;0.287;0.261;9.899;
5786;2017-03-12_12-42-34.500;;0.287;0.261;9.899;
5801;2017-03-12_12-42-34.794;;0.287;0.261;9.899;
5816;2017-03-12_12-42-35.091;;0.287;0.259;9.896;
5831;2017-03-12_12-42-35.409;;0.287;0.259;9.896;
5846;2017-03-12_12-42-35.692;;0.287;0.259;9.896;
5861;2017-03-12_12-42-36.000;;0.287;0.259;9.896;
5876;2017-03-12_12-42-36.278;;0.287;0.259;9.896;
5891;2017-03-12_12-42-36.577;;0.287;0.259;9.896;
5903;2017-03-12_12-42-36.832;;0.287;0.259;9.896;
5918;2017-03-12_12-42-37.111;;0.287;0.259;9.896;
5933;2017-03-12_12-42-37.415;;0.287;0.259;9.896;
5948;2017-03-12_12-42-37.702;;0.287;0.259;9.896;
5963;2017-03-12_12-42-38.002;;0.287;0.259;9.896;
5978;2017-03-12_12-42-38.296;;0.287;0.259;9.896;
5993;2017-03-12_12-42-38.592;;0.287;0.259;9.896;
6008;2017-03-12_12-42-38.890;;0.292;0.247;9.896;
6023;2017-03-12_12-42-39.185;;0.292;0.247;9.896;
6038;2017-03-12_12-42-39.483;;0.292;0.247;9.896;
6053;2017-03-12_12-42-39.781;;0.292;0.247;9.896;
6068;2017-03-12_12-42-40.075;;0.292;0.247;9.896;
6083;2017-03-12_12-42-40.374;;0.292;0.247;9.896;
6098;2017-03-12_12-42-40.668;;0.292;0.247;9.896;
6113;2017-03-12_12-42-40.983;;0.292;0.247;9.896;
6128;2017-03-12_12-42-41.282;;0.292;0.247;9.896;
6143;2017-03-12_12-42-41.561;;0.292;0.247;9.896;
6158;2017-03-12_12-42-41.855;;0.292;0.247;9.896;
6170;2017-03-12_12-42-42.116;;0.292;0.247;9.896;
6185;2017-03-12_12-42-42.392;;0.292;0.247;9.896;
6200;2017-03-12_12-42-42.686;;0.292;0.247;9.896;
6212;2017-03-12_12-42-42.937;;0.273;0.263;9.889;
6227;2017-03-12_12-42-43.220;;0.273;0.263;9.889;
6242;2017-03-12_12-42-43.516;;0.273;0.263;9.889;
6257;2017-03-12_12-42-43.813;;0.273;0.263;9.889;
6272;2017-03-12_12-42-44.110;;0.273;0.263;9.889;
6287;2017-03-12_12-42-44.407;;0.273;0.263;9.889;
6302;2017-03-12_12-42-44.703;;0.273;0.263;9.889;
6317;2017-03-12_12-42-45.002;;0.273;0.263;9.889;
6332;2017-03-12_12-42-45.300;;0.273;0.263;9.889;
6347;2017-03-12_12-42-45.594;;0.273;0.263;9.889;
6362;2017-03-12_12-42-45.897;;0.273;0.263;9.889;
6377;2017-03-12_12-42-46.188;;0.273;0.263;9.889;
6392;2017-03-12_12-42-46.484;;0.273;0.263;9.889;
6407;2017-03-12_12-42-46.781;;0.273;0.263;9.889;
6422;2017-03-12_12-42-47.079;;0.295;0.266;9.896;
6437;2017-03-12_12-42-47.381;;0.295;0.266;9.896;
6452;2017-03-12_12-42-47.671;;0.295;0.266;9.896;
6467;2017-03-12_12-42-47.970;;0.295;0.266;9.896;
6482;2017-03-12_12-42-48.267;;0.295;0.266;9.896;
6497;2017-03-12_12-42-48.562;;0.295;0.266;9.896;
6512;2017-03-12_12-42-48.858;;0.295;0.266;9.896;
6527;2017-03-12_12-42-49.156;;0.295;0.266;9.896;
6542;2017-03-12_12-42-49.450;;0.295;0.266;9.896;
6557;2017-03-12_12-42-49.748;;0.295;0.266;9.896;
6572;2017-03-12_12-42-50.050;;0.295;0.266;9.896;
6587;2017-03-12_12-42-50.347;;0.295;0.266;9.896;
6602;2017-03-12_12-42-50.637;;0.295;0.266;9.896;
6617;2017-03-12_12-42-50.938;;0.266;0.268;9.891;
6632;2017-03-12_12-42-51.231;;0.266;0.268;9.891;
6647;2017-03-12_12-42-51.528;;0.266;0.268;9.891;
6662;2017-03-12_12-42-51.826;;0.266;0.268;9.891;
6677;2017-03-12_12-42-52.127;;0.266;0.268;9.891;
6692;2017-03-12_12-42-52.417;;0.266;0.268;9.891;
6707;2017-03-12_12-42-52.717;;0.266;0.268;9.891;
6722;2017-03-12_12-42-53.010;;0.266;0.268;9.891;
6737;2017-03-12_12-42-53.308;;0.266;0.268;9.891;
6752;2017-03-12_12-42-53.603;;0.266;0.268;9.891;
6767;2017-03-12_12-42-53.900;;0.266;0.268;9.891;
6781;2017-03-12_12-42-54.151;;0.266;0.268;9.891;
6794;2017-03-12_12-42-54.441;;0.266;0.268;9.891;
6809;2017-03-12_12-42-54.737;;0.266;0.268;9.891;
6824;2017-03-12_12-42-55.027;;0.299;0.268;9.863;
6839;2017-03-12_12-42-55.324;;0.299;0.268;9.863;
6854;2017-03-12_12-42-55.623;;0.299;0.268;9.863;
6869;2017-03-12_12-42-55.925;;0.299;0.268;9.863;
6884;2017-03-12_12-42-56.216;;0.299;0.268;9.863;
6899;2017-03-12_12-42-56.517;;0.299;0.268;9.863;
6914;2017-03-12_12-42-56.808;;0.299;0.268;9.863;
6929;2017-03-12_12-42-57.121;;0.299;0.268;9.863;
6944;2017-03-12_12-42-57.405;;0.299;0.268;9.863;
6959;2017-03-12_12-42-57.702;;0.299;0.268;9.863;
6974;2017-03-12_12-42-57.998;;0.299;0.268;9.863;
6989;2017-03-12_12-42-58.299;;0.299;0.268;9.863;
7004;2017-03-12_12-42-58.590;;0.299;0.268;9.863;
7019;2017-03-12_12-42-58.890;;0.292;0.244;9.872;
7034;2017-03-12_12-42-59.184;;0.292;0.244;9.872;
7049;2017-03-12_12-42-59.481;;0.292;0.244;9.872;
7064;2017-03-12_12-42-59.778;;0.292;0.244;9.872;
7079;2017-03-12_12-43-00.075;;0.292;0.244;9.872;
7094;2017-03-12_12-43-00.372;;0.292;0.244;9.872;
7109;2017-03-12_12-43-00.671;;0.292;0.244;9.872;
7124;2017-03-12_12-43-00.965;;0.292;0.244;9.872;
7139;2017-03-12_12-43-01.261;;0.292;0.244;9.872;
7154;2017-03-12_12-43-01.562;;0.292;0.244;9.872;
7169;2017-03-12_12-43-01.857;;0.292;0.244;9.872;
7184;2017-03-12_12-43-02.150;;0.292;0.244;9.872;
7199;2017-03-12_12-43-02.444;;0.292;0.244;9.872;
7214;2017-03-12_12-43-02.741;;0.292;0.244;9.872;
7229;2017-03-12_12-43-03.039;;0.266;0.249;9.906;
7244;2017-03-12_12-43-03.335;;0.266;0.249;9.906;
7259;2017-03-12_12-43-03.633;;0.266;0.249;9.906;
7274;2017-03-12_12-43-03.928;;0.266;0.249;9.906;
7289;2017-03-12_12-43-04.228;;0.266;0.249;9.906;
7304;2017-03-12_12-43-04.521;;0.266;0.249;9.906;
7317;2017-03-12_12-43-04.780;;0.266;0.249;9.906;
7332;2017-03-12_12-43-05.075;;0.266;0.249;9.906;
7347;2017-03-12_12-43-05.374;;0.266;0.249;9.906;
7362;2017-03-12_12-43-05.670;;0.266;0.249;9.906;
7377;2017-03-12_12-43-05.967;;0.266;0.249;9.906;
7392;2017-03-12_12-43-06.264;;0.266;0.249;9.906;
7407;2017-03-12_12-43-06.559;;0.266;0.249;9.906;
7422;2017-03-12_12-43-06.855;;0.266;0.249;9.906;
7437;2017-03-12_12-43-07.155;;0.098;0.28;9.951;
7452;2017-03-12_12-43-07.448;;0.098;0.28;9.951;
7467;2017-03-12_12-43-07.746;;0.098;0.28;9.951;
7482;2017-03-12_12-43-08.043;;0.098;0.28;9.951;
7497;2017-03-12_12-43-08.344;;0.098;0.28;9.951;
7512;2017-03-12_12-43-08.637;;0.098;0.28;9.951;
7527;2017-03-12_12-43-08.896;;0.098;0.28;9.951;
7540;2017-03-12_12-43-09.175;;0.098;0.28;9.951;
7552;2017-03-12_12-43-09.428;;0.098;0.28;9.951;
7567;2017-03-12_12-43-09.730;;0.098;0.28;9.951;
7582;2017-03-12_12-43-10.022;;0.098;0.28;9.951;
7597;2017-03-12_12-43-10.317;;0.098;0.28;9.951;
7987;2017-03-12_12-43-18.041;;0.002;0.216;9.903;
