--- LOG START  --- 
126;2017-03-12_13-05-36.917;;-8.417;-36.62;-21.769;
251;2017-03-12_13-05-41.887;;-9.167;-36.995;-23.082;
380;2017-03-12_13-05-46.952;;-8.042;-35.87;-22.207;
507;2017-03-12_13-05-51.969;;-7.292;-38.87;-21.019;
633;2017-03-12_13-05-56.996;;-7.667;-38.495;-21.394;
761;2017-03-12_13-06-02.025;;-7.667;-38.495;-21.769;
888;2017-03-12_13-06-07.062;;-8.042;-38.87;-21.769;
1016;2017-03-12_13-06-12.099;;-7.292;-38.12;-20.582;
1143;2017-03-12_13-06-17.140;;-7.292;-38.87;-20.269;
1271;2017-03-12_13-06-22.185;;-6.917;-40.745;-19.519;
1398;2017-03-12_13-06-27.218;;-6.917;-38.87;-20.019;
1526;2017-03-12_13-06-32.256;;-6.917;-39.182;-18.894;
1653;2017-03-12_13-06-37.296;;-6.542;-40.307;-17.707;
1781;2017-03-12_13-06-42.336;;-6.542;-39.557;-18.207;
1908;2017-03-12_13-06-47.376;;-6.167;-39.182;-18.644;
2036;2017-03-12_13-06-52.419;;-6.917;-36.557;-21.707;
2163;2017-03-12_13-06-57.472;;-6.917;-37.307;-20.019;
2291;2017-03-12_13-07-02.500;;-7.292;-36.932;-21.332;
2418;2017-03-12_13-07-07.543;;-7.292;-36.557;-19.707;
2546;2017-03-12_13-07-12.585;;-6.167;-35.432;-20.207;
2673;2017-03-12_13-07-17.628;;-8.792;-38.37;-21.082;
2801;2017-03-12_13-07-22.665;;-8.417;-37.682;-20.644;
2928;2017-03-12_13-07-27.710;;-8.417;-37.682;-21.019;
3056;2017-03-12_13-07-32.752;;-8.042;-37.682;-20.144;
3183;2017-03-12_13-07-37.795;;-7.292;-38.057;-19.707;
3311;2017-03-12_13-07-42.839;;-6.917;-37.682;-20.957;
3438;2017-03-12_13-07-47.879;;-6.167;-38.432;-20.957;
3566;2017-03-12_13-07-52.926;;-7.292;-37.307;-20.957;
3693;2017-03-12_13-07-57.967;;-8.042;-37.307;-22.207;
3821;2017-03-12_13-08-03.010;;-6.917;-37.682;-23.019;
3948;2017-03-12_13-08-08.055;;-6.542;-37.682;-23.457;
4076;2017-03-12_13-08-13.091;;-8.042;-36.932;-22.957;
4203;2017-03-12_13-08-18.136;;-8.792;-38.057;-23.332;
4331;2017-03-12_13-08-23.174;;-8.042;-38.057;-22.894;
4458;2017-03-12_13-08-28.219;;-8.042;-37.682;-21.582;
4584;2017-03-12_13-08-33.222;;-8.042;-38.057;-19.394;
4712;2017-03-12_13-08-38.247;;-8.042;-37.682;-21.519;
4839;2017-03-12_13-08-43.280;;-7.667;-36.932;-20.207;
4967;2017-03-12_13-08-48.337;;-9.542;-36.182;-21.894;
5094;2017-03-12_13-08-53.366;;-8.417;-36.932;-22.769;
5222;2017-03-12_13-08-58.408;;-8.417;-38.432;-20.144;
5349;2017-03-12_13-09-03.457;;-9.167;-38.807;-19.769;
5477;2017-03-12_13-09-08.489;;-8.042;-38.432;-19.769;
5604;2017-03-12_13-09-13.527;;-9.167;-37.682;-20.144;
5730;2017-03-12_13-09-18.532;;-9.167;-38.057;-22.269;
5858;2017-03-12_13-09-23.557;;-9.167;-37.307;-21.894;
5985;2017-03-12_13-09-28.586;;-8.792;-37.307;-22.269;
6113;2017-03-12_13-09-33.627;;-9.167;-36.932;-21.457;
6240;2017-03-12_13-09-38.669;;-8.792;-36.932;-21.457;
6368;2017-03-12_13-09-43.704;;-8.417;-36.932;-21.019;
